#
# There is insufficient memory for the Java Runtime Environment to continue.
# Native memory allocation (malloc) failed to allocate 1048576 bytes. Error detail: AllocateHeap
# Possible reasons:
#   The system is out of physical RAM or swap space
#   This process is running with CompressedOops enabled, and the Java Heap may be blocking the growth of the native heap
# Possible solutions:
#   Reduce memory load on the system
#   Increase physical memory or swap space
#   Check if swap backing store is full
#   Decrease Java heap size (-Xmx/-Xms)
#   Decrease number of Java threads
#   Decrease Java thread stack sizes (-Xss)
#   Set larger code cache with -XX:ReservedCodeCacheSize=
#   JVM is running with Unscaled Compressed Oops mode in which the Java heap is
#     placed in the first 4GB address space. The Java Heap base address is the
#     maximum limit for the native heap growth. Please use -XX:HeapBaseMinAddress
#     to set the Java Heap base and to place the Java Heap above 4GB virtual address.
# This output file may be truncated or incomplete.
#
#  Out of Memory Error (allocation.cpp:44), pid=25996, tid=4396
#
# JRE version: OpenJDK Runtime Environment Temurin-21.0.9+10 (21.0.9+10) (build 21.0.9+10-LTS)
# Java VM: OpenJDK 64-Bit Server VM Temurin-21.0.9+10 (21.0.9+10-LTS, mixed mode, sharing, tiered, compressed oops, compressed class ptrs, parallel gc, windows-amd64)
# No core dump will be written. Minidumps are not enabled by default on client versions of Windows
#

---------------  S U M M A R Y ------------

Command Line: --add-modules=ALL-SYSTEM --add-opens=java.base/java.util=ALL-UNNAMED --add-opens=java.base/java.lang=ALL-UNNAMED --add-opens=java.base/sun.nio.fs=ALL-UNNAMED -Declipse.application=org.eclipse.jdt.ls.core.id1 -Dosgi.bundles.defaultStartLevel=4 -Declipse.product=org.eclipse.jdt.ls.core.product -Djava.import.generatesMetadataFilesAtProjectRoot=false -DDetectVMInstallationsJob.disabled=true -Dfile.encoding=utf8 -XX:+UseParallelGC -XX:GCTimeRatio=4 -XX:AdaptiveSizePolicyWeight=90 -Dsun.zip.disableMemoryMapping=true -Xmx2G -Xms100m -Xlog:disable -javaagent:c:\Users\novot\.vscode\extensions\redhat.java-1.51.0-win32-x64\lombok\lombok-1.18.39-4050.jar -XX:+HeapDumpOnOutOfMemoryError -XX:HeapDumpPath=c:\Users\novot\AppData\Roaming\Code\User\workspaceStorage\1b2a4e91d6455b9920cdd9397ae71b20\redhat.java -Daether.dependencyCollector.impl=bf c:\Users\novot\.vscode\extensions\redhat.java-1.51.0-win32-x64\server\plugins\org.eclipse.equinox.launcher_1.7.100.v20251111-0406.jar -configuration c:\Users\novot\AppData\Roaming\Code\User\globalStorage\redhat.java\1.51.0\config_win -data c:\Users\novot\AppData\Roaming\Code\User\workspaceStorage\1b2a4e91d6455b9920cdd9397ae71b20\redhat.java\jdt_ws --pipe=\\.\pipe\lsp-8742e0bec91f46e8d65d163fec0ae9a2-sock

Host: AMD Ryzen 5 7535HS with Radeon Graphics        , 12 cores, 7G,  Windows 11 , 64 bit Build 26100 (10.0.26100.7623)
Time: Mon Jan 19 04:56:59 2026 Greenwich Standard Time elapsed time: 122.728058 seconds (0d 0h 2m 2s)

---------------  T H R E A D  ---------------

Current thread (0x00000211a6de8440):  JavaThread "Attach Listener" daemon [_thread_in_vm, id=4396, stack(0x000000d9b0500000,0x000000d9b0600000) (1024K)]

Stack: [0x000000d9b0500000,0x000000d9b0600000]
Native frames: (J=compiled Java code, j=interpreted, Vv=VM code, C=native code)
V  [jvm.dll+0x6d6e29]
V  [jvm.dll+0x8b4b76]
V  [jvm.dll+0x8b712e]
V  [jvm.dll+0x8b7813]
V  [jvm.dll+0x283d86]
V  [jvm.dll+0xc1277]
V  [jvm.dll+0x6d76d9]
V  [jvm.dll+0x133466]
V  [jvm.dll+0x3f7ea6]
V  [jvm.dll+0x85e9ad]
V  [jvm.dll+0x6d565d]
C  [ucrtbase.dll+0x37b0]
C  [KERNEL32.DLL+0x2e8d7]
C  [ntdll.dll+0x8c53c]


---------------  P R O C E S S  ---------------

Threads class SMR info:
_java_thread_list=0x00000211918d7220, length=79, elements={
0x00000211a6d3fe80, 0x00000211a6de33d0, 0x00000211a6de5230, 0x00000211a6de7570,
0x00000211a6de8440, 0x00000211a6dee6c0, 0x00000211a6df7fb0, 0x00000211a6df89f0,
0x00000211a6dfe5e0, 0x00000211ffddc630, 0x00000211850c0d10, 0x0000021185722ff0,
0x0000021185a21480, 0x000002118585aa60, 0x000002118572a650, 0x00000211857e7420,
0x00000211857e8e60, 0x00000211857e94f0, 0x00000211857e6d90, 0x00000211857e8140,
0x00000211857e87d0, 0x00000211877025a0, 0x0000021187700b60, 0x00000211876ff7b0,
0x00000211877032c0, 0x00000211876ffe40, 0x0000021187703950, 0x0000021187701880,
0x00000211877004d0, 0x0000021187703fe0, 0x0000021187706740, 0x0000021187704670,
0x0000021187705390, 0x00000211877060b0, 0x0000021187706dd0, 0x0000021187704d00,
0x0000021187705a20, 0x00000211885805a0, 0x000002118857ff10, 0x0000021188580c30,
0x00000211885812c0, 0x0000021188581950, 0x000002118857e4d0, 0x0000021188581fe0,
0x000002118857eb60, 0x0000021188582670, 0x000002118857f1f0, 0x0000021188583390,
0x0000021188584dd0, 0x00000211885840b0, 0x0000021188582d00, 0x0000021188583a20,
0x0000021188584740, 0x0000021188585af0, 0x000002118780cd50, 0x000002118780e790,
0x000002118780ee20, 0x000002118780e100, 0x000002118780d3e0, 0x000002118780b9a0,
0x000002118780c030, 0x000002118780f4b0, 0x000002118780da70, 0x000002118780fb40,
0x000002118780c6c0, 0x0000021187812fc0, 0x00000211878101d0, 0x0000021187811c10,
0x0000021187810860, 0x0000021187811580, 0x0000021190f1d4d0, 0x0000021190f1e1f0,
0x0000021190f1e880, 0x0000021190f1ef10, 0x0000021190f1ba90, 0x0000021190f1f5a0,
0x0000021190f1c120, 0x0000021190f1fc30, 0x0000021190f1c7b0
}

Java Threads: ( => current thread )
  0x00000211a6d3fe80 JavaThread "main"                              [_thread_blocked, id=26884, stack(0x000000d9afe00000,0x000000d9aff00000) (1024K)]
  0x00000211a6de33d0 JavaThread "Reference Handler"          daemon [_thread_blocked, id=23416, stack(0x000000d9b0200000,0x000000d9b0300000) (1024K)]
  0x00000211a6de5230 JavaThread "Finalizer"                  daemon [_thread_blocked, id=24580, stack(0x000000d9b0300000,0x000000d9b0400000) (1024K)]
  0x00000211a6de7570 JavaThread "Signal Dispatcher"          daemon [_thread_blocked, id=27272, stack(0x000000d9b0400000,0x000000d9b0500000) (1024K)]
=>0x00000211a6de8440 JavaThread "Attach Listener"            daemon [_thread_in_vm, id=4396, stack(0x000000d9b0500000,0x000000d9b0600000) (1024K)]
  0x00000211a6dee6c0 JavaThread "Service Thread"             daemon [_thread_blocked, id=1932, stack(0x000000d9b0600000,0x000000d9b0700000) (1024K)]
  0x00000211a6df7fb0 JavaThread "Monitor Deflation Thread"   daemon [_thread_blocked, id=30728, stack(0x000000d9b0700000,0x000000d9b0800000) (1024K)]
  0x00000211a6df89f0 JavaThread "C2 CompilerThread0"         daemon [_thread_blocked, id=13636, stack(0x000000d9b0800000,0x000000d9b0900000) (1024K)]
  0x00000211a6dfe5e0 JavaThread "C1 CompilerThread0"         daemon [_thread_blocked, id=23828, stack(0x000000d9b0900000,0x000000d9b0a00000) (1024K)]
  0x00000211ffddc630 JavaThread "Common-Cleaner"             daemon [_thread_blocked, id=25344, stack(0x000000d9b0a00000,0x000000d9b0b00000) (1024K)]
  0x00000211850c0d10 JavaThread "Notification Thread"        daemon [_thread_blocked, id=11212, stack(0x000000d9b0c00000,0x000000d9b0d00000) (1024K)]
  0x0000021185722ff0 JavaThread "Active Thread: Equinox Container: fcd77503-ef74-4af0-b893-24d883ba936a"        [_thread_blocked, id=13468, stack(0x000000d9b1400000,0x000000d9b1500000) (1024K)]
  0x0000021185a21480 JavaThread "Refresh Thread: Equinox Container: fcd77503-ef74-4af0-b893-24d883ba936a" daemon [_thread_blocked, id=15820, stack(0x000000d9b1600000,0x000000d9b1700000) (1024K)]
  0x000002118585aa60 JavaThread "Framework Event Dispatcher: Equinox Container: fcd77503-ef74-4af0-b893-24d883ba936a" daemon [_thread_blocked, id=3212, stack(0x000000d9b1700000,0x000000d9b1800000) (1024K)]
  0x000002118572a650 JavaThread "Start Level: Equinox Container: fcd77503-ef74-4af0-b893-24d883ba936a" daemon [_thread_blocked, id=30248, stack(0x000000d9b1800000,0x000000d9b1900000) (1024K)]
  0x00000211857e7420 JavaThread "Bundle File Closer"         daemon [_thread_blocked, id=22272, stack(0x000000d9b1b00000,0x000000d9b1c00000) (1024K)]
  0x00000211857e8e60 JavaThread "SCR Component Actor"        daemon [_thread_blocked, id=18072, stack(0x000000d9b0d00000,0x000000d9b0e00000) (1024K)]
  0x00000211857e94f0 JavaThread "Worker-JM"                         [_thread_blocked, id=26832, stack(0x000000d9b1c00000,0x000000d9b1d00000) (1024K)]
  0x00000211857e6d90 JavaThread "JNA Cleaner"                daemon [_thread_blocked, id=22336, stack(0x000000d9b1d00000,0x000000d9b1e00000) (1024K)]
  0x00000211857e8140 JavaThread "Worker-0"                          [_thread_blocked, id=9768, stack(0x000000d9b1e00000,0x000000d9b1f00000) (1024K)]
  0x00000211857e87d0 JavaThread "Worker-2"                          [_thread_blocked, id=18448, stack(0x000000d9b2000000,0x000000d9b2100000) (1024K)]
  0x00000211877025a0 JavaThread "Java indexing"              daemon [_thread_blocked, id=27100, stack(0x000000d9b2100000,0x000000d9b2200000) (1024K)]
  0x0000021187700b60 JavaThread "Thread-1"                   daemon [_thread_in_native, id=23864, stack(0x000000d9b2700000,0x000000d9b2800000) (1024K)]
  0x00000211876ff7b0 JavaThread "Thread-2"                   daemon [_thread_in_native, id=10708, stack(0x000000d9b2800000,0x000000d9b2900000) (1024K)]
  0x00000211877032c0 JavaThread "Thread-3"                   daemon [_thread_in_native, id=13564, stack(0x000000d9b2900000,0x000000d9b2a00000) (1024K)]
  0x00000211876ffe40 JavaThread "Thread-4"                   daemon [_thread_in_native, id=28772, stack(0x000000d9b2a00000,0x000000d9b2b00000) (1024K)]
  0x0000021187703950 JavaThread "Thread-5"                   daemon [_thread_in_native, id=24448, stack(0x000000d9b2b00000,0x000000d9b2c00000) (1024K)]
  0x0000021187701880 JavaThread "Thread-6"                   daemon [_thread_in_native, id=29232, stack(0x000000d9b2c00000,0x000000d9b2d00000) (1024K)]
  0x00000211877004d0 JavaThread "Thread-7"                   daemon [_thread_in_native, id=25272, stack(0x000000d9b2d00000,0x000000d9b2e00000) (1024K)]
  0x0000021187703fe0 JavaThread "Thread-8"                   daemon [_thread_in_native, id=28648, stack(0x000000d9b2e00000,0x000000d9b2f00000) (1024K)]
  0x0000021187706740 JavaThread "Thread-9"                   daemon [_thread_in_native, id=26288, stack(0x000000d9b2f00000,0x000000d9b3000000) (1024K)]
  0x0000021187704670 JavaThread "Thread-10"                  daemon [_thread_in_native, id=28264, stack(0x000000d9b3000000,0x000000d9b3100000) (1024K)]
  0x0000021187705390 JavaThread "Thread-11"                  daemon [_thread_in_native, id=26040, stack(0x000000d9b3100000,0x000000d9b3200000) (1024K)]
  0x00000211877060b0 JavaThread "Thread-12"                  daemon [_thread_in_native, id=21400, stack(0x000000d9b3200000,0x000000d9b3300000) (1024K)]
  0x0000021187706dd0 JavaThread "Thread-13"                  daemon [_thread_in_native, id=25128, stack(0x000000d9b3300000,0x000000d9b3400000) (1024K)]
  0x0000021187704d00 JavaThread "pool-2-thread-1"                   [_thread_blocked, id=16116, stack(0x000000d9b3400000,0x000000d9b3500000) (1024K)]
  0x0000021187705a20 JavaThread "WorkspaceEventsHandler"            [_thread_blocked, id=27684, stack(0x000000d9b3500000,0x000000d9b3600000) (1024K)]
  0x00000211885805a0 JavaThread "pool-1-thread-1"                   [_thread_blocked, id=19264, stack(0x000000d9b3600000,0x000000d9b3700000) (1024K)]
  0x000002118857ff10 JavaThread "ForkJoinPool.commonPool-worker-1" daemon [_thread_blocked, id=22560, stack(0x000000d9b3700000,0x000000d9b3800000) (1024K)]
  0x0000021188580c30 JavaThread "ForkJoinPool.commonPool-worker-3" daemon [_thread_blocked, id=18444, stack(0x000000d9b3900000,0x000000d9b3a00000) (1024K)]
  0x00000211885812c0 JavaThread "ForkJoinPool.commonPool-worker-4" daemon [_thread_blocked, id=14828, stack(0x000000d9b3a00000,0x000000d9b3b00000) (1024K)]
  0x0000021188581950 JavaThread "ForkJoinPool.commonPool-worker-5" daemon [_thread_blocked, id=26848, stack(0x000000d9b3b00000,0x000000d9b3c00000) (1024K)]
  0x000002118857e4d0 JavaThread "ForkJoinPool.commonPool-worker-6" daemon [_thread_blocked, id=16820, stack(0x000000d9b3c00000,0x000000d9b3d00000) (1024K)]
  0x0000021188581fe0 JavaThread "ForkJoinPool.commonPool-worker-7" daemon [_thread_blocked, id=30968, stack(0x000000d9b3d00000,0x000000d9b3e00000) (1024K)]
  0x000002118857eb60 JavaThread "ForkJoinPool.commonPool-worker-8" daemon [_thread_blocked, id=28248, stack(0x000000d9b3e00000,0x000000d9b3f00000) (1024K)]
  0x0000021188582670 JavaThread "ForkJoinPool.commonPool-worker-10" daemon [_thread_blocked, id=31592, stack(0x000000d9b3f00000,0x000000d9b4000000) (1024K)]
  0x000002118857f1f0 JavaThread "ForkJoinPool.commonPool-worker-9" daemon [_thread_blocked, id=19200, stack(0x000000d9b4000000,0x000000d9b4100000) (1024K)]
  0x0000021188583390 JavaThread "ForkJoinPool.commonPool-worker-11" daemon [_thread_blocked, id=24664, stack(0x000000d9b4100000,0x000000d9b4200000) (1024K)]
  0x0000021188584dd0 JavaThread "LocalFile Deleter"          daemon [_thread_blocked, id=31260, stack(0x000000d9b4300000,0x000000d9b4400000) (1024K)]
  0x00000211885840b0 JavaThread "LocalFile Deleter"          daemon [_thread_blocked, id=31092, stack(0x000000d9b4400000,0x000000d9b4500000) (1024K)]
  0x0000021188582d00 JavaThread "LocalFile Deleter"          daemon [_thread_blocked, id=22564, stack(0x000000d9b4500000,0x000000d9b4600000) (1024K)]
  0x0000021188583a20 JavaThread "LocalFile Deleter"          daemon [_thread_blocked, id=26116, stack(0x000000d9b4600000,0x000000d9b4700000) (1024K)]
  0x0000021188584740 JavaThread "LocalFile Deleter"          daemon [_thread_blocked, id=11948, stack(0x000000d9b4700000,0x000000d9b4800000) (1024K)]
  0x0000021188585af0 JavaThread "LocalFile Deleter"          daemon [_thread_blocked, id=5668, stack(0x000000d9b4800000,0x000000d9b4900000) (1024K)]
  0x000002118780cd50 JavaThread "LocalFile Deleter"          daemon [_thread_blocked, id=19060, stack(0x000000d9b4900000,0x000000d9b4a00000) (1024K)]
  0x000002118780e790 JavaThread "LocalFile Deleter"          daemon [_thread_blocked, id=26820, stack(0x000000d9b4a00000,0x000000d9b4b00000) (1024K)]
  0x000002118780ee20 JavaThread "LocalFile Deleter"          daemon [_thread_blocked, id=3496, stack(0x000000d9b4b00000,0x000000d9b4c00000) (1024K)]
  0x000002118780e100 JavaThread "LocalFile Deleter"          daemon [_thread_blocked, id=24428, stack(0x000000d9b4c00000,0x000000d9b4d00000) (1024K)]
  0x000002118780d3e0 JavaThread "LocalFile Deleter"          daemon [_thread_blocked, id=24840, stack(0x000000d9b4d00000,0x000000d9b4e00000) (1024K)]
  0x000002118780b9a0 JavaThread "Compiler Source File Reader" daemon [_thread_blocked, id=28516, stack(0x000000d9b4e00000,0x000000d9b4f00000) (1024K)]
  0x000002118780c030 JavaThread "Compiler Source File Reader" daemon [_thread_blocked, id=19240, stack(0x000000d9b4f00000,0x000000d9b5000000) (1024K)]
  0x000002118780f4b0 JavaThread "Compiler Source File Reader" daemon [_thread_blocked, id=12232, stack(0x000000d9b5000000,0x000000d9b5100000) (1024K)]
  0x000002118780da70 JavaThread "Compiler Source File Reader" daemon [_thread_blocked, id=24548, stack(0x000000d9b5100000,0x000000d9b5200000) (1024K)]
  0x000002118780fb40 JavaThread "Compiler Source File Reader" daemon [_thread_blocked, id=7052, stack(0x000000d9b5200000,0x000000d9b5300000) (1024K)]
  0x000002118780c6c0 JavaThread "Compiler Source File Reader" daemon [_thread_blocked, id=6664, stack(0x000000d9b5300000,0x000000d9b5400000) (1024K)]
  0x0000021187812fc0 JavaThread "Compiler Source File Reader" daemon [_thread_blocked, id=15932, stack(0x000000d9b5400000,0x000000d9b5500000) (1024K)]
  0x00000211878101d0 JavaThread "Compiler Source File Reader" daemon [_thread_blocked, id=8640, stack(0x000000d9b5500000,0x000000d9b5600000) (1024K)]
  0x0000021187811c10 JavaThread "Compiler Source File Reader" daemon [_thread_blocked, id=23196, stack(0x000000d9b5600000,0x000000d9b5700000) (1024K)]
  0x0000021187810860 JavaThread "Compiler Source File Reader" daemon [_thread_blocked, id=10840, stack(0x000000d9b5700000,0x000000d9b5800000) (1024K)]
  0x0000021187811580 JavaThread "Compiler Class File Writer" daemon [_thread_blocked, id=19620, stack(0x000000d9b5900000,0x000000d9b5a00000) (1024K)]
  0x0000021190f1d4d0 JavaThread "Compiler Class File Writer" daemon [_thread_blocked, id=25348, stack(0x000000d9b5a00000,0x000000d9b5b00000) (1024K)]
  0x0000021190f1e1f0 JavaThread "Compiler Class File Writer" daemon [_thread_blocked, id=7780, stack(0x000000d9b5b00000,0x000000d9b5c00000) (1024K)]
  0x0000021190f1e880 JavaThread "Compiler Class File Writer" daemon [_thread_blocked, id=18012, stack(0x000000d9b5c00000,0x000000d9b5d00000) (1024K)]
  0x0000021190f1ef10 JavaThread "Compiler Class File Writer" daemon [_thread_blocked, id=9832, stack(0x000000d9b5d00000,0x000000d9b5e00000) (1024K)]
  0x0000021190f1ba90 JavaThread "Compiler Class File Writer" daemon [_thread_blocked, id=26272, stack(0x000000d9b5e00000,0x000000d9b5f00000) (1024K)]
  0x0000021190f1f5a0 JavaThread "Compiler Class File Writer" daemon [_thread_blocked, id=28604, stack(0x000000d9b5f00000,0x000000d9b6000000) (1024K)]
  0x0000021190f1c120 JavaThread "Compiler Class File Writer" daemon [_thread_blocked, id=28408, stack(0x000000d9b6000000,0x000000d9b6100000) (1024K)]
  0x0000021190f1fc30 JavaThread "Compiler Class File Writer" daemon [_thread_blocked, id=31220, stack(0x000000d9b6100000,0x000000d9b6200000) (1024K)]
  0x0000021190f1c7b0 JavaThread "Compiler Class File Writer" daemon [_thread_blocked, id=26132, stack(0x000000d9b6200000,0x000000d9b6300000) (1024K)]
Total: 79

Other Threads:
  0x00000211a6ddec00 VMThread "VM Thread"                           [id=25644, stack(0x000000d9b0100000,0x000000d9b0200000) (1024K)]
  0x00000211bd6cca10 WatcherThread "VM Periodic Task Thread"        [id=4104, stack(0x000000d9b0000000,0x000000d9b0100000) (1024K)]
  0x00000211a6d5e340 WorkerThread "GC Thread#0"                     [id=24756, stack(0x000000d9aff00000,0x000000d9b0000000) (1024K)]
  0x00000211852336f0 WorkerThread "GC Thread#1"                     [id=15188, stack(0x000000d9b0e00000,0x000000d9b0f00000) (1024K)]
  0x000002118504f3f0 WorkerThread "GC Thread#2"                     [id=9664, stack(0x000000d9b0f00000,0x000000d9b1000000) (1024K)]
  0x000002118504f790 WorkerThread "GC Thread#3"                     [id=13616, stack(0x000000d9b1000000,0x000000d9b1100000) (1024K)]
  0x0000021185636280 WorkerThread "GC Thread#4"                     [id=28312, stack(0x000000d9b1100000,0x000000d9b1200000) (1024K)]
  0x000002118542da90 WorkerThread "GC Thread#5"                     [id=8444, stack(0x000000d9b1200000,0x000000d9b1300000) (1024K)]
  0x000002118542de30 WorkerThread "GC Thread#6"                     [id=21332, stack(0x000000d9b1300000,0x000000d9b1400000) (1024K)]
  0x0000021185c54560 WorkerThread "GC Thread#7"                     [id=8868, stack(0x000000d9b1500000,0x000000d9b1600000) (1024K)]
  0x0000021185931bf0 WorkerThread "GC Thread#8"                     [id=27040, stack(0x000000d9b1900000,0x000000d9b1a00000) (1024K)]
  0x0000021185896340 WorkerThread "GC Thread#9"                     [id=26360, stack(0x000000d9b1a00000,0x000000d9b1b00000) (1024K)]
Total: 12

Threads with active compile tasks:
Total: 0

VM state: not at safepoint (normal execution)

VM Mutex/Monitor currently owned by a thread: None

Heap address: 0x0000000080000000, size: 2048 MB, Compressed Oops mode: 32-bit

CDS archive(s) mapped at: [0x00000211be000000-0x00000211beba0000-0x00000211beba0000), size 12189696, SharedBaseAddress: 0x00000211be000000, ArchiveRelocationMode: 1.
Compressed class space mapped at: 0x00000211bf000000-0x00000211ff000000, reserved size: 1073741824
Narrow klass base: 0x00000211be000000, Narrow klass shift: 0, Narrow klass range: 0x100000000

GC Precious Log:
 CardTable entry size: 512
 CPUs: 12 total, 12 available
 Memory: 7381M
 Large Page Support: Disabled
 NUMA Support: Disabled
 Compressed Oops: Enabled (32-bit)
 Alignments: Space 512K, Generation 512K, Heap 2M
 Heap Min Capacity: 100M
 Heap Initial Capacity: 100M
 Heap Max Capacity: 2G
 Pre-touch: Disabled
 Parallel Workers: 10

Heap:
 PSYoungGen      total 17920K, used 4423K [0x00000000d5580000, 0x00000000d6900000, 0x0000000100000000)
  eden space 16896K, 23% used [0x00000000d5580000,0x00000000d5959ec0,0x00000000d6600000)
  from space 1024K, 46% used [0x00000000d6700000,0x00000000d6778000,0x00000000d6800000)
  to   space 1024K, 0% used [0x00000000d6800000,0x00000000d6800000,0x00000000d6900000)
 ParOldGen       total 95232K, used 94791K [0x0000000080000000, 0x0000000085d00000, 0x00000000d5580000)
  object space 95232K, 99% used [0x0000000080000000,0x0000000085c91c68,0x0000000085d00000)
 Metaspace       used 64919K, committed 66496K, reserved 1114112K
  class space    used 6874K, committed 7552K, reserved 1048576K

Card table byte_map: [0x00000211a66f0000,0x00000211a6b00000] _byte_map_base: 0x00000211a62f0000

Marking Bits: (ParMarkBitMap*) 0x00007ffc769b2460
 Begin Bits: [0x00000211b91f0000, 0x00000211bb1f0000)
 End Bits:   [0x00000211bb1f0000, 0x00000211bd1f0000)

Polling page: 0x00000211a49d0000

Metaspace:

Usage:
  Non-class:     56.69 MB used.
      Class:      6.71 MB used.
       Both:     63.40 MB used.

Virtual space:
  Non-class space:       64.00 MB reserved,      57.56 MB ( 90%) committed,  1 nodes.
      Class space:        1.00 GB reserved,       7.38 MB ( <1%) committed,  1 nodes.
             Both:        1.06 GB reserved,      64.94 MB (  6%) committed. 

Chunk freelists:
   Non-Class:  6.48 MB
       Class:  8.58 MB
        Both:  15.06 MB

MaxMetaspaceSize: unlimited
CompressedClassSpaceSize: 1.00 GB
Initial GC threshold: 21.00 MB
Current GC threshold: 97.31 MB
CDS: on
 - commit_granule_bytes: 65536.
 - commit_granule_words: 8192.
 - virtual_space_node_default_size: 8388608.
 - enlarge_chunks_in_place: 1.
 - use_allocation_guard: 0.


Internal statistics:

num_allocs_failed_limit: 9.
num_arena_births: 1264.
num_arena_deaths: 14.
num_vsnodes_births: 2.
num_vsnodes_deaths: 0.
num_space_committed: 1039.
num_space_uncommitted: 0.
num_chunks_returned_to_freelist: 23.
num_chunks_taken_from_freelist: 4372.
num_chunk_merges: 11.
num_chunk_splits: 2668.
num_chunks_enlarged: 1475.
num_inconsistent_stats: 0.

CodeHeap 'non-profiled nmethods': size=120000Kb used=6532Kb max_used=6532Kb free=113467Kb
 bounds [0x00000211b1a10000, 0x00000211b2080000, 0x00000211b8f40000]
CodeHeap 'profiled nmethods': size=120000Kb used=23594Kb max_used=23594Kb free=96405Kb
 bounds [0x00000211a9f40000, 0x00000211ab650000, 0x00000211b1470000]
CodeHeap 'non-nmethods': size=5760Kb used=1427Kb max_used=1478Kb free=4332Kb
 bounds [0x00000211b1470000, 0x00000211b16e0000, 0x00000211b1a10000]
CodeCache: size=245760Kb, used=31553Kb, max_used=31604Kb, free=214204Kb
 total_blobs=11992, nmethods=11252, adapters=644, full_count=0
Compilation: enabled, stopped_count=0, restarted_count=0

Compilation events (20 events):
Event: 31.504 Thread 0x00000211a6dfe5e0 nmethod 12022 0x00000211ab639b90 code [0x00000211ab63a0c0, 0x00000211ab63ce40]
Event: 31.504 Thread 0x00000211a6dfe5e0 12023       3       org.eclipse.osgi.container.ModuleWiring::getPersistentWires (99 bytes)
Event: 31.504 Thread 0x00000211a6dfe5e0 nmethod 12023 0x00000211ab63dd10 code [0x00000211ab63df80, 0x00000211ab63ebd0]
Event: 31.505 Thread 0x00000211a6dfe5e0 12020       3       java.util.RegularEnumSet$EnumSetIterator::next (5 bytes)
Event: 31.505 Thread 0x00000211a6dfe5e0 nmethod 12020 0x00000211ab63ef90 code [0x00000211ab63f140, 0x00000211ab63f280]
Event: 31.505 Thread 0x00000211a6dfe5e0 12021       3       java.util.RegularEnumSet$EnumSetIterator::next (60 bytes)
Event: 31.505 Thread 0x00000211a6dfe5e0 nmethod 12021 0x00000211ab63f310 code [0x00000211ab63f4e0, 0x00000211ab63f790]
Event: 31.505 Thread 0x00000211a6dfe5e0 12025       3       org.eclipse.osgi.container.ModuleDatabase$Persistence::writeWiring (453 bytes)
Event: 31.513 Thread 0x00000211a6dfe5e0 nmethod 12025 0x00000211ab63f910 code [0x00000211ab6403e0, 0x00000211ab647488]
Event: 31.514 Thread 0x00000211a6df89f0 nmethod 12017 0x00000211b206bb90 code [0x00000211b206bde0, 0x00000211b206c850]
Event: 31.517 Thread 0x00000211a6df89f0 12008       4       java.util.Collections$UnmodifiableCollection::isEmpty (10 bytes)
Event: 31.517 Thread 0x00000211a6dfe5e0 12024       3       org.eclipse.osgi.container.ModuleWiring::getModuleCapabilities (18 bytes)
Event: 31.518 Thread 0x00000211a6dfe5e0 nmethod 12024 0x00000211ab649510 code [0x00000211ab6496e0, 0x00000211ab649b48]
Event: 31.519 Thread 0x00000211a6df89f0 nmethod 12008 0x00000211b206d090 code [0x00000211b206d220, 0x00000211b206d2d0]
Event: 31.519 Thread 0x00000211a6df89f0 12018       4       java.util.Collections$SingletonMap::hashCode (16 bytes)
Event: 31.522 Thread 0x00000211a6df89f0 nmethod 12018 0x00000211b206d390 code [0x00000211b206d520, 0x00000211b206d6b8]
Event: 31.525 Thread 0x0000021187935f40 nmethod 12010 0x00000211b206d790 code [0x00000211b206d960, 0x00000211b206df88]
Event: 31.538 Thread 0x00000211907cee90 nmethod 12004 0x00000211b206e510 code [0x00000211b206e880, 0x00000211b206fdd0]
Event: 121.560 Thread 0x00000211a6dfe5e0 12026       3       java.util.concurrent.ScheduledThreadPoolExecutor::canRunInCurrentRunState (61 bytes)
Event: 121.563 Thread 0x00000211a6dfe5e0 nmethod 12026 0x00000211ab649c90 code [0x00000211ab649ea0, 0x00000211ab64a650]

GC Heap History (20 events):
Event: 17.032 GC heap before
{Heap before GC invocations=61 (full 3):
 PSYoungGen      total 17408K, used 17406K [0x00000000d5580000, 0x00000000d6900000, 0x0000000100000000)
  eden space 16896K, 100% used [0x00000000d5580000,0x00000000d6600000,0x00000000d6600000)
  from space 512K, 99% used [0x00000000d6800000,0x00000000d687f9c8,0x00000000d6880000)
  to   space 512K, 0% used [0x00000000d6880000,0x00000000d6880000,0x00000000d6900000)
 ParOldGen       total 93696K, used 93482K [0x0000000080000000, 0x0000000085b80000, 0x00000000d5580000)
  object space 93696K, 99% used [0x0000000080000000,0x0000000085b4aa68,0x0000000085b80000)
 Metaspace       used 63994K, committed 65536K, reserved 1114112K
  class space    used 6740K, committed 7424K, reserved 1048576K
}
Event: 17.034 GC heap after
{Heap after GC invocations=61 (full 3):
 PSYoungGen      total 17408K, used 320K [0x00000000d5580000, 0x00000000d6900000, 0x0000000100000000)
  eden space 16896K, 0% used [0x00000000d5580000,0x00000000d5580000,0x00000000d6600000)
  from space 512K, 62% used [0x00000000d6880000,0x00000000d68d0000,0x00000000d6900000)
  to   space 512K, 0% used [0x00000000d6800000,0x00000000d6800000,0x00000000d6880000)
 ParOldGen       total 93696K, used 93562K [0x0000000080000000, 0x0000000085b80000, 0x00000000d5580000)
  object space 93696K, 99% used [0x0000000080000000,0x0000000085b5ea68,0x0000000085b80000)
 Metaspace       used 63994K, committed 65536K, reserved 1114112K
  class space    used 6740K, committed 7424K, reserved 1048576K
}
Event: 17.073 GC heap before
{Heap before GC invocations=62 (full 3):
 PSYoungGen      total 17408K, used 17216K [0x00000000d5580000, 0x00000000d6900000, 0x0000000100000000)
  eden space 16896K, 100% used [0x00000000d5580000,0x00000000d6600000,0x00000000d6600000)
  from space 512K, 62% used [0x00000000d6880000,0x00000000d68d0000,0x00000000d6900000)
  to   space 512K, 0% used [0x00000000d6800000,0x00000000d6800000,0x00000000d6880000)
 ParOldGen       total 93696K, used 93562K [0x0000000080000000, 0x0000000085b80000, 0x00000000d5580000)
  object space 93696K, 99% used [0x0000000080000000,0x0000000085b5ea68,0x0000000085b80000)
 Metaspace       used 63994K, committed 65536K, reserved 1114112K
  class space    used 6740K, committed 7424K, reserved 1048576K
}
Event: 17.074 GC heap after
{Heap after GC invocations=62 (full 3):
 PSYoungGen      total 17408K, used 456K [0x00000000d5580000, 0x00000000d6900000, 0x0000000100000000)
  eden space 16896K, 0% used [0x00000000d5580000,0x00000000d5580000,0x00000000d6600000)
  from space 512K, 89% used [0x00000000d6800000,0x00000000d68722a0,0x00000000d6880000)
  to   space 512K, 0% used [0x00000000d6880000,0x00000000d6880000,0x00000000d6900000)
 ParOldGen       total 93696K, used 93642K [0x0000000080000000, 0x0000000085b80000, 0x00000000d5580000)
  object space 93696K, 99% used [0x0000000080000000,0x0000000085b72a68,0x0000000085b80000)
 Metaspace       used 63994K, committed 65536K, reserved 1114112K
  class space    used 6740K, committed 7424K, reserved 1048576K
}
Event: 17.137 GC heap before
{Heap before GC invocations=63 (full 3):
 PSYoungGen      total 17408K, used 17352K [0x00000000d5580000, 0x00000000d6900000, 0x0000000100000000)
  eden space 16896K, 100% used [0x00000000d5580000,0x00000000d6600000,0x00000000d6600000)
  from space 512K, 89% used [0x00000000d6800000,0x00000000d68722a0,0x00000000d6880000)
  to   space 512K, 0% used [0x00000000d6880000,0x00000000d6880000,0x00000000d6900000)
 ParOldGen       total 93696K, used 93642K [0x0000000080000000, 0x0000000085b80000, 0x00000000d5580000)
  object space 93696K, 99% used [0x0000000080000000,0x0000000085b72a68,0x0000000085b80000)
 Metaspace       used 63999K, committed 65536K, reserved 1114112K
  class space    used 6740K, committed 7424K, reserved 1048576K
}
Event: 17.138 GC heap after
{Heap after GC invocations=63 (full 3):
 PSYoungGen      total 17408K, used 288K [0x00000000d5580000, 0x00000000d6900000, 0x0000000100000000)
  eden space 16896K, 0% used [0x00000000d5580000,0x00000000d5580000,0x00000000d6600000)
  from space 512K, 56% used [0x00000000d6880000,0x00000000d68c8000,0x00000000d6900000)
  to   space 512K, 0% used [0x00000000d6800000,0x00000000d6800000,0x00000000d6880000)
 ParOldGen       total 94208K, used 93714K [0x0000000080000000, 0x0000000085c00000, 0x00000000d5580000)
  object space 94208K, 99% used [0x0000000080000000,0x0000000085b84a68,0x0000000085c00000)
 Metaspace       used 63999K, committed 65536K, reserved 1114112K
  class space    used 6740K, committed 7424K, reserved 1048576K
}
Event: 17.227 GC heap before
{Heap before GC invocations=64 (full 3):
 PSYoungGen      total 17408K, used 17184K [0x00000000d5580000, 0x00000000d6900000, 0x0000000100000000)
  eden space 16896K, 100% used [0x00000000d5580000,0x00000000d6600000,0x00000000d6600000)
  from space 512K, 56% used [0x00000000d6880000,0x00000000d68c8000,0x00000000d6900000)
  to   space 512K, 0% used [0x00000000d6800000,0x00000000d6800000,0x00000000d6880000)
 ParOldGen       total 94208K, used 93714K [0x0000000080000000, 0x0000000085c00000, 0x00000000d5580000)
  object space 94208K, 99% used [0x0000000080000000,0x0000000085b84a68,0x0000000085c00000)
 Metaspace       used 64002K, committed 65536K, reserved 1114112K
  class space    used 6740K, committed 7424K, reserved 1048576K
}
Event: 17.228 GC heap after
{Heap after GC invocations=64 (full 3):
 PSYoungGen      total 17408K, used 477K [0x00000000d5580000, 0x00000000d6900000, 0x0000000100000000)
  eden space 16896K, 0% used [0x00000000d5580000,0x00000000d5580000,0x00000000d6600000)
  from space 512K, 93% used [0x00000000d6800000,0x00000000d6877638,0x00000000d6880000)
  to   space 512K, 0% used [0x00000000d6880000,0x00000000d6880000,0x00000000d6900000)
 ParOldGen       total 94208K, used 93794K [0x0000000080000000, 0x0000000085c00000, 0x00000000d5580000)
  object space 94208K, 99% used [0x0000000080000000,0x0000000085b98a68,0x0000000085c00000)
 Metaspace       used 64002K, committed 65536K, reserved 1114112K
  class space    used 6740K, committed 7424K, reserved 1048576K
}
Event: 17.281 GC heap before
{Heap before GC invocations=65 (full 3):
 PSYoungGen      total 17408K, used 17373K [0x00000000d5580000, 0x00000000d6900000, 0x0000000100000000)
  eden space 16896K, 100% used [0x00000000d5580000,0x00000000d6600000,0x00000000d6600000)
  from space 512K, 93% used [0x00000000d6800000,0x00000000d6877638,0x00000000d6880000)
  to   space 512K, 0% used [0x00000000d6880000,0x00000000d6880000,0x00000000d6900000)
 ParOldGen       total 94208K, used 93794K [0x0000000080000000, 0x0000000085c00000, 0x00000000d5580000)
  object space 94208K, 99% used [0x0000000080000000,0x0000000085b98a68,0x0000000085c00000)
 Metaspace       used 64002K, committed 65536K, reserved 1114112K
  class space    used 6740K, committed 7424K, reserved 1048576K
}
Event: 17.283 GC heap after
{Heap after GC invocations=65 (full 3):
 PSYoungGen      total 17408K, used 400K [0x00000000d5580000, 0x00000000d6900000, 0x0000000100000000)
  eden space 16896K, 0% used [0x00000000d5580000,0x00000000d5580000,0x00000000d6600000)
  from space 512K, 78% used [0x00000000d6880000,0x00000000d68e43c0,0x00000000d6900000)
  to   space 512K, 0% used [0x00000000d6800000,0x00000000d6800000,0x00000000d6880000)
 ParOldGen       total 94208K, used 93882K [0x0000000080000000, 0x0000000085c00000, 0x00000000d5580000)
  object space 94208K, 99% used [0x0000000080000000,0x0000000085baea68,0x0000000085c00000)
 Metaspace       used 64002K, committed 65536K, reserved 1114112K
  class space    used 6740K, committed 7424K, reserved 1048576K
}
Event: 17.335 GC heap before
{Heap before GC invocations=66 (full 3):
 PSYoungGen      total 17408K, used 17296K [0x00000000d5580000, 0x00000000d6900000, 0x0000000100000000)
  eden space 16896K, 100% used [0x00000000d5580000,0x00000000d6600000,0x00000000d6600000)
  from space 512K, 78% used [0x00000000d6880000,0x00000000d68e43c0,0x00000000d6900000)
  to   space 512K, 0% used [0x00000000d6800000,0x00000000d6800000,0x00000000d6880000)
 ParOldGen       total 94208K, used 93882K [0x0000000080000000, 0x0000000085c00000, 0x00000000d5580000)
  object space 94208K, 99% used [0x0000000080000000,0x0000000085baea68,0x0000000085c00000)
 Metaspace       used 64002K, committed 65536K, reserved 1114112K
  class space    used 6740K, committed 7424K, reserved 1048576K
}
Event: 17.336 GC heap after
{Heap after GC invocations=66 (full 3):
 PSYoungGen      total 17408K, used 320K [0x00000000d5580000, 0x00000000d6900000, 0x0000000100000000)
  eden space 16896K, 0% used [0x00000000d5580000,0x00000000d5580000,0x00000000d6600000)
  from space 512K, 62% used [0x00000000d6800000,0x00000000d6850000,0x00000000d6880000)
  to   space 512K, 0% used [0x00000000d6880000,0x00000000d6880000,0x00000000d6900000)
 ParOldGen       total 94208K, used 93962K [0x0000000080000000, 0x0000000085c00000, 0x00000000d5580000)
  object space 94208K, 99% used [0x0000000080000000,0x0000000085bc2a68,0x0000000085c00000)
 Metaspace       used 64002K, committed 65536K, reserved 1114112K
  class space    used 6740K, committed 7424K, reserved 1048576K
}
Event: 17.419 GC heap before
{Heap before GC invocations=67 (full 3):
 PSYoungGen      total 17408K, used 17216K [0x00000000d5580000, 0x00000000d6900000, 0x0000000100000000)
  eden space 16896K, 100% used [0x00000000d5580000,0x00000000d6600000,0x00000000d6600000)
  from space 512K, 62% used [0x00000000d6800000,0x00000000d6850000,0x00000000d6880000)
  to   space 512K, 0% used [0x00000000d6880000,0x00000000d6880000,0x00000000d6900000)
 ParOldGen       total 94208K, used 93962K [0x0000000080000000, 0x0000000085c00000, 0x00000000d5580000)
  object space 94208K, 99% used [0x0000000080000000,0x0000000085bc2a68,0x0000000085c00000)
 Metaspace       used 64107K, committed 65664K, reserved 1114112K
  class space    used 6753K, committed 7424K, reserved 1048576K
}
Event: 17.420 GC heap after
{Heap after GC invocations=67 (full 3):
 PSYoungGen      total 17408K, used 378K [0x00000000d5580000, 0x00000000d6900000, 0x0000000100000000)
  eden space 16896K, 0% used [0x00000000d5580000,0x00000000d5580000,0x00000000d6600000)
  from space 512K, 73% used [0x00000000d6880000,0x00000000d68de900,0x00000000d6900000)
  to   space 512K, 0% used [0x00000000d6800000,0x00000000d6800000,0x00000000d6880000)
 ParOldGen       total 94208K, used 94034K [0x0000000080000000, 0x0000000085c00000, 0x00000000d5580000)
  object space 94208K, 99% used [0x0000000080000000,0x0000000085bd4a68,0x0000000085c00000)
 Metaspace       used 64107K, committed 65664K, reserved 1114112K
  class space    used 6753K, committed 7424K, reserved 1048576K
}
Event: 17.462 GC heap before
{Heap before GC invocations=68 (full 3):
 PSYoungGen      total 17408K, used 17019K [0x00000000d5580000, 0x00000000d6900000, 0x0000000100000000)
  eden space 16896K, 98% used [0x00000000d5580000,0x00000000d65c0618,0x00000000d6600000)
  from space 512K, 73% used [0x00000000d6880000,0x00000000d68de900,0x00000000d6900000)
  to   space 512K, 0% used [0x00000000d6800000,0x00000000d6800000,0x00000000d6880000)
 ParOldGen       total 94208K, used 94034K [0x0000000080000000, 0x0000000085c00000, 0x00000000d5580000)
  object space 94208K, 99% used [0x0000000080000000,0x0000000085bd4a68,0x0000000085c00000)
 Metaspace       used 64108K, committed 65664K, reserved 1114112K
  class space    used 6753K, committed 7424K, reserved 1048576K
}
Event: 17.464 GC heap after
{Heap after GC invocations=68 (full 3):
 PSYoungGen      total 17408K, used 480K [0x00000000d5580000, 0x00000000d6900000, 0x0000000100000000)
  eden space 16896K, 0% used [0x00000000d5580000,0x00000000d5580000,0x00000000d6600000)
  from space 512K, 93% used [0x00000000d6800000,0x00000000d6878000,0x00000000d6880000)
  to   space 512K, 0% used [0x00000000d6880000,0x00000000d6880000,0x00000000d6900000)
 ParOldGen       total 94208K, used 94199K [0x0000000080000000, 0x0000000085c00000, 0x00000000d5580000)
  object space 94208K, 99% used [0x0000000080000000,0x0000000085bfdc68,0x0000000085c00000)
 Metaspace       used 64108K, committed 65664K, reserved 1114112K
  class space    used 6753K, committed 7424K, reserved 1048576K
}
Event: 17.539 GC heap before
{Heap before GC invocations=69 (full 3):
 PSYoungGen      total 17408K, used 17376K [0x00000000d5580000, 0x00000000d6900000, 0x0000000100000000)
  eden space 16896K, 100% used [0x00000000d5580000,0x00000000d6600000,0x00000000d6600000)
  from space 512K, 93% used [0x00000000d6800000,0x00000000d6878000,0x00000000d6880000)
  to   space 512K, 0% used [0x00000000d6880000,0x00000000d6880000,0x00000000d6900000)
 ParOldGen       total 94208K, used 94199K [0x0000000080000000, 0x0000000085c00000, 0x00000000d5580000)
  object space 94208K, 99% used [0x0000000080000000,0x0000000085bfdc68,0x0000000085c00000)
 Metaspace       used 64122K, committed 65664K, reserved 1114112K
  class space    used 6753K, committed 7424K, reserved 1048576K
}
Event: 17.540 GC heap after
{Heap after GC invocations=69 (full 3):
 PSYoungGen      total 17408K, used 480K [0x00000000d5580000, 0x00000000d6900000, 0x0000000100000000)
  eden space 16896K, 0% used [0x00000000d5580000,0x00000000d5580000,0x00000000d6600000)
  from space 512K, 93% used [0x00000000d6880000,0x00000000d68f8288,0x00000000d6900000)
  to   space 1024K, 0% used [0x00000000d6700000,0x00000000d6700000,0x00000000d6800000)
 ParOldGen       total 94720K, used 94543K [0x0000000080000000, 0x0000000085c80000, 0x00000000d5580000)
  object space 94720K, 99% used [0x0000000080000000,0x0000000085c53c68,0x0000000085c80000)
 Metaspace       used 64122K, committed 65664K, reserved 1114112K
  class space    used 6753K, committed 7424K, reserved 1048576K
}
Event: 17.875 GC heap before
{Heap before GC invocations=70 (full 3):
 PSYoungGen      total 17408K, used 17376K [0x00000000d5580000, 0x00000000d6900000, 0x0000000100000000)
  eden space 16896K, 100% used [0x00000000d5580000,0x00000000d6600000,0x00000000d6600000)
  from space 512K, 93% used [0x00000000d6880000,0x00000000d68f8288,0x00000000d6900000)
  to   space 1024K, 0% used [0x00000000d6700000,0x00000000d6700000,0x00000000d6800000)
 ParOldGen       total 94720K, used 94543K [0x0000000080000000, 0x0000000085c80000, 0x00000000d5580000)
  object space 94720K, 99% used [0x0000000080000000,0x0000000085c53c68,0x0000000085c80000)
 Metaspace       used 64804K, committed 66304K, reserved 1114112K
  class space    used 6867K, committed 7552K, reserved 1048576K
}
Event: 17.877 GC heap after
{Heap after GC invocations=70 (full 3):
 PSYoungGen      total 17920K, used 480K [0x00000000d5580000, 0x00000000d6900000, 0x0000000100000000)
  eden space 16896K, 0% used [0x00000000d5580000,0x00000000d5580000,0x00000000d6600000)
  from space 1024K, 46% used [0x00000000d6700000,0x00000000d6778000,0x00000000d6800000)
  to   space 1024K, 0% used [0x00000000d6800000,0x00000000d6800000,0x00000000d6900000)
 ParOldGen       total 95232K, used 94791K [0x0000000080000000, 0x0000000085d00000, 0x00000000d5580000)
  object space 95232K, 99% used [0x0000000080000000,0x0000000085c91c68,0x0000000085d00000)
 Metaspace       used 64804K, committed 66304K, reserved 1114112K
  class space    used 6867K, committed 7552K, reserved 1048576K
}

Dll operation events (10 events):
Event: 0.018 Loaded shared library c:\Users\novot\.vscode\extensions\redhat.java-1.51.0-win32-x64\jre\21.0.9-win32-x86_64\bin\java.dll
Event: 0.117 Loaded shared library c:\Users\novot\.vscode\extensions\redhat.java-1.51.0-win32-x64\jre\21.0.9-win32-x86_64\bin\zip.dll
Event: 0.147 Loaded shared library C:\Users\novot\.vscode\extensions\redhat.java-1.51.0-win32-x64\jre\21.0.9-win32-x86_64\bin\instrument.dll
Event: 0.156 Loaded shared library C:\Users\novot\.vscode\extensions\redhat.java-1.51.0-win32-x64\jre\21.0.9-win32-x86_64\bin\net.dll
Event: 0.160 Loaded shared library C:\Users\novot\.vscode\extensions\redhat.java-1.51.0-win32-x64\jre\21.0.9-win32-x86_64\bin\nio.dll
Event: 0.166 Loaded shared library C:\Users\novot\.vscode\extensions\redhat.java-1.51.0-win32-x64\jre\21.0.9-win32-x86_64\bin\zip.dll
Event: 0.192 Loaded shared library C:\Users\novot\.vscode\extensions\redhat.java-1.51.0-win32-x64\jre\21.0.9-win32-x86_64\bin\jimage.dll
Event: 0.297 Loaded shared library c:\Users\novot\.vscode\extensions\redhat.java-1.51.0-win32-x64\jre\21.0.9-win32-x86_64\bin\verify.dll
Event: 1.720 Loaded shared library C:\Users\novot\AppData\Roaming\Code\User\globalStorage\redhat.java\1.51.0\config_win\org.eclipse.equinox.launcher\org.eclipse.equinox.launcher.win32.win32.x86_64_1.2.1400.v20250801-0854\eclipse_11916.dll
Event: 3.423 Loaded shared library C:\Users\novot\AppData\Local\Temp\jna-105011066\jna2120079794339952121.dll

Deoptimization events (20 events):
Event: 31.456 Thread 0x0000021185722ff0 DEOPT PACKING pc=0x00000211aa6bd3d0 sp=0x000000d9b14fedb0
Event: 31.456 Thread 0x0000021185722ff0 DEOPT UNPACKING pc=0x00000211b14c4242 sp=0x000000d9b14fe308 mode 0
Event: 31.457 Thread 0x0000021185722ff0 DEOPT PACKING pc=0x00000211aa6bd3d0 sp=0x000000d9b14fedb0
Event: 31.457 Thread 0x0000021185722ff0 DEOPT UNPACKING pc=0x00000211b14c4242 sp=0x000000d9b14fe308 mode 0
Event: 31.459 Thread 0x0000021185722ff0 DEOPT PACKING pc=0x00000211aa6bd3d0 sp=0x000000d9b14fedb0
Event: 31.459 Thread 0x0000021185722ff0 DEOPT UNPACKING pc=0x00000211b14c4242 sp=0x000000d9b14fe308 mode 0
Event: 31.459 Thread 0x0000021185722ff0 DEOPT PACKING pc=0x00000211aa6bd3d0 sp=0x000000d9b14fedb0
Event: 31.459 Thread 0x0000021185722ff0 DEOPT UNPACKING pc=0x00000211b14c4242 sp=0x000000d9b14fe308 mode 0
Event: 31.460 Thread 0x0000021185722ff0 DEOPT PACKING pc=0x00000211aa6bd3d0 sp=0x000000d9b14fedb0
Event: 31.460 Thread 0x0000021185722ff0 DEOPT UNPACKING pc=0x00000211b14c4242 sp=0x000000d9b14fe308 mode 0
Event: 31.460 Thread 0x0000021185722ff0 DEOPT PACKING pc=0x00000211aa6bd3d0 sp=0x000000d9b14fedb0
Event: 31.460 Thread 0x0000021185722ff0 DEOPT UNPACKING pc=0x00000211b14c4242 sp=0x000000d9b14fe308 mode 0
Event: 31.461 Thread 0x0000021185722ff0 DEOPT PACKING pc=0x00000211aa6bd3d0 sp=0x000000d9b14fedb0
Event: 31.461 Thread 0x0000021185722ff0 DEOPT UNPACKING pc=0x00000211b14c4242 sp=0x000000d9b14fe308 mode 0
Event: 31.462 Thread 0x0000021185722ff0 DEOPT PACKING pc=0x00000211aa6bd3d0 sp=0x000000d9b14fedb0
Event: 31.462 Thread 0x0000021185722ff0 DEOPT UNPACKING pc=0x00000211b14c4242 sp=0x000000d9b14fe308 mode 0
Event: 31.462 Thread 0x0000021185722ff0 DEOPT PACKING pc=0x00000211aa6bd3d0 sp=0x000000d9b14fedb0
Event: 31.462 Thread 0x0000021185722ff0 DEOPT UNPACKING pc=0x00000211b14c4242 sp=0x000000d9b14fe308 mode 0
Event: 31.462 Thread 0x0000021185722ff0 DEOPT PACKING pc=0x00000211aa6bd3d0 sp=0x000000d9b14fedb0
Event: 31.462 Thread 0x0000021185722ff0 DEOPT UNPACKING pc=0x00000211b14c4242 sp=0x000000d9b14fe308 mode 0

Classes loaded (20 events):
Event: 14.868 Loading class java/lang/invoke/MethodHandleImpl$CountingWrapper$1
Event: 14.869 Loading class java/lang/invoke/MethodHandleImpl$CountingWrapper$1 done
Event: 17.602 Loading class java/util/HashMap$EntrySpliterator
Event: 17.602 Loading class java/util/HashMap$EntrySpliterator done
Event: 17.611 Loading class java/util/stream/ReduceOps$5
Event: 17.611 Loading class java/util/stream/ReduceOps$5 done
Event: 17.611 Loading class java/util/stream/ReduceOps$CountingSink$OfRef
Event: 17.611 Loading class java/util/stream/ReduceOps$CountingSink
Event: 17.612 Loading class java/util/stream/ReduceOps$CountingSink done
Event: 17.612 Loading class java/util/stream/ReduceOps$CountingSink$OfRef done
Event: 17.723 Loading class java/util/stream/ReduceOps$1
Event: 17.723 Loading class java/util/stream/ReduceOps$1 done
Event: 17.723 Loading class java/util/stream/ReduceOps$1ReducingSink
Event: 17.723 Loading class java/util/stream/ReduceOps$1ReducingSink done
Event: 31.517 Loading class sun/nio/cs/ISO_8859_1$Encoder
Event: 31.517 Loading class sun/nio/cs/ISO_8859_1$Encoder done
Event: 31.517 Loading class sun/nio/cs/Surrogate$Parser
Event: 31.518 Loading class sun/nio/cs/Surrogate$Parser done
Event: 31.518 Loading class sun/nio/cs/Surrogate
Event: 31.518 Loading class sun/nio/cs/Surrogate done

Classes unloaded (7 events):
Event: 4.112 Thread 0x00000211a6ddec00 Unloading class 0x00000211bf1a4800 'java/lang/invoke/LambdaForm$MH+0x00000211bf1a4800'
Event: 4.112 Thread 0x00000211a6ddec00 Unloading class 0x00000211bf1a4400 'java/lang/invoke/LambdaForm$MH+0x00000211bf1a4400'
Event: 4.112 Thread 0x00000211a6ddec00 Unloading class 0x00000211bf1a4000 'java/lang/invoke/LambdaForm$MH+0x00000211bf1a4000'
Event: 4.112 Thread 0x00000211a6ddec00 Unloading class 0x00000211bf1a3c00 'java/lang/invoke/LambdaForm$MH+0x00000211bf1a3c00'
Event: 4.112 Thread 0x00000211a6ddec00 Unloading class 0x00000211bf1a3800 'java/lang/invoke/LambdaForm$BMH+0x00000211bf1a3800'
Event: 4.112 Thread 0x00000211a6ddec00 Unloading class 0x00000211bf1a3400 'java/lang/invoke/LambdaForm$DMH+0x00000211bf1a3400'
Event: 4.112 Thread 0x00000211a6ddec00 Unloading class 0x00000211bf1a2000 'java/lang/invoke/LambdaForm$DMH+0x00000211bf1a2000'

Classes redefined (0 events):
No events

Internal exceptions (20 events):
Event: 14.520 Thread 0x000002118857f880 Exception <a 'java/io/FileNotFoundException'{0x00000000d5823610}> (0x00000000d5823610) 
thrown [s\src\hotspot\share\prims\jni.cpp, line 520]
Event: 14.520 Thread 0x000002118857f880 Exception <a 'java/io/FileNotFoundException'{0x00000000d5824640}> (0x00000000d5824640) 
thrown [s\src\hotspot\share\prims\jni.cpp, line 520]
Event: 14.533 Thread 0x000002118857f880 Exception <a 'sun/nio/fs/WindowsException'{0x00000000d58a3de8}> (0x00000000d58a3de8) 
thrown [s\src\hotspot\share\prims\jni.cpp, line 520]
Event: 14.533 Thread 0x000002118857f880 Exception <a 'sun/nio/fs/WindowsException'{0x00000000d58a46d0}> (0x00000000d58a46d0) 
thrown [s\src\hotspot\share\prims\jni.cpp, line 520]
Event: 14.548 Thread 0x000002118857f880 Exception <a 'sun/nio/fs/WindowsException'{0x00000000d5912f80}> (0x00000000d5912f80) 
thrown [s\src\hotspot\share\prims\jni.cpp, line 520]
Event: 14.549 Thread 0x000002118857f880 Exception <a 'sun/nio/fs/WindowsException'{0x00000000d5913868}> (0x00000000d5913868) 
thrown [s\src\hotspot\share\prims\jni.cpp, line 520]
Event: 16.223 Thread 0x00000211857e8140 Exception <a 'sun/nio/fs/WindowsException'{0x00000000d5771a08}> (0x00000000d5771a08) 
thrown [s\src\hotspot\share\prims\jni.cpp, line 520]
Event: 16.224 Thread 0x00000211857e8140 Exception <a 'sun/nio/fs/WindowsException'{0x00000000d5772040}> (0x00000000d5772040) 
thrown [s\src\hotspot\share\prims\jni.cpp, line 520]
Event: 16.224 Thread 0x00000211857e8140 Exception <a 'sun/nio/fs/WindowsException'{0x00000000d5772bb8}> (0x00000000d5772bb8) 
thrown [s\src\hotspot\share\prims\jni.cpp, line 520]
Event: 16.224 Thread 0x00000211857e8140 Exception <a 'sun/nio/fs/WindowsException'{0x00000000d57731f0}> (0x00000000d57731f0) 
thrown [s\src\hotspot\share\prims\jni.cpp, line 520]
Event: 16.230 Thread 0x00000211857e8140 Exception <a 'sun/nio/fs/WindowsException'{0x00000000d559ca00}> (0x00000000d559ca00) 
thrown [s\src\hotspot\share\prims\jni.cpp, line 520]
Event: 16.230 Thread 0x00000211857e8140 Exception <a 'sun/nio/fs/WindowsException'{0x00000000d559d038}> (0x00000000d559d038) 
thrown [s\src\hotspot\share\prims\jni.cpp, line 520]
Event: 16.235 Thread 0x00000211857e8140 Exception <a 'sun/nio/fs/WindowsException'{0x00000000d55dd3e0}> (0x00000000d55dd3e0) 
thrown [s\src\hotspot\share\prims\jni.cpp, line 520]
Event: 16.235 Thread 0x00000211857e8140 Exception <a 'sun/nio/fs/WindowsException'{0x00000000d55ddcc8}> (0x00000000d55ddcc8) 
thrown [s\src\hotspot\share\prims\jni.cpp, line 520]
Event: 16.999 Thread 0x00000211857e8140 Implicit null exception at 0x00000211b1fccccb to 0x00000211b1fcd6a8
Event: 17.069 Thread 0x00000211857e8140 Implicit null exception at 0x00000211b1fcb828 to 0x00000211b1fcc0e8
Event: 17.608 Thread 0x00000211857e8140 Exception <a 'java/lang/NoSuchMethodError'{0x00000000d5f7af18}: 'java.lang.Object java.lang.invoke.DirectMethodHandle$Holder.invokeSpecial(java.lang.Object, java.lang.Object, int, long)'> (0x00000000d5f7af18) 
thrown [s\src\hotspot\share\interpreter\linkResolver.cpp, line 773]
Event: 17.612 Thread 0x00000211857e8140 Exception <a 'sun/nio/fs/WindowsException'{0x00000000d5f9f150}> (0x00000000d5f9f150) 
thrown [s\src\hotspot\share\prims\jni.cpp, line 520]
Event: 17.612 Thread 0x00000211857e8140 Exception <a 'sun/nio/fs/WindowsException'{0x00000000d5f9f788}> (0x00000000d5f9f788) 
thrown [s\src\hotspot\share\prims\jni.cpp, line 520]
Event: 17.847 Thread 0x00000211857e8140 Exception <a 'java/lang/NoSuchMethodError'{0x00000000d6536330}: 'java.lang.Object java.lang.invoke.DirectMethodHandle$Holder.invokeStatic(java.lang.Object, java.lang.Object, int, java.lang.Object)'> (0x00000000d6536330) 
thrown [s\src\hotspot\share\interpreter\linkResolver.cpp, line 773]

ZGC Phase Switch (0 events):
No events

VM Operations (20 events):
Event: 17.766 Executing VM operation: HandshakeAllThreads (Deoptimize)
Event: 17.766 Executing VM operation: HandshakeAllThreads (Deoptimize) done
Event: 17.770 Executing VM operation: HandshakeAllThreads (Deoptimize)
Event: 17.770 Executing VM operation: HandshakeAllThreads (Deoptimize) done
Event: 17.792 Executing VM operation: HandshakeAllThreads (Deoptimize)
Event: 17.792 Executing VM operation: HandshakeAllThreads (Deoptimize) done
Event: 17.875 Executing VM operation: ParallelGCFailedAllocation (Allocation Failure)
Event: 17.877 Executing VM operation: ParallelGCFailedAllocation (Allocation Failure) done
Event: 18.886 Executing VM operation: Cleanup
Event: 18.886 Executing VM operation: Cleanup done
Event: 19.887 Executing VM operation: Cleanup
Event: 19.887 Executing VM operation: Cleanup done
Event: 32.015 Executing VM operation: Cleanup
Event: 32.015 Executing VM operation: Cleanup done
Event: 36.045 Executing VM operation: Cleanup
Event: 36.045 Executing VM operation: Cleanup done
Event: 60.265 Executing VM operation: HandshakeAllThreads (HandshakeForDeflation)
Event: 60.265 Executing VM operation: HandshakeAllThreads (HandshakeForDeflation) done
Event: 60.265 Executing VM operation: RendezvousGCThreads
Event: 60.265 Executing VM operation: RendezvousGCThreads done

Memory protections (0 events):
No events

Nmethod flushes (20 events):
Event: 10.237 Thread 0x00000211a6ddec00 flushing  nmethod 0x00000211aa74e090
Event: 10.237 Thread 0x00000211a6ddec00 flushing osr nmethod 0x00000211aa755590
Event: 10.237 Thread 0x00000211a6ddec00 flushing osr nmethod 0x00000211aa759190
Event: 10.237 Thread 0x00000211a6ddec00 flushing osr nmethod 0x00000211aa79da90
Event: 10.237 Thread 0x00000211a6ddec00 flushing  nmethod 0x00000211aa7a7c90
Event: 10.237 Thread 0x00000211a6ddec00 flushing  nmethod 0x00000211aa7b1690
Event: 10.237 Thread 0x00000211a6ddec00 flushing  nmethod 0x00000211aa7b6690
Event: 10.237 Thread 0x00000211a6ddec00 flushing  nmethod 0x00000211aa7c3890
Event: 10.237 Thread 0x00000211a6ddec00 flushing  nmethod 0x00000211aa7f2a10
Event: 10.237 Thread 0x00000211a6ddec00 flushing  nmethod 0x00000211aa802810
Event: 10.237 Thread 0x00000211a6ddec00 flushing  nmethod 0x00000211aa804410
Event: 10.237 Thread 0x00000211a6ddec00 flushing  nmethod 0x00000211aa807910
Event: 10.237 Thread 0x00000211a6ddec00 flushing  nmethod 0x00000211aa807c90
Event: 10.237 Thread 0x00000211a6ddec00 flushing  nmethod 0x00000211aa81b290
Event: 10.237 Thread 0x00000211a6ddec00 flushing  nmethod 0x00000211aa849e10
Event: 10.237 Thread 0x00000211a6ddec00 flushing  nmethod 0x00000211aa857390
Event: 10.237 Thread 0x00000211a6ddec00 flushing  nmethod 0x00000211aa868a90
Event: 10.237 Thread 0x00000211a6ddec00 flushing  nmethod 0x00000211aa86e590
Event: 10.237 Thread 0x00000211a6ddec00 flushing  nmethod 0x00000211aa87a610
Event: 10.237 Thread 0x00000211a6ddec00 flushing  nmethod 0x00000211aa880110

Events (20 events):
Event: 16.411 Thread 0x00000211907cee90 Thread exited: 0x00000211907cee90
Event: 16.609 Thread 0x00000211a6dfe5e0 Thread added: 0x00000211907cee90
Event: 16.620 Thread 0x00000211a6df89f0 Thread added: 0x00000211873e1c80
Event: 17.740 Thread 0x00000211873e1c80 Thread exited: 0x00000211873e1c80
Event: 17.740 Thread 0x00000211907cee90 Thread exited: 0x00000211907cee90
Event: 17.778 Thread 0x00000211a6dfe5e0 Thread added: 0x00000211907cee90
Event: 17.779 Thread 0x00000211a6dfe5e0 Thread added: 0x00000211873e0810
Event: 19.558 Thread 0x00000211873e0810 Thread exited: 0x00000211873e0810
Event: 24.578 Thread 0x00000211907cee90 Thread exited: 0x00000211907cee90
Event: 31.445 Thread 0x00000211a6dfe5e0 Thread added: 0x00000211907cee90
Event: 31.469 Thread 0x00000211907cee90 Thread added: 0x0000021187935f40
Event: 36.530 Thread 0x0000021187935f40 Thread exited: 0x0000021187935f40
Event: 36.546 Thread 0x00000211907cee90 Thread exited: 0x00000211907cee90
Event: 70.312 Thread 0x0000021188585460 Thread exited: 0x0000021188585460
Event: 70.405 Thread 0x0000021187812930 Thread exited: 0x0000021187812930
Event: 74.488 Thread 0x0000021187701f10 Thread exited: 0x0000021187701f10
Event: 74.519 Thread 0x00000211877011f0 Thread exited: 0x00000211877011f0
Event: 76.244 Thread 0x000002118857f880 Thread exited: 0x000002118857f880
Event: 76.339 Thread 0x00000211857e7ab0 Thread exited: 0x00000211857e7ab0
Event: 76.588 Thread 0x0000021187702c30 Thread exited: 0x0000021187702c30


Dynamic libraries:
0x00007ff64a0f0000 - 0x00007ff64a0fe000 	c:\Users\novot\.vscode\extensions\redhat.java-1.51.0-win32-x64\jre\21.0.9-win32-x86_64\bin\java.exe
0x00007ffd47d00000 - 0x00007ffd47f67000 	C:\WINDOWS\SYSTEM32\ntdll.dll
0x00007ffd46cc0000 - 0x00007ffd46d89000 	C:\WINDOWS\System32\KERNEL32.DLL
0x00007ffd456a0000 - 0x00007ffd45a8f000 	C:\WINDOWS\System32\KERNELBASE.dll
0x00007ffd44e50000 - 0x00007ffd44f9b000 	C:\WINDOWS\System32\ucrtbase.dll
0x00007ffd0cc60000 - 0x00007ffd0cc7e000 	c:\Users\novot\.vscode\extensions\redhat.java-1.51.0-win32-x64\jre\21.0.9-win32-x86_64\bin\VCRUNTIME140.dll
0x00007ffd0c530000 - 0x00007ffd0c548000 	c:\Users\novot\.vscode\extensions\redhat.java-1.51.0-win32-x64\jre\21.0.9-win32-x86_64\bin\jli.dll
0x00007ffd46a70000 - 0x00007ffd46c35000 	C:\WINDOWS\System32\USER32.dll
0x00007ffd44fa0000 - 0x00007ffd44fc7000 	C:\WINDOWS\System32\win32u.dll
0x00007ffd28900000 - 0x00007ffd28b93000 	C:\WINDOWS\WinSxS\amd64_microsoft.windows.common-controls_6595b64144ccf1df_6.0.26100.7309_none_3e05feeae336a044\COMCTL32.dll
0x00007ffd45aa0000 - 0x00007ffd45acb000 	C:\WINDOWS\System32\GDI32.dll
0x00007ffd464b0000 - 0x00007ffd46559000 	C:\WINDOWS\System32\msvcrt.dll
0x00007ffd451f0000 - 0x00007ffd4531c000 	C:\WINDOWS\System32\gdi32full.dll
0x00007ffd45140000 - 0x00007ffd451e3000 	C:\WINDOWS\System32\msvcp_win.dll
0x00007ffd45c50000 - 0x00007ffd45c81000 	C:\WINDOWS\System32\IMM32.DLL
0x00007ffd17c50000 - 0x00007ffd17c5c000 	c:\Users\novot\.vscode\extensions\redhat.java-1.51.0-win32-x64\jre\21.0.9-win32-x86_64\bin\vcruntime140_1.dll
0x00007ffd07630000 - 0x00007ffd076bd000 	c:\Users\novot\.vscode\extensions\redhat.java-1.51.0-win32-x64\jre\21.0.9-win32-x86_64\bin\msvcp140.dll
0x00007ffc75cf0000 - 0x00007ffc76a90000 	c:\Users\novot\.vscode\extensions\redhat.java-1.51.0-win32-x64\jre\21.0.9-win32-x86_64\bin\server\jvm.dll
0x00007ffd46f70000 - 0x00007ffd47024000 	C:\WINDOWS\System32\ADVAPI32.dll
0x00007ffd45ad0000 - 0x00007ffd45b76000 	C:\WINDOWS\System32\sechost.dll
0x00007ffd47a10000 - 0x00007ffd47b28000 	C:\WINDOWS\System32\RPCRT4.dll
0x00007ffd46c40000 - 0x00007ffd46cb4000 	C:\WINDOWS\System32\WS2_32.dll
0x00007ffd44cd0000 - 0x00007ffd44d2e000 	C:\WINDOWS\SYSTEM32\POWRPROF.dll
0x00007ffd3db90000 - 0x00007ffd3db9b000 	C:\WINDOWS\SYSTEM32\VERSION.dll
0x00007ffd373c0000 - 0x00007ffd373f5000 	C:\WINDOWS\SYSTEM32\WINMM.dll
0x00007ffd44cb0000 - 0x00007ffd44cc4000 	C:\WINDOWS\SYSTEM32\UMPDC.dll
0x00007ffd43bd0000 - 0x00007ffd43beb000 	C:\WINDOWS\SYSTEM32\kernel.appcore.dll
0x00007ffd10c70000 - 0x00007ffd10c7a000 	c:\Users\novot\.vscode\extensions\redhat.java-1.51.0-win32-x64\jre\21.0.9-win32-x86_64\bin\jimage.dll
0x00007ffd3b280000 - 0x00007ffd3b4c2000 	C:\WINDOWS\SYSTEM32\DBGHELP.DLL
0x00007ffd46120000 - 0x00007ffd464a6000 	C:\WINDOWS\System32\combase.dll
0x00007ffd47030000 - 0x00007ffd47106000 	C:\WINDOWS\System32\OLEAUT32.dll
0x00007ffd28040000 - 0x00007ffd2807c000 	C:\WINDOWS\SYSTEM32\dbgcore.DLL
0x00007ffd45560000 - 0x00007ffd45605000 	C:\WINDOWS\System32\bcryptPrimitives.dll
0x00007ffd0e700000 - 0x00007ffd0e70f000 	c:\Users\novot\.vscode\extensions\redhat.java-1.51.0-win32-x64\jre\21.0.9-win32-x86_64\bin\instrument.dll
0x00007ffd0b600000 - 0x00007ffd0b620000 	c:\Users\novot\.vscode\extensions\redhat.java-1.51.0-win32-x64\jre\21.0.9-win32-x86_64\bin\java.dll
0x00007ffd472a0000 - 0x00007ffd479f3000 	C:\WINDOWS\System32\SHELL32.dll
0x00007ffd44fd0000 - 0x00007ffd4513a000 	C:\WINDOWS\System32\wintypes.dll
0x00007ffd42a10000 - 0x00007ffd4326e000 	C:\WINDOWS\SYSTEM32\windows.storage.dll
0x00007ffd46740000 - 0x00007ffd46835000 	C:\WINDOWS\System32\SHCORE.dll
0x00007ffd471a0000 - 0x00007ffd47206000 	C:\WINDOWS\System32\shlwapi.dll
0x00007ffd44d70000 - 0x00007ffd44d99000 	C:\WINDOWS\SYSTEM32\profapi.dll
0x00007ffd0b560000 - 0x00007ffd0b578000 	c:\Users\novot\.vscode\extensions\redhat.java-1.51.0-win32-x64\jre\21.0.9-win32-x86_64\bin\zip.dll
0x00007ffd0bdc0000 - 0x00007ffd0bdd0000 	C:\Users\novot\.vscode\extensions\redhat.java-1.51.0-win32-x64\jre\21.0.9-win32-x86_64\bin\net.dll
0x00007ffd3e090000 - 0x00007ffd3e1b8000 	C:\WINDOWS\SYSTEM32\WINHTTP.dll
0x00007ffd44170000 - 0x00007ffd441db000 	C:\WINDOWS\system32\mswsock.dll
0x00007ffd09900000 - 0x00007ffd09916000 	C:\Users\novot\.vscode\extensions\redhat.java-1.51.0-win32-x64\jre\21.0.9-win32-x86_64\bin\nio.dll
0x00007ffd0bc50000 - 0x00007ffd0bc60000 	c:\Users\novot\.vscode\extensions\redhat.java-1.51.0-win32-x64\jre\21.0.9-win32-x86_64\bin\verify.dll
0x00007ffc81820000 - 0x00007ffc81864000 	C:\Users\novot\AppData\Roaming\Code\User\globalStorage\redhat.java\1.51.0\config_win\org.eclipse.equinox.launcher\org.eclipse.equinox.launcher.win32.win32.x86_64_1.2.1400.v20250801-0854\eclipse_11916.dll
0x00007ffd46d90000 - 0x00007ffd46f27000 	C:\WINDOWS\System32\ole32.dll
0x00007ffd44440000 - 0x00007ffd4445b000 	C:\WINDOWS\SYSTEM32\CRYPTSP.dll
0x00007ffd43b30000 - 0x00007ffd43b6a000 	C:\WINDOWS\system32\rsaenh.dll
0x00007ffd44220000 - 0x00007ffd4424b000 	C:\WINDOWS\SYSTEM32\USERENV.dll
0x00007ffd44d40000 - 0x00007ffd44d6a000 	C:\WINDOWS\SYSTEM32\bcrypt.dll
0x00007ffd44430000 - 0x00007ffd4443c000 	C:\WINDOWS\SYSTEM32\CRYPTBASE.dll
0x00007ffd435b0000 - 0x00007ffd435e4000 	C:\WINDOWS\SYSTEM32\IPHLPAPI.DLL
0x00007ffd47b30000 - 0x00007ffd47b3a000 	C:\WINDOWS\System32\NSI.dll
0x00007ffc817d0000 - 0x00007ffc81819000 	C:\Users\novot\AppData\Local\Temp\jna-105011066\jna2120079794339952121.dll
0x00007ffd47a00000 - 0x00007ffd47a08000 	C:\WINDOWS\System32\PSAPI.DLL
0x00007ffd3e7c0000 - 0x00007ffd3e7de000 	C:\WINDOWS\SYSTEM32\dhcpcsvc6.DLL
0x00007ffd3e6f0000 - 0x00007ffd3e713000 	C:\WINDOWS\SYSTEM32\dhcpcsvc.DLL

JVMTI agents:
c:\Users\novot\.vscode\extensions\redhat.java-1.51.0-win32-x64\lombok\lombok-1.18.39-4050.jar path:c:\Users\novot\.vscode\extensions\redhat.java-1.51.0-win32-x64\jre\21.0.9-win32-x86_64\bin\instrument.dll, loaded, initialized, instrumentlib options:none

dbghelp: loaded successfully - version: 4.0.5 - missing functions: none
symbol engine: initialized successfully - sym options: 0x614 - pdb path: .;c:\Users\novot\.vscode\extensions\redhat.java-1.51.0-win32-x64\jre\21.0.9-win32-x86_64\bin;C:\WINDOWS\SYSTEM32;C:\WINDOWS\WinSxS\amd64_microsoft.windows.common-controls_6595b64144ccf1df_6.0.26100.7309_none_3e05feeae336a044;c:\Users\novot\.vscode\extensions\redhat.java-1.51.0-win32-x64\jre\21.0.9-win32-x86_64\bin\server;C:\Users\novot\AppData\Roaming\Code\User\globalStorage\redhat.java\1.51.0\config_win\org.eclipse.equinox.launcher\org.eclipse.equinox.launcher.win32.win32.x86_64_1.2.1400.v20250801-0854;C:\Users\novot\AppData\Local\Temp\jna-105011066

VM Arguments:
jvm_args: --add-modules=ALL-SYSTEM --add-opens=java.base/java.util=ALL-UNNAMED --add-opens=java.base/java.lang=ALL-UNNAMED --add-opens=java.base/sun.nio.fs=ALL-UNNAMED -Declipse.application=org.eclipse.jdt.ls.core.id1 -Dosgi.bundles.defaultStartLevel=4 -Declipse.product=org.eclipse.jdt.ls.core.product -Djava.import.generatesMetadataFilesAtProjectRoot=false -DDetectVMInstallationsJob.disabled=true -Dfile.encoding=utf8 -XX:+UseParallelGC -XX:GCTimeRatio=4 -XX:AdaptiveSizePolicyWeight=90 -Dsun.zip.disableMemoryMapping=true -Xmx2G -Xms100m -Xlog:disable -javaagent:c:\Users\novot\.vscode\extensions\redhat.java-1.51.0-win32-x64\lombok\lombok-1.18.39-4050.jar -XX:+HeapDumpOnOutOfMemoryError -XX:HeapDumpPath=c:\Users\novot\AppData\Roaming\Code\User\workspaceStorage\1b2a4e91d6455b9920cdd9397ae71b20\redhat.java -Daether.dependencyCollector.impl=bf 
java_command: c:\Users\novot\.vscode\extensions\redhat.java-1.51.0-win32-x64\server\plugins\org.eclipse.equinox.launcher_1.7.100.v20251111-0406.jar -configuration c:\Users\novot\AppData\Roaming\Code\User\globalStorage\redhat.java\1.51.0\config_win -data c:\Users\novot\AppData\Roaming\Code\User\workspaceStorage\1b2a4e91d6455b9920cdd9397ae71b20\redhat.java\jdt_ws --pipe=\\.\pipe\lsp-8742e0bec91f46e8d65d163fec0ae9a2-sock
java_class_path (initial): c:\Users\novot\.vscode\extensions\redhat.java-1.51.0-win32-x64\server\plugins\org.eclipse.equinox.launcher_1.7.100.v20251111-0406.jar
Launcher Type: SUN_STANDARD

[Global flags]
    uintx AdaptiveSizePolicyWeight                 = 90                                        {product} {command line}
     intx CICompilerCount                          = 4                                         {product} {ergonomic}
    uintx GCTimeRatio                              = 4                                         {product} {command line}
     bool HeapDumpOnOutOfMemoryError               = true                                   {manageable} {command line}
    ccstr HeapDumpPath                             = c:\Users\novot\AppData\Roaming\Code\User\workspaceStorage\1b2a4e91d6455b9920cdd9397ae71b20\redhat.java         {manageable} {command line}
   size_t InitialHeapSize                          = 104857600                                 {product} {command line}
   size_t MaxHeapSize                              = 2147483648                                {product} {command line}
   size_t MaxNewSize                               = 715653120                                 {product} {ergonomic}
   size_t MinHeapDeltaBytes                        = 524288                                    {product} {ergonomic}
   size_t MinHeapSize                              = 104857600                                 {product} {command line}
   size_t NewSize                                  = 34603008                                  {product} {ergonomic}
    uintx NonNMethodCodeHeapSize                   = 5839372                                {pd product} {ergonomic}
    uintx NonProfiledCodeHeapSize                  = 122909434                              {pd product} {ergonomic}
   size_t OldSize                                  = 70254592                                  {product} {ergonomic}
    uintx ProfiledCodeHeapSize                     = 122909434                              {pd product} {ergonomic}
    uintx ReservedCodeCacheSize                    = 251658240                              {pd product} {ergonomic}
     bool SegmentedCodeCache                       = true                                      {product} {ergonomic}
   size_t SoftMaxHeapSize                          = 2147483648                             {manageable} {ergonomic}
     bool UseCompressedOops                        = true                           {product lp64_product} {ergonomic}
     bool UseLargePagesIndividualAllocation        = false                                  {pd product} {ergonomic}
     bool UseParallelGC                            = true                                      {product} {command line}

Logging:
Log output configuration:
 #0: stdout all=off uptime,level,tags foldmultilines=false
 #1: stderr all=off uptime,level,tags foldmultilines=false

Release file:
JAVA_VERSION="21.0.9" 
MODULES="java.base java.compiler java.datatransfer java.xml java.prefs java.desktop java.instrument java.logging java.management java.security.sasl java.naming java.rmi java.management.rmi java.net.http java.scripting java.security.jgss java.transaction.xa java.sql java.sql.rowset java.xml.crypto java.se java.smartcardio jdk.accessibility jdk.internal.jvmstat jdk.attach jdk.charsets jdk.internal.opt jdk.zipfs jdk.compiler jdk.crypto.ec jdk.crypto.cryptoki jdk.crypto.mscapi jdk.dynalink jdk.internal.ed jdk.editpad jdk.hotspot.agent jdk.httpserver jdk.internal.le jdk.internal.vm.ci jdk.internal.vm.compiler jdk.internal.vm.compiler.management jdk.jartool jdk.javadoc jdk.jcmd jdk.management jdk.management.agent jdk.jconsole jdk.jdeps jdk.jdwp.agent jdk.jdi jdk.jfr jdk.jshell jdk.jsobject jdk.jstatd jdk.localedata jdk.management.jfr jdk.naming.dns jdk.naming.rmi jdk.net jdk.nio.mapmode jdk.random jdk.sctp jdk.security.auth jdk.security.jgss jdk.unsupported jdk.unsupported.desktop jdk.xml.dom" 

Environment Variables:
JAVA_HOME=C:\Users\novot\.jdk\jdk-17.0.16
PATH=D:\WINDOWS.X64_193000_db_home\bin;C:\Program Files\Common Files\Oracle\Java\javapath;C:\Program Files (x86)\VMware\VMware Workstation\bin\;C:\WINDOWS\system32;C:\WINDOWS;C:\WINDOWS\System32\Wbem;C:\WINDOWS\System32\WindowsPowerShell\v1.0\;C:\WINDOWS\System32\OpenSSH\;C:\Program Files (x86)\Microsoft SQL Server\150\DTS\Binn\;C:\Program Files\Azure Data Studio\bin;C:\Program Files\HP\HP One Agent;C:\Program Files (x86)\Microsoft SQL Server\160\Tools\Binn\;C:\Program Files\Microsoft SQL Server\160\Tools\Binn\;C:\Program Files\Microsoft SQL Server\Client SDK\ODBC\170\Tools\Binn\;C:\Program Files\Microsoft SQL Server\160\DTS\Binn\;C:\Program Files\Java\jdk-21\bin;C:\Program Files\Git\cmd;C:\Program Files\Microsoft SQL Server\170\Tools\Binn\;C:\ProgramData\chocolatey\bin;C:\Program Files\Microsoft SQL Server\130\DTS\Binn\;C:\Program Files\Microsoft SQL Server\140\DTS\Binn\;C:\Program Files\Microsoft SQL Server\150\DTS\Binn\;C:\Program Files\Microsoft SQL Server\170\DTS\Binn\;C:\Program Files\nodejs\;C:\Program Files\Docker\Docker\resources\bin;C:\Users\novot\.jdk\jdk-17.0.16\bin;C:\Users\novot\AppData\Local\Programs\Python\Python314\Scripts\;C:\Users\novot\AppData\Local\Programs\Python\Python314\;C:\Users\novot\AppData\Local\Microsoft\WindowsApps;C:\Program Files\Azure Data Studio\bin;C:\Users\novot\AppData\Local\Programs\Microsoft VS Code\bin;C:\Program Files\JetBrains\IntelliJ IDEA Community Edition 2025.2\bin;D:\WINDOWS.X64_193000_db_home\bin\;C:\flutter\bin;C:\Users\novot\AppData\Roaming\npm;C:\Program Files\PostgreSQL\17\bin;C:\Users\novot\AppData\Local\Programs\Antigravity\bin;
USERNAME=novot
OS=Windows_NT
PROCESSOR_IDENTIFIER=AMD64 Family 25 Model 68 Stepping 1, AuthenticAMD
TMP=C:\Users\novot\AppData\Local\Temp
TEMP=C:\Users\novot\AppData\Local\Temp




Periodic native trim disabled

---------------  S Y S T E M  ---------------

OS:
 Windows 11 , 64 bit Build 26100 (10.0.26100.7623)
OS uptime: 0 days 11:54 hours
Hyper-V role detected

CPU: total 12 (initial active 12) (12 cores per cpu, 2 threads per core) family 25 model 68 stepping 1 microcode 0xa404107, cx8, cmov, fxsr, ht, mmx, 3dnowpref, sse, sse2, sse3, ssse3, sse4a, sse4.1, sse4.2, popcnt, lzcnt, tsc, tscinvbit, avx, avx2, aes, erms, clmul, bmi1, bmi2, adx, sha, fma, vzeroupper, clflush, clflushopt, hv, rdtscp, rdpid, fsrm, f16c, cet_ss
Processor Information for processor 0
  Max Mhz: 3301, Current Mhz: 2024, Mhz Limit: 3301
Processor Information for processor 1
  Max Mhz: 3301, Current Mhz: 2024, Mhz Limit: 3301
Processor Information for processor 2
  Max Mhz: 3301, Current Mhz: 2024, Mhz Limit: 3301
Processor Information for processor 3
  Max Mhz: 3301, Current Mhz: 2024, Mhz Limit: 3301
Processor Information for processor 4
  Max Mhz: 3301, Current Mhz: 2496, Mhz Limit: 3301
Processor Information for processor 5
  Max Mhz: 3301, Current Mhz: 2496, Mhz Limit: 3301
Processor Information for processor 6
  Max Mhz: 3301, Current Mhz: 2496, Mhz Limit: 3301
Processor Information for processor 7
  Max Mhz: 3301, Current Mhz: 2024, Mhz Limit: 3301
Processor Information for processor 8
  Max Mhz: 3301, Current Mhz: 2024, Mhz Limit: 3301
Processor Information for processor 9
  Max Mhz: 3301, Current Mhz: 2024, Mhz Limit: 3301
Processor Information for processor 10
  Max Mhz: 3301, Current Mhz: 2024, Mhz Limit: 3301
Processor Information for processor 11
  Max Mhz: 3301, Current Mhz: 2024, Mhz Limit: 3301

Memory: 4k page, system-wide physical 7381M (1076M free)
TotalPageFile size 29909M (AvailPageFile size 5M)
current process WorkingSet (physical memory assigned to process): 159M, peak: 347M
current process commit charge ("private bytes"): 375M, peak: 424M

vm_info: OpenJDK 64-Bit Server VM (21.0.9+10-LTS) for windows-amd64 JRE (21.0.9+10-LTS), built on 2025-10-21T00:00:00Z by "admin" with unknown MS VC++:1942

END.
