#
# There is insufficient memory for the Java Runtime Environment to continue.
# Native memory allocation (malloc) failed to allocate 1048576 bytes. Error detail: AllocateHeap
# Possible reasons:
#   The system is out of physical RAM or swap space
#   This process is running with CompressedOops enabled, and the Java Heap may be blocking the growth of the native heap
# Possible solutions:
#   Reduce memory load on the system
#   Increase physical memory or swap space
#   Check if swap backing store is full
#   Decrease Java heap size (-Xmx/-Xms)
#   Decrease number of Java threads
#   Decrease Java thread stack sizes (-Xss)
#   Set larger code cache with -XX:ReservedCodeCacheSize=
#   JVM is running with Unscaled Compressed Oops mode in which the Java heap is
#     placed in the first 4GB address space. The Java Heap base address is the
#     maximum limit for the native heap growth. Please use -XX:HeapBaseMinAddress
#     to set the Java Heap base and to place the Java Heap above 4GB virtual address.
# This output file may be truncated or incomplete.
#
#  Out of Memory Error (allocation.cpp:44), pid=1864, tid=9940
#
# JRE version: OpenJDK Runtime Environment Temurin-21.0.9+10 (21.0.9+10) (build 21.0.9+10-LTS)
# Java VM: OpenJDK 64-Bit Server VM Temurin-21.0.9+10 (21.0.9+10-LTS, mixed mode, sharing, tiered, compressed oops, compressed class ptrs, parallel gc, windows-amd64)
# No core dump will be written. Minidumps are not enabled by default on client versions of Windows
#

---------------  S U M M A R Y ------------

Command Line: --add-modules=ALL-SYSTEM --add-opens=java.base/java.util=ALL-UNNAMED --add-opens=java.base/java.lang=ALL-UNNAMED --add-opens=java.base/sun.nio.fs=ALL-UNNAMED -Declipse.application=org.eclipse.jdt.ls.core.id1 -Dosgi.bundles.defaultStartLevel=4 -Declipse.product=org.eclipse.jdt.ls.core.product -Djava.import.generatesMetadataFilesAtProjectRoot=false -DDetectVMInstallationsJob.disabled=true -Dfile.encoding=utf8 -XX:+UseParallelGC -XX:GCTimeRatio=4 -XX:AdaptiveSizePolicyWeight=90 -Dsun.zip.disableMemoryMapping=true -Xmx2G -Xms100m -Xlog:disable -javaagent:c:\Users\novot\.vscode\extensions\redhat.java-1.51.0-win32-x64\lombok\lombok-1.18.39-4050.jar -XX:+HeapDumpOnOutOfMemoryError -XX:HeapDumpPath=c:\Users\novot\AppData\Roaming\Code\User\workspaceStorage\1b2a4e91d6455b9920cdd9397ae71b20\redhat.java -Daether.dependencyCollector.impl=bf c:\Users\novot\.vscode\extensions\redhat.java-1.51.0-win32-x64\server\plugins\org.eclipse.equinox.launcher_1.7.100.v20251111-0406.jar -configuration c:\Users\novot\AppData\Roaming\Code\User\globalStorage\redhat.java\1.51.0\config_win -data c:\Users\novot\AppData\Roaming\Code\User\workspaceStorage\1b2a4e91d6455b9920cdd9397ae71b20\redhat.java\jdt_ws --pipe=\\.\pipe\lsp-6ad64f96a9b17627bc945f1406f8f955-sock

Host: AMD Ryzen 5 7535HS with Radeon Graphics        , 12 cores, 7G,  Windows 11 , 64 bit Build 26100 (10.0.26100.7623)
Time: Mon Jan 19 04:52:40 2026 Greenwich Standard Time elapsed time: 3674.751268 seconds (0d 1h 1m 14s)

---------------  T H R E A D  ---------------

Current thread (0x000002581443aa00):  JavaThread "Attach Listener" daemon [_thread_in_vm, id=9940, stack(0x000000a395600000,0x000000a395700000) (1024K)]

Stack: [0x000000a395600000,0x000000a395700000]
Native frames: (J=compiled Java code, j=interpreted, Vv=VM code, C=native code)
V  [jvm.dll+0x6d6e29]
V  [jvm.dll+0x8b4b76]
V  [jvm.dll+0x8b712e]
V  [jvm.dll+0x8b7813]
V  [jvm.dll+0x283d86]
V  [jvm.dll+0xc1277]
V  [jvm.dll+0x6d76d9]
V  [jvm.dll+0x133466]
V  [jvm.dll+0x3f7ea6]
V  [jvm.dll+0x85e9ad]
V  [jvm.dll+0x6d565d]
C  [ucrtbase.dll+0x37b0]
C  [KERNEL32.DLL+0x2e8d7]
C  [ntdll.dll+0x8c53c]


---------------  P R O C E S S  ---------------

Threads class SMR info:
_java_thread_list=0x000002581ca35760, length=38, elements={
0x00000257baae0b20, 0x00000258144344b0, 0x00000258144351c0, 0x0000025814438540,
0x000002581443aa00, 0x000002581443b780, 0x000002581443f6a0, 0x0000025814443a20,
0x0000025814466010, 0x000002581464c4a0, 0x00000258146c75d0, 0x0000025819244480,
0x000002581947c340, 0x000002581946aac0, 0x00000258194db3c0, 0x0000025819418f90,
0x0000025819418270, 0x0000025819418900, 0x0000025819417be0, 0x000002581941a9d0,
0x000002581b5ad7c0, 0x000002581b5ad130, 0x000002581b5ae4e0, 0x000002581b5ab060,
0x000002581b5aeb70, 0x000002581b5ab6f0, 0x000002581b5af200, 0x000002581b5abd80,
0x000002581b5ac410, 0x000002581b5b1960, 0x000002581b5aff20, 0x000002581b5b05b0,
0x000002581b5b12d0, 0x000002581b5af890, 0x000002581b5b0c40, 0x000002581b5b1ff0,
0x000002581b5b2680, 0x000002581b8fcae0
}

Java Threads: ( => current thread )
  0x00000257baae0b20 JavaThread "main"                              [_thread_blocked, id=26320, stack(0x000000a394f00000,0x000000a395000000) (1024K)]
  0x00000258144344b0 JavaThread "Reference Handler"          daemon [_thread_blocked, id=992, stack(0x000000a395300000,0x000000a395400000) (1024K)]
  0x00000258144351c0 JavaThread "Finalizer"                  daemon [_thread_blocked, id=10316, stack(0x000000a395400000,0x000000a395500000) (1024K)]
  0x0000025814438540 JavaThread "Signal Dispatcher"          daemon [_thread_blocked, id=9924, stack(0x000000a395500000,0x000000a395600000) (1024K)]
=>0x000002581443aa00 JavaThread "Attach Listener"            daemon [_thread_in_vm, id=9940, stack(0x000000a395600000,0x000000a395700000) (1024K)]
  0x000002581443b780 JavaThread "Service Thread"             daemon [_thread_blocked, id=11608, stack(0x000000a395700000,0x000000a395800000) (1024K)]
  0x000002581443f6a0 JavaThread "Monitor Deflation Thread"   daemon [_thread_blocked, id=15296, stack(0x000000a395800000,0x000000a395900000) (1024K)]
  0x0000025814443a20 JavaThread "C2 CompilerThread0"         daemon [_thread_blocked, id=12304, stack(0x000000a395900000,0x000000a395a00000) (1024K)]
  0x0000025814466010 JavaThread "C1 CompilerThread0"         daemon [_thread_blocked, id=19384, stack(0x000000a395a00000,0x000000a395b00000) (1024K)]
  0x000002581464c4a0 JavaThread "Common-Cleaner"             daemon [_thread_blocked, id=29356, stack(0x000000a395b00000,0x000000a395c00000) (1024K)]
  0x00000258146c75d0 JavaThread "Notification Thread"        daemon [_thread_blocked, id=27900, stack(0x000000a395c00000,0x000000a395d00000) (1024K)]
  0x0000025819244480 JavaThread "Active Thread: Equinox Container: 5989a442-e15e-45ae-a575-8170994de9e2"        [_thread_blocked, id=25700, stack(0x000000a396300000,0x000000a396400000) (1024K)]
  0x000002581947c340 JavaThread "Refresh Thread: Equinox Container: 5989a442-e15e-45ae-a575-8170994de9e2" daemon [_thread_blocked, id=28312, stack(0x000000a396500000,0x000000a396600000) (1024K)]
  0x000002581946aac0 JavaThread "Framework Event Dispatcher: Equinox Container: 5989a442-e15e-45ae-a575-8170994de9e2" daemon [_thread_blocked, id=24592, stack(0x000000a396600000,0x000000a396700000) (1024K)]
  0x00000258194db3c0 JavaThread "Start Level: Equinox Container: 5989a442-e15e-45ae-a575-8170994de9e2" daemon [_thread_blocked, id=30744, stack(0x000000a396700000,0x000000a396800000) (1024K)]
  0x0000025819418f90 JavaThread "Bundle File Closer"         daemon [_thread_blocked, id=30592, stack(0x000000a396a00000,0x000000a396b00000) (1024K)]
  0x0000025819418270 JavaThread "SCR Component Actor"        daemon [_thread_blocked, id=27896, stack(0x000000a396b00000,0x000000a396c00000) (1024K)]
  0x0000025819418900 JavaThread "Worker-JM"                         [_thread_blocked, id=20732, stack(0x000000a396e00000,0x000000a396f00000) (1024K)]
  0x0000025819417be0 JavaThread "JNA Cleaner"                daemon [_thread_blocked, id=11624, stack(0x000000a396d00000,0x000000a396e00000) (1024K)]
  0x000002581941a9d0 JavaThread "Java indexing"              daemon [_thread_blocked, id=27928, stack(0x000000a397100000,0x000000a397200000) (1024K)]
  0x000002581b5ad7c0 JavaThread "Worker-3"                          [_thread_blocked, id=29752, stack(0x000000a397600000,0x000000a397700000) (1024K)]
  0x000002581b5ad130 JavaThread "Thread-1"                   daemon [_thread_in_native, id=31280, stack(0x000000a397800000,0x000000a397900000) (1024K)]
  0x000002581b5ae4e0 JavaThread "Thread-2"                   daemon [_thread_in_native, id=15152, stack(0x000000a397900000,0x000000a397a00000) (1024K)]
  0x000002581b5ab060 JavaThread "Thread-3"                   daemon [_thread_in_native, id=6600, stack(0x000000a397a00000,0x000000a397b00000) (1024K)]
  0x000002581b5aeb70 JavaThread "Thread-4"                   daemon [_thread_in_native, id=16052, stack(0x000000a397b00000,0x000000a397c00000) (1024K)]
  0x000002581b5ab6f0 JavaThread "Thread-5"                   daemon [_thread_in_native, id=4752, stack(0x000000a397c00000,0x000000a397d00000) (1024K)]
  0x000002581b5af200 JavaThread "Thread-6"                   daemon [_thread_in_native, id=27688, stack(0x000000a397d00000,0x000000a397e00000) (1024K)]
  0x000002581b5abd80 JavaThread "Thread-7"                   daemon [_thread_in_native, id=19500, stack(0x000000a397e00000,0x000000a397f00000) (1024K)]
  0x000002581b5ac410 JavaThread "Thread-8"                   daemon [_thread_in_native, id=31512, stack(0x000000a397f00000,0x000000a398000000) (1024K)]
  0x000002581b5b1960 JavaThread "Thread-9"                   daemon [_thread_in_native, id=17856, stack(0x000000a398000000,0x000000a398100000) (1024K)]
  0x000002581b5aff20 JavaThread "Thread-10"                  daemon [_thread_in_native, id=2432, stack(0x000000a398100000,0x000000a398200000) (1024K)]
  0x000002581b5b05b0 JavaThread "Thread-11"                  daemon [_thread_in_native, id=27500, stack(0x000000a398200000,0x000000a398300000) (1024K)]
  0x000002581b5b12d0 JavaThread "Thread-12"                  daemon [_thread_in_native, id=24196, stack(0x000000a398300000,0x000000a398400000) (1024K)]
  0x000002581b5af890 JavaThread "Thread-13"                  daemon [_thread_in_native, id=18672, stack(0x000000a398400000,0x000000a398500000) (1024K)]
  0x000002581b5b0c40 JavaThread "pool-2-thread-1"                   [_thread_blocked, id=19072, stack(0x000000a398500000,0x000000a398600000) (1024K)]
  0x000002581b5b1ff0 JavaThread "WorkspaceEventsHandler"            [_thread_blocked, id=11648, stack(0x000000a398600000,0x000000a398700000) (1024K)]
  0x000002581b5b2680 JavaThread "pool-1-thread-1"                   [_thread_blocked, id=27216, stack(0x000000a398700000,0x000000a398800000) (1024K)]
  0x000002581b8fcae0 JavaThread "Worker-5"                          [_thread_blocked, id=24604, stack(0x000000a39a700000,0x000000a39a800000) (1024K)]
Total: 38

Other Threads:
  0x00000257baa74970 VMThread "VM Thread"                           [id=24064, stack(0x000000a395200000,0x000000a395300000) (1024K)]
  0x00000257ba96ca10 WatcherThread "VM Periodic Task Thread"        [id=30416, stack(0x000000a395100000,0x000000a395200000) (1024K)]
  0x00000257baafde70 WorkerThread "GC Thread#0"                     [id=28012, stack(0x000000a395000000,0x000000a395100000) (1024K)]
  0x0000025819288a70 WorkerThread "GC Thread#1"                     [id=21324, stack(0x000000a395d00000,0x000000a395e00000) (1024K)]
  0x00000258192826d0 WorkerThread "GC Thread#2"                     [id=28368, stack(0x000000a395e00000,0x000000a395f00000) (1024K)]
  0x0000025819282a70 WorkerThread "GC Thread#3"                     [id=15948, stack(0x000000a395f00000,0x000000a396000000) (1024K)]
  0x0000025819257020 WorkerThread "GC Thread#4"                     [id=15188, stack(0x000000a396000000,0x000000a396100000) (1024K)]
  0x00000258192573c0 WorkerThread "GC Thread#5"                     [id=9664, stack(0x000000a396100000,0x000000a396200000) (1024K)]
  0x0000025819387010 WorkerThread "GC Thread#6"                     [id=13616, stack(0x000000a396200000,0x000000a396300000) (1024K)]
  0x0000025819330c60 WorkerThread "GC Thread#7"                     [id=19376, stack(0x000000a396400000,0x000000a396500000) (1024K)]
  0x0000025819331000 WorkerThread "GC Thread#8"                     [id=9024, stack(0x000000a396800000,0x000000a396900000) (1024K)]
  0x0000025819330180 WorkerThread "GC Thread#9"                     [id=3700, stack(0x000000a396900000,0x000000a396a00000) (1024K)]
Total: 12

Threads with active compile tasks:
Total: 0

VM state: not at safepoint (normal execution)

VM Mutex/Monitor currently owned by a thread: None

Heap address: 0x0000000080000000, size: 2048 MB, Compressed Oops mode: 32-bit

CDS archive(s) mapped at: [0x00000257d2000000-0x00000257d2ba0000-0x00000257d2ba0000), size 12189696, SharedBaseAddress: 0x00000257d2000000, ArchiveRelocationMode: 1.
Compressed class space mapped at: 0x00000257d3000000-0x0000025813000000, reserved size: 1073741824
Narrow klass base: 0x00000257d2000000, Narrow klass shift: 0, Narrow klass range: 0x100000000

GC Precious Log:
 CardTable entry size: 512
 CPUs: 12 total, 12 available
 Memory: 7381M
 Large Page Support: Disabled
 NUMA Support: Disabled
 Compressed Oops: Enabled (32-bit)
 Alignments: Space 512K, Generation 512K, Heap 2M
 Heap Min Capacity: 100M
 Heap Initial Capacity: 100M
 Heap Max Capacity: 2G
 Pre-touch: Disabled
 Parallel Workers: 10

Heap:
 PSYoungGen      total 9728K, used 7909K [0x00000000d5580000, 0x00000000d6300000, 0x0000000100000000)
  eden space 9216K, 82% used [0x00000000d5580000,0x00000000d5cf1798,0x00000000d5e80000)
  from space 512K, 56% used [0x00000000d6280000,0x00000000d62c8000,0x00000000d6300000)
  to   space 512K, 0% used [0x00000000d6200000,0x00000000d6200000,0x00000000d6280000)
 ParOldGen       total 109056K, used 107875K [0x0000000080000000, 0x0000000086a80000, 0x00000000d5580000)
  object space 109056K, 98% used [0x0000000080000000,0x0000000086958de8,0x0000000086a80000)
 Metaspace       used 66394K, committed 67904K, reserved 1114112K
  class space    used 7003K, committed 7680K, reserved 1048576K

Card table byte_map: [0x00000257ba480000,0x00000257ba890000] _byte_map_base: 0x00000257ba080000

Marking Bits: (ParMarkBitMap*) 0x00007ffc769b2460
 Begin Bits: [0x00000257ccf90000, 0x00000257cef90000)
 End Bits:   [0x00000257cef90000, 0x00000257d0f90000)

Polling page: 0x00000257b8950000

Metaspace:

Usage:
  Non-class:     58.00 MB used.
      Class:      6.84 MB used.
       Both:     64.84 MB used.

Virtual space:
  Non-class space:       64.00 MB reserved,      58.81 MB ( 92%) committed,  1 nodes.
      Class space:        1.00 GB reserved,       7.50 MB ( <1%) committed,  1 nodes.
             Both:        1.06 GB reserved,      66.31 MB (  6%) committed. 

Chunk freelists:
   Non-Class:  4.39 MB
       Class:  8.32 MB
        Both:  12.70 MB

MaxMetaspaceSize: unlimited
CompressedClassSpaceSize: 1.00 GB
Initial GC threshold: 21.00 MB
Current GC threshold: 97.31 MB
CDS: on
 - commit_granule_bytes: 65536.
 - commit_granule_words: 8192.
 - virtual_space_node_default_size: 8388608.
 - enlarge_chunks_in_place: 1.
 - use_allocation_guard: 0.


Internal statistics:

num_allocs_failed_limit: 9.
num_arena_births: 1356.
num_arena_deaths: 20.
num_vsnodes_births: 2.
num_vsnodes_deaths: 0.
num_space_committed: 1061.
num_space_uncommitted: 0.
num_chunks_returned_to_freelist: 32.
num_chunks_taken_from_freelist: 4467.
num_chunk_merges: 18.
num_chunk_splits: 2814.
num_chunks_enlarged: 1638.
num_inconsistent_stats: 0.

CodeHeap 'non-profiled nmethods': size=120000Kb used=7805Kb max_used=7805Kb free=112194Kb
 bounds [0x00000257c57b0000, 0x00000257c5f50000, 0x00000257ccce0000]
CodeHeap 'profiled nmethods': size=120000Kb used=27733Kb max_used=27733Kb free=92266Kb
 bounds [0x00000257bdce0000, 0x00000257bf800000, 0x00000257c5210000]
CodeHeap 'non-nmethods': size=5760Kb used=1437Kb max_used=1518Kb free=4322Kb
 bounds [0x00000257c5210000, 0x00000257c5480000, 0x00000257c57b0000]
CodeCache: size=245760Kb, used=36975Kb, max_used=37056Kb, free=208782Kb
 total_blobs=12854, nmethods=12105, adapters=653, full_count=0
Compilation: enabled, stopped_count=0, restarted_count=0

Compilation events (20 events):
Event: 2572.074 Thread 0x0000025814466010 12870       3       org.eclipse.jdt.ls.core.internal.ParentProcessWatcher::run (83 bytes)
Event: 2572.153 Thread 0x0000025814466010 nmethod 12870 0x00000257bf7ef010 code [0x00000257bf7ef2a0, 0x00000257bf7efcf8]
Event: 2834.271 Thread 0x0000025814443a20 12872       4       org.eclipse.core.internal.resources.Workspace::newResource (168 bytes)
Event: 2834.634 Thread 0x0000025814443a20 nmethod 12872 0x00000257c5f4b810 code [0x00000257c5f4bbe0, 0x00000257c5f4d560]
Event: 2917.320 Thread 0x0000025814443a20 12873       4       java.io.FilterInputStream::<init> (10 bytes)
Event: 2917.323 Thread 0x0000025814466010 12874       3       org.eclipse.lsp4j.jsonrpc.json.adapters.MessageTypeAdapter::isNull (17 bytes)
Event: 2917.335 Thread 0x0000025814466010 nmethod 12874 0x00000257bf7f0090 code [0x00000257bf7f0240, 0x00000257bf7f04c0]
Event: 2917.340 Thread 0x0000025814443a20 nmethod 12873 0x00000257c5f4eb10 code [0x00000257c5f4eca0, 0x00000257c5f4ed48]
Event: 3008.145 Thread 0x0000025814466010 12875       1       org.eclipse.core.internal.jobs.InternalJob::setWaitQueueStamp (6 bytes)
Event: 3008.155 Thread 0x0000025814466010 nmethod 12875 0x00000257c5f4ee10 code [0x00000257c5f4efa0, 0x00000257c5f4f068]
Event: 3052.459 Thread 0x0000025814466010 12876       3       java.util.concurrent.ThreadPoolExecutor::ensurePrestart (41 bytes)
Event: 3052.479 Thread 0x0000025814466010 nmethod 12876 0x00000257bf7f0590 code [0x00000257bf7f0760, 0x00000257bf7f0a10]
Event: 3467.654 Thread 0x0000025814443a20 12877       4       java.util.concurrent.locks.AbstractQueuedSynchronizer::casTail (13 bytes)
Event: 3467.684 Thread 0x0000025814443a20 nmethod 12877 0x00000257c5f4f110 code [0x00000257c5f4f2a0, 0x00000257c5f4f360]
Event: 3513.284 Thread 0x0000025814466010 12878       1       org.eclipse.osgi.internal.location.BasicLocation::isReadOnly (5 bytes)
Event: 3513.287 Thread 0x0000025814466010 nmethod 12878 0x00000257c5f4f410 code [0x00000257c5f4f5a0, 0x00000257c5f4f670]
Event: 3608.263 Thread 0x0000025814466010 12879   !   3       org.eclipse.core.internal.jobs.JobManager::nextJob (291 bytes)
Event: 3608.363 Thread 0x0000025814466010 nmethod 12879 0x00000257bf7f0b10 code [0x00000257bf7f0fa0, 0x00000257bf7f30d8]
Event: 3668.266 Thread 0x0000025814466010 12880       3       org.eclipse.core.internal.jobs.JobManager::startJob (89 bytes)
Event: 3668.323 Thread 0x0000025814466010 nmethod 12880 0x00000257bf7f4210 code [0x00000257bf7f44c0, 0x00000257bf7f5320]

GC Heap History (20 events):
Event: 32.819 GC heap before
{Heap before GC invocations=72 (full 3):
 PSYoungGen      total 13824K, used 13600K [0x00000000d5580000, 0x00000000d6500000, 0x0000000100000000)
  eden space 13312K, 100% used [0x00000000d5580000,0x00000000d6280000,0x00000000d6280000)
  from space 512K, 56% used [0x00000000d6480000,0x00000000d64c8000,0x00000000d6500000)
  to   space 1024K, 0% used [0x00000000d6300000,0x00000000d6300000,0x00000000d6400000)
 ParOldGen       total 77312K, used 67931K [0x0000000080000000, 0x0000000084b80000, 0x00000000d5580000)
  object space 77312K, 87% used [0x0000000080000000,0x0000000084256f40,0x0000000084b80000)
 Metaspace       used 62062K, committed 63552K, reserved 1114112K
  class space    used 6593K, committed 7232K, reserved 1048576K
}
Event: 32.822 GC heap after
{Heap after GC invocations=72 (full 3):
 PSYoungGen      total 14336K, used 1024K [0x00000000d5580000, 0x00000000d6680000, 0x0000000100000000)
  eden space 13312K, 0% used [0x00000000d5580000,0x00000000d5580000,0x00000000d6280000)
  from space 1024K, 100% used [0x00000000d6300000,0x00000000d6400000,0x00000000d6400000)
  to   space 2048K, 0% used [0x00000000d6480000,0x00000000d6480000,0x00000000d6680000)
 ParOldGen       total 77312K, used 68528K [0x0000000080000000, 0x0000000084b80000, 0x00000000d5580000)
  object space 77312K, 88% used [0x0000000080000000,0x00000000842ec200,0x0000000084b80000)
 Metaspace       used 62062K, committed 63552K, reserved 1114112K
  class space    used 6593K, committed 7232K, reserved 1048576K
}
Event: 33.383 GC heap before
{Heap before GC invocations=73 (full 3):
 PSYoungGen      total 14336K, used 14336K [0x00000000d5580000, 0x00000000d6680000, 0x0000000100000000)
  eden space 13312K, 100% used [0x00000000d5580000,0x00000000d6280000,0x00000000d6280000)
  from space 1024K, 100% used [0x00000000d6300000,0x00000000d6400000,0x00000000d6400000)
  to   space 2048K, 0% used [0x00000000d6480000,0x00000000d6480000,0x00000000d6680000)
 ParOldGen       total 77312K, used 68528K [0x0000000080000000, 0x0000000084b80000, 0x00000000d5580000)
  object space 77312K, 88% used [0x0000000080000000,0x00000000842ec200,0x0000000084b80000)
 Metaspace       used 62885K, committed 64320K, reserved 1114112K
  class space    used 6669K, committed 7296K, reserved 1048576K
}
Event: 33.386 GC heap after
{Heap after GC invocations=73 (full 3):
 PSYoungGen      total 14848K, used 1248K [0x00000000d5580000, 0x00000000d6600000, 0x0000000100000000)
  eden space 13312K, 0% used [0x00000000d5580000,0x00000000d5580000,0x00000000d6280000)
  from space 1536K, 81% used [0x00000000d6480000,0x00000000d65b8020,0x00000000d6600000)
  to   space 1536K, 0% used [0x00000000d6300000,0x00000000d6300000,0x00000000d6480000)
 ParOldGen       total 77312K, used 69573K [0x0000000080000000, 0x0000000084b80000, 0x00000000d5580000)
  object space 77312K, 89% used [0x0000000080000000,0x00000000843f1650,0x0000000084b80000)
 Metaspace       used 62885K, committed 64320K, reserved 1114112K
  class space    used 6669K, committed 7296K, reserved 1048576K
}
Event: 33.999 GC heap before
{Heap before GC invocations=74 (full 3):
 PSYoungGen      total 14848K, used 14560K [0x00000000d5580000, 0x00000000d6600000, 0x0000000100000000)
  eden space 13312K, 100% used [0x00000000d5580000,0x00000000d6280000,0x00000000d6280000)
  from space 1536K, 81% used [0x00000000d6480000,0x00000000d65b8020,0x00000000d6600000)
  to   space 1536K, 0% used [0x00000000d6300000,0x00000000d6300000,0x00000000d6480000)
 ParOldGen       total 77312K, used 69573K [0x0000000080000000, 0x0000000084b80000, 0x00000000d5580000)
  object space 77312K, 89% used [0x0000000080000000,0x00000000843f1650,0x0000000084b80000)
 Metaspace       used 63718K, committed 65216K, reserved 1114112K
  class space    used 6752K, committed 7424K, reserved 1048576K
}
Event: 34.003 GC heap after
{Heap after GC invocations=74 (full 3):
 PSYoungGen      total 14848K, used 1531K [0x00000000d5580000, 0x00000000d6980000, 0x0000000100000000)
  eden space 13312K, 0% used [0x00000000d5580000,0x00000000d5580000,0x00000000d6280000)
  from space 1536K, 99% used [0x00000000d6300000,0x00000000d647efb8,0x00000000d6480000)
  to   space 3584K, 0% used [0x00000000d6600000,0x00000000d6600000,0x00000000d6980000)
 ParOldGen       total 77312K, used 70930K [0x0000000080000000, 0x0000000084b80000, 0x00000000d5580000)
  object space 77312K, 91% used [0x0000000080000000,0x00000000845449d8,0x0000000084b80000)
 Metaspace       used 63718K, committed 65216K, reserved 1114112K
  class space    used 6752K, committed 7424K, reserved 1048576K
}
Event: 34.481 GC heap before
{Heap before GC invocations=75 (full 3):
 PSYoungGen      total 14848K, used 14843K [0x00000000d5580000, 0x00000000d6980000, 0x0000000100000000)
  eden space 13312K, 100% used [0x00000000d5580000,0x00000000d6280000,0x00000000d6280000)
  from space 1536K, 99% used [0x00000000d6300000,0x00000000d647efb8,0x00000000d6480000)
  to   space 3584K, 0% used [0x00000000d6600000,0x00000000d6600000,0x00000000d6980000)
 ParOldGen       total 77312K, used 70930K [0x0000000080000000, 0x0000000084b80000, 0x00000000d5580000)
  object space 77312K, 91% used [0x0000000080000000,0x00000000845449d8,0x0000000084b80000)
 Metaspace       used 64356K, committed 65792K, reserved 1114112K
  class space    used 6768K, committed 7424K, reserved 1048576K
}
Event: 34.485 GC heap after
{Heap after GC invocations=75 (full 3):
 PSYoungGen      total 12800K, used 3568K [0x00000000d5580000, 0x00000000d7180000, 0x0000000100000000)
  eden space 9216K, 0% used [0x00000000d5580000,0x00000000d5580000,0x00000000d5e80000)
  from space 3584K, 99% used [0x00000000d6600000,0x00000000d697c0a8,0x00000000d6980000)
  to   space 7680K, 0% used [0x00000000d5e80000,0x00000000d5e80000,0x00000000d6600000)
 ParOldGen       total 77312K, used 73935K [0x0000000080000000, 0x0000000084b80000, 0x00000000d5580000)
  object space 77312K, 95% used [0x0000000080000000,0x0000000084833f80,0x0000000084b80000)
 Metaspace       used 64356K, committed 65792K, reserved 1114112K
  class space    used 6768K, committed 7424K, reserved 1048576K
}
Event: 34.706 GC heap before
{Heap before GC invocations=76 (full 3):
 PSYoungGen      total 12800K, used 12784K [0x00000000d5580000, 0x00000000d7180000, 0x0000000100000000)
  eden space 9216K, 100% used [0x00000000d5580000,0x00000000d5e80000,0x00000000d5e80000)
  from space 3584K, 99% used [0x00000000d6600000,0x00000000d697c0a8,0x00000000d6980000)
  to   space 7680K, 0% used [0x00000000d5e80000,0x00000000d5e80000,0x00000000d6600000)
 ParOldGen       total 77312K, used 73935K [0x0000000080000000, 0x0000000084b80000, 0x00000000d5580000)
  object space 77312K, 95% used [0x0000000080000000,0x0000000084833f80,0x0000000084b80000)
 Metaspace       used 64618K, committed 66112K, reserved 1114112K
  class space    used 6808K, committed 7488K, reserved 1048576K
}
Event: 34.709 GC heap after
{Heap after GC invocations=76 (full 3):
 PSYoungGen      total 10752K, used 1376K [0x00000000d5580000, 0x00000000d6680000, 0x0000000100000000)
  eden space 9216K, 0% used [0x00000000d5580000,0x00000000d5580000,0x00000000d5e80000)
  from space 1536K, 89% used [0x00000000d5e80000,0x00000000d5fd8000,0x00000000d6000000)
  to   space 3584K, 0% used [0x00000000d6300000,0x00000000d6300000,0x00000000d6680000)
 ParOldGen       total 77312K, used 74685K [0x0000000080000000, 0x0000000084b80000, 0x00000000d5580000)
  object space 77312K, 96% used [0x0000000080000000,0x00000000848ef4e0,0x0000000084b80000)
 Metaspace       used 64618K, committed 66112K, reserved 1114112K
  class space    used 6808K, committed 7488K, reserved 1048576K
}
Event: 34.845 GC heap before
{Heap before GC invocations=77 (full 3):
 PSYoungGen      total 10752K, used 10585K [0x00000000d5580000, 0x00000000d6680000, 0x0000000100000000)
  eden space 9216K, 99% used [0x00000000d5580000,0x00000000d5e7e650,0x00000000d5e80000)
  from space 1536K, 89% used [0x00000000d5e80000,0x00000000d5fd8000,0x00000000d6000000)
  to   space 3584K, 0% used [0x00000000d6300000,0x00000000d6300000,0x00000000d6680000)
 ParOldGen       total 77312K, used 74685K [0x0000000080000000, 0x0000000084b80000, 0x00000000d5580000)
  object space 77312K, 96% used [0x0000000080000000,0x00000000848ef4e0,0x0000000084b80000)
 Metaspace       used 64851K, committed 66368K, reserved 1114112K
  class space    used 6840K, committed 7488K, reserved 1048576K
}
Event: 34.848 GC heap after
{Heap after GC invocations=77 (full 3):
 PSYoungGen      total 10752K, used 1440K [0x00000000d5580000, 0x00000000d6480000, 0x0000000100000000)
  eden space 9216K, 0% used [0x00000000d5580000,0x00000000d5580000,0x00000000d5e80000)
  from space 1536K, 93% used [0x00000000d6300000,0x00000000d6468020,0x00000000d6480000)
  to   space 2048K, 0% used [0x00000000d6080000,0x00000000d6080000,0x00000000d6280000)
 ParOldGen       total 77312K, used 75653K [0x0000000080000000, 0x0000000084b80000, 0x00000000d5580000)
  object space 77312K, 97% used [0x0000000080000000,0x00000000849e14e0,0x0000000084b80000)
 Metaspace       used 64851K, committed 66368K, reserved 1114112K
  class space    used 6840K, committed 7488K, reserved 1048576K
}
Event: 35.145 GC heap before
{Heap before GC invocations=78 (full 3):
 PSYoungGen      total 10752K, used 10656K [0x00000000d5580000, 0x00000000d6480000, 0x0000000100000000)
  eden space 9216K, 100% used [0x00000000d5580000,0x00000000d5e80000,0x00000000d5e80000)
  from space 1536K, 93% used [0x00000000d6300000,0x00000000d6468020,0x00000000d6480000)
  to   space 2048K, 0% used [0x00000000d6080000,0x00000000d6080000,0x00000000d6280000)
 ParOldGen       total 109056K, used 106373K [0x0000000080000000, 0x0000000086a80000, 0x00000000d5580000)
  object space 109056K, 97% used [0x0000000080000000,0x00000000867e1510,0x0000000086a80000)
 Metaspace       used 65496K, committed 67072K, reserved 1114112K
  class space    used 6911K, committed 7616K, reserved 1048576K
}
Event: 35.147 GC heap after
{Heap after GC invocations=78 (full 3):
 PSYoungGen      total 11264K, used 613K [0x00000000d5580000, 0x00000000d6380000, 0x0000000100000000)
  eden space 9216K, 0% used [0x00000000d5580000,0x00000000d5580000,0x00000000d5e80000)
  from space 2048K, 29% used [0x00000000d6080000,0x00000000d6119420,0x00000000d6280000)
  to   space 1024K, 0% used [0x00000000d6280000,0x00000000d6280000,0x00000000d6380000)
 ParOldGen       total 109056K, used 106889K [0x0000000080000000, 0x0000000086a80000, 0x00000000d5580000)
  object space 109056K, 98% used [0x0000000080000000,0x0000000086862520,0x0000000086a80000)
 Metaspace       used 65496K, committed 67072K, reserved 1114112K
  class space    used 6911K, committed 7616K, reserved 1048576K
}
Event: 153.121 GC heap before
{Heap before GC invocations=79 (full 3):
 PSYoungGen      total 11264K, used 9829K [0x00000000d5580000, 0x00000000d6380000, 0x0000000100000000)
  eden space 9216K, 100% used [0x00000000d5580000,0x00000000d5e80000,0x00000000d5e80000)
  from space 2048K, 29% used [0x00000000d6080000,0x00000000d6119420,0x00000000d6280000)
  to   space 1024K, 0% used [0x00000000d6280000,0x00000000d6280000,0x00000000d6380000)
 ParOldGen       total 109056K, used 106889K [0x0000000080000000, 0x0000000086a80000, 0x00000000d5580000)
  object space 109056K, 98% used [0x0000000080000000,0x0000000086862520,0x0000000086a80000)
 Metaspace       used 66022K, committed 67584K, reserved 1114112K
  class space    used 6975K, committed 7680K, reserved 1048576K
}
Event: 153.168 GC heap after
{Heap after GC invocations=79 (full 3):
 PSYoungGen      total 9728K, used 352K [0x00000000d5580000, 0x00000000d6300000, 0x0000000100000000)
  eden space 9216K, 0% used [0x00000000d5580000,0x00000000d5580000,0x00000000d5e80000)
  from space 512K, 68% used [0x00000000d6280000,0x00000000d62d8000,0x00000000d6300000)
  to   space 512K, 0% used [0x00000000d6200000,0x00000000d6200000,0x00000000d6280000)
 ParOldGen       total 109056K, used 107365K [0x0000000080000000, 0x0000000086a80000, 0x00000000d5580000)
  object space 109056K, 98% used [0x0000000080000000,0x00000000868d96a8,0x0000000086a80000)
 Metaspace       used 66022K, committed 67584K, reserved 1114112K
  class space    used 6975K, committed 7680K, reserved 1048576K
}
Event: 431.614 GC heap before
{Heap before GC invocations=80 (full 3):
 PSYoungGen      total 9728K, used 9568K [0x00000000d5580000, 0x00000000d6300000, 0x0000000100000000)
  eden space 9216K, 100% used [0x00000000d5580000,0x00000000d5e80000,0x00000000d5e80000)
  from space 512K, 68% used [0x00000000d6280000,0x00000000d62d8000,0x00000000d6300000)
  to   space 512K, 0% used [0x00000000d6200000,0x00000000d6200000,0x00000000d6280000)
 ParOldGen       total 109056K, used 107365K [0x0000000080000000, 0x0000000086a80000, 0x00000000d5580000)
  object space 109056K, 98% used [0x0000000080000000,0x00000000868d96a8,0x0000000086a80000)
 Metaspace       used 66297K, committed 67840K, reserved 1114112K
  class space    used 6999K, committed 7680K, reserved 1048576K
}
Event: 431.657 GC heap after
{Heap after GC invocations=80 (full 3):
 PSYoungGen      total 9728K, used 448K [0x00000000d5580000, 0x00000000d6300000, 0x0000000100000000)
  eden space 9216K, 0% used [0x00000000d5580000,0x00000000d5580000,0x00000000d5e80000)
  from space 512K, 87% used [0x00000000d6200000,0x00000000d6270020,0x00000000d6280000)
  to   space 512K, 0% used [0x00000000d6280000,0x00000000d6280000,0x00000000d6300000)
 ParOldGen       total 109056K, used 107603K [0x0000000080000000, 0x0000000086a80000, 0x00000000d5580000)
  object space 109056K, 98% used [0x0000000080000000,0x0000000086914db8,0x0000000086a80000)
 Metaspace       used 66297K, committed 67840K, reserved 1114112K
  class space    used 6999K, committed 7680K, reserved 1048576K
}
Event: 1200.817 GC heap before
{Heap before GC invocations=81 (full 3):
 PSYoungGen      total 9728K, used 9664K [0x00000000d5580000, 0x00000000d6300000, 0x0000000100000000)
  eden space 9216K, 100% used [0x00000000d5580000,0x00000000d5e80000,0x00000000d5e80000)
  from space 512K, 87% used [0x00000000d6200000,0x00000000d6270020,0x00000000d6280000)
  to   space 512K, 0% used [0x00000000d6280000,0x00000000d6280000,0x00000000d6300000)
 ParOldGen       total 109056K, used 107603K [0x0000000080000000, 0x0000000086a80000, 0x00000000d5580000)
  object space 109056K, 98% used [0x0000000080000000,0x0000000086914db8,0x0000000086a80000)
 Metaspace       used 66351K, committed 67904K, reserved 1114112K
  class space    used 7001K, committed 7680K, reserved 1048576K
}
Event: 1200.923 GC heap after
{Heap after GC invocations=81 (full 3):
 PSYoungGen      total 9728K, used 288K [0x00000000d5580000, 0x00000000d6300000, 0x0000000100000000)
  eden space 9216K, 0% used [0x00000000d5580000,0x00000000d5580000,0x00000000d5e80000)
  from space 512K, 56% used [0x00000000d6280000,0x00000000d62c8000,0x00000000d6300000)
  to   space 512K, 0% used [0x00000000d6200000,0x00000000d6200000,0x00000000d6280000)
 ParOldGen       total 109056K, used 107875K [0x0000000080000000, 0x0000000086a80000, 0x00000000d5580000)
  object space 109056K, 98% used [0x0000000080000000,0x0000000086958de8,0x0000000086a80000)
 Metaspace       used 66351K, committed 67904K, reserved 1114112K
  class space    used 7001K, committed 7680K, reserved 1048576K
}

Dll operation events (10 events):
Event: 0.019 Loaded shared library c:\Users\novot\.vscode\extensions\redhat.java-1.51.0-win32-x64\jre\21.0.9-win32-x86_64\bin\java.dll
Event: 0.220 Loaded shared library c:\Users\novot\.vscode\extensions\redhat.java-1.51.0-win32-x64\jre\21.0.9-win32-x86_64\bin\zip.dll
Event: 0.259 Loaded shared library C:\Users\novot\.vscode\extensions\redhat.java-1.51.0-win32-x64\jre\21.0.9-win32-x86_64\bin\instrument.dll
Event: 0.272 Loaded shared library C:\Users\novot\.vscode\extensions\redhat.java-1.51.0-win32-x64\jre\21.0.9-win32-x86_64\bin\net.dll
Event: 0.278 Loaded shared library C:\Users\novot\.vscode\extensions\redhat.java-1.51.0-win32-x64\jre\21.0.9-win32-x86_64\bin\nio.dll
Event: 0.285 Loaded shared library C:\Users\novot\.vscode\extensions\redhat.java-1.51.0-win32-x64\jre\21.0.9-win32-x86_64\bin\zip.dll
Event: 0.311 Loaded shared library C:\Users\novot\.vscode\extensions\redhat.java-1.51.0-win32-x64\jre\21.0.9-win32-x86_64\bin\jimage.dll
Event: 0.419 Loaded shared library c:\Users\novot\.vscode\extensions\redhat.java-1.51.0-win32-x64\jre\21.0.9-win32-x86_64\bin\verify.dll
Event: 2.503 Loaded shared library C:\Users\novot\AppData\Roaming\Code\User\globalStorage\redhat.java\1.51.0\config_win\org.eclipse.equinox.launcher\org.eclipse.equinox.launcher.win32.win32.x86_64_1.2.1400.v20250801-0854\eclipse_11916.dll
Event: 7.500 Loaded shared library C:\Users\novot\AppData\Local\Temp\jna-105011066\jna3210541131720166171.dll

Deoptimization events (20 events):
Event: 333.365 Thread 0x000002581b5ad7c0 DEOPT PACKING pc=0x00000257c5f22be4 sp=0x000000a3976ff060
Event: 333.365 Thread 0x000002581b5ad7c0 DEOPT UNPACKING pc=0x00000257c5263aa2 sp=0x000000a3976fef90 mode 2
Event: 333.365 Thread 0x000002581b5ad7c0 Uncommon trap: trap_request=0xffffffde fr.pc=0x00000257c5f22be4 relative=0x0000000000000aa4
Event: 333.365 Thread 0x000002581b5ad7c0 Uncommon trap: reason=class_check action=maybe_recompile pc=0x00000257c5f22be4 method=java.io.DataOutputStream.write([BII)V @ 7 c2
Event: 333.365 Thread 0x000002581b5ad7c0 DEOPT PACKING pc=0x00000257c5f22be4 sp=0x000000a3976fefa0
Event: 333.365 Thread 0x000002581b5ad7c0 DEOPT UNPACKING pc=0x00000257c5263aa2 sp=0x000000a3976feed0 mode 2
Event: 333.365 Thread 0x000002581b5ad7c0 Uncommon trap: trap_request=0xffffffde fr.pc=0x00000257c5f22be4 relative=0x0000000000000aa4
Event: 333.365 Thread 0x000002581b5ad7c0 Uncommon trap: reason=class_check action=maybe_recompile pc=0x00000257c5f22be4 method=java.io.DataOutputStream.write([BII)V @ 7 c2
Event: 333.365 Thread 0x000002581b5ad7c0 DEOPT PACKING pc=0x00000257c5f22be4 sp=0x000000a3976feef0
Event: 333.365 Thread 0x000002581b5ad7c0 DEOPT UNPACKING pc=0x00000257c5263aa2 sp=0x000000a3976fee20 mode 2
Event: 333.365 Thread 0x000002581b5ad7c0 Uncommon trap: trap_request=0xffffffde fr.pc=0x00000257c5dd86f4 relative=0x00000000000003b4
Event: 333.365 Thread 0x000002581b5ad7c0 Uncommon trap: reason=class_check action=maybe_recompile pc=0x00000257c5dd86f4 method=java.io.DataOutputStream.writeInt(I)V @ 19 c2
Event: 333.365 Thread 0x000002581b5ad7c0 DEOPT PACKING pc=0x00000257c5dd86f4 sp=0x000000a3976fed00
Event: 333.365 Thread 0x000002581b5ad7c0 DEOPT UNPACKING pc=0x00000257c5263aa2 sp=0x000000a3976feca8 mode 2
Event: 333.366 Thread 0x000002581b5ad7c0 Uncommon trap: trap_request=0xffffffde fr.pc=0x00000257c5f1f344 relative=0x0000000000000c84
Event: 333.366 Thread 0x000002581b5ad7c0 Uncommon trap: reason=class_check action=maybe_recompile pc=0x00000257c5f1f344 method=java.io.DataOutputStream.write([BII)V @ 7 c2
Event: 333.366 Thread 0x000002581b5ad7c0 DEOPT PACKING pc=0x00000257c5f1f344 sp=0x000000a3976feb50
Event: 333.366 Thread 0x000002581b5ad7c0 DEOPT UNPACKING pc=0x00000257c5263aa2 sp=0x000000a3976fea80 mode 2
Event: 333.431 Thread 0x000002581b5ad7c0 DEOPT PACKING pc=0x00000257be6503c8 sp=0x000000a3976ff140
Event: 333.431 Thread 0x000002581b5ad7c0 DEOPT UNPACKING pc=0x00000257c5264242 sp=0x000000a3976fe5e8 mode 0

Classes loaded (20 events):
Event: 35.405 Loading class java/util/stream/ReduceOps$1ReducingSink
Event: 35.405 Loading class java/util/stream/ReduceOps$1ReducingSink done
Event: 332.861 Loading class java/util/stream/Nodes$CollectorTask$OfRef
Event: 332.868 Loading class java/util/stream/Nodes$CollectorTask
Event: 332.877 Loading class java/util/stream/Nodes$CollectorTask done
Event: 332.877 Loading class java/util/stream/Nodes$CollectorTask$OfRef done
Event: 333.121 Loading class java/util/function/LongFunction
Event: 333.121 Loading class java/util/function/LongFunction done
Event: 333.125 Loading class java/util/stream/Nodes$ConcNode
Event: 333.128 Loading class java/util/stream/Nodes$AbstractConcNode
Event: 333.132 Loading class java/util/stream/Nodes$AbstractConcNode done
Event: 333.132 Loading class java/util/stream/Nodes$ConcNode done
Event: 333.163 Loading class java/io/ObjectOutputStream$BlockDataOutputStream
Event: 333.172 Loading class java/io/ObjectOutputStream$BlockDataOutputStream done
Event: 333.172 Loading class java/io/ObjectOutputStream$HandleTable
Event: 333.175 Loading class java/io/ObjectOutputStream$HandleTable done
Event: 333.176 Loading class java/io/ObjectOutputStream$ReplaceTable
Event: 333.179 Loading class java/io/ObjectOutputStream$ReplaceTable done
Event: 333.216 Loading class java/nio/charset/CharacterCodingException
Event: 333.218 Loading class java/nio/charset/CharacterCodingException done

Classes unloaded (10 events):
Event: 8.372 Thread 0x00000257baa74970 Unloading class 0x00000257d31ab400 'java/lang/invoke/LambdaForm$MH+0x00000257d31ab400'
Event: 8.372 Thread 0x00000257baa74970 Unloading class 0x00000257d31ab000 'java/lang/invoke/LambdaForm$MH+0x00000257d31ab000'
Event: 8.372 Thread 0x00000257baa74970 Unloading class 0x00000257d31aac00 'java/lang/invoke/LambdaForm$MH+0x00000257d31aac00'
Event: 8.372 Thread 0x00000257baa74970 Unloading class 0x00000257d31aa800 'java/lang/invoke/LambdaForm$MH+0x00000257d31aa800'
Event: 8.372 Thread 0x00000257baa74970 Unloading class 0x00000257d31aa400 'java/lang/invoke/LambdaForm$BMH+0x00000257d31aa400'
Event: 8.372 Thread 0x00000257baa74970 Unloading class 0x00000257d31aa000 'java/lang/invoke/LambdaForm$DMH+0x00000257d31aa000'
Event: 8.372 Thread 0x00000257baa74970 Unloading class 0x00000257d31a8c00 'java/lang/invoke/LambdaForm$DMH+0x00000257d31a8c00'
Event: 30.612 Thread 0x00000257baa74970 Unloading class 0x00000257d3645000 'java/lang/invoke/LambdaForm$DMH+0x00000257d3645000'
Event: 30.612 Thread 0x00000257baa74970 Unloading class 0x00000257d3644c00 'java/lang/invoke/LambdaForm$DMH+0x00000257d3644c00'
Event: 30.612 Thread 0x00000257baa74970 Unloading class 0x00000257d3644800 'java/lang/invoke/LambdaForm$DMH+0x00000257d3644800'

Classes redefined (0 events):
No events

Internal exceptions (20 events):
Event: 34.561 Thread 0x0000025819419620 Exception <a 'java/lang/NoSuchMethodError'{0x00000000d5903dd0}: 'java.lang.Object java.lang.invoke.DirectMethodHandle$Holder.invokeSpecial(java.lang.Object, java.lang.Object, java.lang.Object, int, java.lang.Object, java.lang.Object, java.lang.Object)'> (0x00000000d5903dd0) 
thrown [s\src\hotspot\share\interpreter\linkResolver.cpp, line 773]
Event: 34.564 Thread 0x0000025819419620 Exception <a 'java/lang/NoSuchMethodError'{0x00000000d590ed70}: 'java.lang.Object java.lang.invoke.DirectMethodHandle$Holder.newInvokeSpecial(java.lang.Object, java.lang.Object, int)'> (0x00000000d590ed70) 
thrown [s\src\hotspot\share\interpreter\linkResolver.cpp, line 773]
Event: 34.586 Thread 0x0000025819419620 Exception <a 'java/lang/NoSuchMethodError'{0x00000000d598db38}: 'void java.lang.invoke.DirectMethodHandle$Holder.invokeStatic(java.lang.Object, int)'> (0x00000000d598db38) 
thrown [s\src\hotspot\share\interpreter\linkResolver.cpp, line 773]
Event: 34.730 Thread 0x0000025819419620 Exception <a 'java/io/FileNotFoundException'{0x00000000d56b9850}> (0x00000000d56b9850) 
thrown [s\src\hotspot\share\prims\jni.cpp, line 520]
Event: 34.730 Thread 0x0000025819419620 Exception <a 'java/io/FileNotFoundException'{0x00000000d56baae8}> (0x00000000d56baae8) 
thrown [s\src\hotspot\share\prims\jni.cpp, line 520]
Event: 34.731 Thread 0x0000025819419620 Exception <a 'java/io/FileNotFoundException'{0x00000000d56bbad8}> (0x00000000d56bbad8) 
thrown [s\src\hotspot\share\prims\jni.cpp, line 520]
Event: 34.788 Thread 0x0000025819419620 Implicit null exception at 0x00000257c5cc1395 to 0x00000257c5cc1984
Event: 34.898 Thread 0x0000025819419620 Implicit null exception at 0x00000257c5a52bab to 0x00000257c5a53db4
Event: 35.275 Thread 0x000002581941a340 Exception <a 'sun/nio/fs/WindowsException'{0x00000000d57e70c8}> (0x00000000d57e70c8) 
thrown [s\src\hotspot\share\prims\jni.cpp, line 520]
Event: 35.276 Thread 0x000002581941a340 Exception <a 'sun/nio/fs/WindowsException'{0x00000000d57e7950}> (0x00000000d57e7950) 
thrown [s\src\hotspot\share\prims\jni.cpp, line 520]
Event: 35.476 Thread 0x000002581941a340 Exception <a 'java/lang/NoSuchMethodError'{0x00000000d5a58a28}: 'java.lang.Object java.lang.invoke.DirectMethodHandle$Holder.invokeStatic(java.lang.Object, java.lang.Object, int, java.lang.Object)'> (0x00000000d5a58a28) 
thrown [s\src\hotspot\share\interpreter\linkResolver.cpp, line 773]
Event: 48.089 Thread 0x000002581d5ec320 Exception <a 'sun/nio/fs/WindowsException'{0x00000000d57c7938}> (0x00000000d57c7938) 
thrown [s\src\hotspot\share\prims\jni.cpp, line 520]
Event: 48.089 Thread 0x000002581d5ec320 Exception <a 'sun/nio/fs/WindowsException'{0x00000000d57c7f90}> (0x00000000d57c7f90) 
thrown [s\src\hotspot\share\prims\jni.cpp, line 520]
Event: 48.091 Thread 0x000002581d5ec320 Exception <a 'sun/nio/fs/WindowsException'{0x00000000d5bf9b70}> (0x00000000d5bf9b70) 
thrown [s\src\hotspot\share\prims\jni.cpp, line 520]
Event: 48.091 Thread 0x000002581d5ec320 Exception <a 'sun/nio/fs/WindowsException'{0x00000000d5bfa1a8}> (0x00000000d5bfa1a8) 
thrown [s\src\hotspot\share\prims\jni.cpp, line 520]
Event: 332.748 Thread 0x000002581b5ad7c0 Exception <a 'sun/nio/fs/WindowsException'{0x00000000d58ebbb0}> (0x00000000d58ebbb0) 
thrown [s\src\hotspot\share\prims\jni.cpp, line 520]
Event: 332.752 Thread 0x000002581b5ad7c0 Exception <a 'sun/nio/fs/WindowsException'{0x00000000d58ec718}> (0x00000000d58ec718) 
thrown [s\src\hotspot\share\prims\jni.cpp, line 520]
Event: 333.286 Thread 0x000002581b5ad7c0 Implicit null exception at 0x00000257c5f263ba to 0x00000257c5f263f4
Event: 333.314 Thread 0x000002581b5ad7c0 Exception <a 'java/lang/NoSuchMethodError'{0x00000000d59c1650}: static [J.<clinit>()V> (0x00000000d59c1650) 
thrown [s\src\hotspot\share\prims\jni.cpp, line 1111]
Event: 333.392 Thread 0x000002581b5ad7c0 Exception <a 'java/lang/NoSuchMethodError'{0x00000000d59f89f0}: 'java.lang.Object java.lang.invoke.DirectMethodHandle$Holder.newInvokeSpecial(java.lang.Object, java.lang.Object, java.lang.Object, java.lang.Object, java.lang.Object, java.lang.Object, java.lang.Object, java.lang.Object)'> (0x00000000d59f89f0) 
thrown [s\src\hotspot\share\interpreter\linkResolver.cpp, line 773]

ZGC Phase Switch (0 events):
No events

VM Operations (20 events):
Event: 3127.172 Executing VM operation: HandshakeAllThreads (HandshakeForDeflation)
Event: 3127.173 Executing VM operation: HandshakeAllThreads (HandshakeForDeflation) done
Event: 3127.173 Executing VM operation: RendezvousGCThreads
Event: 3127.173 Executing VM operation: RendezvousGCThreads done
Event: 3187.374 Executing VM operation: HandshakeAllThreads (HandshakeForDeflation)
Event: 3187.374 Executing VM operation: HandshakeAllThreads (HandshakeForDeflation) done
Event: 3187.374 Executing VM operation: RendezvousGCThreads
Event: 3187.374 Executing VM operation: RendezvousGCThreads done
Event: 3247.492 Executing VM operation: HandshakeAllThreads (HandshakeForDeflation)
Event: 3247.492 Executing VM operation: HandshakeAllThreads (HandshakeForDeflation) done
Event: 3247.492 Executing VM operation: RendezvousGCThreads
Event: 3247.492 Executing VM operation: RendezvousGCThreads done
Event: 3307.632 Executing VM operation: HandshakeAllThreads (HandshakeForDeflation)
Event: 3307.632 Executing VM operation: HandshakeAllThreads (HandshakeForDeflation) done
Event: 3307.632 Executing VM operation: RendezvousGCThreads
Event: 3307.632 Executing VM operation: RendezvousGCThreads done
Event: 3608.300 Executing VM operation: HandshakeAllThreads (HandshakeForDeflation)
Event: 3608.305 Executing VM operation: HandshakeAllThreads (HandshakeForDeflation) done
Event: 3608.305 Executing VM operation: RendezvousGCThreads
Event: 3608.305 Executing VM operation: RendezvousGCThreads done

Memory protections (0 events):
No events

Nmethod flushes (20 events):
Event: 30.647 Thread 0x00000257baa74970 flushing  nmethod 0x00000257be545f90
Event: 30.647 Thread 0x00000257baa74970 flushing  nmethod 0x00000257be547c10
Event: 30.647 Thread 0x00000257baa74970 flushing  nmethod 0x00000257be548090
Event: 30.647 Thread 0x00000257baa74970 flushing  nmethod 0x00000257be552f10
Event: 30.647 Thread 0x00000257baa74970 flushing  nmethod 0x00000257be556690
Event: 30.647 Thread 0x00000257baa74970 flushing  nmethod 0x00000257be587490
Event: 30.647 Thread 0x00000257baa74970 flushing  nmethod 0x00000257be59c410
Event: 30.647 Thread 0x00000257baa74970 flushing  nmethod 0x00000257be59eb10
Event: 30.647 Thread 0x00000257baa74970 flushing  nmethod 0x00000257be59f590
Event: 30.647 Thread 0x00000257baa74970 flushing  nmethod 0x00000257be5a0310
Event: 30.647 Thread 0x00000257baa74970 flushing  nmethod 0x00000257be5a4990
Event: 30.647 Thread 0x00000257baa74970 flushing  nmethod 0x00000257be5b3a10
Event: 30.647 Thread 0x00000257baa74970 flushing  nmethod 0x00000257be5cb210
Event: 30.647 Thread 0x00000257baa74970 flushing  nmethod 0x00000257be5cb810
Event: 30.647 Thread 0x00000257baa74970 flushing  nmethod 0x00000257be5cc090
Event: 30.647 Thread 0x00000257baa74970 flushing  nmethod 0x00000257be5cde90
Event: 30.647 Thread 0x00000257baa74970 flushing  nmethod 0x00000257be619310
Event: 30.647 Thread 0x00000257baa74970 flushing  nmethod 0x00000257be61d710
Event: 30.647 Thread 0x00000257baa74970 flushing  nmethod 0x00000257be62c210
Event: 30.647 Thread 0x00000257baa74970 flushing osr nmethod 0x00000257be637e10

Events (20 events):
Event: 334.321 Thread 0x000002581c40a6c0 Thread exited: 0x000002581c40a6c0
Event: 334.338 Thread 0x000002581c40b3e0 Thread exited: 0x000002581c40b3e0
Event: 334.368 Thread 0x000002581b8fd170 Thread exited: 0x000002581b8fd170
Event: 334.455 Thread 0x000002581b8f9cf0 Thread exited: 0x000002581b8f9cf0
Event: 334.482 Thread 0x000002581b50f350 Thread exited: 0x000002581b50f350
Event: 334.545 Thread 0x000002581b8febb0 Thread exited: 0x000002581b8febb0
Event: 348.135 Thread 0x000002581cde5b40 Thread exited: 0x000002581cde5b40
Event: 394.492 Thread 0x000002581b50d910 Thread exited: 0x000002581b50d910
Event: 408.150 Thread 0x000002581cde54b0 Thread exited: 0x000002581cde54b0
Event: 454.505 Thread 0x000002581b50ecc0 Thread exited: 0x000002581b50ecc0
Event: 468.165 Thread 0x000002581cde6ef0 Thread exited: 0x000002581cde6ef0
Event: 514.506 Thread 0x000002581b50d280 Thread exited: 0x000002581b50d280
Event: 528.166 Thread 0x000002581cde6860 Thread exited: 0x000002581cde6860
Event: 574.534 Thread 0x000002581b50cbf0 Thread exited: 0x000002581b50cbf0
Event: 588.183 Thread 0x000002581cde4e20 Thread exited: 0x000002581cde4e20
Event: 634.523 Thread 0x000002581b511420 Thread exited: 0x000002581b511420
Event: 648.188 Thread 0x000002581cde3a70 Thread exited: 0x000002581cde3a70
Event: 694.540 Thread 0x000002581b510d90 Thread exited: 0x000002581b510d90
Event: 708.192 Thread 0x000002581cde61d0 Thread exited: 0x000002581cde61d0
Event: 754.542 Thread 0x000002581b50c560 Thread exited: 0x000002581b50c560


Dynamic libraries:
0x00007ff64a0f0000 - 0x00007ff64a0fe000 	c:\Users\novot\.vscode\extensions\redhat.java-1.51.0-win32-x64\jre\21.0.9-win32-x86_64\bin\java.exe
0x00007ffd47d00000 - 0x00007ffd47f67000 	C:\WINDOWS\SYSTEM32\ntdll.dll
0x00007ffd46cc0000 - 0x00007ffd46d89000 	C:\WINDOWS\System32\KERNEL32.DLL
0x00007ffd456a0000 - 0x00007ffd45a8f000 	C:\WINDOWS\System32\KERNELBASE.dll
0x00007ffd44e50000 - 0x00007ffd44f9b000 	C:\WINDOWS\System32\ucrtbase.dll
0x00007ffd0c530000 - 0x00007ffd0c548000 	c:\Users\novot\.vscode\extensions\redhat.java-1.51.0-win32-x64\jre\21.0.9-win32-x86_64\bin\jli.dll
0x00007ffd0cc60000 - 0x00007ffd0cc7e000 	c:\Users\novot\.vscode\extensions\redhat.java-1.51.0-win32-x64\jre\21.0.9-win32-x86_64\bin\VCRUNTIME140.dll
0x00007ffd46a70000 - 0x00007ffd46c35000 	C:\WINDOWS\System32\USER32.dll
0x00007ffd44fa0000 - 0x00007ffd44fc7000 	C:\WINDOWS\System32\win32u.dll
0x00007ffd45aa0000 - 0x00007ffd45acb000 	C:\WINDOWS\System32\GDI32.dll
0x00007ffd28900000 - 0x00007ffd28b93000 	C:\WINDOWS\WinSxS\amd64_microsoft.windows.common-controls_6595b64144ccf1df_6.0.26100.7309_none_3e05feeae336a044\COMCTL32.dll
0x00007ffd451f0000 - 0x00007ffd4531c000 	C:\WINDOWS\System32\gdi32full.dll
0x00007ffd45140000 - 0x00007ffd451e3000 	C:\WINDOWS\System32\msvcp_win.dll
0x00007ffd464b0000 - 0x00007ffd46559000 	C:\WINDOWS\System32\msvcrt.dll
0x00007ffd45c50000 - 0x00007ffd45c81000 	C:\WINDOWS\System32\IMM32.DLL
0x00007ffd17c50000 - 0x00007ffd17c5c000 	c:\Users\novot\.vscode\extensions\redhat.java-1.51.0-win32-x64\jre\21.0.9-win32-x86_64\bin\vcruntime140_1.dll
0x00007ffd07630000 - 0x00007ffd076bd000 	c:\Users\novot\.vscode\extensions\redhat.java-1.51.0-win32-x64\jre\21.0.9-win32-x86_64\bin\msvcp140.dll
0x00007ffc75cf0000 - 0x00007ffc76a90000 	c:\Users\novot\.vscode\extensions\redhat.java-1.51.0-win32-x64\jre\21.0.9-win32-x86_64\bin\server\jvm.dll
0x00007ffd46f70000 - 0x00007ffd47024000 	C:\WINDOWS\System32\ADVAPI32.dll
0x00007ffd45ad0000 - 0x00007ffd45b76000 	C:\WINDOWS\System32\sechost.dll
0x00007ffd47a10000 - 0x00007ffd47b28000 	C:\WINDOWS\System32\RPCRT4.dll
0x00007ffd46c40000 - 0x00007ffd46cb4000 	C:\WINDOWS\System32\WS2_32.dll
0x00007ffd44cd0000 - 0x00007ffd44d2e000 	C:\WINDOWS\SYSTEM32\POWRPROF.dll
0x00007ffd373c0000 - 0x00007ffd373f5000 	C:\WINDOWS\SYSTEM32\WINMM.dll
0x00007ffd3db90000 - 0x00007ffd3db9b000 	C:\WINDOWS\SYSTEM32\VERSION.dll
0x00007ffd44cb0000 - 0x00007ffd44cc4000 	C:\WINDOWS\SYSTEM32\UMPDC.dll
0x00007ffd43bd0000 - 0x00007ffd43beb000 	C:\WINDOWS\SYSTEM32\kernel.appcore.dll
0x00007ffd10c70000 - 0x00007ffd10c7a000 	c:\Users\novot\.vscode\extensions\redhat.java-1.51.0-win32-x64\jre\21.0.9-win32-x86_64\bin\jimage.dll
0x00007ffd3b280000 - 0x00007ffd3b4c2000 	C:\WINDOWS\SYSTEM32\DBGHELP.DLL
0x00007ffd46120000 - 0x00007ffd464a6000 	C:\WINDOWS\System32\combase.dll
0x00007ffd47030000 - 0x00007ffd47106000 	C:\WINDOWS\System32\OLEAUT32.dll
0x00007ffd28040000 - 0x00007ffd2807c000 	C:\WINDOWS\SYSTEM32\dbgcore.DLL
0x00007ffd45560000 - 0x00007ffd45605000 	C:\WINDOWS\System32\bcryptPrimitives.dll
0x00007ffd0e700000 - 0x00007ffd0e70f000 	c:\Users\novot\.vscode\extensions\redhat.java-1.51.0-win32-x64\jre\21.0.9-win32-x86_64\bin\instrument.dll
0x00007ffd0b600000 - 0x00007ffd0b620000 	c:\Users\novot\.vscode\extensions\redhat.java-1.51.0-win32-x64\jre\21.0.9-win32-x86_64\bin\java.dll
0x00007ffd472a0000 - 0x00007ffd479f3000 	C:\WINDOWS\System32\SHELL32.dll
0x00007ffd44fd0000 - 0x00007ffd4513a000 	C:\WINDOWS\System32\wintypes.dll
0x00007ffd42a10000 - 0x00007ffd4326e000 	C:\WINDOWS\SYSTEM32\windows.storage.dll
0x00007ffd46740000 - 0x00007ffd46835000 	C:\WINDOWS\System32\SHCORE.dll
0x00007ffd471a0000 - 0x00007ffd47206000 	C:\WINDOWS\System32\shlwapi.dll
0x00007ffd44d70000 - 0x00007ffd44d99000 	C:\WINDOWS\SYSTEM32\profapi.dll
0x00007ffd0b560000 - 0x00007ffd0b578000 	c:\Users\novot\.vscode\extensions\redhat.java-1.51.0-win32-x64\jre\21.0.9-win32-x86_64\bin\zip.dll
0x00007ffd0bdc0000 - 0x00007ffd0bdd0000 	C:\Users\novot\.vscode\extensions\redhat.java-1.51.0-win32-x64\jre\21.0.9-win32-x86_64\bin\net.dll
0x00007ffd3e090000 - 0x00007ffd3e1b8000 	C:\WINDOWS\SYSTEM32\WINHTTP.dll
0x00007ffd44170000 - 0x00007ffd441db000 	C:\WINDOWS\system32\mswsock.dll
0x00007ffd09900000 - 0x00007ffd09916000 	C:\Users\novot\.vscode\extensions\redhat.java-1.51.0-win32-x64\jre\21.0.9-win32-x86_64\bin\nio.dll
0x00007ffd0bc50000 - 0x00007ffd0bc60000 	c:\Users\novot\.vscode\extensions\redhat.java-1.51.0-win32-x64\jre\21.0.9-win32-x86_64\bin\verify.dll
0x00007ffcd8200000 - 0x00007ffcd8244000 	C:\Users\novot\AppData\Roaming\Code\User\globalStorage\redhat.java\1.51.0\config_win\org.eclipse.equinox.launcher\org.eclipse.equinox.launcher.win32.win32.x86_64_1.2.1400.v20250801-0854\eclipse_11916.dll
0x00007ffd46d90000 - 0x00007ffd46f27000 	C:\WINDOWS\System32\ole32.dll
0x00007ffd44440000 - 0x00007ffd4445b000 	C:\WINDOWS\SYSTEM32\CRYPTSP.dll
0x00007ffd43b30000 - 0x00007ffd43b6a000 	C:\WINDOWS\system32\rsaenh.dll
0x00007ffd44220000 - 0x00007ffd4424b000 	C:\WINDOWS\SYSTEM32\USERENV.dll
0x00007ffd44d40000 - 0x00007ffd44d6a000 	C:\WINDOWS\SYSTEM32\bcrypt.dll
0x00007ffd44430000 - 0x00007ffd4443c000 	C:\WINDOWS\SYSTEM32\CRYPTBASE.dll
0x00007ffd435b0000 - 0x00007ffd435e4000 	C:\WINDOWS\SYSTEM32\IPHLPAPI.DLL
0x00007ffd47b30000 - 0x00007ffd47b3a000 	C:\WINDOWS\System32\NSI.dll
0x00007ffccf610000 - 0x00007ffccf659000 	C:\Users\novot\AppData\Local\Temp\jna-105011066\jna3210541131720166171.dll
0x00007ffd47a00000 - 0x00007ffd47a08000 	C:\WINDOWS\System32\PSAPI.DLL
0x00007ffd3e7c0000 - 0x00007ffd3e7de000 	C:\WINDOWS\SYSTEM32\dhcpcsvc6.DLL
0x00007ffd3e6f0000 - 0x00007ffd3e713000 	C:\WINDOWS\SYSTEM32\dhcpcsvc.DLL

JVMTI agents:
c:\Users\novot\.vscode\extensions\redhat.java-1.51.0-win32-x64\lombok\lombok-1.18.39-4050.jar path:c:\Users\novot\.vscode\extensions\redhat.java-1.51.0-win32-x64\jre\21.0.9-win32-x86_64\bin\instrument.dll, loaded, initialized, instrumentlib options:none

dbghelp: loaded successfully - version: 4.0.5 - missing functions: none
symbol engine: initialized successfully - sym options: 0x614 - pdb path: .;c:\Users\novot\.vscode\extensions\redhat.java-1.51.0-win32-x64\jre\21.0.9-win32-x86_64\bin;C:\WINDOWS\SYSTEM32;C:\WINDOWS\WinSxS\amd64_microsoft.windows.common-controls_6595b64144ccf1df_6.0.26100.7309_none_3e05feeae336a044;c:\Users\novot\.vscode\extensions\redhat.java-1.51.0-win32-x64\jre\21.0.9-win32-x86_64\bin\server;C:\Users\novot\AppData\Roaming\Code\User\globalStorage\redhat.java\1.51.0\config_win\org.eclipse.equinox.launcher\org.eclipse.equinox.launcher.win32.win32.x86_64_1.2.1400.v20250801-0854;C:\Users\novot\AppData\Local\Temp\jna-105011066

VM Arguments:
jvm_args: --add-modules=ALL-SYSTEM --add-opens=java.base/java.util=ALL-UNNAMED --add-opens=java.base/java.lang=ALL-UNNAMED --add-opens=java.base/sun.nio.fs=ALL-UNNAMED -Declipse.application=org.eclipse.jdt.ls.core.id1 -Dosgi.bundles.defaultStartLevel=4 -Declipse.product=org.eclipse.jdt.ls.core.product -Djava.import.generatesMetadataFilesAtProjectRoot=false -DDetectVMInstallationsJob.disabled=true -Dfile.encoding=utf8 -XX:+UseParallelGC -XX:GCTimeRatio=4 -XX:AdaptiveSizePolicyWeight=90 -Dsun.zip.disableMemoryMapping=true -Xmx2G -Xms100m -Xlog:disable -javaagent:c:\Users\novot\.vscode\extensions\redhat.java-1.51.0-win32-x64\lombok\lombok-1.18.39-4050.jar -XX:+HeapDumpOnOutOfMemoryError -XX:HeapDumpPath=c:\Users\novot\AppData\Roaming\Code\User\workspaceStorage\1b2a4e91d6455b9920cdd9397ae71b20\redhat.java -Daether.dependencyCollector.impl=bf 
java_command: c:\Users\novot\.vscode\extensions\redhat.java-1.51.0-win32-x64\server\plugins\org.eclipse.equinox.launcher_1.7.100.v20251111-0406.jar -configuration c:\Users\novot\AppData\Roaming\Code\User\globalStorage\redhat.java\1.51.0\config_win -data c:\Users\novot\AppData\Roaming\Code\User\workspaceStorage\1b2a4e91d6455b9920cdd9397ae71b20\redhat.java\jdt_ws --pipe=\\.\pipe\lsp-6ad64f96a9b17627bc945f1406f8f955-sock
java_class_path (initial): c:\Users\novot\.vscode\extensions\redhat.java-1.51.0-win32-x64\server\plugins\org.eclipse.equinox.launcher_1.7.100.v20251111-0406.jar
Launcher Type: SUN_STANDARD

[Global flags]
    uintx AdaptiveSizePolicyWeight                 = 90                                        {product} {command line}
     intx CICompilerCount                          = 4                                         {product} {ergonomic}
    uintx GCTimeRatio                              = 4                                         {product} {command line}
     bool HeapDumpOnOutOfMemoryError               = true                                   {manageable} {command line}
    ccstr HeapDumpPath                             = c:\Users\novot\AppData\Roaming\Code\User\workspaceStorage\1b2a4e91d6455b9920cdd9397ae71b20\redhat.java         {manageable} {command line}
   size_t InitialHeapSize                          = 104857600                                 {product} {command line}
   size_t MaxHeapSize                              = 2147483648                                {product} {command line}
   size_t MaxNewSize                               = 715653120                                 {product} {ergonomic}
   size_t MinHeapDeltaBytes                        = 524288                                    {product} {ergonomic}
   size_t MinHeapSize                              = 104857600                                 {product} {command line}
   size_t NewSize                                  = 34603008                                  {product} {ergonomic}
    uintx NonNMethodCodeHeapSize                   = 5839372                                {pd product} {ergonomic}
    uintx NonProfiledCodeHeapSize                  = 122909434                              {pd product} {ergonomic}
   size_t OldSize                                  = 70254592                                  {product} {ergonomic}
    uintx ProfiledCodeHeapSize                     = 122909434                              {pd product} {ergonomic}
    uintx ReservedCodeCacheSize                    = 251658240                              {pd product} {ergonomic}
     bool SegmentedCodeCache                       = true                                      {product} {ergonomic}
   size_t SoftMaxHeapSize                          = 2147483648                             {manageable} {ergonomic}
     bool UseCompressedOops                        = true                           {product lp64_product} {ergonomic}
     bool UseLargePagesIndividualAllocation        = false                                  {pd product} {ergonomic}
     bool UseParallelGC                            = true                                      {product} {command line}

Logging:
Log output configuration:
 #0: stdout all=off uptime,level,tags foldmultilines=false
 #1: stderr all=off uptime,level,tags foldmultilines=false

Release file:
JAVA_VERSION="21.0.9" 
MODULES="java.base java.compiler java.datatransfer java.xml java.prefs java.desktop java.instrument java.logging java.management java.security.sasl java.naming java.rmi java.management.rmi java.net.http java.scripting java.security.jgss java.transaction.xa java.sql java.sql.rowset java.xml.crypto java.se java.smartcardio jdk.accessibility jdk.internal.jvmstat jdk.attach jdk.charsets jdk.internal.opt jdk.zipfs jdk.compiler jdk.crypto.ec jdk.crypto.cryptoki jdk.crypto.mscapi jdk.dynalink jdk.internal.ed jdk.editpad jdk.hotspot.agent jdk.httpserver jdk.internal.le jdk.internal.vm.ci jdk.internal.vm.compiler jdk.internal.vm.compiler.management jdk.jartool jdk.javadoc jdk.jcmd jdk.management jdk.management.agent jdk.jconsole jdk.jdeps jdk.jdwp.agent jdk.jdi jdk.jfr jdk.jshell jdk.jsobject jdk.jstatd jdk.localedata jdk.management.jfr jdk.naming.dns jdk.naming.rmi jdk.net jdk.nio.mapmode jdk.random jdk.sctp jdk.security.auth jdk.security.jgss jdk.unsupported jdk.unsupported.desktop jdk.xml.dom" 

Environment Variables:
JAVA_HOME=C:\Users\novot\.jdk\jdk-17.0.16
PATH=D:\WINDOWS.X64_193000_db_home\bin;C:\Program Files\Common Files\Oracle\Java\javapath;C:\Program Files (x86)\VMware\VMware Workstation\bin\;C:\WINDOWS\system32;C:\WINDOWS;C:\WINDOWS\System32\Wbem;C:\WINDOWS\System32\WindowsPowerShell\v1.0\;C:\WINDOWS\System32\OpenSSH\;C:\Program Files (x86)\Microsoft SQL Server\150\DTS\Binn\;C:\Program Files\Azure Data Studio\bin;C:\Program Files\HP\HP One Agent;C:\Program Files (x86)\Microsoft SQL Server\160\Tools\Binn\;C:\Program Files\Microsoft SQL Server\160\Tools\Binn\;C:\Program Files\Microsoft SQL Server\Client SDK\ODBC\170\Tools\Binn\;C:\Program Files\Microsoft SQL Server\160\DTS\Binn\;C:\Program Files\Java\jdk-21\bin;C:\Program Files\Git\cmd;C:\Program Files\Microsoft SQL Server\170\Tools\Binn\;C:\ProgramData\chocolatey\bin;C:\Program Files\Microsoft SQL Server\130\DTS\Binn\;C:\Program Files\Microsoft SQL Server\140\DTS\Binn\;C:\Program Files\Microsoft SQL Server\150\DTS\Binn\;C:\Program Files\Microsoft SQL Server\170\DTS\Binn\;C:\Program Files\nodejs\;C:\Program Files\Docker\Docker\resources\bin;C:\Users\novot\.jdk\jdk-17.0.16\bin;C:\Users\novot\AppData\Local\Programs\Python\Python314\Scripts\;C:\Users\novot\AppData\Local\Programs\Python\Python314\;C:\Users\novot\AppData\Local\Microsoft\WindowsApps;C:\Program Files\Azure Data Studio\bin;C:\Users\novot\AppData\Local\Programs\Microsoft VS Code\bin;C:\Program Files\JetBrains\IntelliJ IDEA Community Edition 2025.2\bin;D:\WINDOWS.X64_193000_db_home\bin\;C:\flutter\bin;C:\Users\novot\AppData\Roaming\npm;C:\Program Files\PostgreSQL\17\bin;C:\Users\novot\AppData\Local\Programs\Antigravity\bin;
USERNAME=novot
OS=Windows_NT
PROCESSOR_IDENTIFIER=AMD64 Family 25 Model 68 Stepping 1, AuthenticAMD
TMP=C:\Users\novot\AppData\Local\Temp
TEMP=C:\Users\novot\AppData\Local\Temp




Periodic native trim disabled

---------------  S Y S T E M  ---------------

OS:
 Windows 11 , 64 bit Build 26100 (10.0.26100.7623)
OS uptime: 0 days 11:49 hours
Hyper-V role detected

CPU: total 12 (initial active 12) (12 cores per cpu, 2 threads per core) family 25 model 68 stepping 1 microcode 0xa404107, cx8, cmov, fxsr, ht, mmx, 3dnowpref, sse, sse2, sse3, ssse3, sse4a, sse4.1, sse4.2, popcnt, lzcnt, tsc, tscinvbit, avx, avx2, aes, erms, clmul, bmi1, bmi2, adx, sha, fma, vzeroupper, clflush, clflushopt, hv, rdtscp, rdpid, fsrm, f16c, cet_ss
Processor Information for processor 0
  Max Mhz: 3301, Current Mhz: 2024, Mhz Limit: 3301
Processor Information for processor 1
  Max Mhz: 3301, Current Mhz: 2496, Mhz Limit: 3301
Processor Information for processor 2
  Max Mhz: 3301, Current Mhz: 2024, Mhz Limit: 3301
Processor Information for processor 3
  Max Mhz: 3301, Current Mhz: 2024, Mhz Limit: 3301
Processor Information for processor 4
  Max Mhz: 3301, Current Mhz: 2496, Mhz Limit: 3301
Processor Information for processor 5
  Max Mhz: 3301, Current Mhz: 2496, Mhz Limit: 3301
Processor Information for processor 6
  Max Mhz: 3301, Current Mhz: 2496, Mhz Limit: 3301
Processor Information for processor 7
  Max Mhz: 3301, Current Mhz: 2024, Mhz Limit: 3301
Processor Information for processor 8
  Max Mhz: 3301, Current Mhz: 2496, Mhz Limit: 3301
Processor Information for processor 9
  Max Mhz: 3301, Current Mhz: 2024, Mhz Limit: 3301
Processor Information for processor 10
  Max Mhz: 3301, Current Mhz: 2024, Mhz Limit: 3301
Processor Information for processor 11
  Max Mhz: 3301, Current Mhz: 2024, Mhz Limit: 3301

Memory: 4k page, system-wide physical 7381M (387M free)
TotalPageFile size 29909M (AvailPageFile size 48M)
current process WorkingSet (physical memory assigned to process): 12M, peak: 340M
current process commit charge ("private bytes"): 394M, peak: 440M

vm_info: OpenJDK 64-Bit Server VM (21.0.9+10-LTS) for windows-amd64 JRE (21.0.9+10-LTS), built on 2025-10-21T00:00:00Z by "admin" with unknown MS VC++:1942

END.
