#
# There is insufficient memory for the Java Runtime Environment to continue.
# Native memory allocation (malloc) failed to allocate 1504976 bytes. Error detail: Chunk::new
# Possible reasons:
#   The system is out of physical RAM or swap space
#   This process is running with CompressedOops enabled, and the Java Heap may be blocking the growth of the native heap
# Possible solutions:
#   Reduce memory load on the system
#   Increase physical memory or swap space
#   Check if swap backing store is full
#   Decrease Java heap size (-Xmx/-Xms)
#   Decrease number of Java threads
#   Decrease Java thread stack sizes (-Xss)
#   Set larger code cache with -XX:ReservedCodeCacheSize=
#   JVM is running with Unscaled Compressed Oops mode in which the Java heap is
#     placed in the first 4GB address space. The Java Heap base address is the
#     maximum limit for the native heap growth. Please use -XX:HeapBaseMinAddress
#     to set the Java Heap base and to place the Java Heap above 4GB virtual address.
# This output file may be truncated or incomplete.
#
#  Out of Memory Error (arena.cpp:168), pid=38324, tid=31508
#
# JRE version: OpenJDK Runtime Environment Temurin-21.0.9+10 (21.0.9+10) (build 21.0.9+10-LTS)
# Java VM: OpenJDK 64-Bit Server VM Temurin-21.0.9+10 (21.0.9+10-LTS, mixed mode, sharing, tiered, compressed oops, compressed class ptrs, parallel gc, windows-amd64)
# No core dump will be written. Minidumps are not enabled by default on client versions of Windows
#

---------------  S U M M A R Y ------------

Command Line: --add-modules=ALL-SYSTEM --add-opens=java.base/java.util=ALL-UNNAMED --add-opens=java.base/java.lang=ALL-UNNAMED --add-opens=java.base/sun.nio.fs=ALL-UNNAMED -Declipse.application=org.eclipse.jdt.ls.core.id1 -Dosgi.bundles.defaultStartLevel=4 -Declipse.product=org.eclipse.jdt.ls.core.product -Djava.import.generatesMetadataFilesAtProjectRoot=false -DDetectVMInstallationsJob.disabled=true -Dfile.encoding=utf8 -XX:+UseParallelGC -XX:GCTimeRatio=4 -XX:AdaptiveSizePolicyWeight=90 -Dsun.zip.disableMemoryMapping=true -Xmx2G -Xms100m -Xlog:disable -javaagent:c:\Users\novot\.vscode\extensions\redhat.java-1.50.0-win32-x64\lombok\lombok-1.18.39-4050.jar -XX:+HeapDumpOnOutOfMemoryError -XX:HeapDumpPath=c:\Users\novot\AppData\Roaming\Code\User\workspaceStorage\1b2a4e91d6455b9920cdd9397ae71b20\redhat.java -Daether.dependencyCollector.impl=bf c:\Users\novot\.vscode\extensions\redhat.java-1.50.0-win32-x64\server\plugins\org.eclipse.equinox.launcher_1.7.100.v20251111-0406.jar -configuration c:\Users\novot\AppData\Roaming\Code\User\globalStorage\redhat.java\1.50.0\config_win -data c:\Users\novot\AppData\Roaming\Code\User\workspaceStorage\1b2a4e91d6455b9920cdd9397ae71b20\redhat.java\jdt_ws --pipe=\\.\pipe\lsp-10641170be1a67748f20a7fbfb3d4f0d-sock

Host: AMD Ryzen 5 7535HS with Radeon Graphics        , 12 cores, 7G,  Windows 11 , 64 bit Build 26100 (10.0.26100.7309)
Time: Tue Dec 30 20:34:56 2025 Greenwich Standard Time elapsed time: 6.749134 seconds (0d 0h 0m 6s)

---------------  T H R E A D  ---------------

Current thread (0x00000203ca945580):  JavaThread "C2 CompilerThread0" daemon [_thread_in_native, id=31508, stack(0x00000032e7500000,0x00000032e7600000) (1024K)]


Current CompileTask:
C2:6750 3018       4       java.lang.invoke.MethodType::makeImpl (109 bytes)

Stack: [0x00000032e7500000,0x00000032e7600000]
Native frames: (J=compiled Java code, j=interpreted, Vv=VM code, C=native code)
V  [jvm.dll+0x6d6e29]
V  [jvm.dll+0x8b4b76]
V  [jvm.dll+0x8b712e]
V  [jvm.dll+0x8b7813]
V  [jvm.dll+0x283d86]
V  [jvm.dll+0xc66ed]
V  [jvm.dll+0xc6c31]
V  [jvm.dll+0x3be501]
V  [jvm.dll+0x38ab92]
V  [jvm.dll+0x389fda]
V  [jvm.dll+0x24bfa0]
V  [jvm.dll+0x24b580]
V  [jvm.dll+0x1cb13e]
V  [jvm.dll+0x25b29d]
V  [jvm.dll+0x25982a]
V  [jvm.dll+0x3f7ea6]
V  [jvm.dll+0x85e9ad]
V  [jvm.dll+0x6d565d]
C  [ucrtbase.dll+0x37b0]
C  [KERNEL32.DLL+0x2e8d7]
C  [ntdll.dll+0x8c53c]


---------------  P R O C E S S  ---------------

Threads class SMR info:
_java_thread_list=0x00000203e87af370, length=21, elements={
0x00000203ca9c7b50, 0x00000203caa5cfb0, 0x00000203ca9362e0, 0x00000203ca937360,
0x00000203ca937db0, 0x00000203ca93e0b0, 0x00000203ca93ec30, 0x00000203ca945580,
0x00000203ca94a630, 0x00000203e26bcf50, 0x00000203e28339e0, 0x00000203e3c44260,
0x00000203e3c2df00, 0x00000203e3b49fb0, 0x00000203e3b6ed10, 0x00000203e3a28c90,
0x00000203e3a29320, 0x00000203e3a299b0, 0x00000203e3a2a040, 0x00000203e3a2a6d0,
0x00000203e3a27250
}

Java Threads: ( => current thread )
  0x00000203ca9c7b50 JavaThread "main"                              [_thread_blocked, id=13900, stack(0x00000032e6b00000,0x00000032e6c00000) (1024K)]
  0x00000203caa5cfb0 JavaThread "Reference Handler"          daemon [_thread_blocked, id=24908, stack(0x00000032e6f00000,0x00000032e7000000) (1024K)]
  0x00000203ca9362e0 JavaThread "Finalizer"                  daemon [_thread_blocked, id=30004, stack(0x00000032e7000000,0x00000032e7100000) (1024K)]
  0x00000203ca937360 JavaThread "Signal Dispatcher"          daemon [_thread_blocked, id=5796, stack(0x00000032e7100000,0x00000032e7200000) (1024K)]
  0x00000203ca937db0 JavaThread "Attach Listener"            daemon [_thread_blocked, id=39232, stack(0x00000032e7200000,0x00000032e7300000) (1024K)]
  0x00000203ca93e0b0 JavaThread "Service Thread"             daemon [_thread_blocked, id=41152, stack(0x00000032e7300000,0x00000032e7400000) (1024K)]
  0x00000203ca93ec30 JavaThread "Monitor Deflation Thread"   daemon [_thread_blocked, id=41848, stack(0x00000032e7400000,0x00000032e7500000) (1024K)]
=>0x00000203ca945580 JavaThread "C2 CompilerThread0"         daemon [_thread_in_native, id=31508, stack(0x00000032e7500000,0x00000032e7600000) (1024K)]
  0x00000203ca94a630 JavaThread "C1 CompilerThread0"         daemon [_thread_blocked, id=11876, stack(0x00000032e7600000,0x00000032e7700000) (1024K)]
  0x00000203e26bcf50 JavaThread "Common-Cleaner"             daemon [_thread_blocked, id=23760, stack(0x00000032e7700000,0x00000032e7800000) (1024K)]
  0x00000203e28339e0 JavaThread "Notification Thread"        daemon [_thread_blocked, id=16528, stack(0x00000032e7800000,0x00000032e7900000) (1024K)]
  0x00000203e3c44260 JavaThread "Active Thread: Equinox Container: 25bf46d5-9f1e-4959-a245-b8c920f6c22f"        [_thread_blocked, id=5184, stack(0x00000032e7f00000,0x00000032e8000000) (1024K)]
  0x00000203e3c2df00 JavaThread "Refresh Thread: Equinox Container: 25bf46d5-9f1e-4959-a245-b8c920f6c22f" daemon [_thread_blocked, id=41808, stack(0x00000032e8000000,0x00000032e8100000) (1024K)]
  0x00000203e3b49fb0 JavaThread "Framework Event Dispatcher: Equinox Container: 25bf46d5-9f1e-4959-a245-b8c920f6c22f" daemon [_thread_blocked, id=40336, stack(0x00000032e8200000,0x00000032e8300000) (1024K)]
  0x00000203e3b6ed10 JavaThread "Start Level: Equinox Container: 25bf46d5-9f1e-4959-a245-b8c920f6c22f" daemon [_thread_in_vm, id=6876, stack(0x00000032e8300000,0x00000032e8400000) (1024K)]
  0x00000203e3a28c90 JavaThread "Bundle File Closer"         daemon [_thread_blocked, id=32536, stack(0x00000032e8600000,0x00000032e8700000) (1024K)]
  0x00000203e3a29320 JavaThread "SCR Component Actor"        daemon [_thread_blocked, id=13708, stack(0x00000032e8700000,0x00000032e8800000) (1024K)]
  0x00000203e3a299b0 JavaThread "Worker-JM"                         [_thread_blocked, id=14832, stack(0x00000032e8800000,0x00000032e8900000) (1024K)]
  0x00000203e3a2a040 JavaThread "JNA Cleaner"                daemon [_thread_blocked, id=35076, stack(0x00000032e8900000,0x00000032e8a00000) (1024K)]
  0x00000203e3a2a6d0 JavaThread "Worker-0: Checking project encoding"        [_thread_blocked, id=22192, stack(0x00000032e8a00000,0x00000032e8b00000) (1024K)]
  0x00000203e3a27250 JavaThread "Worker-1"                          [_thread_blocked, id=17008, stack(0x00000032e8b00000,0x00000032e8c00000) (1024K)]
Total: 21

Other Threads:
  0x00000203ca9349a0 VMThread "VM Thread"                           [id=33296, stack(0x00000032e6e00000,0x00000032e6f00000) (1024K)]
  0x00000203ca82ca00 WatcherThread "VM Periodic Task Thread"        [id=7292, stack(0x00000032e6d00000,0x00000032e6e00000) (1024K)]
  0x00000203ca9e6010 WorkerThread "GC Thread#0"                     [id=38836, stack(0x00000032e6c00000,0x00000032e6d00000) (1024K)]
  0x00000203e3755f80 WorkerThread "GC Thread#1"                     [id=19024, stack(0x00000032e7900000,0x00000032e7a00000) (1024K)]
  0x00000203e38a4ab0 WorkerThread "GC Thread#2"                     [id=40776, stack(0x00000032e7a00000,0x00000032e7b00000) (1024K)]
  0x00000203e389fc20 WorkerThread "GC Thread#3"                     [id=21968, stack(0x00000032e7b00000,0x00000032e7c00000) (1024K)]
  0x00000203e375b090 WorkerThread "GC Thread#4"                     [id=1544, stack(0x00000032e7c00000,0x00000032e7d00000) (1024K)]
  0x00000203e3cb3bd0 WorkerThread "GC Thread#5"                     [id=35436, stack(0x00000032e7d00000,0x00000032e7e00000) (1024K)]
  0x00000203e3af7980 WorkerThread "GC Thread#6"                     [id=34020, stack(0x00000032e7e00000,0x00000032e7f00000) (1024K)]
  0x00000203e8046b80 WorkerThread "GC Thread#7"                     [id=36008, stack(0x00000032e8100000,0x00000032e8200000) (1024K)]
  0x00000203e80c0df0 WorkerThread "GC Thread#8"                     [id=40484, stack(0x00000032e8400000,0x00000032e8500000) (1024K)]
  0x00000203e80c1190 WorkerThread "GC Thread#9"                     [id=25848, stack(0x00000032e8500000,0x00000032e8600000) (1024K)]
Total: 12

Threads with active compile tasks:
C2 CompilerThread0  6850 3018       4       java.lang.invoke.MethodType::makeImpl (109 bytes)
C1 CompilerThread0  6850 3269       3       org.objectweb.asm.MethodVisitor::visitVarInsn (17 bytes)
Total: 2

VM state: not at safepoint (normal execution)

VM Mutex/Monitor currently owned by a thread: None

Heap address: 0x0000000080000000, size: 2048 MB, Compressed Oops mode: 32-bit

CDS archive(s) mapped at: [0x0000020380000000-0x0000020380ba0000-0x0000020380ba0000), size 12189696, SharedBaseAddress: 0x0000020380000000, ArchiveRelocationMode: 1.
Compressed class space mapped at: 0x0000020381000000-0x00000203c1000000, reserved size: 1073741824
Narrow klass base: 0x0000020380000000, Narrow klass shift: 0, Narrow klass range: 0x100000000

GC Precious Log:
 CardTable entry size: 512
 CPUs: 12 total, 12 available
 Memory: 7381M
 Large Page Support: Disabled
 NUMA Support: Disabled
 Compressed Oops: Enabled (32-bit)
 Alignments: Space 512K, Generation 512K, Heap 2M
 Heap Min Capacity: 100M
 Heap Initial Capacity: 100M
 Heap Max Capacity: 2G
 Pre-touch: Disabled
 Parallel Workers: 10

Heap:
 PSYoungGen      total 29184K, used 20029K [0x00000000d5580000, 0x00000000d7a00000, 0x0000000100000000)
  eden space 25088K, 63% used [0x00000000d5580000,0x00000000d6513978,0x00000000d6e00000)
  from space 4096K, 99% used [0x00000000d6e80000,0x00000000d727bc20,0x00000000d7280000)
  to   space 6144K, 0% used [0x00000000d7400000,0x00000000d7400000,0x00000000d7a00000)
 ParOldGen       total 68608K, used 7917K [0x0000000080000000, 0x0000000084300000, 0x00000000d5580000)
  object space 68608K, 11% used [0x0000000080000000,0x00000000807bb678,0x0000000084300000)
 Metaspace       used 18023K, committed 18752K, reserved 1114112K
  class space    used 1913K, committed 2240K, reserved 1048576K

Card table byte_map: [0x00000203ca340000,0x00000203ca750000] _byte_map_base: 0x00000203c9f40000

Marking Bits: (ParMarkBitMap*) 0x00007ffa89fb2460
 Begin Bits: [0x00000203dce50000, 0x00000203dee50000)
 End Bits:   [0x00000203dee50000, 0x00000203e0e50000)

Polling page: 0x00000203c9fd0000

Metaspace:

Usage:
  Non-class:     15.73 MB used.
      Class:      1.87 MB used.
       Both:     17.60 MB used.

Virtual space:
  Non-class space:       64.00 MB reserved,      16.12 MB ( 25%) committed,  1 nodes.
      Class space:        1.00 GB reserved,       2.19 MB ( <1%) committed,  1 nodes.
             Both:        1.06 GB reserved,      18.31 MB (  2%) committed. 

Chunk freelists:
   Non-Class:  15.25 MB
       Class:  13.81 MB
        Both:  29.06 MB

MaxMetaspaceSize: unlimited
CompressedClassSpaceSize: 1.00 GB
Initial GC threshold: 21.00 MB
Current GC threshold: 21.00 MB
CDS: on
 - commit_granule_bytes: 65536.
 - commit_granule_words: 8192.
 - virtual_space_node_default_size: 8388608.
 - enlarge_chunks_in_place: 1.
 - use_allocation_guard: 0.


Internal statistics:

num_allocs_failed_limit: 0.
num_arena_births: 560.
num_arena_deaths: 0.
num_vsnodes_births: 2.
num_vsnodes_deaths: 0.
num_space_committed: 293.
num_space_uncommitted: 0.
num_chunks_returned_to_freelist: 0.
num_chunks_taken_from_freelist: 1218.
num_chunk_merges: 0.
num_chunk_splits: 787.
num_chunks_enlarged: 525.
num_inconsistent_stats: 0.

CodeHeap 'non-profiled nmethods': size=120000Kb used=1292Kb max_used=1292Kb free=118707Kb
 bounds [0x00000203d5670000, 0x00000203d58e0000, 0x00000203dcba0000]
CodeHeap 'profiled nmethods': size=120000Kb used=6368Kb max_used=6368Kb free=113631Kb
 bounds [0x00000203cdba0000, 0x00000203ce1e0000, 0x00000203d50d0000]
CodeHeap 'non-nmethods': size=5760Kb used=1274Kb max_used=1285Kb free=4485Kb
 bounds [0x00000203d50d0000, 0x00000203d5340000, 0x00000203d5670000]
CodeCache: size=245760Kb, used=8934Kb, max_used=8945Kb, free=236823Kb
 total_blobs=3811, nmethods=3260, adapters=457, full_count=0
Compilation: enabled, stopped_count=0, restarted_count=0

Compilation events (20 events):
Event: 5.725 Thread 0x00000203ca94a630 nmethod 3148 0x00000203ce192d90 code [0x00000203ce192fa0, 0x00000203ce193540]
Event: 5.732 Thread 0x00000203ca94a630 3149       3       org.objectweb.asm.tree.MethodNode::visitLabel (13 bytes)
Event: 5.733 Thread 0x00000203ca94a630 nmethod 3149 0x00000203ce193790 code [0x00000203ce193980, 0x00000203ce193f88]
Event: 5.733 Thread 0x00000203ca94a630 3150       3       org.objectweb.asm.Type::getArgumentsAndReturnSizes (140 bytes)
Event: 5.735 Thread 0x00000203ca94a630 nmethod 3150 0x00000203ce194190 code [0x00000203ce194560, 0x00000203ce1960c0]
Event: 5.735 Thread 0x00000203ca94a630 3152       3       org.objectweb.asm.MethodWriter::visitLabel (332 bytes)
Event: 5.736 Thread 0x00000203ca94a630 nmethod 3152 0x00000203ce196b90 code [0x00000203ce196de0, 0x00000203ce197738]
Event: 5.737 Thread 0x00000203ca94a630 3153       3       org.objectweb.asm.ClassReader::createDebugLabel (23 bytes)
Event: 5.737 Thread 0x00000203ca94a630 nmethod 3153 0x00000203ce197990 code [0x00000203ce197b60, 0x00000203ce197fe0]
Event: 5.737 Thread 0x00000203ca94a630 3151       3       org.objectweb.asm.tree.LabelNode::accept (9 bytes)
Event: 5.737 Thread 0x00000203ca94a630 nmethod 3151 0x00000203ce198210 code [0x00000203ce1983e0, 0x00000203ce1987a8]
Event: 5.737 Thread 0x00000203ca94a630 3154       3       org.objectweb.asm.Frame::pop (44 bytes)
Event: 5.738 Thread 0x00000203ca94a630 nmethod 3154 0x00000203ce198910 code [0x00000203ce198ac0, 0x00000203ce198c58]
Event: 5.738 Thread 0x00000203ca94a630 3155       3       org.objectweb.asm.SymbolTable::addConstantClass (8 bytes)
Event: 5.738 Thread 0x00000203ca94a630 nmethod 3155 0x00000203ce198d10 code [0x00000203ce198ec0, 0x00000203ce199008]
Event: 5.740 Thread 0x00000203ca94a630 3156       3       org.objectweb.asm.ByteVector::put122 (93 bytes)
Event: 5.740 Thread 0x00000203ca94a630 nmethod 3156 0x00000203ce199090 code [0x00000203ce199240, 0x00000203ce1994b8]
Event: 5.740 Thread 0x00000203ca94a630 3157       3       org.objectweb.asm.Type::getTypeInternal (203 bytes)
Event: 5.742 Thread 0x00000203ca94a630 nmethod 3157 0x00000203ce199690 code [0x00000203ce1999e0, 0x00000203ce19abd8]
Event: 5.742 Thread 0x00000203ca94a630 3162       3       org.objectweb.asm.Type::getArgumentTypes (94 bytes)

GC Heap History (10 events):
Event: 1.536 GC heap before
{Heap before GC invocations=1 (full 0):
 PSYoungGen      total 29696K, used 25600K [0x00000000d5580000, 0x00000000d7680000, 0x0000000100000000)
  eden space 25600K, 100% used [0x00000000d5580000,0x00000000d6e80000,0x00000000d6e80000)
  from space 4096K, 0% used [0x00000000d7280000,0x00000000d7280000,0x00000000d7680000)
  to   space 4096K, 0% used [0x00000000d6e80000,0x00000000d6e80000,0x00000000d7280000)
 ParOldGen       total 68608K, used 0K [0x0000000080000000, 0x0000000084300000, 0x00000000d5580000)
  object space 68608K, 0% used [0x0000000080000000,0x0000000080000000,0x0000000084300000)
 Metaspace       used 4335K, committed 4608K, reserved 1114112K
  class space    used 472K, committed 576K, reserved 1048576K
}
Event: 1.546 GC heap after
{Heap after GC invocations=1 (full 0):
 PSYoungGen      total 29696K, used 3312K [0x00000000d5580000, 0x00000000d7680000, 0x0000000100000000)
  eden space 25600K, 0% used [0x00000000d5580000,0x00000000d5580000,0x00000000d6e80000)
  from space 4096K, 80% used [0x00000000d6e80000,0x00000000d71bc148,0x00000000d7280000)
  to   space 4096K, 0% used [0x00000000d7280000,0x00000000d7280000,0x00000000d7680000)
 ParOldGen       total 68608K, used 16K [0x0000000080000000, 0x0000000084300000, 0x00000000d5580000)
  object space 68608K, 0% used [0x0000000080000000,0x0000000080004000,0x0000000084300000)
 Metaspace       used 4335K, committed 4608K, reserved 1114112K
  class space    used 472K, committed 576K, reserved 1048576K
}
Event: 2.674 GC heap before
{Heap before GC invocations=2 (full 0):
 PSYoungGen      total 29696K, used 28912K [0x00000000d5580000, 0x00000000d7680000, 0x0000000100000000)
  eden space 25600K, 100% used [0x00000000d5580000,0x00000000d6e80000,0x00000000d6e80000)
  from space 4096K, 80% used [0x00000000d6e80000,0x00000000d71bc148,0x00000000d7280000)
  to   space 4096K, 0% used [0x00000000d7280000,0x00000000d7280000,0x00000000d7680000)
 ParOldGen       total 68608K, used 16K [0x0000000080000000, 0x0000000084300000, 0x00000000d5580000)
  object space 68608K, 0% used [0x0000000080000000,0x0000000080004000,0x0000000084300000)
 Metaspace       used 7981K, committed 8256K, reserved 1114112K
  class space    used 838K, committed 960K, reserved 1048576K
}
Event: 2.683 GC heap after
{Heap after GC invocations=2 (full 0):
 PSYoungGen      total 29696K, used 4070K [0x00000000d5580000, 0x00000000d7680000, 0x0000000100000000)
  eden space 25600K, 0% used [0x00000000d5580000,0x00000000d5580000,0x00000000d6e80000)
  from space 4096K, 99% used [0x00000000d7280000,0x00000000d7679800,0x00000000d7680000)
  to   space 4096K, 0% used [0x00000000d6e80000,0x00000000d6e80000,0x00000000d7280000)
 ParOldGen       total 68608K, used 1765K [0x0000000080000000, 0x0000000084300000, 0x00000000d5580000)
  object space 68608K, 2% used [0x0000000080000000,0x00000000801b9720,0x0000000084300000)
 Metaspace       used 7981K, committed 8256K, reserved 1114112K
  class space    used 838K, committed 960K, reserved 1048576K
}
Event: 3.421 GC heap before
{Heap before GC invocations=3 (full 0):
 PSYoungGen      total 29696K, used 29670K [0x00000000d5580000, 0x00000000d7680000, 0x0000000100000000)
  eden space 25600K, 100% used [0x00000000d5580000,0x00000000d6e80000,0x00000000d6e80000)
  from space 4096K, 99% used [0x00000000d7280000,0x00000000d7679800,0x00000000d7680000)
  to   space 4096K, 0% used [0x00000000d6e80000,0x00000000d6e80000,0x00000000d7280000)
 ParOldGen       total 68608K, used 1765K [0x0000000080000000, 0x0000000084300000, 0x00000000d5580000)
  object space 68608K, 2% used [0x0000000080000000,0x00000000801b9720,0x0000000084300000)
 Metaspace       used 9407K, committed 9728K, reserved 1114112K
  class space    used 1003K, committed 1152K, reserved 1048576K
}
Event: 3.430 GC heap after
{Heap after GC invocations=3 (full 0):
 PSYoungGen      total 29696K, used 4090K [0x00000000d5580000, 0x00000000d7680000, 0x0000000100000000)
  eden space 25600K, 0% used [0x00000000d5580000,0x00000000d5580000,0x00000000d6e80000)
  from space 4096K, 99% used [0x00000000d6e80000,0x00000000d727ea00,0x00000000d7280000)
  to   space 4096K, 0% used [0x00000000d7280000,0x00000000d7280000,0x00000000d7680000)
 ParOldGen       total 68608K, used 5098K [0x0000000080000000, 0x0000000084300000, 0x00000000d5580000)
  object space 68608K, 7% used [0x0000000080000000,0x00000000804faa30,0x0000000084300000)
 Metaspace       used 9407K, committed 9728K, reserved 1114112K
  class space    used 1003K, committed 1152K, reserved 1048576K
}
Event: 4.404 GC heap before
{Heap before GC invocations=4 (full 0):
 PSYoungGen      total 29696K, used 29690K [0x00000000d5580000, 0x00000000d7680000, 0x0000000100000000)
  eden space 25600K, 100% used [0x00000000d5580000,0x00000000d6e80000,0x00000000d6e80000)
  from space 4096K, 99% used [0x00000000d6e80000,0x00000000d727ea00,0x00000000d7280000)
  to   space 4096K, 0% used [0x00000000d7280000,0x00000000d7280000,0x00000000d7680000)
 ParOldGen       total 68608K, used 5098K [0x0000000080000000, 0x0000000084300000, 0x00000000d5580000)
  object space 68608K, 7% used [0x0000000080000000,0x00000000804faa30,0x0000000084300000)
 Metaspace       used 12079K, committed 12480K, reserved 1114112K
  class space    used 1292K, committed 1472K, reserved 1048576K
}
Event: 4.410 GC heap after
{Heap after GC invocations=4 (full 0):
 PSYoungGen      total 29696K, used 4067K [0x00000000d5580000, 0x00000000d7680000, 0x0000000100000000)
  eden space 25600K, 0% used [0x00000000d5580000,0x00000000d5580000,0x00000000d6e80000)
  from space 4096K, 99% used [0x00000000d7280000,0x00000000d7678eb8,0x00000000d7680000)
  to   space 4096K, 0% used [0x00000000d6e80000,0x00000000d6e80000,0x00000000d7280000)
 ParOldGen       total 68608K, used 6338K [0x0000000080000000, 0x0000000084300000, 0x00000000d5580000)
  object space 68608K, 9% used [0x0000000080000000,0x0000000080630a48,0x0000000084300000)
 Metaspace       used 12079K, committed 12480K, reserved 1114112K
  class space    used 1292K, committed 1472K, reserved 1048576K
}
Event: 5.302 GC heap before
{Heap before GC invocations=5 (full 0):
 PSYoungGen      total 29696K, used 29667K [0x00000000d5580000, 0x00000000d7680000, 0x0000000100000000)
  eden space 25600K, 100% used [0x00000000d5580000,0x00000000d6e80000,0x00000000d6e80000)
  from space 4096K, 99% used [0x00000000d7280000,0x00000000d7678eb8,0x00000000d7680000)
  to   space 4096K, 0% used [0x00000000d6e80000,0x00000000d6e80000,0x00000000d7280000)
 ParOldGen       total 68608K, used 6338K [0x0000000080000000, 0x0000000084300000, 0x00000000d5580000)
  object space 68608K, 9% used [0x0000000080000000,0x0000000080630a48,0x0000000084300000)
 Metaspace       used 16189K, committed 16832K, reserved 1114112K
  class space    used 1687K, committed 1984K, reserved 1048576K
}
Event: 5.310 GC heap after
{Heap after GC invocations=5 (full 0):
 PSYoungGen      total 29184K, used 4079K [0x00000000d5580000, 0x00000000d7a00000, 0x0000000100000000)
  eden space 25088K, 0% used [0x00000000d5580000,0x00000000d5580000,0x00000000d6e00000)
  from space 4096K, 99% used [0x00000000d6e80000,0x00000000d727bc20,0x00000000d7280000)
  to   space 6144K, 0% used [0x00000000d7400000,0x00000000d7400000,0x00000000d7a00000)
 ParOldGen       total 68608K, used 7917K [0x0000000080000000, 0x0000000084300000, 0x00000000d5580000)
  object space 68608K, 11% used [0x0000000080000000,0x00000000807bb678,0x0000000084300000)
 Metaspace       used 16189K, committed 16832K, reserved 1114112K
  class space    used 1687K, committed 1984K, reserved 1048576K
}

Dll operation events (10 events):
Event: 0.038 Loaded shared library c:\Users\novot\.vscode\extensions\redhat.java-1.50.0-win32-x64\jre\21.0.9-win32-x86_64\bin\java.dll
Event: 0.194 Loaded shared library c:\Users\novot\.vscode\extensions\redhat.java-1.50.0-win32-x64\jre\21.0.9-win32-x86_64\bin\zip.dll
Event: 0.238 Loaded shared library C:\Users\novot\.vscode\extensions\redhat.java-1.50.0-win32-x64\jre\21.0.9-win32-x86_64\bin\instrument.dll
Event: 0.251 Loaded shared library C:\Users\novot\.vscode\extensions\redhat.java-1.50.0-win32-x64\jre\21.0.9-win32-x86_64\bin\net.dll
Event: 0.261 Loaded shared library C:\Users\novot\.vscode\extensions\redhat.java-1.50.0-win32-x64\jre\21.0.9-win32-x86_64\bin\nio.dll
Event: 0.270 Loaded shared library C:\Users\novot\.vscode\extensions\redhat.java-1.50.0-win32-x64\jre\21.0.9-win32-x86_64\bin\zip.dll
Event: 0.314 Loaded shared library C:\Users\novot\.vscode\extensions\redhat.java-1.50.0-win32-x64\jre\21.0.9-win32-x86_64\bin\jimage.dll
Event: 0.530 Loaded shared library c:\Users\novot\.vscode\extensions\redhat.java-1.50.0-win32-x64\jre\21.0.9-win32-x86_64\bin\verify.dll
Event: 2.697 Loaded shared library C:\Users\novot\AppData\Roaming\Code\User\globalStorage\redhat.java\1.50.0\config_win\org.eclipse.equinox.launcher\org.eclipse.equinox.launcher.win32.win32.x86_64_1.2.1400.v20250801-0854\eclipse_11916.dll
Event: 5.453 Loaded shared library C:\Users\novot\AppData\Local\Temp\jna-105011066\jna9467056613341524996.dll

Deoptimization events (20 events):
Event: 5.242 Thread 0x00000203e3b6ed10 Uncommon trap: trap_request=0xffffff45 fr.pc=0x00000203d5771338 relative=0x0000000000000af8
Event: 5.242 Thread 0x00000203e3b6ed10 Uncommon trap: reason=unstable_if action=reinterpret pc=0x00000203d5771338 method=java.io.BufferedInputStream.read1([BII)I @ 34 c2
Event: 5.242 Thread 0x00000203e3b6ed10 DEOPT PACKING pc=0x00000203d5771338 sp=0x00000032e83f8ef0
Event: 5.242 Thread 0x00000203e3b6ed10 DEOPT UNPACKING pc=0x00000203d5123aa2 sp=0x00000032e83f8db8 mode 2
Event: 5.277 Thread 0x00000203e3b6ed10 Uncommon trap: trap_request=0xffffff45 fr.pc=0x00000203d56a991c relative=0x000000000000067c
Event: 5.277 Thread 0x00000203e3b6ed10 Uncommon trap: reason=unstable_if action=reinterpret pc=0x00000203d56a991c method=java.lang.String.replace(Ljava/lang/CharSequence;Ljava/lang/CharSequence;)Ljava/lang/String; @ 42 c2
Event: 5.277 Thread 0x00000203e3b6ed10 DEOPT PACKING pc=0x00000203d56a991c sp=0x00000032e83f76f0
Event: 5.277 Thread 0x00000203e3b6ed10 DEOPT UNPACKING pc=0x00000203d5123aa2 sp=0x00000032e83f7670 mode 2
Event: 5.517 Thread 0x00000203e3b6ed10 Uncommon trap: trap_request=0xffffffc6 fr.pc=0x00000203d5709ad0 relative=0x0000000000000a50
Event: 5.517 Thread 0x00000203e3b6ed10 Uncommon trap: reason=bimorphic_or_optimized_type_check action=maybe_recompile pc=0x00000203d5709ad0 method=java.util.HashMap.putVal(ILjava/lang/Object;Ljava/lang/Object;ZZ)Ljava/lang/Object; @ 91 c2
Event: 5.517 Thread 0x00000203e3b6ed10 DEOPT PACKING pc=0x00000203d5709ad0 sp=0x00000032e83f7d70
Event: 5.517 Thread 0x00000203e3b6ed10 DEOPT UNPACKING pc=0x00000203d5123aa2 sp=0x00000032e83f7c98 mode 2
Event: 5.563 Thread 0x00000203e3b6ed10 Uncommon trap: trap_request=0xffffff45 fr.pc=0x00000203d579c624 relative=0x0000000000000084
Event: 5.563 Thread 0x00000203e3b6ed10 Uncommon trap: reason=unstable_if action=reinterpret pc=0x00000203d579c624 method=java.lang.ref.SoftReference.get()Ljava/lang/Object; @ 6 c2
Event: 5.563 Thread 0x00000203e3b6ed10 DEOPT PACKING pc=0x00000203d579c624 sp=0x00000032e83f95f0
Event: 5.563 Thread 0x00000203e3b6ed10 DEOPT UNPACKING pc=0x00000203d5123aa2 sp=0x00000032e83f9588 mode 2
Event: 5.633 Thread 0x00000203e3b6ed10 Uncommon trap: trap_request=0xffffff45 fr.pc=0x00000203d576e710 relative=0x0000000000000070
Event: 5.633 Thread 0x00000203e3b6ed10 Uncommon trap: reason=unstable_if action=reinterpret pc=0x00000203d576e710 method=java.lang.ref.ReferenceQueue.poll()Ljava/lang/ref/Reference; @ 4 c2
Event: 5.634 Thread 0x00000203e3b6ed10 DEOPT PACKING pc=0x00000203d576e710 sp=0x00000032e83f2f70
Event: 5.634 Thread 0x00000203e3b6ed10 DEOPT UNPACKING pc=0x00000203d5123aa2 sp=0x00000032e83f2ef8 mode 2

Classes loaded (20 events):
Event: 5.516 Loading class java/lang/Short$ShortCache
Event: 5.516 Loading class java/lang/Short$ShortCache done
Event: 5.552 Loading class java/util/function/LongUnaryOperator
Event: 5.552 Loading class java/util/function/LongUnaryOperator done
Event: 5.553 Loading class java/lang/ThreadDeath
Event: 5.553 Loading class java/lang/ThreadDeath done
Event: 5.570 Loading class java/util/stream/SortedOps$SizedRefSortingSink
Event: 5.570 Loading class java/util/stream/SortedOps$SizedRefSortingSink done
Event: 5.613 Loading class java/util/concurrent/atomic/Striped64$1
Event: 5.613 Loading class java/util/concurrent/atomic/Striped64$1 done
Event: 5.688 Loading class java/util/BitSet
Event: 5.689 Loading class java/util/BitSet done
Event: 5.696 Loading class sun/net/www/protocol/jrt/JavaRuntimeURLConnection
Event: 5.697 Loading class sun/net/www/protocol/jrt/JavaRuntimeURLConnection done
Event: 5.698 Loading class sun/net/www/protocol/jrt/JavaRuntimeURLConnection$1
Event: 5.698 Loading class sun/net/www/protocol/jrt/JavaRuntimeURLConnection$1 done
Event: 5.728 Loading class java/util/function/UnaryOperator
Event: 5.728 Loading class java/util/function/UnaryOperator done
Event: 5.730 Loading class java/util/ServiceConfigurationError
Event: 5.730 Loading class java/util/ServiceConfigurationError done

Classes unloaded (0 events):
No events

Classes redefined (0 events):
No events

Internal exceptions (20 events):
Event: 5.150 Thread 0x00000203e3b6ed10 Exception <a 'java/lang/NoSuchMethodError'{0x00000000d6a902e0}: 'java.lang.Object java.lang.invoke.DirectMethodHandle$Holder.newInvokeSpecial(java.lang.Object, java.lang.Object, java.lang.Object, java.lang.Object, java.lang.Object)'> (0x00000000d6a902e0) 
thrown [s\src\hotspot\share\interpreter\linkResolver.cpp, line 773]
Event: 5.205 Thread 0x00000203e3b6ed10 Exception <a 'java/lang/NoSuchMethodError'{0x00000000d6be88a0}: 'java.lang.Object java.lang.invoke.DirectMethodHandle$Holder.invokeStaticInit(java.lang.Object, int)'> (0x00000000d6be88a0) 
thrown [s\src\hotspot\share\interpreter\linkResolver.cpp, line 773]
Event: 5.284 Thread 0x00000203e3b6ed10 Exception <a 'java/lang/NoSuchMethodError'{0x00000000d6e65160}: 'java.lang.Object java.lang.invoke.DirectMethodHandle$Holder.invokeStaticInit(java.lang.Object, int, int, int, int)'> (0x00000000d6e65160) 
thrown [s\src\hotspot\share\interpreter\linkResolver.cpp, line 773]
Event: 5.372 Thread 0x00000203e3b6ed10 Exception <a 'java/lang/NoSuchMethodError'{0x00000000d56e0f38}: 'java.lang.Object java.lang.invoke.DirectMethodHandle$Holder.invokeStaticInit(java.lang.Object, java.lang.Object, int, int, int, int)'> (0x00000000d56e0f38) 
thrown [s\src\hotspot\share\interpreter\linkResolver.cpp, line 773]
Event: 5.491 Thread 0x00000203e3b6ed10 Exception <a 'java/lang/NoSuchMethodError'{0x00000000d5802e38}: 'void java.lang.invoke.DirectMethodHandle$Holder.invokeSpecial(java.lang.Object, java.lang.Object, java.lang.Object, int)'> (0x00000000d5802e38) 
thrown [s\src\hotspot\share\interpreter\linkResolver.cpp, line 773]
Event: 5.491 Thread 0x00000203e3b6ed10 Exception <a 'java/lang/NoSuchMethodError'{0x00000000d58067c8}: 'void java.lang.invoke.DelegatingMethodHandle$Holder.reinvoke_L(java.lang.Object, java.lang.Object, int)'> (0x00000000d58067c8) 
thrown [s\src\hotspot\share\interpreter\linkResolver.cpp, line 773]
Event: 5.492 Thread 0x00000203e3b6ed10 Exception <a 'java/lang/NoSuchMethodError'{0x00000000d580d4b0}: 'int java.lang.invoke.Invokers$Holder.invokeExact_MT(java.lang.Object, java.lang.Object, java.lang.Object)'> (0x00000000d580d4b0) 
thrown [s\src\hotspot\share\interpreter\linkResolver.cpp, line 773]
Event: 5.519 Thread 0x00000203e3b6ed10 Exception <a 'java/lang/NoSuchMethodError'{0x00000000d5932098}: 'void java.lang.invoke.Invokers$Holder.invokeExact_MT(java.lang.Object, java.lang.Object, int, java.lang.Object)'> (0x00000000d5932098) 
thrown [s\src\hotspot\share\interpreter\linkResolver.cpp, line 773]
Event: 5.548 Thread 0x00000203e3b6ed10 Exception <a 'java/lang/NoSuchMethodError'{0x00000000d5a3c4c0}: 'java.lang.Object java.lang.invoke.DirectMethodHandle$Holder.invokeSpecial(java.lang.Object, java.lang.Object, java.lang.Object, long, java.lang.Object)'> (0x00000000d5a3c4c0) 
thrown [s\src\hotspot\share\interpreter\linkResolver.cpp, line 773]
Event: 5.549 Thread 0x00000203e3b6ed10 Exception <a 'java/lang/NoSuchMethodError'{0x00000000d5a43d08}: 'java.lang.Object java.lang.invoke.DirectMethodHandle$Holder.newInvokeSpecial(java.lang.Object, java.lang.Object, java.lang.Object, long)'> (0x00000000d5a43d08) 
thrown [s\src\hotspot\share\interpreter\linkResolver.cpp, line 773]
Event: 5.550 Thread 0x00000203e3b6ed10 Exception <a 'java/lang/NoSuchMethodError'{0x00000000d5a480b8}: 'java.lang.Object java.lang.invoke.DirectMethodHandle$Holder.invokeSpecial(java.lang.Object, java.lang.Object, java.lang.Object, java.lang.Object, long)'> (0x00000000d5a480b8) 
thrown [s\src\hotspot\share\interpreter\linkResolver.cpp, line 773]
Event: 5.550 Thread 0x00000203e3b6ed10 Exception <a 'java/lang/NoSuchMethodError'{0x00000000d5a4bcd8}: 'java.lang.Object java.lang.invoke.Invokers$Holder.linkToTargetMethod(java.lang.Object, java.lang.Object, long, java.lang.Object)'> (0x00000000d5a4bcd8) 
thrown [s\src\hotspot\share\interpreter\linkResolver.cpp, line 773]
Event: 5.566 Thread 0x00000203e3b6ed10 Exception <a 'java/lang/NoSuchMethodError'{0x00000000d5ac6440}: 'int java.lang.invoke.DirectMethodHandle$Holder.invokeStaticInit(java.lang.Object, java.lang.Object, java.lang.Object)'> (0x00000000d5ac6440) 
thrown [s\src\hotspot\share\interpreter\linkResolver.cpp, line 773]
Event: 5.583 Thread 0x00000203e3b6ed10 Exception <a 'java/lang/IncompatibleClassChangeError'{0x00000000d5b6d9b0}: Found class java.lang.Object, but interface was expected> (0x00000000d5b6d9b0) 
thrown [s\src\hotspot\share\interpreter\linkResolver.cpp, line 840]
Event: 5.586 Thread 0x00000203e3b6ed10 Exception <a 'java/lang/NoSuchMethodError'{0x00000000d5b7d138}: 'java.lang.Object java.lang.invoke.DirectMethodHandle$Holder.invokeSpecial(java.lang.Object, java.lang.Object, java.lang.Object, int, java.lang.Object, java.lang.Object)'> (0x00000000d5b7d138) 
thrown [s\src\hotspot\share\interpreter\linkResolver.cpp, line 773]
Event: 5.587 Thread 0x00000203e3b6ed10 Exception <a 'java/lang/NoSuchMethodError'{0x00000000d5b84b50}: 'java.lang.Object java.lang.invoke.DirectMethodHandle$Holder.newInvokeSpecial(java.lang.Object, java.lang.Object, java.lang.Object, int, java.lang.Object)'> (0x00000000d5b84b50) 
thrown [s\src\hotspot\share\interpreter\linkResolver.cpp, line 773]
Event: 5.588 Thread 0x00000203e3b6ed10 Exception <a 'java/lang/NoSuchMethodError'{0x00000000d5b88ad0}: 'java.lang.Object java.lang.invoke.DirectMethodHandle$Holder.invokeSpecial(java.lang.Object, java.lang.Object, java.lang.Object, java.lang.Object, int, java.lang.Object)'> (0x00000000d5b88ad0) 
thrown [s\src\hotspot\share\interpreter\linkResolver.cpp, line 773]
Event: 5.588 Thread 0x00000203e3b6ed10 Exception <a 'java/lang/NoSuchMethodError'{0x00000000d5b8c610}: 'java.lang.Object java.lang.invoke.Invokers$Holder.linkToTargetMethod(java.lang.Object, java.lang.Object, int, java.lang.Object, java.lang.Object)'> (0x00000000d5b8c610) 
thrown [s\src\hotspot\share\interpreter\linkResolver.cpp, line 773]
Event: 5.590 Thread 0x00000203e3a2a6d0 Exception <a 'java/lang/NoSuchMethodError'{0x00000000d5a9ddf8}: 'java.lang.Object java.lang.invoke.DirectMethodHandle$Holder.invokeSpecial(java.lang.Object, java.lang.Object, int, java.lang.Object, java.lang.Object)'> (0x00000000d5a9ddf8) 
thrown [s\src\hotspot\share\interpreter\linkResolver.cpp, line 773]
Event: 5.617 Thread 0x00000203e3b6ed10 Exception <a 'java/lang/NoSuchMethodError'{0x00000000d5c96330}: 'void java.lang.invoke.DirectMethodHandle$Holder.invokeSpecial(java.lang.Object, java.lang.Object, java.lang.Object, java.lang.Object, java.lang.Object)'> (0x00000000d5c96330) 
thrown [s\src\hotspot\share\interpreter\linkResolver.cpp, line 773]

ZGC Phase Switch (0 events):
No events

VM Operations (20 events):
Event: 3.053 Executing VM operation: HandshakeAllThreads (Deoptimize) done
Event: 3.078 Executing VM operation: HandshakeAllThreads (Deoptimize)
Event: 3.078 Executing VM operation: HandshakeAllThreads (Deoptimize) done
Event: 3.421 Executing VM operation: ParallelGCFailedAllocation (Allocation Failure)
Event: 3.430 Executing VM operation: ParallelGCFailedAllocation (Allocation Failure) done
Event: 4.263 Executing VM operation: HandshakeAllThreads (Deoptimize)
Event: 4.263 Executing VM operation: HandshakeAllThreads (Deoptimize) done
Event: 4.404 Executing VM operation: ParallelGCFailedAllocation (Allocation Failure)
Event: 4.410 Executing VM operation: ParallelGCFailedAllocation (Allocation Failure) done
Event: 5.087 Executing VM operation: HandshakeAllThreads (Deoptimize)
Event: 5.087 Executing VM operation: HandshakeAllThreads (Deoptimize) done
Event: 5.302 Executing VM operation: ParallelGCFailedAllocation (Allocation Failure)
Event: 5.310 Executing VM operation: ParallelGCFailedAllocation (Allocation Failure) done
Event: 5.358 Executing VM operation: HandshakeAllThreads (Deoptimize)
Event: 5.358 Executing VM operation: HandshakeAllThreads (Deoptimize) done
Event: 5.472 Executing VM operation: HandshakeAllThreads (Deoptimize)
Event: 5.472 Executing VM operation: HandshakeAllThreads (Deoptimize) done
Event: 5.699 Executing VM operation: HandshakeAllThreads (Deoptimize)
Event: 5.699 Executing VM operation: HandshakeAllThreads (Deoptimize) done
Event: 6.711 Executing VM operation: Cleanup

Memory protections (0 events):
No events

Nmethod flushes (0 events):
No events

Events (20 events):
Event: 0.115 Thread 0x00000203ca9c7b50 Thread added: 0x00000203caa5cfb0
Event: 0.115 Thread 0x00000203ca9c7b50 Thread added: 0x00000203ca9362e0
Event: 0.116 Thread 0x00000203ca9c7b50 Thread added: 0x00000203ca937360
Event: 0.116 Thread 0x00000203ca9c7b50 Thread added: 0x00000203ca937db0
Event: 0.116 Thread 0x00000203ca9c7b50 Thread added: 0x00000203ca93e0b0
Event: 0.116 Thread 0x00000203ca9c7b50 Thread added: 0x00000203ca93ec30
Event: 0.116 Thread 0x00000203ca9c7b50 Thread added: 0x00000203ca945580
Event: 0.116 Thread 0x00000203ca9c7b50 Thread added: 0x00000203ca94a630
Event: 0.242 Thread 0x00000203ca9c7b50 Thread added: 0x00000203e26bcf50
Event: 0.795 Thread 0x00000203ca9c7b50 Thread added: 0x00000203e28339e0
Event: 2.263 Thread 0x00000203ca9c7b50 Thread added: 0x00000203e3c44260
Event: 2.672 Thread 0x00000203ca9c7b50 Thread added: 0x00000203e3c2df00
Event: 2.769 Thread 0x00000203e3c2df00 Thread added: 0x00000203e3b49fb0
Event: 2.786 Thread 0x00000203ca9c7b50 Thread added: 0x00000203e3b6ed10
Event: 3.498 Thread 0x00000203e3b6ed10 Thread added: 0x00000203e3a28c90
Event: 4.242 Thread 0x00000203e3b6ed10 Thread added: 0x00000203e3a29320
Event: 4.759 Thread 0x00000203e3b6ed10 Thread added: 0x00000203e3a299b0
Event: 5.502 Thread 0x00000203e3b6ed10 Thread added: 0x00000203e3a2a040
Event: 5.556 Thread 0x00000203e3b6ed10 Thread added: 0x00000203e3a2a6d0
Event: 5.591 Thread 0x00000203e3b6ed10 Thread added: 0x00000203e3a27250


Dynamic libraries:
0x00007ff799a30000 - 0x00007ff799a3e000 	c:\Users\novot\.vscode\extensions\redhat.java-1.50.0-win32-x64\jre\21.0.9-win32-x86_64\bin\java.exe
0x00007ffb50ca0000 - 0x00007ffb50f07000 	C:\WINDOWS\SYSTEM32\ntdll.dll
0x00007ffb500a0000 - 0x00007ffb50169000 	C:\WINDOWS\System32\KERNEL32.DLL
0x00007ffb4e120000 - 0x00007ffb4e50f000 	C:\WINDOWS\System32\KERNELBASE.dll
0x00007ffb4e520000 - 0x00007ffb4e66b000 	C:\WINDOWS\System32\ucrtbase.dll
0x00007ffb33350000 - 0x00007ffb33368000 	c:\Users\novot\.vscode\extensions\redhat.java-1.50.0-win32-x64\jre\21.0.9-win32-x86_64\bin\jli.dll
0x00007ffb502f0000 - 0x00007ffb504b5000 	C:\WINDOWS\System32\USER32.dll
0x00007ffb4e960000 - 0x00007ffb4e987000 	C:\WINDOWS\System32\win32u.dll
0x00007ffb50c30000 - 0x00007ffb50c5b000 	C:\WINDOWS\System32\GDI32.dll
0x00007ffb4ddf0000 - 0x00007ffb4df1c000 	C:\WINDOWS\System32\gdi32full.dll
0x00007ffb4e8b0000 - 0x00007ffb4e953000 	C:\WINDOWS\System32\msvcp_win.dll
0x00007ffb2fd50000 - 0x00007ffb2ffe3000 	C:\WINDOWS\WinSxS\amd64_microsoft.windows.common-controls_6595b64144ccf1df_6.0.26100.7309_none_3e05feeae336a044\COMCTL32.dll
0x00007ffb34840000 - 0x00007ffb3485e000 	c:\Users\novot\.vscode\extensions\redhat.java-1.50.0-win32-x64\jre\21.0.9-win32-x86_64\bin\VCRUNTIME140.dll
0x00007ffb4fa30000 - 0x00007ffb4fad9000 	C:\WINDOWS\System32\msvcrt.dll
0x00007ffb4ea40000 - 0x00007ffb4ea71000 	C:\WINDOWS\System32\IMM32.DLL
0x0000000075ec0000 - 0x0000000075ecc000 	C:\Program Files (x86)\360\Total Security\safemon\SafeWrapper.dll
0x00007ffb4f860000 - 0x00007ffb4f914000 	C:\WINDOWS\System32\ADVAPI32.dll
0x00007ffb4ea80000 - 0x00007ffb4eb26000 	C:\WINDOWS\System32\sechost.dll
0x00007ffb4f180000 - 0x00007ffb4f298000 	C:\WINDOWS\System32\RPCRT4.dll
0x00007ffad5210000 - 0x00007ffad52bc000 	C:\Program Files (x86)\360\Total Security\safemon\libzdtp64.dll
0x00007ffb504c0000 - 0x00007ffb50c13000 	C:\WINDOWS\System32\SHELL32.dll
0x00007ffb4dfb0000 - 0x00007ffb4e11a000 	C:\WINDOWS\System32\wintypes.dll
0x00007ffb4edf0000 - 0x00007ffb4f175000 	C:\WINDOWS\System32\combase.dll
0x00007ffb4fae0000 - 0x00007ffb4fb46000 	C:\WINDOWS\System32\SHLWAPI.dll
0x00007ffb4d6d0000 - 0x00007ffb4d6db000 	C:\WINDOWS\SYSTEM32\VERSION.dll
0x00007ffb48cd0000 - 0x00007ffb48cdc000 	c:\Users\novot\.vscode\extensions\redhat.java-1.50.0-win32-x64\jre\21.0.9-win32-x86_64\bin\vcruntime140_1.dll
0x00007ffb0aa00000 - 0x00007ffb0aa8d000 	c:\Users\novot\.vscode\extensions\redhat.java-1.50.0-win32-x64\jre\21.0.9-win32-x86_64\bin\msvcp140.dll
0x00007ffa892f0000 - 0x00007ffa8a090000 	c:\Users\novot\.vscode\extensions\redhat.java-1.50.0-win32-x64\jre\21.0.9-win32-x86_64\bin\server\jvm.dll
0x00007ffb4f380000 - 0x00007ffb4f3f4000 	C:\WINDOWS\System32\WS2_32.dll
0x00007ffb4dc70000 - 0x00007ffb4dcce000 	C:\WINDOWS\SYSTEM32\POWRPROF.dll
0x00007ffb416b0000 - 0x00007ffb416e5000 	C:\WINDOWS\SYSTEM32\WINMM.dll
0x00007ffb4dc50000 - 0x00007ffb4dc64000 	C:\WINDOWS\SYSTEM32\UMPDC.dll
0x00007ffb4cb00000 - 0x00007ffb4cb1b000 	C:\WINDOWS\SYSTEM32\kernel.appcore.dll
0x00007ffb48ba0000 - 0x00007ffb48baa000 	c:\Users\novot\.vscode\extensions\redhat.java-1.50.0-win32-x64\jre\21.0.9-win32-x86_64\bin\jimage.dll
0x00007ffb40900000 - 0x00007ffb40b42000 	C:\WINDOWS\SYSTEM32\DBGHELP.DLL
0x00007ffb4f2a0000 - 0x00007ffb4f376000 	C:\WINDOWS\System32\OLEAUT32.dll
0x00007ffb2e7c0000 - 0x00007ffb2e7fc000 	C:\WINDOWS\SYSTEM32\dbgcore.DLL
0x00007ffb4e990000 - 0x00007ffb4ea35000 	C:\WINDOWS\System32\bcryptPrimitives.dll
0x00007ffb42090000 - 0x00007ffb4209f000 	c:\Users\novot\.vscode\extensions\redhat.java-1.50.0-win32-x64\jre\21.0.9-win32-x86_64\bin\instrument.dll
0x00007ffb35b00000 - 0x00007ffb35b20000 	c:\Users\novot\.vscode\extensions\redhat.java-1.50.0-win32-x64\jre\21.0.9-win32-x86_64\bin\java.dll
0x00007ffb4b940000 - 0x00007ffb4c19e000 	C:\WINDOWS\SYSTEM32\windows.storage.dll
0x00007ffb4ecf0000 - 0x00007ffb4ede5000 	C:\WINDOWS\System32\SHCORE.dll
0x00007ffb4dd10000 - 0x00007ffb4dd39000 	C:\WINDOWS\SYSTEM32\profapi.dll
0x00007ffb33860000 - 0x00007ffb33878000 	c:\Users\novot\.vscode\extensions\redhat.java-1.50.0-win32-x64\jre\21.0.9-win32-x86_64\bin\zip.dll
0x00007ffb34fe0000 - 0x00007ffb34ff0000 	C:\Users\novot\.vscode\extensions\redhat.java-1.50.0-win32-x64\jre\21.0.9-win32-x86_64\bin\net.dll
0x00007ffb46d50000 - 0x00007ffb46e78000 	C:\WINDOWS\SYSTEM32\WINHTTP.dll
0x00007ffb4d080000 - 0x00007ffb4d0eb000 	C:\WINDOWS\system32\mswsock.dll
0x00007ffb32ef0000 - 0x00007ffb32f06000 	C:\Users\novot\.vscode\extensions\redhat.java-1.50.0-win32-x64\jre\21.0.9-win32-x86_64\bin\nio.dll
0x00007ffb3f790000 - 0x00007ffb3f7a0000 	c:\Users\novot\.vscode\extensions\redhat.java-1.50.0-win32-x64\jre\21.0.9-win32-x86_64\bin\verify.dll
0x00007ffb0a380000 - 0x00007ffb0a3c4000 	C:\Users\novot\AppData\Roaming\Code\User\globalStorage\redhat.java\1.50.0\config_win\org.eclipse.equinox.launcher\org.eclipse.equinox.launcher.win32.win32.x86_64_1.2.1400.v20250801-0854\eclipse_11916.dll
0x00007ffb4f6a0000 - 0x00007ffb4f837000 	C:\WINDOWS\System32\ole32.dll
0x00007ffb4d360000 - 0x00007ffb4d37b000 	C:\WINDOWS\SYSTEM32\CRYPTSP.dll
0x00007ffb4ca60000 - 0x00007ffb4ca9a000 	C:\WINDOWS\system32\rsaenh.dll
0x00007ffb4d150000 - 0x00007ffb4d17b000 	C:\WINDOWS\SYSTEM32\USERENV.dll
0x00007ffb4dce0000 - 0x00007ffb4dd0a000 	C:\WINDOWS\SYSTEM32\bcrypt.dll
0x00007ffb4d380000 - 0x00007ffb4d38c000 	C:\WINDOWS\SYSTEM32\CRYPTBASE.dll
0x00007ffb4c4e0000 - 0x00007ffb4c514000 	C:\WINDOWS\SYSTEM32\IPHLPAPI.DLL
0x00007ffb4eb70000 - 0x00007ffb4eb7a000 	C:\WINDOWS\System32\NSI.dll
0x00007ffb077f0000 - 0x00007ffb07839000 	C:\Users\novot\AppData\Local\Temp\jna-105011066\jna9467056613341524996.dll
0x00007ffb4f5e0000 - 0x00007ffb4f5e8000 	C:\WINDOWS\System32\PSAPI.DLL

JVMTI agents:
c:\Users\novot\.vscode\extensions\redhat.java-1.50.0-win32-x64\lombok\lombok-1.18.39-4050.jar path:c:\Users\novot\.vscode\extensions\redhat.java-1.50.0-win32-x64\jre\21.0.9-win32-x86_64\bin\instrument.dll, loaded, initialized, instrumentlib options:none

dbghelp: loaded successfully - version: 4.0.5 - missing functions: none
symbol engine: initialized successfully - sym options: 0x614 - pdb path: .;c:\Users\novot\.vscode\extensions\redhat.java-1.50.0-win32-x64\jre\21.0.9-win32-x86_64\bin;C:\WINDOWS\SYSTEM32;C:\WINDOWS\WinSxS\amd64_microsoft.windows.common-controls_6595b64144ccf1df_6.0.26100.7309_none_3e05feeae336a044;C:\Program Files (x86)\360\Total Security\safemon;c:\Users\novot\.vscode\extensions\redhat.java-1.50.0-win32-x64\jre\21.0.9-win32-x86_64\bin\server;C:\Users\novot\AppData\Roaming\Code\User\globalStorage\redhat.java\1.50.0\config_win\org.eclipse.equinox.launcher\org.eclipse.equinox.launcher.win32.win32.x86_64_1.2.1400.v20250801-0854;C:\Users\novot\AppData\Local\Temp\jna-105011066

VM Arguments:
jvm_args: --add-modules=ALL-SYSTEM --add-opens=java.base/java.util=ALL-UNNAMED --add-opens=java.base/java.lang=ALL-UNNAMED --add-opens=java.base/sun.nio.fs=ALL-UNNAMED -Declipse.application=org.eclipse.jdt.ls.core.id1 -Dosgi.bundles.defaultStartLevel=4 -Declipse.product=org.eclipse.jdt.ls.core.product -Djava.import.generatesMetadataFilesAtProjectRoot=false -DDetectVMInstallationsJob.disabled=true -Dfile.encoding=utf8 -XX:+UseParallelGC -XX:GCTimeRatio=4 -XX:AdaptiveSizePolicyWeight=90 -Dsun.zip.disableMemoryMapping=true -Xmx2G -Xms100m -Xlog:disable -javaagent:c:\Users\novot\.vscode\extensions\redhat.java-1.50.0-win32-x64\lombok\lombok-1.18.39-4050.jar -XX:+HeapDumpOnOutOfMemoryError -XX:HeapDumpPath=c:\Users\novot\AppData\Roaming\Code\User\workspaceStorage\1b2a4e91d6455b9920cdd9397ae71b20\redhat.java -Daether.dependencyCollector.impl=bf 
java_command: c:\Users\novot\.vscode\extensions\redhat.java-1.50.0-win32-x64\server\plugins\org.eclipse.equinox.launcher_1.7.100.v20251111-0406.jar -configuration c:\Users\novot\AppData\Roaming\Code\User\globalStorage\redhat.java\1.50.0\config_win -data c:\Users\novot\AppData\Roaming\Code\User\workspaceStorage\1b2a4e91d6455b9920cdd9397ae71b20\redhat.java\jdt_ws --pipe=\\.\pipe\lsp-10641170be1a67748f20a7fbfb3d4f0d-sock
java_class_path (initial): c:\Users\novot\.vscode\extensions\redhat.java-1.50.0-win32-x64\server\plugins\org.eclipse.equinox.launcher_1.7.100.v20251111-0406.jar
Launcher Type: SUN_STANDARD

[Global flags]
    uintx AdaptiveSizePolicyWeight                 = 90                                        {product} {command line}
     intx CICompilerCount                          = 4                                         {product} {ergonomic}
    uintx GCTimeRatio                              = 4                                         {product} {command line}
     bool HeapDumpOnOutOfMemoryError               = true                                   {manageable} {command line}
    ccstr HeapDumpPath                             = c:\Users\novot\AppData\Roaming\Code\User\workspaceStorage\1b2a4e91d6455b9920cdd9397ae71b20\redhat.java         {manageable} {command line}
   size_t InitialHeapSize                          = 104857600                                 {product} {command line}
   size_t MaxHeapSize                              = 2147483648                                {product} {command line}
   size_t MaxNewSize                               = 715653120                                 {product} {ergonomic}
   size_t MinHeapDeltaBytes                        = 524288                                    {product} {ergonomic}
   size_t MinHeapSize                              = 104857600                                 {product} {command line}
   size_t NewSize                                  = 34603008                                  {product} {ergonomic}
    uintx NonNMethodCodeHeapSize                   = 5839372                                {pd product} {ergonomic}
    uintx NonProfiledCodeHeapSize                  = 122909434                              {pd product} {ergonomic}
   size_t OldSize                                  = 70254592                                  {product} {ergonomic}
    uintx ProfiledCodeHeapSize                     = 122909434                              {pd product} {ergonomic}
    uintx ReservedCodeCacheSize                    = 251658240                              {pd product} {ergonomic}
     bool SegmentedCodeCache                       = true                                      {product} {ergonomic}
   size_t SoftMaxHeapSize                          = 2147483648                             {manageable} {ergonomic}
     bool UseCompressedOops                        = true                           {product lp64_product} {ergonomic}
     bool UseLargePagesIndividualAllocation        = false                                  {pd product} {ergonomic}
     bool UseParallelGC                            = true                                      {product} {command line}

Logging:
Log output configuration:
 #0: stdout all=off uptime,level,tags foldmultilines=false
 #1: stderr all=off uptime,level,tags foldmultilines=false

Release file:
JAVA_VERSION="21.0.9" 
MODULES="java.base java.compiler java.datatransfer java.xml java.prefs java.desktop java.instrument java.logging java.management java.security.sasl java.naming java.rmi java.management.rmi java.net.http java.scripting java.security.jgss java.transaction.xa java.sql java.sql.rowset java.xml.crypto java.se java.smartcardio jdk.accessibility jdk.internal.jvmstat jdk.attach jdk.charsets jdk.internal.opt jdk.zipfs jdk.compiler jdk.crypto.ec jdk.crypto.cryptoki jdk.crypto.mscapi jdk.dynalink jdk.internal.ed jdk.editpad jdk.hotspot.agent jdk.httpserver jdk.internal.le jdk.internal.vm.ci jdk.internal.vm.compiler jdk.internal.vm.compiler.management jdk.jartool jdk.javadoc jdk.jcmd jdk.management jdk.management.agent jdk.jconsole jdk.jdeps jdk.jdwp.agent jdk.jdi jdk.jfr jdk.jshell jdk.jsobject jdk.jstatd jdk.localedata jdk.management.jfr jdk.naming.dns jdk.naming.rmi jdk.net jdk.nio.mapmode jdk.random jdk.sctp jdk.security.auth jdk.security.jgss jdk.unsupported jdk.unsupported.desktop jdk.xml.dom" 

Environment Variables:
JAVA_HOME=C:\Program Files\Java\jdk-21
PATH=D:\WINDOWS.X64_193000_db_home\bin;C:\Program Files\Common Files\Oracle\Java\javapath;C:\Program Files (x86)\VMware\VMware Workstation\bin\;C:\WINDOWS\system32;C:\WINDOWS;C:\WINDOWS\System32\Wbem;C:\WINDOWS\System32\WindowsPowerShell\v1.0\;C:\WINDOWS\System32\OpenSSH\;C:\Program Files (x86)\Microsoft SQL Server\150\DTS\Binn\;C:\Program Files\Azure Data Studio\bin;C:\Program Files\HP\HP One Agent;C:\Program Files (x86)\Microsoft SQL Server\160\Tools\Binn\;C:\Program Files\Microsoft SQL Server\160\Tools\Binn\;C:\Program Files\Microsoft SQL Server\Client SDK\ODBC\170\Tools\Binn\;C:\Program Files\Microsoft SQL Server\160\DTS\Binn\;C:\Program Files\Java\jdk-21\bin;C:\Program Files\Git\cmd;C:\Program Files\Microsoft SQL Server\170\Tools\Binn\;C:\ProgramData\chocolatey\bin;C:\Program Files\Microsoft SQL Server\130\DTS\Binn\;C:\Program Files\Microsoft SQL Server\140\DTS\Binn\;C:\Program Files\Microsoft SQL Server\150\DTS\Binn\;C:\Program Files\Microsoft SQL Server\170\DTS\Binn\;C:\Program Files\nodejs\;C:\Program Files\Java\jdk-21\bin;C:\Users\novot\AppData\Local\Programs\Python\Python314\Scripts\;C:\Users\novot\AppData\Local\Programs\Python\Python314\;C:\Users\novot\AppData\Local\Microsoft\WindowsApps;C:\Program Files\Azure Data Studio\bin;C:\Users\novot\AppData\Local\Programs\Microsoft VS Code\bin;C:\Program Files\JetBrains\IntelliJ IDEA Community Edition 2025.2\bin;D:\WINDOWS.X64_193000_db_home\bin\;C:\flutter\bin;C:\Users\novot\AppData\Roaming\npm
USERNAME=novot
OS=Windows_NT
PROCESSOR_IDENTIFIER=AMD64 Family 25 Model 68 Stepping 1, AuthenticAMD
TMP=C:\Users\novot\AppData\Local\Temp
TEMP=C:\Users\novot\AppData\Local\Temp




Periodic native trim disabled

---------------  S Y S T E M  ---------------

OS:
 Windows 11 , 64 bit Build 26100 (10.0.26100.7309)
OS uptime: 10 days 10:54 hours
Hyper-V role detected

CPU: total 12 (initial active 12) (12 cores per cpu, 2 threads per core) family 25 model 68 stepping 1 microcode 0xa404107, cx8, cmov, fxsr, ht, mmx, 3dnowpref, sse, sse2, sse3, ssse3, sse4a, sse4.1, sse4.2, popcnt, lzcnt, tsc, tscinvbit, avx, avx2, aes, erms, clmul, bmi1, bmi2, adx, sha, fma, vzeroupper, clflush, clflushopt, hv, rdtscp, rdpid, fsrm, f16c, cet_ss
Processor Information for the first 12 processors :
  Max Mhz: 3301, Current Mhz: 2496, Mhz Limit: 3301

Memory: 4k page, system-wide physical 7381M (646M free)
TotalPageFile size 29909M (AvailPageFile size 335M)
current process WorkingSet (physical memory assigned to process): 130M, peak: 136M
current process commit charge ("private bytes"): 280M, peak: 283M

vm_info: OpenJDK 64-Bit Server VM (21.0.9+10-LTS) for windows-amd64 JRE (21.0.9+10-LTS), built on 2025-10-21T00:00:00Z by "admin" with unknown MS VC++:1942

END.
