#
# There is insufficient memory for the Java Runtime Environment to continue.
# Native memory allocation (mmap) failed to map 65536 bytes. Error detail: Failed to commit metaspace.
# Possible reasons:
#   The system is out of physical RAM or swap space
#   This process is running with CompressedOops enabled, and the Java Heap may be blocking the growth of the native heap
# Possible solutions:
#   Reduce memory load on the system
#   Increase physical memory or swap space
#   Check if swap backing store is full
#   Decrease Java heap size (-Xmx/-Xms)
#   Decrease number of Java threads
#   Decrease Java thread stack sizes (-Xss)
#   Set larger code cache with -XX:ReservedCodeCacheSize=
#   JVM is running with Unscaled Compressed Oops mode in which the Java heap is
#     placed in the first 4GB address space. The Java Heap base address is the
#     maximum limit for the native heap growth. Please use -XX:HeapBaseMinAddress
#     to set the Java Heap base and to place the Java Heap above 4GB virtual address.
# This output file may be truncated or incomplete.
#
#  Out of Memory Error (virtualSpaceNode.cpp:113), pid=37148, tid=27672
#
# JRE version: OpenJDK Runtime Environment Temurin-21.0.9+10 (21.0.9+10) (build 21.0.9+10-LTS)
# Java VM: OpenJDK 64-Bit Server VM Temurin-21.0.9+10 (21.0.9+10-LTS, mixed mode, sharing, tiered, compressed oops, compressed class ptrs, parallel gc, windows-amd64)
# No core dump will be written. Minidumps are not enabled by default on client versions of Windows
#

---------------  S U M M A R Y ------------

Command Line: --add-modules=ALL-SYSTEM --add-opens=java.base/java.util=ALL-UNNAMED --add-opens=java.base/java.lang=ALL-UNNAMED --add-opens=java.base/sun.nio.fs=ALL-UNNAMED -Declipse.application=org.eclipse.jdt.ls.core.id1 -Dosgi.bundles.defaultStartLevel=4 -Declipse.product=org.eclipse.jdt.ls.core.product -Djava.import.generatesMetadataFilesAtProjectRoot=false -DDetectVMInstallationsJob.disabled=true -Dfile.encoding=utf8 -XX:+UseParallelGC -XX:GCTimeRatio=4 -XX:AdaptiveSizePolicyWeight=90 -Dsun.zip.disableMemoryMapping=true -Xmx2G -Xms100m -Xlog:disable -javaagent:c:\Users\novot\.vscode\extensions\redhat.java-1.50.0-win32-x64\lombok\lombok-1.18.39-4050.jar -XX:+HeapDumpOnOutOfMemoryError -XX:HeapDumpPath=c:\Users\novot\AppData\Roaming\Code\User\workspaceStorage\1b2a4e91d6455b9920cdd9397ae71b20\redhat.java -Daether.dependencyCollector.impl=bf c:\Users\novot\.vscode\extensions\redhat.java-1.50.0-win32-x64\server\plugins\org.eclipse.equinox.launcher_1.7.100.v20251111-0406.jar -configuration c:\Users\novot\AppData\Roaming\Code\User\globalStorage\redhat.java\1.50.0\config_win -data c:\Users\novot\AppData\Roaming\Code\User\workspaceStorage\1b2a4e91d6455b9920cdd9397ae71b20\redhat.java\jdt_ws --pipe=\\.\pipe\lsp-6fec7a45796d042386d4e20e56b55ac9-sock

Host: AMD Ryzen 5 7535HS with Radeon Graphics        , 12 cores, 7G,  Windows 11 , 64 bit Build 26100 (10.0.26100.7309)
Time: Tue Dec 30 20:20:24 2025 Greenwich Standard Time elapsed time: 5.460916 seconds (0d 0h 0m 5s)

---------------  T H R E A D  ---------------

Current thread (0x000001e693115f30):  JavaThread "main"             [_thread_in_vm, id=27672, stack(0x00000003c3500000,0x00000003c3600000) (1024K)]

Stack: [0x00000003c3500000,0x00000003c3600000]
Native frames: (J=compiled Java code, j=interpreted, Vv=VM code, C=native code)
V  [jvm.dll+0x6d6e29]
V  [jvm.dll+0x8b4b76]
V  [jvm.dll+0x8b712e]
V  [jvm.dll+0x8b7813]
V  [jvm.dll+0x283d86]
V  [jvm.dll+0x8b08be]
V  [jvm.dll+0x678824]
V  [jvm.dll+0x67888a]
V  [jvm.dll+0x67b086]
V  [jvm.dll+0x67af52]
V  [jvm.dll+0x6791fe]
V  [jvm.dll+0x683568]
V  [jvm.dll+0x21937e]
V  [jvm.dll+0x219825]
V  [jvm.dll+0x21a218]
V  [jvm.dll+0x20f44e]
V  [jvm.dll+0x5b5a0f]
V  [jvm.dll+0x2210ce]
V  [jvm.dll+0x82d53d]
V  [jvm.dll+0x82e56b]
V  [jvm.dll+0x82ed50]
V  [jvm.dll+0x21a61b]
V  [jvm.dll+0x20f467]
V  [jvm.dll+0x5b5a0f]
V  [jvm.dll+0x2210ce]
V  [jvm.dll+0x82d53d]
V  [jvm.dll+0x82e56b]
V  [jvm.dll+0x82ed50]
V  [jvm.dll+0x21a61b]
V  [jvm.dll+0x20f467]
V  [jvm.dll+0x5b5a0f]
V  [jvm.dll+0x2210ce]
V  [jvm.dll+0x82d53d]
V  [jvm.dll+0x82e56b]
V  [jvm.dll+0x82eb34]
V  [jvm.dll+0x82e7c8]
V  [jvm.dll+0x2716ad]
V  [jvm.dll+0x3dc74e]
C  0x000001e69f0f925f

The last pc belongs to new (printed below).
Java frames: (J=compiled Java code, j=interpreted, Vv=VM code)
j  jdk.internal.logger.LazyLoggers.getLazyLogger(Ljava/lang/String;Ljava/lang/Module;)Ljava/lang/System$Logger;+8 java.base@21.0.9
j  jdk.internal.logger.LazyLoggers.getLogger(Ljava/lang/String;Ljava/lang/Module;)Ljava/lang/System$Logger;+9 java.base@21.0.9
j  java.lang.System.getLogger(Ljava/lang/String;)Ljava/lang/System$Logger;+29 java.base@21.0.9
j  jdk.internal.event.EventHelper.isLoggingSecurity()Z+31 java.base@21.0.9
j  sun.security.jca.JCAUtil.tryCommitCertEvent(Ljava/security/cert/Certificate;)V+6 java.base@21.0.9
j  java.security.cert.CertificateFactory.generateCertificate(Ljava/io/InputStream;)Ljava/security/cert/Certificate;+10 java.base@21.0.9
j  sun.security.pkcs.PKCS7.parseSignedData(Lsun/security/util/DerValue;)V+279 java.base@21.0.9
j  sun.security.pkcs.PKCS7.parse(Lsun/security/util/DerInputStream;Z)V+51 java.base@21.0.9
j  sun.security.pkcs.PKCS7.parse(Lsun/security/util/DerInputStream;)V+11 java.base@21.0.9
j  sun.security.pkcs.PKCS7.<init>([B)V+50 java.base@21.0.9
j  sun.security.util.SignatureFileVerifier.<init>(Ljava/util/ArrayList;Lsun/security/util/ManifestDigester;Ljava/lang/String;[B)V+35 java.base@21.0.9
j  java.util.jar.JarVerifier.processEntry(Lsun/security/util/ManifestEntryVerifier;)V+319 java.base@21.0.9
j  java.util.jar.JarVerifier.update(I[BIILsun/security/util/ManifestEntryVerifier;)V+39 java.base@21.0.9
j  java.util.jar.JarFile.initializeVerifier()V+164 java.base@21.0.9
j  java.util.jar.JarFile.getInputStream(Ljava/util/zip/ZipEntry;)Ljava/io/InputStream;+33 java.base@21.0.9
j  sun.net.www.protocol.jar.JarURLConnection.getInputStream()Ljava/io/InputStream;+87 java.base@21.0.9
j  java.net.URLClassLoader.getResourceAsStream(Ljava/lang/String;)Ljava/io/InputStream;+23 java.base@21.0.9
j  java.lang.Class.getResourceAsStream(Ljava/lang/String;)Ljava/io/InputStream;+123 java.base@21.0.9
j  org.eclipse.osgi.internal.framework.AliasMapper.getTables(Ljava/lang/String;Ljava/util/Map;Ljava/util/Map;)V+3
j  org.eclipse.osgi.internal.framework.AliasMapper.<clinit>()V+48
v  ~StubRoutines::call_stub 0x000001e69f0e100d
j  org.eclipse.osgi.internal.framework.EquinoxConfiguration.<init>(Ljava/util/Map;Lorg/eclipse/osgi/internal/hookregistry/HookRegistry;)V+5
j  org.eclipse.osgi.internal.framework.EquinoxContainer.<init>(Ljava/util/Map;Lorg/osgi/framework/connect/ModuleConnector;)V+82
j  org.eclipse.osgi.launch.Equinox.<init>(Ljava/util/Map;Lorg/osgi/framework/connect/ModuleConnector;)V+10
j  org.eclipse.osgi.launch.Equinox.<init>(Ljava/util/Map;)V+3
j  org.eclipse.core.runtime.adaptor.EclipseStarter.startup([Ljava/lang/String;Ljava/lang/Runnable;)Lorg/osgi/framework/BundleContext;+28
j  org.eclipse.core.runtime.adaptor.EclipseStarter.run([Ljava/lang/String;Ljava/lang/Runnable;)Ljava/lang/Object;+21
j  java.lang.invoke.DirectMethodHandle$Holder.invokeStatic(Ljava/lang/Object;Ljava/lang/Object;Ljava/lang/Object;)Ljava/lang/Object;+11 java.base@21.0.9
j  java.lang.invoke.LambdaForm$MH+0x000001e6ad08a800.invoke(Ljava/lang/Object;Ljava/lang/Object;Ljava/lang/Object;Ljava/lang/Object;)Ljava/lang/Object;+54 java.base@21.0.9
j  java.lang.invoke.LambdaForm$MH+0x000001e6ad002c00.invokeExact_MT(Ljava/lang/Object;Ljava/lang/Object;Ljava/lang/Object;Ljava/lang/Object;Ljava/lang/Object;)Ljava/lang/Object;+22 java.base@21.0.9
j  jdk.internal.reflect.DirectMethodHandleAccessor.invokeImpl(Ljava/lang/Object;[Ljava/lang/Object;)Ljava/lang/Object;+72 java.base@21.0.9
j  jdk.internal.reflect.DirectMethodHandleAccessor.invoke(Ljava/lang/Object;[Ljava/lang/Object;)Ljava/lang/Object;+23 java.base@21.0.9
j  java.lang.reflect.Method.invoke(Ljava/lang/Object;[Ljava/lang/Object;)Ljava/lang/Object;+102 java.base@21.0.9
j  org.eclipse.equinox.launcher.Main.invokeFramework([Ljava/lang/String;[Ljava/net/URL;)V+155
j  org.eclipse.equinox.launcher.Main.basicRun([Ljava/lang/String;)V+191
j  org.eclipse.equinox.launcher.Main.run([Ljava/lang/String;)I+4
j  org.eclipse.equinox.launcher.Main.main([Ljava/lang/String;)V+10
v  ~StubRoutines::call_stub 0x000001e69f0e100d
new  187 new  [0x000001e69f0f90e0, 0x000001e69f0f92e8]  520 bytes
[MachCode]
  0x000001e69f0f90e0: 4883 ec08 | c5fa 1104 | 24eb 1f48 | 83ec 10c5 | fb11 0424 | eb14 4883 | ec10 4889 | 0424 48c7 
  0x000001e69f0f9100: 4424 0800 | 0000 00eb | 0150 410f | b755 010f | cac1 ea10 | 488b 4de8 | 488b 4908 | 488b 4908 
  0x000001e69f0f9120: 488b 4108 | 807c 1004 | 070f 85d3 | 0000 0066 | 8b54 d148 | 488b 4928 | 488b 4cd1 | 0851 80b9 
  0x000001e69f0f9140: 3101 0000 | 040f 85b6 | 0000 008b | 5108 f6c2 | 010f 85aa | 0000 0049 | 8b87 b801 | 0000 488d 
  0x000001e69f0f9160: 1c10 493b | 9fc8 0100 | 000f 8792 | 0000 0049 | 899f b801 | 0000 4883 | ea10 0f84 | 0f00 0000 
  0x000001e69f0f9180: 33c9 c1ea | 0348 894c | d008 48ff | ca75 f648 | c700 0100 | 0000 5933 | f689 700c | 49ba 0000 
  0x000001e69f0f91a0: 00ac e601 | 0000 492b | ca89 4808 | 49ba d84d | 0988 fa7f | 0000 4180 | 3a00 0f84 | 3c00 0000 
  0x000001e69f0f91c0: 5048 8bc8 | 4883 ec20 | 40f6 c40f | 0f84 1900 | 0000 4883 | ec08 48b8 | 80d5 b287 | fa7f 0000 
  0x000001e69f0f91e0: ffd0 4883 | c408 e90c | 0000 0048 | b880 d5b2 | 87fa 7f00 | 00ff d048 | 83c4 2058 | e9cb 0000 
  0x000001e69f0f9200: 0059 488b | 55e8 488b | 5208 488b | 5208 450f | b745 0141 | 0fc8 41c1 | e810 e805 | 0000 00e9 
  0x000001e69f0f9220: a800 0000 | 488d 4424 | 084c 896d | c049 8bcf | c5f8 7749 | 89af a803 | 0000 4989 | 8798 0300 
  0x000001e69f0f9240: 0048 83ec | 2040 f6c4 | 0f0f 8419 | 0000 0048 | 83ec 0848 | b800 c77c | 87fa 7f00 | 00ff d048 
  0x000001e69f0f9260: 83c4 08e9 | 0c00 0000 | 48b8 00c7 | 7c87 fa7f | 0000 ffd0 | 4883 c420 | 49c7 8798 | 0300 0000 
  0x000001e69f0f9280: 0000 0049 | c787 a803 | 0000 0000 | 0000 49c7 | 87a0 0300 | 0000 0000 | 00c5 f877 | 4983 7f08 
  0x000001e69f0f92a0: 000f 8405 | 0000 00e9 | 547c feff | 498b 87f0 | 0300 0049 | c787 f003 | 0000 0000 | 0000 4c8b 
  0x000001e69f0f92c0: 6dc0 4c8b | 75c8 4e8d | 74f5 00c3 | 410f b65d | 0349 83c5 | 0349 ba30 | 150c 88fa | 7f00 0041 
  0x000001e69f0f92e0: ff24 da0f | 1f44 0000 
[/MachCode]

---------------  P R O C E S S  ---------------

Threads class SMR info:
_java_thread_list=0x000001e6ee02a940, length=11, elements={
0x000001e693115f30, 0x000001e6aba64fd0, 0x000001e6aba67c60, 0x000001e6aba696f0,
0x000001e6aba6a080, 0x000001e6aba70cb0, 0x000001e6aba71590, 0x000001e6aba77060,
0x000001e6aba7bbc0, 0x000001e6ededd170, 0x000001e6ee0b9550
}

Java Threads: ( => current thread )
=>0x000001e693115f30 JavaThread "main"                              [_thread_in_vm, id=27672, stack(0x00000003c3500000,0x00000003c3600000) (1024K)]
  0x000001e6aba64fd0 JavaThread "Reference Handler"          daemon [_thread_blocked, id=28444, stack(0x00000003c3900000,0x00000003c3a00000) (1024K)]
  0x000001e6aba67c60 JavaThread "Finalizer"                  daemon [_thread_blocked, id=35524, stack(0x00000003c3a00000,0x00000003c3b00000) (1024K)]
  0x000001e6aba696f0 JavaThread "Signal Dispatcher"          daemon [_thread_blocked, id=37900, stack(0x00000003c3b00000,0x00000003c3c00000) (1024K)]
  0x000001e6aba6a080 JavaThread "Attach Listener"            daemon [_thread_blocked, id=15744, stack(0x00000003c3c00000,0x00000003c3d00000) (1024K)]
  0x000001e6aba70cb0 JavaThread "Service Thread"             daemon [_thread_blocked, id=28216, stack(0x00000003c3d00000,0x00000003c3e00000) (1024K)]
  0x000001e6aba71590 JavaThread "Monitor Deflation Thread"   daemon [_thread_blocked, id=38724, stack(0x00000003c3e00000,0x00000003c3f00000) (1024K)]
  0x000001e6aba77060 JavaThread "C2 CompilerThread0"         daemon [_thread_blocked, id=31776, stack(0x00000003c3f00000,0x00000003c4000000) (1024K)]
  0x000001e6aba7bbc0 JavaThread "C1 CompilerThread0"         daemon [_thread_blocked, id=22732, stack(0x00000003c4000000,0x00000003c4100000) (1024K)]
  0x000001e6ededd170 JavaThread "Common-Cleaner"             daemon [_thread_blocked, id=12068, stack(0x00000003c4100000,0x00000003c4200000) (1024K)]
  0x000001e6ee0b9550 JavaThread "Notification Thread"        daemon [_thread_blocked, id=35608, stack(0x00000003c4200000,0x00000003c4300000) (1024K)]
Total: 11

Other Threads:
  0x000001e6edd02960 VMThread "VM Thread"                           [id=13620, stack(0x00000003c3800000,0x00000003c3900000) (1024K)] _threads_hazard_ptr=0x000001e6ee02a940
  0x000001e6ab95ca00 WatcherThread "VM Periodic Task Thread"        [id=35532, stack(0x00000003c3700000,0x00000003c3800000) (1024K)]
  0x000001e6931365b0 WorkerThread "GC Thread#0"                     [id=39192, stack(0x00000003c3600000,0x00000003c3700000) (1024K)]
Total: 3

Threads with active compile tasks:
C2 CompilerThread0  5568 1047   !   4       java.util.jar.Attributes::read (494 bytes)
Total: 1

VM state: synchronizing (normal execution)

VM Mutex/Monitor currently owned by a thread:  ([mutex/lock_event])
[0x00007ffa880ab4f0] Metaspace_lock - owner thread: 0x000001e693115f30
[0x00007ffa880ad570] Threads_lock - owner thread: 0x000001e6edd02960

Heap address: 0x0000000080000000, size: 2048 MB, Compressed Oops mode: 32-bit

CDS archive(s) mapped at: [0x000001e6ac000000-0x000001e6acba0000-0x000001e6acba0000), size 12189696, SharedBaseAddress: 0x000001e6ac000000, ArchiveRelocationMode: 1.
Compressed class space mapped at: 0x000001e6ad000000-0x000001e6ed000000, reserved size: 1073741824
Narrow klass base: 0x000001e6ac000000, Narrow klass shift: 0, Narrow klass range: 0x100000000

GC Precious Log:
 CardTable entry size: 512
 CPUs: 12 total, 12 available
 Memory: 7381M
 Large Page Support: Disabled
 NUMA Support: Disabled
 Compressed Oops: Enabled (32-bit)
 Alignments: Space 512K, Generation 512K, Heap 2M
 Heap Min Capacity: 100M
 Heap Initial Capacity: 100M
 Heap Max Capacity: 2G
 Pre-touch: Disabled
 Parallel Workers: 10

Heap:
 PSYoungGen      total 29696K, used 24240K [0x00000000d5580000, 0x00000000d7680000, 0x0000000100000000)
  eden space 25600K, 94% used [0x00000000d5580000,0x00000000d6d2c090,0x00000000d6e80000)
  from space 4096K, 0% used [0x00000000d7280000,0x00000000d7280000,0x00000000d7680000)
  to   space 4096K, 0% used [0x00000000d6e80000,0x00000000d6e80000,0x00000000d7280000)
 ParOldGen       total 68608K, used 0K [0x0000000080000000, 0x0000000084300000, 0x00000000d5580000)
  object space 68608K, 0% used [0x0000000080000000,0x0000000080000000,0x0000000084300000)
 Metaspace       used 4109K, committed 4352K, reserved 1114112K
  class space    used 454K, committed 576K, reserved 1048576K

Card table byte_map: [0x000001e6a6d90000,0x000001e6a71a0000] _byte_map_base: 0x000001e6a6990000

Marking Bits: (ParMarkBitMap*) 0x00007ffa880b2460
 Begin Bits: [0x000001e6a7450000, 0x000001e6a9450000)
 End Bits:   [0x000001e6a9450000, 0x000001e6ab450000)

Polling page: 0x000001e693060000

Metaspace:

Usage:
  Non-class:      3.57 MB used.
      Class:    454.09 KB used.
       Both:      4.01 MB used.

Virtual space:
  Non-class space:       64.00 MB reserved,       3.69 MB (  6%) committed,  1 nodes.
      Class space:        1.00 GB reserved,     576.00 KB ( <1%) committed,  1 nodes.
             Both:        1.06 GB reserved,       4.25 MB ( <1%) committed. 

Chunk freelists:
   Non-Class:  11.22 MB
       Class:  15.44 MB
        Both:  26.66 MB

MaxMetaspaceSize: unlimited
CompressedClassSpaceSize: 1.00 GB
Initial GC threshold: 21.00 MB
Current GC threshold: 21.00 MB
CDS: on
 - commit_granule_bytes: 65536.
 - commit_granule_words: 8192.
 - virtual_space_node_default_size: 8388608.
 - enlarge_chunks_in_place: 1.
 - use_allocation_guard: 0.


Internal statistics:

num_allocs_failed_limit: 0.
num_arena_births: 184.
num_arena_deaths: 0.
num_vsnodes_births: 2.
num_vsnodes_deaths: 0.
num_space_committed: 68.
num_space_uncommitted: 0.
num_chunks_returned_to_freelist: 0.
num_chunks_taken_from_freelist: 247.
num_chunk_merges: 0.
num_chunk_splits: 157.
num_chunks_enlarged: 89.
num_inconsistent_stats: 0.

CodeHeap 'non-profiled nmethods': size=120000Kb used=376Kb max_used=376Kb free=119623Kb
 bounds [0x000001e69f680000, 0x000001e69f8f0000, 0x000001e6a6bb0000]
CodeHeap 'profiled nmethods': size=120000Kb used=1711Kb max_used=1711Kb free=118288Kb
 bounds [0x000001e697bb0000, 0x000001e697e20000, 0x000001e69f0e0000]
CodeHeap 'non-nmethods': size=5760Kb used=1191Kb max_used=1208Kb free=4568Kb
 bounds [0x000001e69f0e0000, 0x000001e69f350000, 0x000001e69f680000]
CodeCache: size=245760Kb, used=3278Kb, max_used=3295Kb, free=242479Kb
 total_blobs=1510, nmethods=1059, adapters=358, full_count=0
Compilation: enabled, stopped_count=0, restarted_count=0

Compilation events (20 events):
Event: 3.422 Thread 0x000001e6aba7bbc0 1060       3       java.util.LinkedHashMap$LinkedEntryIterator::<init> (7 bytes)
Event: 3.423 Thread 0x000001e6aba7bbc0 nmethod 1060 0x000001e697d58f10 code [0x000001e697d590c0, 0x000001e697d591f8]
Event: 3.423 Thread 0x000001e6aba7bbc0 1061       3       java.util.LinkedHashMap::<init> (21 bytes)
Event: 3.423 Thread 0x000001e6aba7bbc0 nmethod 1061 0x000001e697d59290 code [0x000001e697d59460, 0x000001e697d596d0]
Event: 3.423 Thread 0x000001e6aba7bbc0 1055       3       java.util.jar.Attributes::entrySet (10 bytes)
Event: 3.423 Thread 0x000001e6aba7bbc0 nmethod 1055 0x000001e697d59810 code [0x000001e697d599c0, 0x000001e697d59b98]
Event: 3.423 Thread 0x000001e6aba7bbc0 1056       3       java.util.LinkedHashMap::entrySet (5 bytes)
Event: 3.423 Thread 0x000001e6aba7bbc0 nmethod 1056 0x000001e697d59c90 code [0x000001e697d59e40, 0x000001e697d59f80]
Event: 3.423 Thread 0x000001e6aba7bbc0 1057       3       java.util.LinkedHashMap::sequencedEntrySet (31 bytes)
Event: 3.424 Thread 0x000001e6aba7bbc0 nmethod 1057 0x000001e697d5a010 code [0x000001e697d5a1e0, 0x000001e697d5a658]
Event: 3.424 Thread 0x000001e6aba7bbc0 1058       3       java.util.LinkedHashMap$LinkedEntrySet::<init> (15 bytes)
Event: 3.424 Thread 0x000001e6aba7bbc0 nmethod 1058 0x000001e697d5a810 code [0x000001e697d5a9c0, 0x000001e697d5ac08]
Event: 3.424 Thread 0x000001e6aba7bbc0 1062       3       java.util.jar.Attributes::clone (9 bytes)
Event: 3.425 Thread 0x000001e6aba7bbc0 nmethod 1062 0x000001e697d5ad10 code [0x000001e697d5af00, 0x000001e697d5b388]
Event: 3.425 Thread 0x000001e6aba7bbc0 1063       3       java.util.jar.Attributes::<init> (17 bytes)
Event: 3.425 Thread 0x000001e6aba7bbc0 nmethod 1063 0x000001e697d5b590 code [0x000001e697d5b760, 0x000001e697d5bb30]
Event: 3.427 Thread 0x000001e6aba77060 nmethod 1045 0x000001e69f6dd010 code [0x000001e69f6dd1e0, 0x000001e69f6dd808]
Event: 3.427 Thread 0x000001e6aba77060 1064       4       sun.security.util.ManifestDigester::findSection (181 bytes)
Event: 3.432 Thread 0x000001e6aba77060 nmethod 1064 0x000001e69f6ddb10 code [0x000001e69f6ddcc0, 0x000001e69f6ddfd0]
Event: 3.432 Thread 0x000001e6aba77060 1047   !   4       java.util.jar.Attributes::read (494 bytes)

GC Heap History (0 events):
No events

Dll operation events (8 events):
Event: 0.020 Loaded shared library c:\Users\novot\.vscode\extensions\redhat.java-1.50.0-win32-x64\jre\21.0.9-win32-x86_64\bin\java.dll
Event: 1.158 Loaded shared library c:\Users\novot\.vscode\extensions\redhat.java-1.50.0-win32-x64\jre\21.0.9-win32-x86_64\bin\zip.dll
Event: 1.204 Loaded shared library C:\Users\novot\.vscode\extensions\redhat.java-1.50.0-win32-x64\jre\21.0.9-win32-x86_64\bin\instrument.dll
Event: 1.214 Loaded shared library C:\Users\novot\.vscode\extensions\redhat.java-1.50.0-win32-x64\jre\21.0.9-win32-x86_64\bin\net.dll
Event: 1.220 Loaded shared library C:\Users\novot\.vscode\extensions\redhat.java-1.50.0-win32-x64\jre\21.0.9-win32-x86_64\bin\nio.dll
Event: 1.227 Loaded shared library C:\Users\novot\.vscode\extensions\redhat.java-1.50.0-win32-x64\jre\21.0.9-win32-x86_64\bin\zip.dll
Event: 1.266 Loaded shared library C:\Users\novot\.vscode\extensions\redhat.java-1.50.0-win32-x64\jre\21.0.9-win32-x86_64\bin\jimage.dll
Event: 1.417 Loaded shared library c:\Users\novot\.vscode\extensions\redhat.java-1.50.0-win32-x64\jre\21.0.9-win32-x86_64\bin\verify.dll

Deoptimization events (20 events):
Event: 3.426 Thread 0x000001e693115f30 DEOPT PACKING pc=0x000001e697d28bb1 sp=0x00000003c35fdd30
Event: 3.426 Thread 0x000001e693115f30 DEOPT UNPACKING pc=0x000001e69f134242 sp=0x00000003c35fd1a8 mode 0
Event: 3.426 Thread 0x000001e693115f30 DEOPT PACKING pc=0x000001e697d28bb1 sp=0x00000003c35fdd30
Event: 3.426 Thread 0x000001e693115f30 DEOPT UNPACKING pc=0x000001e69f134242 sp=0x00000003c35fd1a8 mode 0
Event: 3.426 Thread 0x000001e693115f30 DEOPT PACKING pc=0x000001e697d28bb1 sp=0x00000003c35fdd30
Event: 3.426 Thread 0x000001e693115f30 DEOPT UNPACKING pc=0x000001e69f134242 sp=0x00000003c35fd1a8 mode 0
Event: 3.427 Thread 0x000001e693115f30 DEOPT PACKING pc=0x000001e697d28bb1 sp=0x00000003c35fdd30
Event: 3.427 Thread 0x000001e693115f30 DEOPT UNPACKING pc=0x000001e69f134242 sp=0x00000003c35fd1a8 mode 0
Event: 3.427 Thread 0x000001e693115f30 DEOPT PACKING pc=0x000001e697d28bb1 sp=0x00000003c35fdd30
Event: 3.427 Thread 0x000001e693115f30 DEOPT UNPACKING pc=0x000001e69f134242 sp=0x00000003c35fd1a8 mode 0
Event: 3.427 Thread 0x000001e693115f30 DEOPT PACKING pc=0x000001e697d28bb1 sp=0x00000003c35fdd30
Event: 3.427 Thread 0x000001e693115f30 DEOPT UNPACKING pc=0x000001e69f134242 sp=0x00000003c35fd1a8 mode 0
Event: 3.427 Thread 0x000001e693115f30 DEOPT PACKING pc=0x000001e697d28bb1 sp=0x00000003c35fdd30
Event: 3.427 Thread 0x000001e693115f30 DEOPT UNPACKING pc=0x000001e69f134242 sp=0x00000003c35fd1a8 mode 0
Event: 3.428 Thread 0x000001e693115f30 DEOPT PACKING pc=0x000001e697d28bb1 sp=0x00000003c35fdd30
Event: 3.428 Thread 0x000001e693115f30 DEOPT UNPACKING pc=0x000001e69f134242 sp=0x00000003c35fd1a8 mode 0
Event: 3.428 Thread 0x000001e693115f30 DEOPT PACKING pc=0x000001e697d28bb1 sp=0x00000003c35fdd30
Event: 3.428 Thread 0x000001e693115f30 DEOPT UNPACKING pc=0x000001e69f134242 sp=0x00000003c35fd1a8 mode 0
Event: 3.428 Thread 0x000001e693115f30 DEOPT PACKING pc=0x000001e697d28bb1 sp=0x00000003c35fdd30
Event: 3.428 Thread 0x000001e693115f30 DEOPT UNPACKING pc=0x000001e69f134242 sp=0x00000003c35fd1a8 mode 0

Classes loaded (20 events):
Event: 3.375 Loading class jdk/internal/org/objectweb/asm/Edge done
Event: 3.377 Loading class java/lang/reflect/Proxy$ProxyBuilder$1
Event: 3.377 Loading class java/lang/reflect/Proxy$ProxyBuilder$1 done
Event: 3.378 Loading class java/lang/annotation/Target
Event: 3.378 Loading class java/lang/annotation/Target done
Event: 3.395 Loading class java/util/NoSuchElementException
Event: 3.396 Loading class java/util/NoSuchElementException done
Event: 3.409 Loading class java/net/URLClassLoader$2
Event: 3.409 Loading class java/net/URLClassLoader$2 done
Event: 3.429 Loading class jdk/internal/event/EventHelper$ThreadTrackHolder
Event: 3.429 Loading class jdk/internal/event/EventHelper$ThreadTrackHolder done
Event: 3.429 Loading class jdk/internal/logger/LazyLoggers
Event: 3.430 Loading class jdk/internal/logger/LazyLoggers done
Event: 3.430 Loading class jdk/internal/logger/LazyLoggers$1
Event: 3.430 Loading class jdk/internal/logger/LazyLoggers$1 done
Event: 3.430 Loading class jdk/internal/logger/LazyLoggers$LazyLoggerFactories
Event: 3.430 Loading class jdk/internal/logger/LazyLoggers$LazyLoggerFactories done
Event: 3.434 Loading class jdk/internal/logger/LazyLoggers$JdkLazyLogger
Event: 3.434 Loading class jdk/internal/logger/LazyLoggers$LazyLoggerWrapper
Event: 3.434 Loading class jdk/internal/logger/AbstractLoggerWrapper

Classes unloaded (0 events):
No events

Classes redefined (0 events):
No events

Internal exceptions (20 events):
Event: 1.346 Thread 0x000001e693115f30 Exception <a 'java/lang/NoSuchMethodError'{0x00000000d59f89f8}: 'int java.lang.invoke.DirectMethodHandle$Holder.invokeSpecial(java.lang.Object, java.lang.Object, java.lang.Object)'> (0x00000000d59f89f8) 
thrown [s\src\hotspot\share\interpreter\linkResolver.cpp, line 773]
Event: 1.350 Thread 0x000001e693115f30 Exception <a 'java/lang/NoSuchMethodError'{0x00000000d5a046b8}: 'java.lang.Object java.lang.invoke.DirectMethodHandle$Holder.invokeStatic(java.lang.Object, java.lang.Object, int)'> (0x00000000d5a046b8) 
thrown [s\src\hotspot\share\interpreter\linkResolver.cpp, line 773]
Event: 1.351 Thread 0x000001e693115f30 Exception <a 'java/lang/NoSuchMethodError'{0x00000000d5a09008}: 'void java.lang.invoke.DirectMethodHandle$Holder.invokeStatic(java.lang.Object, java.lang.Object, int, java.lang.Object)'> (0x00000000d5a09008) 
thrown [s\src\hotspot\share\interpreter\linkResolver.cpp, line 773]
Event: 1.352 Thread 0x000001e693115f30 Exception <a 'java/lang/NoSuchMethodError'{0x00000000d5a0cb98}: 'void java.lang.invoke.DirectMethodHandle$Holder.invokeSpecial(java.lang.Object, java.lang.Object, java.lang.Object, int, java.lang.Object)'> (0x00000000d5a0cb98) 
thrown [s\src\hotspot\share\interpreter\linkResolver.cpp, line 773]
Event: 1.353 Thread 0x000001e693115f30 Exception <a 'java/lang/NoSuchMethodError'{0x00000000d5a10008}: 'void java.lang.invoke.DelegatingMethodHandle$Holder.delegate(java.lang.Object, java.lang.Object, int, java.lang.Object)'> (0x00000000d5a10008) 
thrown [s\src\hotspot\share\interpreter\linkResolver.cpp, line 773]
Event: 1.477 Thread 0x000001e693115f30 Exception <a 'java/lang/NoSuchMethodError'{0x00000000d5bd2788}: 'void java.lang.invoke.DelegatingMethodHandle$Holder.reinvoke_L(java.lang.Object, java.lang.Object, java.lang.Object, int)'> (0x00000000d5bd2788) 
thrown [s\src\hotspot\share\interpreter\linkResolver.cpp, line 773]
Event: 1.808 Thread 0x000001e693115f30 Exception <a 'java/lang/NoSuchMethodError'{0x00000000d605e968}: 'void java.lang.invoke.DirectMethodHandle$Holder.invokeVirtual(java.lang.Object, java.lang.Object)'> (0x00000000d605e968) 
thrown [s\src\hotspot\share\interpreter\linkResolver.cpp, line 773]
Event: 2.039 Thread 0x000001e693115f30 Exception <a 'java/lang/NoSuchMethodError'{0x00000000d6443578}: 'void java.lang.invoke.DirectMethodHandle$Holder.invokeStatic(java.lang.Object, java.lang.Object)'> (0x00000000d6443578) 
thrown [s\src\hotspot\share\interpreter\linkResolver.cpp, line 773]
Event: 2.046 Thread 0x000001e693115f30 Exception <a 'java/lang/ClassNotFoundException'{0x00000000d646b670}: sun/net/www/protocol/c/Handler> (0x00000000d646b670) 
thrown [s\src\hotspot\share\classfile\systemDictionary.cpp, line 312]
Event: 2.071 Thread 0x000001e693115f30 Exception <a 'java/io/FileNotFoundException'{0x00000000d64c92b8}> (0x00000000d64c92b8) 
thrown [s\src\hotspot\share\prims\jni.cpp, line 520]
Event: 2.071 Thread 0x000001e693115f30 Exception <a 'java/io/FileNotFoundException'{0x00000000d64ca5e0}> (0x00000000d64ca5e0) 
thrown [s\src\hotspot\share\prims\jni.cpp, line 520]
Event: 2.072 Thread 0x000001e693115f30 Exception <a 'java/io/FileNotFoundException'{0x00000000d64cb258}> (0x00000000d64cb258) 
thrown [s\src\hotspot\share\prims\jni.cpp, line 520]
Event: 2.072 Thread 0x000001e693115f30 Exception <a 'java/io/FileNotFoundException'{0x00000000d64cbd98}> (0x00000000d64cbd98) 
thrown [s\src\hotspot\share\prims\jni.cpp, line 520]
Event: 2.077 Thread 0x000001e693115f30 Implicit null exception at 0x000001e69f6afaa4 to 0x000001e69f6b0038
Event: 2.081 Thread 0x000001e693115f30 Exception <a 'java/io/FileNotFoundException'{0x00000000d6505f28}> (0x00000000d6505f28) 
thrown [s\src\hotspot\share\prims\jni.cpp, line 520]
Event: 2.099 Thread 0x000001e693115f30 Exception <a 'java/lang/NoSuchMethodError'{0x00000000d6541518}: 'java.lang.Object java.lang.invoke.DirectMethodHandle$Holder.invokeInterface(java.lang.Object, java.lang.Object)'> (0x00000000d6541518) 
thrown [s\src\hotspot\share\interpreter\linkResolver.cpp, line 773]
Event: 2.105 Thread 0x000001e693115f30 Exception <a 'java/lang/NoSuchMethodError'{0x00000000d6554f88}: 'java.lang.Object java.lang.invoke.Invokers$Holder.invokeExact_MT(java.lang.Object, java.lang.Object, java.lang.Object, java.lang.Object, java.lang.Object, java.lang.Object)'> (0x00000000d6554f88) 
thrown [s\src\hotspot\share\interpreter\linkResolver.cpp, line 773]
Event: 2.112 Thread 0x000001e693115f30 Exception <a 'java/lang/NoSuchMethodError'{0x00000000d656c060}: 'int java.lang.invoke.DirectMethodHandle$Holder.invokeStatic(java.lang.Object, java.lang.Object, java.lang.Object, java.lang.Object, java.lang.Object)'> (0x00000000d656c060) 
thrown [s\src\hotspot\share\interpreter\linkResolver.cpp, line 773]
Event: 2.144 Thread 0x000001e693115f30 Exception <a 'java/lang/NoSuchMethodError'{0x00000000d66019b8}: 'java.lang.Object java.lang.invoke.DirectMethodHandle$Holder.invokeInterface(java.lang.Object, java.lang.Object, int)'> (0x00000000d66019b8) 
thrown [s\src\hotspot\share\interpreter\linkResolver.cpp, line 773]
Event: 3.380 Thread 0x000001e693115f30 Exception <a 'java/lang/NoSuchMethodError'{0x00000000d6a6e488}: 'java.lang.ClassLoader java.lang.ClassLoader.getPlatformClassLoader(java.lang.Class)'> (0x00000000d6a6e488) 
thrown [s\src\hotspot\share\interpreter\linkResolver.cpp, line 773]

ZGC Phase Switch (0 events):
No events

VM Operations (13 events):
Event: 1.156 Executing VM operation: HandshakeAllThreads (Deoptimize)
Event: 1.156 Executing VM operation: HandshakeAllThreads (Deoptimize) done
Event: 1.156 Executing VM operation: Cleanup
Event: 1.156 Executing VM operation: Cleanup done
Event: 1.290 Executing VM operation: HandshakeAllThreads (Deoptimize)
Event: 1.290 Executing VM operation: HandshakeAllThreads (Deoptimize) done
Event: 2.003 Executing VM operation: HandshakeAllThreads (Deoptimize)
Event: 2.003 Executing VM operation: HandshakeAllThreads (Deoptimize) done
Event: 2.030 Executing VM operation: HandshakeAllThreads (Deoptimize)
Event: 2.030 Executing VM operation: HandshakeAllThreads (Deoptimize) done
Event: 3.036 Executing VM operation: Cleanup
Event: 3.179 Executing VM operation: Cleanup done
Event: 4.189 Executing VM operation: Cleanup

Memory protections (0 events):
No events

Nmethod flushes (0 events):
No events

Events (11 events):
Event: 0.046 Thread 0x000001e693115f30 Thread added: 0x000001e693115f30
Event: 0.075 Thread 0x000001e693115f30 Thread added: 0x000001e6aba64fd0
Event: 0.076 Thread 0x000001e693115f30 Thread added: 0x000001e6aba67c60
Event: 0.076 Thread 0x000001e693115f30 Thread added: 0x000001e6aba696f0
Event: 0.076 Thread 0x000001e693115f30 Thread added: 0x000001e6aba6a080
Event: 0.076 Thread 0x000001e693115f30 Thread added: 0x000001e6aba70cb0
Event: 0.077 Thread 0x000001e693115f30 Thread added: 0x000001e6aba71590
Event: 0.077 Thread 0x000001e693115f30 Thread added: 0x000001e6aba77060
Event: 0.078 Thread 0x000001e693115f30 Thread added: 0x000001e6aba7bbc0
Event: 1.207 Thread 0x000001e693115f30 Thread added: 0x000001e6ededd170
Event: 1.653 Thread 0x000001e693115f30 Thread added: 0x000001e6ee0b9550


Dynamic libraries:
0x00007ff6b84b0000 - 0x00007ff6b84be000 	c:\Users\novot\.vscode\extensions\redhat.java-1.50.0-win32-x64\jre\21.0.9-win32-x86_64\bin\java.exe
0x00007ffb50ca0000 - 0x00007ffb50f07000 	C:\WINDOWS\SYSTEM32\ntdll.dll
0x00007ffb500a0000 - 0x00007ffb50169000 	C:\WINDOWS\System32\KERNEL32.DLL
0x00007ffb4e120000 - 0x00007ffb4e50f000 	C:\WINDOWS\System32\KERNELBASE.dll
0x00007ffb4e520000 - 0x00007ffb4e66b000 	C:\WINDOWS\System32\ucrtbase.dll
0x00007ffb30930000 - 0x00007ffb3094e000 	c:\Users\novot\.vscode\extensions\redhat.java-1.50.0-win32-x64\jre\21.0.9-win32-x86_64\bin\VCRUNTIME140.dll
0x00007ffb32ee0000 - 0x00007ffb32ef8000 	c:\Users\novot\.vscode\extensions\redhat.java-1.50.0-win32-x64\jre\21.0.9-win32-x86_64\bin\jli.dll
0x00007ffb502f0000 - 0x00007ffb504b5000 	C:\WINDOWS\System32\USER32.dll
0x00007ffb4e960000 - 0x00007ffb4e987000 	C:\WINDOWS\System32\win32u.dll
0x00007ffb50c30000 - 0x00007ffb50c5b000 	C:\WINDOWS\System32\GDI32.dll
0x00007ffb2fd50000 - 0x00007ffb2ffe3000 	C:\WINDOWS\WinSxS\amd64_microsoft.windows.common-controls_6595b64144ccf1df_6.0.26100.7309_none_3e05feeae336a044\COMCTL32.dll
0x00007ffb4ddf0000 - 0x00007ffb4df1c000 	C:\WINDOWS\System32\gdi32full.dll
0x00007ffb4e8b0000 - 0x00007ffb4e953000 	C:\WINDOWS\System32\msvcp_win.dll
0x00007ffb4fa30000 - 0x00007ffb4fad9000 	C:\WINDOWS\System32\msvcrt.dll
0x00007ffb4ea40000 - 0x00007ffb4ea71000 	C:\WINDOWS\System32\IMM32.DLL
0x0000000075ec0000 - 0x0000000075ecc000 	C:\Program Files (x86)\360\Total Security\safemon\SafeWrapper.dll
0x00007ffb4f860000 - 0x00007ffb4f914000 	C:\WINDOWS\System32\ADVAPI32.dll
0x00007ffb4ea80000 - 0x00007ffb4eb26000 	C:\WINDOWS\System32\sechost.dll
0x00007ffb4f180000 - 0x00007ffb4f298000 	C:\WINDOWS\System32\RPCRT4.dll
0x00007ffad5210000 - 0x00007ffad52bc000 	C:\Program Files (x86)\360\Total Security\safemon\libzdtp64.dll
0x00007ffb504c0000 - 0x00007ffb50c13000 	C:\WINDOWS\System32\SHELL32.dll
0x00007ffb4dfb0000 - 0x00007ffb4e11a000 	C:\WINDOWS\System32\wintypes.dll
0x00007ffb4edf0000 - 0x00007ffb4f175000 	C:\WINDOWS\System32\combase.dll
0x00007ffb4fae0000 - 0x00007ffb4fb46000 	C:\WINDOWS\System32\SHLWAPI.dll
0x00007ffb4d6d0000 - 0x00007ffb4d6db000 	C:\WINDOWS\SYSTEM32\VERSION.dll
0x00007ffb48ba0000 - 0x00007ffb48bac000 	c:\Users\novot\.vscode\extensions\redhat.java-1.50.0-win32-x64\jre\21.0.9-win32-x86_64\bin\vcruntime140_1.dll
0x00007ffb058b0000 - 0x00007ffb0593d000 	c:\Users\novot\.vscode\extensions\redhat.java-1.50.0-win32-x64\jre\21.0.9-win32-x86_64\bin\msvcp140.dll
0x00007ffa873f0000 - 0x00007ffa88190000 	c:\Users\novot\.vscode\extensions\redhat.java-1.50.0-win32-x64\jre\21.0.9-win32-x86_64\bin\server\jvm.dll
0x00007ffb4f380000 - 0x00007ffb4f3f4000 	C:\WINDOWS\System32\WS2_32.dll
0x00007ffb4dc70000 - 0x00007ffb4dcce000 	C:\WINDOWS\SYSTEM32\POWRPROF.dll
0x00007ffb416b0000 - 0x00007ffb416e5000 	C:\WINDOWS\SYSTEM32\WINMM.dll
0x00007ffb4dc50000 - 0x00007ffb4dc64000 	C:\WINDOWS\SYSTEM32\UMPDC.dll
0x00007ffb4cb00000 - 0x00007ffb4cb1b000 	C:\WINDOWS\SYSTEM32\kernel.appcore.dll
0x00007ffb34fe0000 - 0x00007ffb34fea000 	c:\Users\novot\.vscode\extensions\redhat.java-1.50.0-win32-x64\jre\21.0.9-win32-x86_64\bin\jimage.dll
0x00007ffb40900000 - 0x00007ffb40b42000 	C:\WINDOWS\SYSTEM32\DBGHELP.DLL
0x00007ffb4f2a0000 - 0x00007ffb4f376000 	C:\WINDOWS\System32\OLEAUT32.dll
0x00007ffb2e7c0000 - 0x00007ffb2e7fc000 	C:\WINDOWS\SYSTEM32\dbgcore.DLL
0x00007ffb4e990000 - 0x00007ffb4ea35000 	C:\WINDOWS\System32\bcryptPrimitives.dll
0x00007ffb32500000 - 0x00007ffb3250f000 	c:\Users\novot\.vscode\extensions\redhat.java-1.50.0-win32-x64\jre\21.0.9-win32-x86_64\bin\instrument.dll
0x00007ffb21220000 - 0x00007ffb21240000 	c:\Users\novot\.vscode\extensions\redhat.java-1.50.0-win32-x64\jre\21.0.9-win32-x86_64\bin\java.dll
0x00007ffb4b940000 - 0x00007ffb4c19e000 	C:\WINDOWS\SYSTEM32\windows.storage.dll
0x00007ffb4ecf0000 - 0x00007ffb4ede5000 	C:\WINDOWS\System32\SHCORE.dll
0x00007ffb4dd10000 - 0x00007ffb4dd39000 	C:\WINDOWS\SYSTEM32\profapi.dll
0x00007ffb34840000 - 0x00007ffb34858000 	c:\Users\novot\.vscode\extensions\redhat.java-1.50.0-win32-x64\jre\21.0.9-win32-x86_64\bin\zip.dll
0x00007ffb324a0000 - 0x00007ffb324b0000 	C:\Users\novot\.vscode\extensions\redhat.java-1.50.0-win32-x64\jre\21.0.9-win32-x86_64\bin\net.dll
0x00007ffb46d50000 - 0x00007ffb46e78000 	C:\WINDOWS\SYSTEM32\WINHTTP.dll
0x00007ffb4d080000 - 0x00007ffb4d0eb000 	C:\WINDOWS\system32\mswsock.dll
0x00007ffb1a610000 - 0x00007ffb1a626000 	C:\Users\novot\.vscode\extensions\redhat.java-1.50.0-win32-x64\jre\21.0.9-win32-x86_64\bin\nio.dll
0x00007ffb2c890000 - 0x00007ffb2c8a0000 	c:\Users\novot\.vscode\extensions\redhat.java-1.50.0-win32-x64\jre\21.0.9-win32-x86_64\bin\verify.dll

JVMTI agents:
c:\Users\novot\.vscode\extensions\redhat.java-1.50.0-win32-x64\lombok\lombok-1.18.39-4050.jar path:c:\Users\novot\.vscode\extensions\redhat.java-1.50.0-win32-x64\jre\21.0.9-win32-x86_64\bin\instrument.dll, loaded, initialized, instrumentlib options:none

dbghelp: loaded successfully - version: 4.0.5 - missing functions: none
symbol engine: initialized successfully - sym options: 0x614 - pdb path: .;c:\Users\novot\.vscode\extensions\redhat.java-1.50.0-win32-x64\jre\21.0.9-win32-x86_64\bin;C:\WINDOWS\SYSTEM32;C:\WINDOWS\WinSxS\amd64_microsoft.windows.common-controls_6595b64144ccf1df_6.0.26100.7309_none_3e05feeae336a044;C:\Program Files (x86)\360\Total Security\safemon;c:\Users\novot\.vscode\extensions\redhat.java-1.50.0-win32-x64\jre\21.0.9-win32-x86_64\bin\server

VM Arguments:
jvm_args: --add-modules=ALL-SYSTEM --add-opens=java.base/java.util=ALL-UNNAMED --add-opens=java.base/java.lang=ALL-UNNAMED --add-opens=java.base/sun.nio.fs=ALL-UNNAMED -Declipse.application=org.eclipse.jdt.ls.core.id1 -Dosgi.bundles.defaultStartLevel=4 -Declipse.product=org.eclipse.jdt.ls.core.product -Djava.import.generatesMetadataFilesAtProjectRoot=false -DDetectVMInstallationsJob.disabled=true -Dfile.encoding=utf8 -XX:+UseParallelGC -XX:GCTimeRatio=4 -XX:AdaptiveSizePolicyWeight=90 -Dsun.zip.disableMemoryMapping=true -Xmx2G -Xms100m -Xlog:disable -javaagent:c:\Users\novot\.vscode\extensions\redhat.java-1.50.0-win32-x64\lombok\lombok-1.18.39-4050.jar -XX:+HeapDumpOnOutOfMemoryError -XX:HeapDumpPath=c:\Users\novot\AppData\Roaming\Code\User\workspaceStorage\1b2a4e91d6455b9920cdd9397ae71b20\redhat.java -Daether.dependencyCollector.impl=bf 
java_command: c:\Users\novot\.vscode\extensions\redhat.java-1.50.0-win32-x64\server\plugins\org.eclipse.equinox.launcher_1.7.100.v20251111-0406.jar -configuration c:\Users\novot\AppData\Roaming\Code\User\globalStorage\redhat.java\1.50.0\config_win -data c:\Users\novot\AppData\Roaming\Code\User\workspaceStorage\1b2a4e91d6455b9920cdd9397ae71b20\redhat.java\jdt_ws --pipe=\\.\pipe\lsp-6fec7a45796d042386d4e20e56b55ac9-sock
java_class_path (initial): c:\Users\novot\.vscode\extensions\redhat.java-1.50.0-win32-x64\server\plugins\org.eclipse.equinox.launcher_1.7.100.v20251111-0406.jar
Launcher Type: SUN_STANDARD

[Global flags]
    uintx AdaptiveSizePolicyWeight                 = 90                                        {product} {command line}
     intx CICompilerCount                          = 4                                         {product} {ergonomic}
    uintx GCTimeRatio                              = 4                                         {product} {command line}
     bool HeapDumpOnOutOfMemoryError               = true                                   {manageable} {command line}
    ccstr HeapDumpPath                             = c:\Users\novot\AppData\Roaming\Code\User\workspaceStorage\1b2a4e91d6455b9920cdd9397ae71b20\redhat.java         {manageable} {command line}
   size_t InitialHeapSize                          = 104857600                                 {product} {command line}
   size_t MaxHeapSize                              = 2147483648                                {product} {command line}
   size_t MaxNewSize                               = 715653120                                 {product} {ergonomic}
   size_t MinHeapDeltaBytes                        = 524288                                    {product} {ergonomic}
   size_t MinHeapSize                              = 104857600                                 {product} {command line}
   size_t NewSize                                  = 34603008                                  {product} {ergonomic}
    uintx NonNMethodCodeHeapSize                   = 5839372                                {pd product} {ergonomic}
    uintx NonProfiledCodeHeapSize                  = 122909434                              {pd product} {ergonomic}
   size_t OldSize                                  = 70254592                                  {product} {ergonomic}
    uintx ProfiledCodeHeapSize                     = 122909434                              {pd product} {ergonomic}
    uintx ReservedCodeCacheSize                    = 251658240                              {pd product} {ergonomic}
     bool SegmentedCodeCache                       = true                                      {product} {ergonomic}
   size_t SoftMaxHeapSize                          = 2147483648                             {manageable} {ergonomic}
     bool UseCompressedOops                        = true                           {product lp64_product} {ergonomic}
     bool UseLargePagesIndividualAllocation        = false                                  {pd product} {ergonomic}
     bool UseParallelGC                            = true                                      {product} {command line}

Logging:
Log output configuration:
 #0: stdout all=off uptime,level,tags foldmultilines=false
 #1: stderr all=off uptime,level,tags foldmultilines=false

Release file:
JAVA_VERSION="21.0.9" 
MODULES="java.base java.compiler java.datatransfer java.xml java.prefs java.desktop java.instrument java.logging java.management java.security.sasl java.naming java.rmi java.management.rmi java.net.http java.scripting java.security.jgss java.transaction.xa java.sql java.sql.rowset java.xml.crypto java.se java.smartcardio jdk.accessibility jdk.internal.jvmstat jdk.attach jdk.charsets jdk.internal.opt jdk.zipfs jdk.compiler jdk.crypto.ec jdk.crypto.cryptoki jdk.crypto.mscapi jdk.dynalink jdk.internal.ed jdk.editpad jdk.hotspot.agent jdk.httpserver jdk.internal.le jdk.internal.vm.ci jdk.internal.vm.compiler jdk.internal.vm.compiler.management jdk.jartool jdk.javadoc jdk.jcmd jdk.management jdk.management.agent jdk.jconsole jdk.jdeps jdk.jdwp.agent jdk.jdi jdk.jfr jdk.jshell jdk.jsobject jdk.jstatd jdk.localedata jdk.management.jfr jdk.naming.dns jdk.naming.rmi jdk.net jdk.nio.mapmode jdk.random jdk.sctp jdk.security.auth jdk.security.jgss jdk.unsupported jdk.unsupported.desktop jdk.xml.dom" 

Environment Variables:
JAVA_HOME=C:\Program Files\Java\jdk-21
PATH=D:\WINDOWS.X64_193000_db_home\bin;C:\Program Files\Common Files\Oracle\Java\javapath;C:\Program Files (x86)\VMware\VMware Workstation\bin\;C:\WINDOWS\system32;C:\WINDOWS;C:\WINDOWS\System32\Wbem;C:\WINDOWS\System32\WindowsPowerShell\v1.0\;C:\WINDOWS\System32\OpenSSH\;C:\Program Files (x86)\Microsoft SQL Server\150\DTS\Binn\;C:\Program Files\Azure Data Studio\bin;C:\Program Files\HP\HP One Agent;C:\Program Files (x86)\Microsoft SQL Server\160\Tools\Binn\;C:\Program Files\Microsoft SQL Server\160\Tools\Binn\;C:\Program Files\Microsoft SQL Server\Client SDK\ODBC\170\Tools\Binn\;C:\Program Files\Microsoft SQL Server\160\DTS\Binn\;C:\Program Files\Java\jdk-21\bin;C:\Program Files\Git\cmd;C:\Program Files\Microsoft SQL Server\170\Tools\Binn\;C:\ProgramData\chocolatey\bin;C:\Program Files\Microsoft SQL Server\130\DTS\Binn\;C:\Program Files\Microsoft SQL Server\140\DTS\Binn\;C:\Program Files\Microsoft SQL Server\150\DTS\Binn\;C:\Program Files\Microsoft SQL Server\170\DTS\Binn\;C:\Program Files\nodejs\;C:\Program Files\Java\jdk-21\bin;C:\Users\novot\AppData\Local\Programs\Python\Python314\Scripts\;C:\Users\novot\AppData\Local\Programs\Python\Python314\;C:\Users\novot\AppData\Local\Microsoft\WindowsApps;C:\Program Files\Azure Data Studio\bin;C:\Users\novot\AppData\Local\Programs\Microsoft VS Code\bin;C:\Program Files\JetBrains\IntelliJ IDEA Community Edition 2025.2\bin;D:\WINDOWS.X64_193000_db_home\bin\;C:\flutter\bin;C:\Users\novot\AppData\Roaming\npm
USERNAME=novot
OS=Windows_NT
PROCESSOR_IDENTIFIER=AMD64 Family 25 Model 68 Stepping 1, AuthenticAMD
TMP=C:\Users\novot\AppData\Local\Temp
TEMP=C:\Users\novot\AppData\Local\Temp




Periodic native trim disabled

---------------  S Y S T E M  ---------------

OS:
 Windows 11 , 64 bit Build 26100 (10.0.26100.7309)
OS uptime: 10 days 10:39 hours
Hyper-V role detected

CPU: total 12 (initial active 12) (12 cores per cpu, 2 threads per core) family 25 model 68 stepping 1 microcode 0xa404107, cx8, cmov, fxsr, ht, mmx, 3dnowpref, sse, sse2, sse3, ssse3, sse4a, sse4.1, sse4.2, popcnt, lzcnt, tsc, tscinvbit, avx, avx2, aes, erms, clmul, bmi1, bmi2, adx, sha, fma, vzeroupper, clflush, clflushopt, hv, rdtscp, rdpid, fsrm, f16c, cet_ss
Processor Information for the first 12 processors :
  Max Mhz: 3301, Current Mhz: 2496, Mhz Limit: 3301

Memory: 4k page, system-wide physical 7381M (473M free)
TotalPageFile size 29909M (AvailPageFile size 0M)
current process WorkingSet (physical memory assigned to process): 73M, peak: 73M
current process commit charge ("private bytes"): 238M, peak: 238M

vm_info: OpenJDK 64-Bit Server VM (21.0.9+10-LTS) for windows-amd64 JRE (21.0.9+10-LTS), built on 2025-10-21T00:00:00Z by "admin" with unknown MS VC++:1942

END.
