#
# There is insufficient memory for the Java Runtime Environment to continue.
# Native memory allocation (malloc) failed to allocate 1048576 bytes. Error detail: AllocateHeap
# Possible reasons:
#   The system is out of physical RAM or swap space
#   This process is running with CompressedOops enabled, and the Java Heap may be blocking the growth of the native heap
# Possible solutions:
#   Reduce memory load on the system
#   Increase physical memory or swap space
#   Check if swap backing store is full
#   Decrease Java heap size (-Xmx/-Xms)
#   Decrease number of Java threads
#   Decrease Java thread stack sizes (-Xss)
#   Set larger code cache with -XX:ReservedCodeCacheSize=
#   JVM is running with Unscaled Compressed Oops mode in which the Java heap is
#     placed in the first 4GB address space. The Java Heap base address is the
#     maximum limit for the native heap growth. Please use -XX:HeapBaseMinAddress
#     to set the Java Heap base and to place the Java Heap above 4GB virtual address.
# This output file may be truncated or incomplete.
#
#  Out of Memory Error (allocation.cpp:44), pid=24920, tid=28368
#
# JRE version: OpenJDK Runtime Environment Temurin-21.0.9+10 (21.0.9+10) (build 21.0.9+10-LTS)
# Java VM: OpenJDK 64-Bit Server VM Temurin-21.0.9+10 (21.0.9+10-LTS, mixed mode, sharing, tiered, compressed oops, compressed class ptrs, parallel gc, windows-amd64)
# No core dump will be written. Minidumps are not enabled by default on client versions of Windows
#

---------------  S U M M A R Y ------------

Command Line: --add-modules=ALL-SYSTEM --add-opens=java.base/java.util=ALL-UNNAMED --add-opens=java.base/java.lang=ALL-UNNAMED --add-opens=java.base/sun.nio.fs=ALL-UNNAMED -Declipse.application=org.eclipse.jdt.ls.core.id1 -Dosgi.bundles.defaultStartLevel=4 -Declipse.product=org.eclipse.jdt.ls.core.product -Djava.import.generatesMetadataFilesAtProjectRoot=false -DDetectVMInstallationsJob.disabled=true -Dfile.encoding=utf8 -XX:+UseParallelGC -XX:GCTimeRatio=4 -XX:AdaptiveSizePolicyWeight=90 -Dsun.zip.disableMemoryMapping=true -Xmx2G -Xms100m -Xlog:disable -javaagent:c:\Users\novot\.vscode\extensions\redhat.java-1.51.0-win32-x64\lombok\lombok-1.18.39-4050.jar -XX:+HeapDumpOnOutOfMemoryError -XX:HeapDumpPath=c:\Users\novot\AppData\Roaming\Code\User\workspaceStorage\1b2a4e91d6455b9920cdd9397ae71b20\redhat.java -Daether.dependencyCollector.impl=bf c:\Users\novot\.vscode\extensions\redhat.java-1.51.0-win32-x64\server\plugins\org.eclipse.equinox.launcher_1.7.100.v20251111-0406.jar -configuration c:\Users\novot\AppData\Roaming\Code\User\globalStorage\redhat.java\1.51.0\config_win -data c:\Users\novot\AppData\Roaming\Code\User\workspaceStorage\1b2a4e91d6455b9920cdd9397ae71b20\redhat.java\jdt_ws --pipe=\\.\pipe\lsp-4c1a17899bfbfe3266e5fb0cd39ee83e-sock

Host: AMD Ryzen 5 7535HS with Radeon Graphics        , 12 cores, 7G,  Windows 11 , 64 bit Build 26100 (10.0.26100.7623)
Time: Mon Jan 19 04:54:39 2026 Greenwich Standard Time elapsed time: 79.726901 seconds (0d 0h 1m 19s)

---------------  T H R E A D  ---------------

Current thread (0x000001a777fd8140):  JavaThread "Attach Listener" daemon [_thread_in_vm, id=28368, stack(0x0000006192600000,0x0000006192700000) (1024K)]

Stack: [0x0000006192600000,0x0000006192700000]
Native frames: (J=compiled Java code, j=interpreted, Vv=VM code, C=native code)
V  [jvm.dll+0x6d6e29]
V  [jvm.dll+0x8b4b76]
V  [jvm.dll+0x8b712e]
V  [jvm.dll+0x8b7813]
V  [jvm.dll+0x283d86]
V  [jvm.dll+0xc1277]
V  [jvm.dll+0x6d76d9]
V  [jvm.dll+0x133466]
V  [jvm.dll+0x3f7ea6]
V  [jvm.dll+0x85e9ad]
V  [jvm.dll+0x6d565d]
C  [ucrtbase.dll+0x37b0]
C  [KERNEL32.DLL+0x2e8d7]
C  [ntdll.dll+0x8c53c]


---------------  P R O C E S S  ---------------

Threads class SMR info:
_java_thread_list=0x000001a7584b9e70, length=79, elements={
0x000001a777f365c0, 0x000001a777fd4390, 0x000001a777ede200, 0x000001a777fd74f0,
0x000001a777fd8140, 0x000001a777fd9b50, 0x000001a777fdd3d0, 0x000001a777fe5d90,
0x000001a777feca40, 0x000001a750f1dd90, 0x000001a75104b6c0, 0x000001a756839b30,
0x000001a750ef0790, 0x000001a75690a350, 0x000001a75690ad80, 0x000001a7568e1030,
0x000001a7568e16c0, 0x000001a7568e1d50, 0x000001a7568e0310, 0x000001a7568e23e0,
0x000001a75724f570, 0x000001a75724c0f0, 0x000001a757250290, 0x000001a75724ce10,
0x000001a75724eee0, 0x000001a757250920, 0x000001a75724e1c0, 0x000001a75724d4a0,
0x000001a75724db30, 0x000001a757250fb0, 0x000001a757251640, 0x000001a757251cd0,
0x000001a75724e850, 0x000001a757252360, 0x000001a7572529f0, 0x000001a757253080,
0x000001a757253710, 0x000001a757cc2c00, 0x000001a757cc1850, 0x000001a757cc04a0,
0x000001a757cc3290, 0x000001a757cbfe10, 0x000001a757cc0b30, 0x000001a757cc11c0,
0x000001a757cc1ee0, 0x000001a758eccde0, 0x000001a758ecfbd0, 0x000001a758ed08f0,
0x000001a758ed0f80, 0x000001a758ecdb00, 0x000001a758ed1610, 0x000001a758ece190,
0x000001a758ed1ca0, 0x000001a758ed2330, 0x000001a758ed0260, 0x000001a758eceeb0,
0x000001a758ed29c0, 0x000001a758ecf540, 0x000001a758ed3050, 0x000001a758ed36e0,
0x000001a758ed3d70, 0x000001a758ed4400, 0x000001a761ea1920, 0x000001a761e9f1c0,
0x000001a761ea1fb0, 0x000001a761ea2cd0, 0x000001a761ea2640, 0x000001a761e9f850,
0x000001a761ea3360, 0x000001a761ea39f0, 0x000001a761ea0570, 0x000001a761ea4080,
0x000001a761ea0c00, 0x000001a761ea67e0, 0x000001a761ea4710, 0x000001a761ea4da0,
0x000001a761ea6150, 0x000001a761ea5430, 0x000001a761ea5ac0
}

Java Threads: ( => current thread )
  0x000001a777f365c0 JavaThread "main"                              [_thread_blocked, id=9924, stack(0x0000006191f00000,0x0000006192000000) (1024K)]
  0x000001a777fd4390 JavaThread "Reference Handler"          daemon [_thread_blocked, id=29356, stack(0x0000006192300000,0x0000006192400000) (1024K)]
  0x000001a777ede200 JavaThread "Finalizer"                  daemon [_thread_blocked, id=21324, stack(0x0000006192400000,0x0000006192500000) (1024K)]
  0x000001a777fd74f0 JavaThread "Signal Dispatcher"          daemon [_thread_blocked, id=27900, stack(0x0000006192500000,0x0000006192600000) (1024K)]
=>0x000001a777fd8140 JavaThread "Attach Listener"            daemon [_thread_in_vm, id=28368, stack(0x0000006192600000,0x0000006192700000) (1024K)]
  0x000001a777fd9b50 JavaThread "Service Thread"             daemon [_thread_blocked, id=15948, stack(0x0000006192700000,0x0000006192800000) (1024K)]
  0x000001a777fdd3d0 JavaThread "Monitor Deflation Thread"   daemon [_thread_blocked, id=15188, stack(0x0000006192800000,0x0000006192900000) (1024K)]
  0x000001a777fe5d90 JavaThread "C2 CompilerThread0"         daemon [_thread_blocked, id=9664, stack(0x0000006192900000,0x0000006192a00000) (1024K)]
  0x000001a777feca40 JavaThread "C1 CompilerThread0"         daemon [_thread_blocked, id=13616, stack(0x0000006192a00000,0x0000006192b00000) (1024K)]
  0x000001a750f1dd90 JavaThread "Common-Cleaner"             daemon [_thread_blocked, id=28312, stack(0x0000006192c00000,0x0000006192d00000) (1024K)]
  0x000001a75104b6c0 JavaThread "Notification Thread"        daemon [_thread_blocked, id=8444, stack(0x0000006192d00000,0x0000006192e00000) (1024K)]
  0x000001a756839b30 JavaThread "Active Thread: Equinox Container: 47ecff3f-e0c0-4d4c-afa3-65df7cab94ef"        [_thread_blocked, id=30564, stack(0x0000006193500000,0x0000006193600000) (1024K)]
  0x000001a750ef0790 JavaThread "Refresh Thread: Equinox Container: 47ecff3f-e0c0-4d4c-afa3-65df7cab94ef" daemon [_thread_blocked, id=27040, stack(0x0000006192e00000,0x0000006192f00000) (1024K)]
  0x000001a75690a350 JavaThread "Framework Event Dispatcher: Equinox Container: 47ecff3f-e0c0-4d4c-afa3-65df7cab94ef" daemon [_thread_blocked, id=23008, stack(0x0000006193600000,0x0000006193700000) (1024K)]
  0x000001a75690ad80 JavaThread "Start Level: Equinox Container: 47ecff3f-e0c0-4d4c-afa3-65df7cab94ef" daemon [_thread_blocked, id=3672, stack(0x0000006193700000,0x0000006193800000) (1024K)]
  0x000001a7568e1030 JavaThread "Bundle File Closer"         daemon [_thread_blocked, id=26812, stack(0x0000006193b00000,0x0000006193c00000) (1024K)]
  0x000001a7568e16c0 JavaThread "SCR Component Actor"        daemon [_thread_blocked, id=22272, stack(0x0000006193800000,0x0000006193900000) (1024K)]
  0x000001a7568e1d50 JavaThread "Worker-JM"                         [_thread_blocked, id=23236, stack(0x0000006193d00000,0x0000006193e00000) (1024K)]
  0x000001a7568e0310 JavaThread "JNA Cleaner"                daemon [_thread_blocked, id=18824, stack(0x0000006193c00000,0x0000006193d00000) (1024K)]
  0x000001a7568e23e0 JavaThread "Worker-0"                          [_thread_blocked, id=14388, stack(0x0000006193e00000,0x0000006193f00000) (1024K)]
  0x000001a75724f570 JavaThread "Java indexing"              daemon [_thread_blocked, id=22780, stack(0x0000006194200000,0x0000006194300000) (1024K)]
  0x000001a75724c0f0 JavaThread "Worker-3"                          [_thread_blocked, id=6892, stack(0x0000006194300000,0x0000006194400000) (1024K)]
  0x000001a757250290 JavaThread "Thread-1"                   daemon [_thread_in_native, id=6280, stack(0x0000006194800000,0x0000006194900000) (1024K)]
  0x000001a75724ce10 JavaThread "Thread-2"                   daemon [_thread_in_native, id=24616, stack(0x0000006194900000,0x0000006194a00000) (1024K)]
  0x000001a75724eee0 JavaThread "Thread-3"                   daemon [_thread_in_native, id=22424, stack(0x0000006194a00000,0x0000006194b00000) (1024K)]
  0x000001a757250920 JavaThread "Thread-4"                   daemon [_thread_in_native, id=18940, stack(0x0000006194b00000,0x0000006194c00000) (1024K)]
  0x000001a75724e1c0 JavaThread "Thread-5"                   daemon [_thread_in_native, id=11596, stack(0x0000006194c00000,0x0000006194d00000) (1024K)]
  0x000001a75724d4a0 JavaThread "Thread-6"                   daemon [_thread_in_native, id=4512, stack(0x0000006194d00000,0x0000006194e00000) (1024K)]
  0x000001a75724db30 JavaThread "Thread-7"                   daemon [_thread_in_native, id=18072, stack(0x0000006194e00000,0x0000006194f00000) (1024K)]
  0x000001a757250fb0 JavaThread "Thread-8"                   daemon [_thread_in_native, id=26832, stack(0x0000006194f00000,0x0000006195000000) (1024K)]
  0x000001a757251640 JavaThread "Thread-9"                   daemon [_thread_in_native, id=22336, stack(0x0000006195000000,0x0000006195100000) (1024K)]
  0x000001a757251cd0 JavaThread "Thread-10"                  daemon [_thread_in_native, id=9768, stack(0x0000006195100000,0x0000006195200000) (1024K)]
  0x000001a75724e850 JavaThread "Thread-11"                  daemon [_thread_in_native, id=24640, stack(0x0000006195200000,0x0000006195300000) (1024K)]
  0x000001a757252360 JavaThread "Thread-12"                  daemon [_thread_in_native, id=5548, stack(0x0000006195300000,0x0000006195400000) (1024K)]
  0x000001a7572529f0 JavaThread "Thread-13"                  daemon [_thread_in_native, id=12692, stack(0x0000006195400000,0x0000006195500000) (1024K)]
  0x000001a757253080 JavaThread "pool-2-thread-1"                   [_thread_blocked, id=21640, stack(0x0000006195500000,0x0000006195600000) (1024K)]
  0x000001a757253710 JavaThread "WorkspaceEventsHandler"            [_thread_blocked, id=10416, stack(0x0000006195600000,0x0000006195700000) (1024K)]
  0x000001a757cc2c00 JavaThread "pool-1-thread-1"                   [_thread_blocked, id=9648, stack(0x0000006195700000,0x0000006195800000) (1024K)]
  0x000001a757cc1850 JavaThread "ForkJoinPool.commonPool-worker-1" daemon [_thread_blocked, id=18448, stack(0x0000006195800000,0x0000006195900000) (1024K)]
  0x000001a757cc04a0 JavaThread "ForkJoinPool.commonPool-worker-3" daemon [_thread_blocked, id=3440, stack(0x0000006195a00000,0x0000006195b00000) (1024K)]
  0x000001a757cc3290 JavaThread "ForkJoinPool.commonPool-worker-4" daemon [_thread_blocked, id=26360, stack(0x0000006195b00000,0x0000006195c00000) (1024K)]
  0x000001a757cbfe10 JavaThread "ForkJoinPool.commonPool-worker-5" daemon [_thread_blocked, id=24352, stack(0x0000006195c00000,0x0000006195d00000) (1024K)]
  0x000001a757cc0b30 JavaThread "ForkJoinPool.commonPool-worker-6" daemon [_thread_blocked, id=26636, stack(0x0000006195d00000,0x0000006195e00000) (1024K)]
  0x000001a757cc11c0 JavaThread "ForkJoinPool.commonPool-worker-7" daemon [_thread_blocked, id=14864, stack(0x0000006195e00000,0x0000006195f00000) (1024K)]
  0x000001a757cc1ee0 JavaThread "ForkJoinPool.commonPool-worker-8" daemon [_thread_blocked, id=26396, stack(0x0000006195f00000,0x0000006196000000) (1024K)]
  0x000001a758eccde0 JavaThread "ForkJoinPool.commonPool-worker-9" daemon [_thread_blocked, id=25360, stack(0x0000006196000000,0x0000006196100000) (1024K)]
  0x000001a758ecfbd0 JavaThread "ForkJoinPool.commonPool-worker-10" daemon [_thread_blocked, id=14556, stack(0x0000006196100000,0x0000006196200000) (1024K)]
  0x000001a758ed08f0 JavaThread "ForkJoinPool.commonPool-worker-11" daemon [_thread_blocked, id=24364, stack(0x0000006196200000,0x0000006196300000) (1024K)]
  0x000001a758ed0f80 JavaThread "LocalFile Deleter"          daemon [_thread_blocked, id=14680, stack(0x0000006196400000,0x0000006196500000) (1024K)]
  0x000001a758ecdb00 JavaThread "LocalFile Deleter"          daemon [_thread_blocked, id=26468, stack(0x0000006196500000,0x0000006196600000) (1024K)]
  0x000001a758ed1610 JavaThread "LocalFile Deleter"          daemon [_thread_blocked, id=7560, stack(0x0000006196600000,0x0000006196700000) (1024K)]
  0x000001a758ece190 JavaThread "LocalFile Deleter"          daemon [_thread_blocked, id=16236, stack(0x0000006196700000,0x0000006196800000) (1024K)]
  0x000001a758ed1ca0 JavaThread "LocalFile Deleter"          daemon [_thread_blocked, id=26680, stack(0x0000006196800000,0x0000006196900000) (1024K)]
  0x000001a758ed2330 JavaThread "LocalFile Deleter"          daemon [_thread_blocked, id=25084, stack(0x0000006196900000,0x0000006196a00000) (1024K)]
  0x000001a758ed0260 JavaThread "LocalFile Deleter"          daemon [_thread_blocked, id=13452, stack(0x0000006196a00000,0x0000006196b00000) (1024K)]
  0x000001a758eceeb0 JavaThread "LocalFile Deleter"          daemon [_thread_blocked, id=29212, stack(0x0000006196b00000,0x0000006196c00000) (1024K)]
  0x000001a758ed29c0 JavaThread "LocalFile Deleter"          daemon [_thread_blocked, id=23144, stack(0x0000006196c00000,0x0000006196d00000) (1024K)]
  0x000001a758ecf540 JavaThread "LocalFile Deleter"          daemon [_thread_blocked, id=23448, stack(0x0000006196d00000,0x0000006196e00000) (1024K)]
  0x000001a758ed3050 JavaThread "LocalFile Deleter"          daemon [_thread_blocked, id=26032, stack(0x0000006196e00000,0x0000006196f00000) (1024K)]
  0x000001a758ed36e0 JavaThread "Compiler Source File Reader" daemon [_thread_blocked, id=24824, stack(0x0000006196f00000,0x0000006197000000) (1024K)]
  0x000001a758ed3d70 JavaThread "Compiler Source File Reader" daemon [_thread_blocked, id=4452, stack(0x0000006197000000,0x0000006197100000) (1024K)]
  0x000001a758ed4400 JavaThread "Compiler Source File Reader" daemon [_thread_blocked, id=26136, stack(0x0000006197100000,0x0000006197200000) (1024K)]
  0x000001a761ea1920 JavaThread "Compiler Source File Reader" daemon [_thread_blocked, id=25456, stack(0x0000006197200000,0x0000006197300000) (1024K)]
  0x000001a761e9f1c0 JavaThread "Compiler Source File Reader" daemon [_thread_blocked, id=27168, stack(0x0000006197300000,0x0000006197400000) (1024K)]
  0x000001a761ea1fb0 JavaThread "Compiler Source File Reader" daemon [_thread_blocked, id=14508, stack(0x0000006197400000,0x0000006197500000) (1024K)]
  0x000001a761ea2cd0 JavaThread "Compiler Source File Reader" daemon [_thread_blocked, id=10404, stack(0x0000006197500000,0x0000006197600000) (1024K)]
  0x000001a761ea2640 JavaThread "Compiler Source File Reader" daemon [_thread_blocked, id=24128, stack(0x0000006197600000,0x0000006197700000) (1024K)]
  0x000001a761e9f850 JavaThread "Compiler Source File Reader" daemon [_thread_blocked, id=16180, stack(0x0000006197700000,0x0000006197800000) (1024K)]
  0x000001a761ea3360 JavaThread "Compiler Source File Reader" daemon [_thread_blocked, id=20176, stack(0x0000006197800000,0x0000006197900000) (1024K)]
  0x000001a761ea39f0 JavaThread "Compiler Class File Writer" daemon [_thread_blocked, id=29576, stack(0x0000006197a00000,0x0000006197b00000) (1024K)]
  0x000001a761ea0570 JavaThread "Compiler Class File Writer" daemon [_thread_blocked, id=31240, stack(0x0000006197b00000,0x0000006197c00000) (1024K)]
  0x000001a761ea4080 JavaThread "Compiler Class File Writer" daemon [_thread_blocked, id=21044, stack(0x0000006197c00000,0x0000006197d00000) (1024K)]
  0x000001a761ea0c00 JavaThread "Compiler Class File Writer" daemon [_thread_blocked, id=3040, stack(0x0000006197d00000,0x0000006197e00000) (1024K)]
  0x000001a761ea67e0 JavaThread "Compiler Class File Writer" daemon [_thread_blocked, id=23892, stack(0x0000006197e00000,0x0000006197f00000) (1024K)]
  0x000001a761ea4710 JavaThread "Compiler Class File Writer" daemon [_thread_blocked, id=30264, stack(0x0000006197f00000,0x0000006198000000) (1024K)]
  0x000001a761ea4da0 JavaThread "Compiler Class File Writer" daemon [_thread_blocked, id=9128, stack(0x0000006198000000,0x0000006198100000) (1024K)]
  0x000001a761ea6150 JavaThread "Compiler Class File Writer" daemon [_thread_blocked, id=27024, stack(0x0000006198100000,0x0000006198200000) (1024K)]
  0x000001a761ea5430 JavaThread "Compiler Class File Writer" daemon [_thread_blocked, id=11680, stack(0x0000006198200000,0x0000006198300000) (1024K)]
  0x000001a761ea5ac0 JavaThread "Compiler Class File Writer" daemon [_thread_blocked, id=23192, stack(0x0000006198300000,0x0000006198400000) (1024K)]
Total: 79

Other Threads:
  0x000001a777fcf800 VMThread "VM Thread"                           [id=19376, stack(0x0000006192200000,0x0000006192300000) (1024K)]
  0x000001a777dbca10 WatcherThread "VM Periodic Task Thread"        [id=12304, stack(0x0000006192100000,0x0000006192200000) (1024K)]
  0x000001a777f53d90 WorkerThread "GC Thread#0"                     [id=11608, stack(0x0000006192000000,0x0000006192100000) (1024K)]
  0x000001a75683f830 WorkerThread "GC Thread#1"                     [id=13468, stack(0x0000006192f00000,0x0000006193000000) (1024K)]
  0x000001a756769420 WorkerThread "GC Thread#2"                     [id=8868, stack(0x0000006193000000,0x0000006193100000) (1024K)]
  0x000001a7567697c0 WorkerThread "GC Thread#3"                     [id=15820, stack(0x0000006193100000,0x0000006193200000) (1024K)]
  0x000001a75676a980 WorkerThread "GC Thread#4"                     [id=3212, stack(0x0000006193200000,0x0000006193300000) (1024K)]
  0x000001a75676cd30 WorkerThread "GC Thread#5"                     [id=30248, stack(0x0000006193300000,0x0000006193400000) (1024K)]
  0x000001a7565d8550 WorkerThread "GC Thread#6"                     [id=3808, stack(0x0000006193400000,0x0000006193500000) (1024K)]
  0x000001a756712f50 WorkerThread "GC Thread#7"                     [id=21332, stack(0x0000006192b00000,0x0000006192c00000) (1024K)]
  0x000001a756712810 WorkerThread "GC Thread#8"                     [id=31128, stack(0x0000006193900000,0x0000006193a00000) (1024K)]
  0x000001a756712bb0 WorkerThread "GC Thread#9"                     [id=28432, stack(0x0000006193a00000,0x0000006193b00000) (1024K)]
Total: 12

Threads with active compile tasks:
Total: 0

VM state: not at safepoint (normal execution)

VM Mutex/Monitor currently owned by a thread: None

Heap address: 0x0000000080000000, size: 2048 MB, Compressed Oops mode: 32-bit

CDS archive(s) mapped at: [0x000001a70f000000-0x000001a70fba0000-0x000001a70fba0000), size 12189696, SharedBaseAddress: 0x000001a70f000000, ArchiveRelocationMode: 1.
Compressed class space mapped at: 0x000001a710000000-0x000001a750000000, reserved size: 1073741824
Narrow klass base: 0x000001a70f000000, Narrow klass shift: 0, Narrow klass range: 0x100000000

GC Precious Log:
 CardTable entry size: 512
 CPUs: 12 total, 12 available
 Memory: 7381M
 Large Page Support: Disabled
 NUMA Support: Disabled
 Compressed Oops: Enabled (32-bit)
 Alignments: Space 512K, Generation 512K, Heap 2M
 Heap Min Capacity: 100M
 Heap Initial Capacity: 100M
 Heap Max Capacity: 2G
 Pre-touch: Disabled
 Parallel Workers: 10

Heap:
 PSYoungGen      total 13312K, used 12764K [0x00000000d5580000, 0x00000000d6380000, 0x0000000100000000)
  eden space 12800K, 96% used [0x00000000d5580000,0x00000000d619f3b0,0x00000000d6200000)
  from space 512K, 68% used [0x00000000d6280000,0x00000000d62d8000,0x00000000d6300000)
  to   space 512K, 0% used [0x00000000d6300000,0x00000000d6300000,0x00000000d6380000)
 ParOldGen       total 94208K, used 93998K [0x0000000080000000, 0x0000000085c00000, 0x00000000d5580000)
  object space 94208K, 99% used [0x0000000080000000,0x0000000085bcb978,0x0000000085c00000)
 Metaspace       used 65012K, committed 66560K, reserved 1114112K
  class space    used 6875K, committed 7552K, reserved 1048576K

Card table byte_map: [0x000001a7778d0000,0x000001a777ce0000] _byte_map_base: 0x000001a7774d0000

Marking Bits: (ParMarkBitMap*) 0x00007ffc769b2460
 Begin Bits: [0x000001a77b3e0000, 0x000001a77d3e0000)
 End Bits:   [0x000001a77d3e0000, 0x000001a77f3e0000)

Polling page: 0x000001a775f80000

Metaspace:

Usage:
  Non-class:     56.77 MB used.
      Class:      6.71 MB used.
       Both:     63.49 MB used.

Virtual space:
  Non-class space:       64.00 MB reserved,      57.62 MB ( 90%) committed,  1 nodes.
      Class space:        1.00 GB reserved,       7.38 MB ( <1%) committed,  1 nodes.
             Both:        1.06 GB reserved,      65.00 MB (  6%) committed. 

Chunk freelists:
   Non-Class:  5.98 MB
       Class:  8.45 MB
        Both:  14.44 MB

MaxMetaspaceSize: unlimited
CompressedClassSpaceSize: 1.00 GB
Initial GC threshold: 21.00 MB
Current GC threshold: 98.12 MB
CDS: on
 - commit_granule_bytes: 65536.
 - commit_granule_words: 8192.
 - virtual_space_node_default_size: 8388608.
 - enlarge_chunks_in_place: 1.
 - use_allocation_guard: 0.


Internal statistics:

num_allocs_failed_limit: 13.
num_arena_births: 1262.
num_arena_deaths: 14.
num_vsnodes_births: 2.
num_vsnodes_deaths: 0.
num_space_committed: 1040.
num_space_uncommitted: 0.
num_chunks_returned_to_freelist: 27.
num_chunks_taken_from_freelist: 4423.
num_chunk_merges: 19.
num_chunk_splits: 2670.
num_chunks_enlarged: 1434.
num_inconsistent_stats: 0.

CodeHeap 'non-profiled nmethods': size=120000Kb used=6632Kb max_used=6632Kb free=113367Kb
 bounds [0x000001a707ad0000, 0x000001a708150000, 0x000001a70f000000]
CodeHeap 'profiled nmethods': size=120000Kb used=24252Kb max_used=24252Kb free=95747Kb
 bounds [0x000001a700000000, 0x000001a7017b0000, 0x000001a707530000]
CodeHeap 'non-nmethods': size=5760Kb used=1428Kb max_used=1488Kb free=4332Kb
 bounds [0x000001a707530000, 0x000001a7077a0000, 0x000001a707ad0000]
CodeCache: size=245760Kb, used=32312Kb, max_used=32372Kb, free=213446Kb
 total_blobs=12195, nmethods=11456, adapters=644, full_count=0
Compilation: enabled, stopped_count=0, restarted_count=0

Compilation events (20 events):
Event: 31.963 Thread 0x000001a759954230 12199       4       java.io.BufferedOutputStream::implWrite (71 bytes)
Event: 31.963 Thread 0x000001a777feca40 nmethod 12228 0x000001a7017aeb90 code [0x000001a7017aed60, 0x000001a7017af1b8]
Event: 31.967 Thread 0x000001a759954230 nmethod 12199 0x000001a70813d990 code [0x000001a70813db40, 0x000001a70813de10]
Event: 31.967 Thread 0x000001a759954230 12211       4       java.io.DataOutputStream::writeInt (28 bytes)
Event: 31.980 Thread 0x000001a759954230 nmethod 12211 0x000001a70813e010 code [0x000001a70813e240, 0x000001a70813e908]
Event: 31.981 Thread 0x000001a759954230 12205   !   4       java.io.BufferedOutputStream::write (62 bytes)
Event: 31.989 Thread 0x000001a759954230 nmethod 12205 0x000001a70813f090 code [0x000001a70813f2a0, 0x000001a70813f748]
Event: 31.989 Thread 0x000001a759954230 12206       4       java.io.BufferedOutputStream::implWrite (40 bytes)
Event: 31.991 Thread 0x000001a759954230 nmethod 12206 0x000001a70813fc90 code [0x000001a70813fe40, 0x000001a70813fff0]
Event: 31.991 Thread 0x000001a759954230 12210       4       org.eclipse.osgi.container.ModuleDatabase$Persistence::writeString (99 bytes)
Event: 32.043 Thread 0x000001a759954230 nmethod 12210 0x000001a708140190 code [0x000001a708140560, 0x000001a708141e28]
Event: 32.043 Thread 0x000001a759954230 12186       4       org.osgi.framework.Version::hashCode (65 bytes)
Event: 32.045 Thread 0x000001a759954230 nmethod 12186 0x000001a708143590 code [0x000001a708143720, 0x000001a708143858]
Event: 32.045 Thread 0x000001a759954230 12223       4       org.eclipse.osgi.container.ModuleDatabase$Persistence::addToWriteTable (77 bytes)
Event: 32.063 Thread 0x000001a759954230 nmethod 12223 0x000001a708143910 code [0x000001a708143b60, 0x000001a7081445d0]
Event: 32.063 Thread 0x000001a759954230 12185       4       java.util.Collections$1::next (25 bytes)
Event: 32.064 Thread 0x000001a759954230 nmethod 12185 0x000001a708144e10 code [0x000001a708144fa0, 0x000001a708145050]
Event: 32.106 Thread 0x000001a777fe5d90 nmethod 12183 0x000001a708145110 code [0x000001a708145660, 0x000001a708148138]
Event: 78.754 Thread 0x000001a777feca40 12229       1       org.eclipse.core.internal.jobs.InternalJob::getStartTime (5 bytes)
Event: 79.720 Thread 0x000001a777feca40 nmethod 12229 0x000001a708149f90 code [0x000001a70814a120, 0x000001a70814a1f0]

GC Heap History (20 events):
Event: 18.774 GC heap before
{Heap before GC invocations=77 (full 3):
 PSYoungGen      total 13312K, used 13288K [0x00000000d5580000, 0x00000000d6400000, 0x0000000100000000)
  eden space 12800K, 100% used [0x00000000d5580000,0x00000000d6200000,0x00000000d6200000)
  from space 512K, 95% used [0x00000000d6280000,0x00000000d62fa108,0x00000000d6300000)
  to   space 1024K, 0% used [0x00000000d6300000,0x00000000d6300000,0x00000000d6400000)
 ParOldGen       total 92672K, used 92244K [0x0000000080000000, 0x0000000085a80000, 0x00000000d5580000)
  object space 92672K, 99% used [0x0000000080000000,0x0000000085a152b0,0x0000000085a80000)
 Metaspace       used 64080K, committed 65600K, reserved 1114112K
  class space    used 6741K, committed 7424K, reserved 1048576K
}
Event: 18.775 GC heap after
{Heap after GC invocations=77 (full 3):
 PSYoungGen      total 13824K, used 521K [0x00000000d5580000, 0x00000000d6400000, 0x0000000100000000)
  eden space 12800K, 0% used [0x00000000d5580000,0x00000000d5580000,0x00000000d6200000)
  from space 1024K, 50% used [0x00000000d6300000,0x00000000d63827e0,0x00000000d6400000)
  to   space 1024K, 0% used [0x00000000d6200000,0x00000000d6200000,0x00000000d6300000)
 ParOldGen       total 92672K, used 92324K [0x0000000080000000, 0x0000000085a80000, 0x00000000d5580000)
  object space 92672K, 99% used [0x0000000080000000,0x0000000085a292b0,0x0000000085a80000)
 Metaspace       used 64080K, committed 65600K, reserved 1114112K
  class space    used 6741K, committed 7424K, reserved 1048576K
}
Event: 18.836 GC heap before
{Heap before GC invocations=78 (full 3):
 PSYoungGen      total 13824K, used 13321K [0x00000000d5580000, 0x00000000d6400000, 0x0000000100000000)
  eden space 12800K, 100% used [0x00000000d5580000,0x00000000d6200000,0x00000000d6200000)
  from space 1024K, 50% used [0x00000000d6300000,0x00000000d63827e0,0x00000000d6400000)
  to   space 1024K, 0% used [0x00000000d6200000,0x00000000d6200000,0x00000000d6300000)
 ParOldGen       total 92672K, used 92324K [0x0000000080000000, 0x0000000085a80000, 0x00000000d5580000)
  object space 92672K, 99% used [0x0000000080000000,0x0000000085a292b0,0x0000000085a80000)
 Metaspace       used 64085K, committed 65600K, reserved 1114112K
  class space    used 6741K, committed 7424K, reserved 1048576K
}
Event: 18.837 GC heap after
{Heap after GC invocations=78 (full 3):
 PSYoungGen      total 13824K, used 320K [0x00000000d5580000, 0x00000000d6380000, 0x0000000100000000)
  eden space 12800K, 0% used [0x00000000d5580000,0x00000000d5580000,0x00000000d6200000)
  from space 1024K, 31% used [0x00000000d6200000,0x00000000d6250000,0x00000000d6300000)
  to   space 512K, 0% used [0x00000000d6300000,0x00000000d6300000,0x00000000d6380000)
 ParOldGen       total 92672K, used 92436K [0x0000000080000000, 0x0000000085a80000, 0x00000000d5580000)
  object space 92672K, 99% used [0x0000000080000000,0x0000000085a452b0,0x0000000085a80000)
 Metaspace       used 64085K, committed 65600K, reserved 1114112K
  class space    used 6741K, committed 7424K, reserved 1048576K
}
Event: 18.893 GC heap before
{Heap before GC invocations=79 (full 3):
 PSYoungGen      total 13824K, used 13120K [0x00000000d5580000, 0x00000000d6380000, 0x0000000100000000)
  eden space 12800K, 100% used [0x00000000d5580000,0x00000000d6200000,0x00000000d6200000)
  from space 1024K, 31% used [0x00000000d6200000,0x00000000d6250000,0x00000000d6300000)
  to   space 512K, 0% used [0x00000000d6300000,0x00000000d6300000,0x00000000d6380000)
 ParOldGen       total 92672K, used 92436K [0x0000000080000000, 0x0000000085a80000, 0x00000000d5580000)
  object space 92672K, 99% used [0x0000000080000000,0x0000000085a452b0,0x0000000085a80000)
 Metaspace       used 64088K, committed 65600K, reserved 1114112K
  class space    used 6741K, committed 7424K, reserved 1048576K
}
Event: 18.895 GC heap after
{Heap after GC invocations=79 (full 3):
 PSYoungGen      total 13312K, used 477K [0x00000000d5580000, 0x00000000d6380000, 0x0000000100000000)
  eden space 12800K, 0% used [0x00000000d5580000,0x00000000d5580000,0x00000000d6200000)
  from space 512K, 93% used [0x00000000d6300000,0x00000000d6377638,0x00000000d6380000)
  to   space 512K, 0% used [0x00000000d6280000,0x00000000d6280000,0x00000000d6300000)
 ParOldGen       total 92672K, used 92532K [0x0000000080000000, 0x0000000085a80000, 0x00000000d5580000)
  object space 92672K, 99% used [0x0000000080000000,0x0000000085a5d2b0,0x0000000085a80000)
 Metaspace       used 64088K, committed 65600K, reserved 1114112K
  class space    used 6741K, committed 7424K, reserved 1048576K
}
Event: 18.938 GC heap before
{Heap before GC invocations=80 (full 3):
 PSYoungGen      total 13312K, used 13277K [0x00000000d5580000, 0x00000000d6380000, 0x0000000100000000)
  eden space 12800K, 100% used [0x00000000d5580000,0x00000000d6200000,0x00000000d6200000)
  from space 512K, 93% used [0x00000000d6300000,0x00000000d6377638,0x00000000d6380000)
  to   space 512K, 0% used [0x00000000d6280000,0x00000000d6280000,0x00000000d6300000)
 ParOldGen       total 92672K, used 92532K [0x0000000080000000, 0x0000000085a80000, 0x00000000d5580000)
  object space 92672K, 99% used [0x0000000080000000,0x0000000085a5d2b0,0x0000000085a80000)
 Metaspace       used 64088K, committed 65600K, reserved 1114112K
  class space    used 6741K, committed 7424K, reserved 1048576K
}
Event: 18.940 GC heap after
{Heap after GC invocations=80 (full 3):
 PSYoungGen      total 13312K, used 368K [0x00000000d5580000, 0x00000000d6380000, 0x0000000100000000)
  eden space 12800K, 0% used [0x00000000d5580000,0x00000000d5580000,0x00000000d6200000)
  from space 512K, 72% used [0x00000000d6280000,0x00000000d62dc3c0,0x00000000d6300000)
  to   space 512K, 0% used [0x00000000d6300000,0x00000000d6300000,0x00000000d6380000)
 ParOldGen       total 92672K, used 92612K [0x0000000080000000, 0x0000000085a80000, 0x00000000d5580000)
  object space 92672K, 99% used [0x0000000080000000,0x0000000085a712b0,0x0000000085a80000)
 Metaspace       used 64088K, committed 65600K, reserved 1114112K
  class space    used 6741K, committed 7424K, reserved 1048576K
}
Event: 18.982 GC heap before
{Heap before GC invocations=81 (full 3):
 PSYoungGen      total 13312K, used 13168K [0x00000000d5580000, 0x00000000d6380000, 0x0000000100000000)
  eden space 12800K, 100% used [0x00000000d5580000,0x00000000d6200000,0x00000000d6200000)
  from space 512K, 72% used [0x00000000d6280000,0x00000000d62dc3c0,0x00000000d6300000)
  to   space 512K, 0% used [0x00000000d6300000,0x00000000d6300000,0x00000000d6380000)
 ParOldGen       total 92672K, used 92612K [0x0000000080000000, 0x0000000085a80000, 0x00000000d5580000)
  object space 92672K, 99% used [0x0000000080000000,0x0000000085a712b0,0x0000000085a80000)
 Metaspace       used 64093K, committed 65600K, reserved 1114112K
  class space    used 6741K, committed 7424K, reserved 1048576K
}
Event: 18.983 GC heap after
{Heap after GC invocations=81 (full 3):
 PSYoungGen      total 13312K, used 422K [0x00000000d5580000, 0x00000000d6380000, 0x0000000100000000)
  eden space 12800K, 0% used [0x00000000d5580000,0x00000000d5580000,0x00000000d6200000)
  from space 512K, 82% used [0x00000000d6300000,0x00000000d6369898,0x00000000d6380000)
  to   space 512K, 0% used [0x00000000d6280000,0x00000000d6280000,0x00000000d6300000)
 ParOldGen       total 93184K, used 92692K [0x0000000080000000, 0x0000000085b00000, 0x00000000d5580000)
  object space 93184K, 99% used [0x0000000080000000,0x0000000085a852b0,0x0000000085b00000)
 Metaspace       used 64093K, committed 65600K, reserved 1114112K
  class space    used 6741K, committed 7424K, reserved 1048576K
}
Event: 19.020 GC heap before
{Heap before GC invocations=82 (full 3):
 PSYoungGen      total 13312K, used 13222K [0x00000000d5580000, 0x00000000d6380000, 0x0000000100000000)
  eden space 12800K, 100% used [0x00000000d5580000,0x00000000d6200000,0x00000000d6200000)
  from space 512K, 82% used [0x00000000d6300000,0x00000000d6369898,0x00000000d6380000)
  to   space 512K, 0% used [0x00000000d6280000,0x00000000d6280000,0x00000000d6300000)
 ParOldGen       total 93184K, used 92692K [0x0000000080000000, 0x0000000085b00000, 0x00000000d5580000)
  object space 93184K, 99% used [0x0000000080000000,0x0000000085a852b0,0x0000000085b00000)
 Metaspace       used 64093K, committed 65600K, reserved 1114112K
  class space    used 6741K, committed 7424K, reserved 1048576K
}
Event: 19.021 GC heap after
{Heap after GC invocations=82 (full 3):
 PSYoungGen      total 13312K, used 423K [0x00000000d5580000, 0x00000000d6380000, 0x0000000100000000)
  eden space 12800K, 0% used [0x00000000d5580000,0x00000000d5580000,0x00000000d6200000)
  from space 512K, 82% used [0x00000000d6280000,0x00000000d62e9c30,0x00000000d6300000)
  to   space 512K, 0% used [0x00000000d6300000,0x00000000d6300000,0x00000000d6380000)
 ParOldGen       total 93184K, used 92772K [0x0000000080000000, 0x0000000085b00000, 0x00000000d5580000)
  object space 93184K, 99% used [0x0000000080000000,0x0000000085a992b0,0x0000000085b00000)
 Metaspace       used 64093K, committed 65600K, reserved 1114112K
  class space    used 6741K, committed 7424K, reserved 1048576K
}
Event: 19.108 GC heap before
{Heap before GC invocations=83 (full 3):
 PSYoungGen      total 13312K, used 13223K [0x00000000d5580000, 0x00000000d6380000, 0x0000000100000000)
  eden space 12800K, 100% used [0x00000000d5580000,0x00000000d6200000,0x00000000d6200000)
  from space 512K, 82% used [0x00000000d6280000,0x00000000d62e9c30,0x00000000d6300000)
  to   space 512K, 0% used [0x00000000d6300000,0x00000000d6300000,0x00000000d6380000)
 ParOldGen       total 93184K, used 92772K [0x0000000080000000, 0x0000000085b00000, 0x00000000d5580000)
  object space 93184K, 99% used [0x0000000080000000,0x0000000085a992b0,0x0000000085b00000)
 Metaspace       used 64200K, committed 65664K, reserved 1114112K
  class space    used 6754K, committed 7424K, reserved 1048576K
}
Event: 19.110 GC heap after
{Heap after GC invocations=83 (full 3):
 PSYoungGen      total 13312K, used 444K [0x00000000d5580000, 0x00000000d6380000, 0x0000000100000000)
  eden space 12800K, 0% used [0x00000000d5580000,0x00000000d5580000,0x00000000d6200000)
  from space 512K, 86% used [0x00000000d6300000,0x00000000d636f2a8,0x00000000d6380000)
  to   space 512K, 0% used [0x00000000d6280000,0x00000000d6280000,0x00000000d6300000)
 ParOldGen       total 93696K, used 93191K [0x0000000080000000, 0x0000000085b80000, 0x00000000d5580000)
  object space 93696K, 99% used [0x0000000080000000,0x0000000085b01dd0,0x0000000085b80000)
 Metaspace       used 64200K, committed 65664K, reserved 1114112K
  class space    used 6754K, committed 7424K, reserved 1048576K
}
Event: 19.140 GC heap before
{Heap before GC invocations=84 (full 3):
 PSYoungGen      total 13312K, used 13244K [0x00000000d5580000, 0x00000000d6380000, 0x0000000100000000)
  eden space 12800K, 100% used [0x00000000d5580000,0x00000000d6200000,0x00000000d6200000)
  from space 512K, 86% used [0x00000000d6300000,0x00000000d636f2a8,0x00000000d6380000)
  to   space 512K, 0% used [0x00000000d6280000,0x00000000d6280000,0x00000000d6300000)
 ParOldGen       total 93696K, used 93191K [0x0000000080000000, 0x0000000085b80000, 0x00000000d5580000)
  object space 93696K, 99% used [0x0000000080000000,0x0000000085b01dd0,0x0000000085b80000)
 Metaspace       used 64200K, committed 65664K, reserved 1114112K
  class space    used 6754K, committed 7424K, reserved 1048576K
}
Event: 19.141 GC heap after
{Heap after GC invocations=84 (full 3):
 PSYoungGen      total 13312K, used 352K [0x00000000d5580000, 0x00000000d6380000, 0x0000000100000000)
  eden space 12800K, 0% used [0x00000000d5580000,0x00000000d5580000,0x00000000d6200000)
  from space 512K, 68% used [0x00000000d6280000,0x00000000d62d8000,0x00000000d6300000)
  to   space 512K, 0% used [0x00000000d6300000,0x00000000d6300000,0x00000000d6380000)
 ParOldGen       total 93696K, used 93478K [0x0000000080000000, 0x0000000085b80000, 0x00000000d5580000)
  object space 93696K, 99% used [0x0000000080000000,0x0000000085b49978,0x0000000085b80000)
 Metaspace       used 64200K, committed 65664K, reserved 1114112K
  class space    used 6754K, committed 7424K, reserved 1048576K
}
Event: 19.202 GC heap before
{Heap before GC invocations=85 (full 3):
 PSYoungGen      total 13312K, used 13133K [0x00000000d5580000, 0x00000000d6380000, 0x0000000100000000)
  eden space 12800K, 99% used [0x00000000d5580000,0x00000000d61fb698,0x00000000d6200000)
  from space 512K, 68% used [0x00000000d6280000,0x00000000d62d8000,0x00000000d6300000)
  to   space 512K, 0% used [0x00000000d6300000,0x00000000d6300000,0x00000000d6380000)
 ParOldGen       total 93696K, used 93478K [0x0000000080000000, 0x0000000085b80000, 0x00000000d5580000)
  object space 93696K, 99% used [0x0000000080000000,0x0000000085b49978,0x0000000085b80000)
 Metaspace       used 64206K, committed 65664K, reserved 1114112K
  class space    used 6754K, committed 7424K, reserved 1048576K
}
Event: 19.203 GC heap after
{Heap after GC invocations=85 (full 3):
 PSYoungGen      total 13312K, used 320K [0x00000000d5580000, 0x00000000d6380000, 0x0000000100000000)
  eden space 12800K, 0% used [0x00000000d5580000,0x00000000d5580000,0x00000000d6200000)
  from space 512K, 62% used [0x00000000d6300000,0x00000000d6350000,0x00000000d6380000)
  to   space 512K, 0% used [0x00000000d6280000,0x00000000d6280000,0x00000000d6300000)
 ParOldGen       total 94208K, used 93774K [0x0000000080000000, 0x0000000085c00000, 0x00000000d5580000)
  object space 94208K, 99% used [0x0000000080000000,0x0000000085b93978,0x0000000085c00000)
 Metaspace       used 64206K, committed 65664K, reserved 1114112K
  class space    used 6754K, committed 7424K, reserved 1048576K
}
Event: 19.268 GC heap before
{Heap before GC invocations=86 (full 3):
 PSYoungGen      total 13312K, used 13115K [0x00000000d5580000, 0x00000000d6380000, 0x0000000100000000)
  eden space 12800K, 99% used [0x00000000d5580000,0x00000000d61fedc0,0x00000000d6200000)
  from space 512K, 62% used [0x00000000d6300000,0x00000000d6350000,0x00000000d6380000)
  to   space 512K, 0% used [0x00000000d6280000,0x00000000d6280000,0x00000000d6300000)
 ParOldGen       total 94208K, used 93774K [0x0000000080000000, 0x0000000085c00000, 0x00000000d5580000)
  object space 94208K, 99% used [0x0000000080000000,0x0000000085b93978,0x0000000085c00000)
 Metaspace       used 64232K, committed 65728K, reserved 1114112K
  class space    used 6754K, committed 7424K, reserved 1048576K
}
Event: 19.269 GC heap after
{Heap after GC invocations=86 (full 3):
 PSYoungGen      total 13312K, used 352K [0x00000000d5580000, 0x00000000d6380000, 0x0000000100000000)
  eden space 12800K, 0% used [0x00000000d5580000,0x00000000d5580000,0x00000000d6200000)
  from space 512K, 68% used [0x00000000d6280000,0x00000000d62d8000,0x00000000d6300000)
  to   space 512K, 0% used [0x00000000d6300000,0x00000000d6300000,0x00000000d6380000)
 ParOldGen       total 94208K, used 93998K [0x0000000080000000, 0x0000000085c00000, 0x00000000d5580000)
  object space 94208K, 99% used [0x0000000080000000,0x0000000085bcb978,0x0000000085c00000)
 Metaspace       used 64232K, committed 65728K, reserved 1114112K
  class space    used 6754K, committed 7424K, reserved 1048576K
}

Dll operation events (10 events):
Event: 0.025 Loaded shared library c:\Users\novot\.vscode\extensions\redhat.java-1.51.0-win32-x64\jre\21.0.9-win32-x86_64\bin\java.dll
Event: 0.152 Loaded shared library c:\Users\novot\.vscode\extensions\redhat.java-1.51.0-win32-x64\jre\21.0.9-win32-x86_64\bin\zip.dll
Event: 0.184 Loaded shared library C:\Users\novot\.vscode\extensions\redhat.java-1.51.0-win32-x64\jre\21.0.9-win32-x86_64\bin\instrument.dll
Event: 0.196 Loaded shared library C:\Users\novot\.vscode\extensions\redhat.java-1.51.0-win32-x64\jre\21.0.9-win32-x86_64\bin\net.dll
Event: 0.201 Loaded shared library C:\Users\novot\.vscode\extensions\redhat.java-1.51.0-win32-x64\jre\21.0.9-win32-x86_64\bin\nio.dll
Event: 0.207 Loaded shared library C:\Users\novot\.vscode\extensions\redhat.java-1.51.0-win32-x64\jre\21.0.9-win32-x86_64\bin\zip.dll
Event: 0.235 Loaded shared library C:\Users\novot\.vscode\extensions\redhat.java-1.51.0-win32-x64\jre\21.0.9-win32-x86_64\bin\jimage.dll
Event: 0.356 Loaded shared library c:\Users\novot\.vscode\extensions\redhat.java-1.51.0-win32-x64\jre\21.0.9-win32-x86_64\bin\verify.dll
Event: 2.482 Loaded shared library C:\Users\novot\AppData\Roaming\Code\User\globalStorage\redhat.java\1.51.0\config_win\org.eclipse.equinox.launcher\org.eclipse.equinox.launcher.win32.win32.x86_64_1.2.1400.v20250801-0854\eclipse_11916.dll
Event: 5.394 Loaded shared library C:\Users\novot\AppData\Local\Temp\jna-105011066\jna4154175820040287174.dll

Deoptimization events (20 events):
Event: 31.899 Thread 0x000001a756839b30 DEOPT PACKING pc=0x000001a7007a25d0 sp=0x00000061935feb30
Event: 31.899 Thread 0x000001a756839b30 DEOPT UNPACKING pc=0x000001a707584242 sp=0x00000061935fe088 mode 0
Event: 31.899 Thread 0x000001a756839b30 DEOPT PACKING pc=0x000001a7007a25d0 sp=0x00000061935feb30
Event: 31.899 Thread 0x000001a756839b30 DEOPT UNPACKING pc=0x000001a707584242 sp=0x00000061935fe088 mode 0
Event: 31.899 Thread 0x000001a756839b30 DEOPT PACKING pc=0x000001a7007a25d0 sp=0x00000061935feb30
Event: 31.900 Thread 0x000001a756839b30 DEOPT UNPACKING pc=0x000001a707584242 sp=0x00000061935fe088 mode 0
Event: 31.900 Thread 0x000001a756839b30 DEOPT PACKING pc=0x000001a7007a25d0 sp=0x00000061935feb30
Event: 31.900 Thread 0x000001a756839b30 DEOPT UNPACKING pc=0x000001a707584242 sp=0x00000061935fe088 mode 0
Event: 31.901 Thread 0x000001a756839b30 DEOPT PACKING pc=0x000001a7007a25d0 sp=0x00000061935feb30
Event: 31.901 Thread 0x000001a756839b30 DEOPT UNPACKING pc=0x000001a707584242 sp=0x00000061935fe088 mode 0
Event: 31.901 Thread 0x000001a756839b30 DEOPT PACKING pc=0x000001a7007a25d0 sp=0x00000061935feb30
Event: 31.901 Thread 0x000001a756839b30 DEOPT UNPACKING pc=0x000001a707584242 sp=0x00000061935fe088 mode 0
Event: 31.903 Thread 0x000001a756839b30 DEOPT PACKING pc=0x000001a7007a25d0 sp=0x00000061935feb30
Event: 31.903 Thread 0x000001a756839b30 DEOPT UNPACKING pc=0x000001a707584242 sp=0x00000061935fe088 mode 0
Event: 31.904 Thread 0x000001a756839b30 DEOPT PACKING pc=0x000001a7007a25d0 sp=0x00000061935feb30
Event: 31.904 Thread 0x000001a756839b30 DEOPT UNPACKING pc=0x000001a707584242 sp=0x00000061935fe088 mode 0
Event: 31.905 Thread 0x000001a756839b30 DEOPT PACKING pc=0x000001a7007a25d0 sp=0x00000061935feb30
Event: 31.905 Thread 0x000001a756839b30 DEOPT UNPACKING pc=0x000001a707584242 sp=0x00000061935fe088 mode 0
Event: 31.906 Thread 0x000001a756839b30 DEOPT PACKING pc=0x000001a7007a25d0 sp=0x00000061935feb30
Event: 31.906 Thread 0x000001a756839b30 DEOPT UNPACKING pc=0x000001a707584242 sp=0x00000061935fe088 mode 0

Classes loaded (20 events):
Event: 17.981 Loading class java/lang/invoke/MethodHandleImpl$CountingWrapper$1
Event: 17.981 Loading class java/lang/invoke/MethodHandleImpl$CountingWrapper$1 done
Event: 19.281 Loading class java/util/HashMap$EntrySpliterator
Event: 19.281 Loading class java/util/HashMap$EntrySpliterator done
Event: 19.289 Loading class java/util/stream/ReduceOps$5
Event: 19.290 Loading class java/util/stream/ReduceOps$5 done
Event: 19.290 Loading class java/util/stream/ReduceOps$CountingSink$OfRef
Event: 19.290 Loading class java/util/stream/ReduceOps$CountingSink
Event: 19.290 Loading class java/util/stream/ReduceOps$CountingSink done
Event: 19.290 Loading class java/util/stream/ReduceOps$CountingSink$OfRef done
Event: 19.393 Loading class java/util/stream/ReduceOps$1
Event: 19.393 Loading class java/util/stream/ReduceOps$1 done
Event: 19.393 Loading class java/util/stream/ReduceOps$1ReducingSink
Event: 19.393 Loading class java/util/stream/ReduceOps$1ReducingSink done
Event: 31.966 Loading class sun/nio/cs/ISO_8859_1$Encoder
Event: 31.967 Loading class sun/nio/cs/ISO_8859_1$Encoder done
Event: 31.967 Loading class sun/nio/cs/Surrogate$Parser
Event: 31.967 Loading class sun/nio/cs/Surrogate$Parser done
Event: 31.967 Loading class sun/nio/cs/Surrogate
Event: 31.967 Loading class sun/nio/cs/Surrogate done

Classes unloaded (7 events):
Event: 6.107 Thread 0x000001a777fcf800 Unloading class 0x000001a7101ab400 'java/lang/invoke/LambdaForm$MH+0x000001a7101ab400'
Event: 6.107 Thread 0x000001a777fcf800 Unloading class 0x000001a7101ab000 'java/lang/invoke/LambdaForm$MH+0x000001a7101ab000'
Event: 6.107 Thread 0x000001a777fcf800 Unloading class 0x000001a7101aac00 'java/lang/invoke/LambdaForm$MH+0x000001a7101aac00'
Event: 6.107 Thread 0x000001a777fcf800 Unloading class 0x000001a7101aa800 'java/lang/invoke/LambdaForm$MH+0x000001a7101aa800'
Event: 6.107 Thread 0x000001a777fcf800 Unloading class 0x000001a7101aa400 'java/lang/invoke/LambdaForm$BMH+0x000001a7101aa400'
Event: 6.107 Thread 0x000001a777fcf800 Unloading class 0x000001a7101aa000 'java/lang/invoke/LambdaForm$DMH+0x000001a7101aa000'
Event: 6.107 Thread 0x000001a777fcf800 Unloading class 0x000001a7101a8c00 'java/lang/invoke/LambdaForm$DMH+0x000001a7101a8c00'

Classes redefined (0 events):
No events

Internal exceptions (20 events):
Event: 17.831 Thread 0x000001a75724fc00 Exception <a 'java/io/FileNotFoundException'{0x00000000d569fba0}> (0x00000000d569fba0) 
thrown [s\src\hotspot\share\prims\jni.cpp, line 520]
Event: 17.832 Thread 0x000001a75724fc00 Exception <a 'java/io/FileNotFoundException'{0x00000000d56a0920}> (0x00000000d56a0920) 
thrown [s\src\hotspot\share\prims\jni.cpp, line 520]
Event: 17.847 Thread 0x000001a75724fc00 Exception <a 'sun/nio/fs/WindowsException'{0x00000000d5733bf0}> (0x00000000d5733bf0) 
thrown [s\src\hotspot\share\prims\jni.cpp, line 520]
Event: 17.847 Thread 0x000001a75724fc00 Exception <a 'sun/nio/fs/WindowsException'{0x00000000d5734228}> (0x00000000d5734228) 
thrown [s\src\hotspot\share\prims\jni.cpp, line 520]
Event: 17.865 Thread 0x000001a75724fc00 Exception <a 'sun/nio/fs/WindowsException'{0x00000000d57a1370}> (0x00000000d57a1370) 
thrown [s\src\hotspot\share\prims\jni.cpp, line 520]
Event: 17.865 Thread 0x000001a75724fc00 Exception <a 'sun/nio/fs/WindowsException'{0x00000000d57a1c58}> (0x00000000d57a1c58) 
thrown [s\src\hotspot\share\prims\jni.cpp, line 520]
Event: 18.192 Thread 0x000001a757cc2570 Exception <a 'sun/nio/fs/WindowsException'{0x00000000d55ffd50}> (0x00000000d55ffd50) 
thrown [s\src\hotspot\share\prims\jni.cpp, line 520]
Event: 18.192 Thread 0x000001a757cc2570 Exception <a 'sun/nio/fs/WindowsException'{0x00000000d5600658}> (0x00000000d5600658) 
thrown [s\src\hotspot\share\prims\jni.cpp, line 520]
Event: 18.192 Thread 0x000001a757cc2570 Exception <a 'sun/nio/fs/WindowsException'{0x00000000d5601480}> (0x00000000d5601480) 
thrown [s\src\hotspot\share\prims\jni.cpp, line 520]
Event: 18.192 Thread 0x000001a757cc2570 Exception <a 'sun/nio/fs/WindowsException'{0x00000000d5601d68}> (0x00000000d5601d68) 
thrown [s\src\hotspot\share\prims\jni.cpp, line 520]
Event: 18.197 Thread 0x000001a757cc2570 Exception <a 'sun/nio/fs/WindowsException'{0x00000000d5723e60}> (0x00000000d5723e60) 
thrown [s\src\hotspot\share\prims\jni.cpp, line 520]
Event: 18.197 Thread 0x000001a757cc2570 Exception <a 'sun/nio/fs/WindowsException'{0x00000000d5724748}> (0x00000000d5724748) 
thrown [s\src\hotspot\share\prims\jni.cpp, line 520]
Event: 18.201 Thread 0x000001a757cc2570 Exception <a 'sun/nio/fs/WindowsException'{0x00000000d575e710}> (0x00000000d575e710) 
thrown [s\src\hotspot\share\prims\jni.cpp, line 520]
Event: 18.202 Thread 0x000001a757cc2570 Exception <a 'sun/nio/fs/WindowsException'{0x00000000d575eff8}> (0x00000000d575eff8) 
thrown [s\src\hotspot\share\prims\jni.cpp, line 520]
Event: 18.379 Thread 0x000001a75724fc00 Implicit null exception at 0x000001a707b98921 to 0x000001a707b98c34
Event: 18.531 Thread 0x000001a75724fc00 Implicit null exception at 0x000001a708078406 to 0x000001a708078531
Event: 19.286 Thread 0x000001a75724fc00 Exception <a 'java/lang/NoSuchMethodError'{0x00000000d572efa8}: 'java.lang.Object java.lang.invoke.DirectMethodHandle$Holder.invokeSpecial(java.lang.Object, java.lang.Object, int, long)'> (0x00000000d572efa8) 
thrown [s\src\hotspot\share\interpreter\linkResolver.cpp, line 773]
Event: 19.292 Thread 0x000001a75724fc00 Exception <a 'sun/nio/fs/WindowsException'{0x00000000d5753128}> (0x00000000d5753128) 
thrown [s\src\hotspot\share\prims\jni.cpp, line 520]
Event: 19.293 Thread 0x000001a75724fc00 Exception <a 'sun/nio/fs/WindowsException'{0x00000000d5753760}> (0x00000000d5753760) 
thrown [s\src\hotspot\share\prims\jni.cpp, line 520]
Event: 19.516 Thread 0x000001a75724fc00 Exception <a 'java/lang/NoSuchMethodError'{0x00000000d5cec7f0}: 'java.lang.Object java.lang.invoke.DirectMethodHandle$Holder.invokeStatic(java.lang.Object, java.lang.Object, int, java.lang.Object)'> (0x00000000d5cec7f0) 
thrown [s\src\hotspot\share\interpreter\linkResolver.cpp, line 773]

ZGC Phase Switch (0 events):
No events

VM Operations (20 events):
Event: 19.268 Executing VM operation: ParallelGCFailedAllocation (Allocation Failure)
Event: 19.269 Executing VM operation: ParallelGCFailedAllocation (Allocation Failure) done
Event: 19.407 Executing VM operation: HandshakeAllThreads (Deoptimize)
Event: 19.408 Executing VM operation: HandshakeAllThreads (Deoptimize) done
Event: 19.433 Executing VM operation: HandshakeAllThreads (Deoptimize)
Event: 19.433 Executing VM operation: HandshakeAllThreads (Deoptimize) done
Event: 19.441 Executing VM operation: HandshakeAllThreads (Deoptimize)
Event: 19.441 Executing VM operation: HandshakeAllThreads (Deoptimize) done
Event: 19.461 Executing VM operation: HandshakeAllThreads (Deoptimize)
Event: 19.462 Executing VM operation: HandshakeAllThreads (Deoptimize) done
Event: 20.477 Executing VM operation: Cleanup
Event: 20.477 Executing VM operation: Cleanup done
Event: 23.498 Executing VM operation: Cleanup
Event: 23.498 Executing VM operation: Cleanup done
Event: 32.598 Executing VM operation: Cleanup
Event: 32.598 Executing VM operation: Cleanup done
Event: 60.180 Executing VM operation: HandshakeAllThreads (HandshakeForDeflation)
Event: 60.180 Executing VM operation: HandshakeAllThreads (HandshakeForDeflation) done
Event: 60.180 Executing VM operation: RendezvousGCThreads
Event: 60.180 Executing VM operation: RendezvousGCThreads done

Memory protections (0 events):
No events

Nmethod flushes (20 events):
Event: 13.330 Thread 0x000001a777fcf800 flushing osr nmethod 0x000001a700891d90
Event: 13.330 Thread 0x000001a777fcf800 flushing  nmethod 0x000001a70089bc90
Event: 13.330 Thread 0x000001a777fcf800 flushing  nmethod 0x000001a7008a5690
Event: 13.330 Thread 0x000001a777fcf800 flushing  nmethod 0x000001a7008aa690
Event: 13.330 Thread 0x000001a777fcf800 flushing  nmethod 0x000001a7008ab990
Event: 13.330 Thread 0x000001a777fcf800 flushing  nmethod 0x000001a7008bae10
Event: 13.330 Thread 0x000001a777fcf800 flushing  nmethod 0x000001a7008c3790
Event: 13.330 Thread 0x000001a777fcf800 flushing  nmethod 0x000001a7008eb410
Event: 13.330 Thread 0x000001a777fcf800 flushing  nmethod 0x000001a7008fa090
Event: 13.330 Thread 0x000001a777fcf800 flushing  nmethod 0x000001a7008faa10
Event: 13.330 Thread 0x000001a777fcf800 flushing  nmethod 0x000001a7008fb390
Event: 13.330 Thread 0x000001a777fcf800 flushing  nmethod 0x000001a7008fe890
Event: 13.330 Thread 0x000001a777fcf800 flushing  nmethod 0x000001a70090a610
Event: 13.330 Thread 0x000001a777fcf800 flushing  nmethod 0x000001a70090de90
Event: 13.330 Thread 0x000001a777fcf800 flushing  nmethod 0x000001a70090f710
Event: 13.330 Thread 0x000001a777fcf800 flushing  nmethod 0x000001a70091d390
Event: 13.330 Thread 0x000001a777fcf800 flushing  nmethod 0x000001a700940910
Event: 13.330 Thread 0x000001a777fcf800 flushing  nmethod 0x000001a700951b90
Event: 13.330 Thread 0x000001a777fcf800 flushing  nmethod 0x000001a700960010
Event: 13.330 Thread 0x000001a777fcf800 flushing  nmethod 0x000001a700967910

Events (20 events):
Event: 17.581 Thread 0x000001a777feca40 Thread added: 0x000001a757b3e160
Event: 18.099 Thread 0x000001a757b3e160 Thread exited: 0x000001a757b3e160
Event: 18.175 Thread 0x000001a759aa5380 Thread exited: 0x000001a759aa5380
Event: 18.199 Thread 0x000001a777feca40 Thread added: 0x000001a759953b60
Event: 18.220 Thread 0x000001a777feca40 Thread added: 0x000001a759954230
Event: 19.403 Thread 0x000001a759953b60 Thread exited: 0x000001a759953b60
Event: 19.403 Thread 0x000001a759954230 Thread exited: 0x000001a759954230
Event: 19.458 Thread 0x000001a777feca40 Thread added: 0x000001a759953b60
Event: 19.458 Thread 0x000001a777feca40 Thread added: 0x000001a759954230
Event: 27.877 Thread 0x000001a759954230 Thread exited: 0x000001a759954230
Event: 27.892 Thread 0x000001a759953b60 Thread exited: 0x000001a759953b60
Event: 31.887 Thread 0x000001a777feca40 Thread added: 0x000001a759954230
Event: 37.074 Thread 0x000001a759954230 Thread exited: 0x000001a759954230
Event: 72.896 Thread 0x000001a758ecd470 Thread exited: 0x000001a758ecd470
Event: 72.990 Thread 0x000001a761e9fee0 Thread exited: 0x000001a761e9fee0
Event: 77.757 Thread 0x000001a75724c780 Thread exited: 0x000001a75724c780
Event: 77.803 Thread 0x000001a7568e2a70 Thread exited: 0x000001a7568e2a70
Event: 78.709 Thread 0x000001a7568e09a0 Thread exited: 0x000001a7568e09a0
Event: 78.754 Thread 0x000001a757cc2570 Thread exited: 0x000001a757cc2570
Event: 79.580 Thread 0x000001a75724fc00 Thread exited: 0x000001a75724fc00


Dynamic libraries:
0x00007ff64a0f0000 - 0x00007ff64a0fe000 	c:\Users\novot\.vscode\extensions\redhat.java-1.51.0-win32-x64\jre\21.0.9-win32-x86_64\bin\java.exe
0x00007ffd47d00000 - 0x00007ffd47f67000 	C:\WINDOWS\SYSTEM32\ntdll.dll
0x00007ffd46cc0000 - 0x00007ffd46d89000 	C:\WINDOWS\System32\KERNEL32.DLL
0x00007ffd456a0000 - 0x00007ffd45a8f000 	C:\WINDOWS\System32\KERNELBASE.dll
0x00007ffd44e50000 - 0x00007ffd44f9b000 	C:\WINDOWS\System32\ucrtbase.dll
0x00007ffd0cc60000 - 0x00007ffd0cc7e000 	c:\Users\novot\.vscode\extensions\redhat.java-1.51.0-win32-x64\jre\21.0.9-win32-x86_64\bin\VCRUNTIME140.dll
0x00007ffd0c530000 - 0x00007ffd0c548000 	c:\Users\novot\.vscode\extensions\redhat.java-1.51.0-win32-x64\jre\21.0.9-win32-x86_64\bin\jli.dll
0x00007ffd46a70000 - 0x00007ffd46c35000 	C:\WINDOWS\System32\USER32.dll
0x00007ffd44fa0000 - 0x00007ffd44fc7000 	C:\WINDOWS\System32\win32u.dll
0x00007ffd45aa0000 - 0x00007ffd45acb000 	C:\WINDOWS\System32\GDI32.dll
0x00007ffd28900000 - 0x00007ffd28b93000 	C:\WINDOWS\WinSxS\amd64_microsoft.windows.common-controls_6595b64144ccf1df_6.0.26100.7309_none_3e05feeae336a044\COMCTL32.dll
0x00007ffd451f0000 - 0x00007ffd4531c000 	C:\WINDOWS\System32\gdi32full.dll
0x00007ffd464b0000 - 0x00007ffd46559000 	C:\WINDOWS\System32\msvcrt.dll
0x00007ffd45140000 - 0x00007ffd451e3000 	C:\WINDOWS\System32\msvcp_win.dll
0x00007ffd45c50000 - 0x00007ffd45c81000 	C:\WINDOWS\System32\IMM32.DLL
0x00007ffd17c50000 - 0x00007ffd17c5c000 	c:\Users\novot\.vscode\extensions\redhat.java-1.51.0-win32-x64\jre\21.0.9-win32-x86_64\bin\vcruntime140_1.dll
0x00007ffd07630000 - 0x00007ffd076bd000 	c:\Users\novot\.vscode\extensions\redhat.java-1.51.0-win32-x64\jre\21.0.9-win32-x86_64\bin\msvcp140.dll
0x00007ffc75cf0000 - 0x00007ffc76a90000 	c:\Users\novot\.vscode\extensions\redhat.java-1.51.0-win32-x64\jre\21.0.9-win32-x86_64\bin\server\jvm.dll
0x00007ffd46f70000 - 0x00007ffd47024000 	C:\WINDOWS\System32\ADVAPI32.dll
0x00007ffd45ad0000 - 0x00007ffd45b76000 	C:\WINDOWS\System32\sechost.dll
0x00007ffd47a10000 - 0x00007ffd47b28000 	C:\WINDOWS\System32\RPCRT4.dll
0x00007ffd46c40000 - 0x00007ffd46cb4000 	C:\WINDOWS\System32\WS2_32.dll
0x00007ffd44cd0000 - 0x00007ffd44d2e000 	C:\WINDOWS\SYSTEM32\POWRPROF.dll
0x00007ffd3db90000 - 0x00007ffd3db9b000 	C:\WINDOWS\SYSTEM32\VERSION.dll
0x00007ffd373c0000 - 0x00007ffd373f5000 	C:\WINDOWS\SYSTEM32\WINMM.dll
0x00007ffd44cb0000 - 0x00007ffd44cc4000 	C:\WINDOWS\SYSTEM32\UMPDC.dll
0x00007ffd43bd0000 - 0x00007ffd43beb000 	C:\WINDOWS\SYSTEM32\kernel.appcore.dll
0x00007ffd10c70000 - 0x00007ffd10c7a000 	c:\Users\novot\.vscode\extensions\redhat.java-1.51.0-win32-x64\jre\21.0.9-win32-x86_64\bin\jimage.dll
0x00007ffd3b280000 - 0x00007ffd3b4c2000 	C:\WINDOWS\SYSTEM32\DBGHELP.DLL
0x00007ffd46120000 - 0x00007ffd464a6000 	C:\WINDOWS\System32\combase.dll
0x00007ffd47030000 - 0x00007ffd47106000 	C:\WINDOWS\System32\OLEAUT32.dll
0x00007ffd28040000 - 0x00007ffd2807c000 	C:\WINDOWS\SYSTEM32\dbgcore.DLL
0x00007ffd45560000 - 0x00007ffd45605000 	C:\WINDOWS\System32\bcryptPrimitives.dll
0x00007ffd0e700000 - 0x00007ffd0e70f000 	c:\Users\novot\.vscode\extensions\redhat.java-1.51.0-win32-x64\jre\21.0.9-win32-x86_64\bin\instrument.dll
0x00007ffd0b600000 - 0x00007ffd0b620000 	c:\Users\novot\.vscode\extensions\redhat.java-1.51.0-win32-x64\jre\21.0.9-win32-x86_64\bin\java.dll
0x00007ffd472a0000 - 0x00007ffd479f3000 	C:\WINDOWS\System32\SHELL32.dll
0x00007ffd44fd0000 - 0x00007ffd4513a000 	C:\WINDOWS\System32\wintypes.dll
0x00007ffd42a10000 - 0x00007ffd4326e000 	C:\WINDOWS\SYSTEM32\windows.storage.dll
0x00007ffd46740000 - 0x00007ffd46835000 	C:\WINDOWS\System32\SHCORE.dll
0x00007ffd471a0000 - 0x00007ffd47206000 	C:\WINDOWS\System32\shlwapi.dll
0x00007ffd44d70000 - 0x00007ffd44d99000 	C:\WINDOWS\SYSTEM32\profapi.dll
0x00007ffd0b560000 - 0x00007ffd0b578000 	c:\Users\novot\.vscode\extensions\redhat.java-1.51.0-win32-x64\jre\21.0.9-win32-x86_64\bin\zip.dll
0x00007ffd0bdc0000 - 0x00007ffd0bdd0000 	C:\Users\novot\.vscode\extensions\redhat.java-1.51.0-win32-x64\jre\21.0.9-win32-x86_64\bin\net.dll
0x00007ffd3e090000 - 0x00007ffd3e1b8000 	C:\WINDOWS\SYSTEM32\WINHTTP.dll
0x00007ffd44170000 - 0x00007ffd441db000 	C:\WINDOWS\system32\mswsock.dll
0x00007ffd09900000 - 0x00007ffd09916000 	C:\Users\novot\.vscode\extensions\redhat.java-1.51.0-win32-x64\jre\21.0.9-win32-x86_64\bin\nio.dll
0x00007ffd0bc50000 - 0x00007ffd0bc60000 	c:\Users\novot\.vscode\extensions\redhat.java-1.51.0-win32-x64\jre\21.0.9-win32-x86_64\bin\verify.dll
0x00007ffc81820000 - 0x00007ffc81864000 	C:\Users\novot\AppData\Roaming\Code\User\globalStorage\redhat.java\1.51.0\config_win\org.eclipse.equinox.launcher\org.eclipse.equinox.launcher.win32.win32.x86_64_1.2.1400.v20250801-0854\eclipse_11916.dll
0x00007ffd46d90000 - 0x00007ffd46f27000 	C:\WINDOWS\System32\ole32.dll
0x00007ffd44440000 - 0x00007ffd4445b000 	C:\WINDOWS\SYSTEM32\CRYPTSP.dll
0x00007ffd43b30000 - 0x00007ffd43b6a000 	C:\WINDOWS\system32\rsaenh.dll
0x00007ffd44220000 - 0x00007ffd4424b000 	C:\WINDOWS\SYSTEM32\USERENV.dll
0x00007ffd44d40000 - 0x00007ffd44d6a000 	C:\WINDOWS\SYSTEM32\bcrypt.dll
0x00007ffd44430000 - 0x00007ffd4443c000 	C:\WINDOWS\SYSTEM32\CRYPTBASE.dll
0x00007ffd435b0000 - 0x00007ffd435e4000 	C:\WINDOWS\SYSTEM32\IPHLPAPI.DLL
0x00007ffd47b30000 - 0x00007ffd47b3a000 	C:\WINDOWS\System32\NSI.dll
0x00007ffc817d0000 - 0x00007ffc81819000 	C:\Users\novot\AppData\Local\Temp\jna-105011066\jna4154175820040287174.dll
0x00007ffd47a00000 - 0x00007ffd47a08000 	C:\WINDOWS\System32\PSAPI.DLL
0x00007ffd3e7c0000 - 0x00007ffd3e7de000 	C:\WINDOWS\SYSTEM32\dhcpcsvc6.DLL
0x00007ffd3e6f0000 - 0x00007ffd3e713000 	C:\WINDOWS\SYSTEM32\dhcpcsvc.DLL

JVMTI agents:
c:\Users\novot\.vscode\extensions\redhat.java-1.51.0-win32-x64\lombok\lombok-1.18.39-4050.jar path:c:\Users\novot\.vscode\extensions\redhat.java-1.51.0-win32-x64\jre\21.0.9-win32-x86_64\bin\instrument.dll, loaded, initialized, instrumentlib options:none

dbghelp: loaded successfully - version: 4.0.5 - missing functions: none
symbol engine: initialized successfully - sym options: 0x614 - pdb path: .;c:\Users\novot\.vscode\extensions\redhat.java-1.51.0-win32-x64\jre\21.0.9-win32-x86_64\bin;C:\WINDOWS\SYSTEM32;C:\WINDOWS\WinSxS\amd64_microsoft.windows.common-controls_6595b64144ccf1df_6.0.26100.7309_none_3e05feeae336a044;c:\Users\novot\.vscode\extensions\redhat.java-1.51.0-win32-x64\jre\21.0.9-win32-x86_64\bin\server;C:\Users\novot\AppData\Roaming\Code\User\globalStorage\redhat.java\1.51.0\config_win\org.eclipse.equinox.launcher\org.eclipse.equinox.launcher.win32.win32.x86_64_1.2.1400.v20250801-0854;C:\Users\novot\AppData\Local\Temp\jna-105011066

VM Arguments:
jvm_args: --add-modules=ALL-SYSTEM --add-opens=java.base/java.util=ALL-UNNAMED --add-opens=java.base/java.lang=ALL-UNNAMED --add-opens=java.base/sun.nio.fs=ALL-UNNAMED -Declipse.application=org.eclipse.jdt.ls.core.id1 -Dosgi.bundles.defaultStartLevel=4 -Declipse.product=org.eclipse.jdt.ls.core.product -Djava.import.generatesMetadataFilesAtProjectRoot=false -DDetectVMInstallationsJob.disabled=true -Dfile.encoding=utf8 -XX:+UseParallelGC -XX:GCTimeRatio=4 -XX:AdaptiveSizePolicyWeight=90 -Dsun.zip.disableMemoryMapping=true -Xmx2G -Xms100m -Xlog:disable -javaagent:c:\Users\novot\.vscode\extensions\redhat.java-1.51.0-win32-x64\lombok\lombok-1.18.39-4050.jar -XX:+HeapDumpOnOutOfMemoryError -XX:HeapDumpPath=c:\Users\novot\AppData\Roaming\Code\User\workspaceStorage\1b2a4e91d6455b9920cdd9397ae71b20\redhat.java -Daether.dependencyCollector.impl=bf 
java_command: c:\Users\novot\.vscode\extensions\redhat.java-1.51.0-win32-x64\server\plugins\org.eclipse.equinox.launcher_1.7.100.v20251111-0406.jar -configuration c:\Users\novot\AppData\Roaming\Code\User\globalStorage\redhat.java\1.51.0\config_win -data c:\Users\novot\AppData\Roaming\Code\User\workspaceStorage\1b2a4e91d6455b9920cdd9397ae71b20\redhat.java\jdt_ws --pipe=\\.\pipe\lsp-4c1a17899bfbfe3266e5fb0cd39ee83e-sock
java_class_path (initial): c:\Users\novot\.vscode\extensions\redhat.java-1.51.0-win32-x64\server\plugins\org.eclipse.equinox.launcher_1.7.100.v20251111-0406.jar
Launcher Type: SUN_STANDARD

[Global flags]
    uintx AdaptiveSizePolicyWeight                 = 90                                        {product} {command line}
     intx CICompilerCount                          = 4                                         {product} {ergonomic}
    uintx GCTimeRatio                              = 4                                         {product} {command line}
     bool HeapDumpOnOutOfMemoryError               = true                                   {manageable} {command line}
    ccstr HeapDumpPath                             = c:\Users\novot\AppData\Roaming\Code\User\workspaceStorage\1b2a4e91d6455b9920cdd9397ae71b20\redhat.java         {manageable} {command line}
   size_t InitialHeapSize                          = 104857600                                 {product} {command line}
   size_t MaxHeapSize                              = 2147483648                                {product} {command line}
   size_t MaxNewSize                               = 715653120                                 {product} {ergonomic}
   size_t MinHeapDeltaBytes                        = 524288                                    {product} {ergonomic}
   size_t MinHeapSize                              = 104857600                                 {product} {command line}
   size_t NewSize                                  = 34603008                                  {product} {ergonomic}
    uintx NonNMethodCodeHeapSize                   = 5839372                                {pd product} {ergonomic}
    uintx NonProfiledCodeHeapSize                  = 122909434                              {pd product} {ergonomic}
   size_t OldSize                                  = 70254592                                  {product} {ergonomic}
    uintx ProfiledCodeHeapSize                     = 122909434                              {pd product} {ergonomic}
    uintx ReservedCodeCacheSize                    = 251658240                              {pd product} {ergonomic}
     bool SegmentedCodeCache                       = true                                      {product} {ergonomic}
   size_t SoftMaxHeapSize                          = 2147483648                             {manageable} {ergonomic}
     bool UseCompressedOops                        = true                           {product lp64_product} {ergonomic}
     bool UseLargePagesIndividualAllocation        = false                                  {pd product} {ergonomic}
     bool UseParallelGC                            = true                                      {product} {command line}

Logging:
Log output configuration:
 #0: stdout all=off uptime,level,tags foldmultilines=false
 #1: stderr all=off uptime,level,tags foldmultilines=false

Release file:
JAVA_VERSION="21.0.9" 
MODULES="java.base java.compiler java.datatransfer java.xml java.prefs java.desktop java.instrument java.logging java.management java.security.sasl java.naming java.rmi java.management.rmi java.net.http java.scripting java.security.jgss java.transaction.xa java.sql java.sql.rowset java.xml.crypto java.se java.smartcardio jdk.accessibility jdk.internal.jvmstat jdk.attach jdk.charsets jdk.internal.opt jdk.zipfs jdk.compiler jdk.crypto.ec jdk.crypto.cryptoki jdk.crypto.mscapi jdk.dynalink jdk.internal.ed jdk.editpad jdk.hotspot.agent jdk.httpserver jdk.internal.le jdk.internal.vm.ci jdk.internal.vm.compiler jdk.internal.vm.compiler.management jdk.jartool jdk.javadoc jdk.jcmd jdk.management jdk.management.agent jdk.jconsole jdk.jdeps jdk.jdwp.agent jdk.jdi jdk.jfr jdk.jshell jdk.jsobject jdk.jstatd jdk.localedata jdk.management.jfr jdk.naming.dns jdk.naming.rmi jdk.net jdk.nio.mapmode jdk.random jdk.sctp jdk.security.auth jdk.security.jgss jdk.unsupported jdk.unsupported.desktop jdk.xml.dom" 

Environment Variables:
JAVA_HOME=C:\Users\novot\.jdk\jdk-17.0.16
PATH=D:\WINDOWS.X64_193000_db_home\bin;C:\Program Files\Common Files\Oracle\Java\javapath;C:\Program Files (x86)\VMware\VMware Workstation\bin\;C:\WINDOWS\system32;C:\WINDOWS;C:\WINDOWS\System32\Wbem;C:\WINDOWS\System32\WindowsPowerShell\v1.0\;C:\WINDOWS\System32\OpenSSH\;C:\Program Files (x86)\Microsoft SQL Server\150\DTS\Binn\;C:\Program Files\Azure Data Studio\bin;C:\Program Files\HP\HP One Agent;C:\Program Files (x86)\Microsoft SQL Server\160\Tools\Binn\;C:\Program Files\Microsoft SQL Server\160\Tools\Binn\;C:\Program Files\Microsoft SQL Server\Client SDK\ODBC\170\Tools\Binn\;C:\Program Files\Microsoft SQL Server\160\DTS\Binn\;C:\Program Files\Java\jdk-21\bin;C:\Program Files\Git\cmd;C:\Program Files\Microsoft SQL Server\170\Tools\Binn\;C:\ProgramData\chocolatey\bin;C:\Program Files\Microsoft SQL Server\130\DTS\Binn\;C:\Program Files\Microsoft SQL Server\140\DTS\Binn\;C:\Program Files\Microsoft SQL Server\150\DTS\Binn\;C:\Program Files\Microsoft SQL Server\170\DTS\Binn\;C:\Program Files\nodejs\;C:\Program Files\Docker\Docker\resources\bin;C:\Users\novot\.jdk\jdk-17.0.16\bin;C:\Users\novot\AppData\Local\Programs\Python\Python314\Scripts\;C:\Users\novot\AppData\Local\Programs\Python\Python314\;C:\Users\novot\AppData\Local\Microsoft\WindowsApps;C:\Program Files\Azure Data Studio\bin;C:\Users\novot\AppData\Local\Programs\Microsoft VS Code\bin;C:\Program Files\JetBrains\IntelliJ IDEA Community Edition 2025.2\bin;D:\WINDOWS.X64_193000_db_home\bin\;C:\flutter\bin;C:\Users\novot\AppData\Roaming\npm;C:\Program Files\PostgreSQL\17\bin;C:\Users\novot\AppData\Local\Programs\Antigravity\bin;
USERNAME=novot
OS=Windows_NT
PROCESSOR_IDENTIFIER=AMD64 Family 25 Model 68 Stepping 1, AuthenticAMD
TMP=C:\Users\novot\AppData\Local\Temp
TEMP=C:\Users\novot\AppData\Local\Temp




Periodic native trim disabled

---------------  S Y S T E M  ---------------

OS:
 Windows 11 , 64 bit Build 26100 (10.0.26100.7623)
OS uptime: 0 days 11:51 hours
Hyper-V role detected

CPU: total 12 (initial active 12) (12 cores per cpu, 2 threads per core) family 25 model 68 stepping 1 microcode 0xa404107, cx8, cmov, fxsr, ht, mmx, 3dnowpref, sse, sse2, sse3, ssse3, sse4a, sse4.1, sse4.2, popcnt, lzcnt, tsc, tscinvbit, avx, avx2, aes, erms, clmul, bmi1, bmi2, adx, sha, fma, vzeroupper, clflush, clflushopt, hv, rdtscp, rdpid, fsrm, f16c, cet_ss
Processor Information for processor 0
  Max Mhz: 3301, Current Mhz: 2496, Mhz Limit: 3301
Processor Information for processor 1
  Max Mhz: 3301, Current Mhz: 2496, Mhz Limit: 3301
Processor Information for processor 2
  Max Mhz: 3301, Current Mhz: 2024, Mhz Limit: 3301
Processor Information for processor 3
  Max Mhz: 3301, Current Mhz: 2024, Mhz Limit: 3301
Processor Information for processor 4
  Max Mhz: 3301, Current Mhz: 2496, Mhz Limit: 3301
Processor Information for processor 5
  Max Mhz: 3301, Current Mhz: 2496, Mhz Limit: 3301
Processor Information for processor 6
  Max Mhz: 3301, Current Mhz: 2024, Mhz Limit: 3301
Processor Information for processor 7
  Max Mhz: 3301, Current Mhz: 2496, Mhz Limit: 3301
Processor Information for processor 8
  Max Mhz: 3301, Current Mhz: 2024, Mhz Limit: 3301
Processor Information for processor 9
  Max Mhz: 3301, Current Mhz: 2024, Mhz Limit: 3301
Processor Information for processor 10
  Max Mhz: 3301, Current Mhz: 2024, Mhz Limit: 3301
Processor Information for processor 11
  Max Mhz: 3301, Current Mhz: 2024, Mhz Limit: 3301

Memory: 4k page, system-wide physical 7381M (435M free)
TotalPageFile size 29909M (AvailPageFile size 3M)
current process WorkingSet (physical memory assigned to process): 270M, peak: 348M
current process commit charge ("private bytes"): 370M, peak: 429M

vm_info: OpenJDK 64-Bit Server VM (21.0.9+10-LTS) for windows-amd64 JRE (21.0.9+10-LTS), built on 2025-10-21T00:00:00Z by "admin" with unknown MS VC++:1942

END.
