#
# There is insufficient memory for the Java Runtime Environment to continue.
# Native memory allocation (malloc) failed to allocate 2117120 bytes. Error detail: Chunk::new
# Possible reasons:
#   The system is out of physical RAM or swap space
#   This process is running with CompressedOops enabled, and the Java Heap may be blocking the growth of the native heap
# Possible solutions:
#   Reduce memory load on the system
#   Increase physical memory or swap space
#   Check if swap backing store is full
#   Decrease Java heap size (-Xmx/-Xms)
#   Decrease number of Java threads
#   Decrease Java thread stack sizes (-Xss)
#   Set larger code cache with -XX:ReservedCodeCacheSize=
#   JVM is running with Unscaled Compressed Oops mode in which the Java heap is
#     placed in the first 4GB address space. The Java Heap base address is the
#     maximum limit for the native heap growth. Please use -XX:HeapBaseMinAddress
#     to set the Java Heap base and to place the Java Heap above 4GB virtual address.
# This output file may be truncated or incomplete.
#
#  Out of Memory Error (arena.cpp:168), pid=29412, tid=45672
#
# JRE version: OpenJDK Runtime Environment Temurin-21.0.9+10 (21.0.9+10) (build 21.0.9+10-LTS)
# Java VM: OpenJDK 64-Bit Server VM Temurin-21.0.9+10 (21.0.9+10-LTS, mixed mode, sharing, tiered, compressed oops, compressed class ptrs, parallel gc, windows-amd64)
# No core dump will be written. Minidumps are not enabled by default on client versions of Windows
#

---------------  S U M M A R Y ------------

Command Line: --add-modules=ALL-SYSTEM --add-opens=java.base/java.util=ALL-UNNAMED --add-opens=java.base/java.lang=ALL-UNNAMED --add-opens=java.base/sun.nio.fs=ALL-UNNAMED -Declipse.application=org.eclipse.jdt.ls.core.id1 -Dosgi.bundles.defaultStartLevel=4 -Declipse.product=org.eclipse.jdt.ls.core.product -Djava.import.generatesMetadataFilesAtProjectRoot=false -DDetectVMInstallationsJob.disabled=true -Dfile.encoding=utf8 -XX:+UseParallelGC -XX:GCTimeRatio=4 -XX:AdaptiveSizePolicyWeight=90 -Dsun.zip.disableMemoryMapping=true -Xmx2G -Xms100m -Xlog:disable -javaagent:c:\Users\Chari\.vscode\extensions\redhat.java-1.50.0-win32-x64\lombok\lombok-1.18.39-4050.jar -XX:+HeapDumpOnOutOfMemoryError -XX:HeapDumpPath=c:\Users\Chari\AppData\Roaming\Code\User\workspaceStorage\b208153a19a6fdc2ec01b9154eb730e8\redhat.java -Daether.dependencyCollector.impl=bf c:\Users\Chari\.vscode\extensions\redhat.java-1.50.0-win32-x64\server\plugins\org.eclipse.equinox.launcher_1.7.100.v20251111-0406.jar -configuration c:\Users\Chari\AppData\Roaming\Code\User\globalStorage\redhat.java\1.50.0\config_win -data c:\Users\Chari\AppData\Roaming\Code\User\workspaceStorage\b208153a19a6fdc2ec01b9154eb730e8\redhat.java\jdt_ws --pipe=\\.\pipe\lsp-33b5e42f18857def560558e33ea42e09-sock

Host: Intel(R) Core(TM) Ultra 7 155H, 22 cores, 15G,  Windows 11 , 64 bit Build 26100 (10.0.26100.7309)
Time: Sun Jan 11 20:08:54 2026 Greenwich elapsed time: 11.897501 seconds (0d 0h 0m 11s)

---------------  T H R E A D  ---------------

Current thread (0x0000024cedf53bd0):  JavaThread "C2 CompilerThread4" daemon [_thread_in_native, id=45672, stack(0x0000007524c00000,0x0000007524d00000) (1024K)]


Current CompileTask:
C2:11897 10456       4       java.util.Properties::load0 (249 bytes)

Stack: [0x0000007524c00000,0x0000007524d00000]
Native frames: (J=compiled Java code, j=interpreted, Vv=VM code, C=native code)
V  [jvm.dll+0x6d6e29]
V  [jvm.dll+0x8b4b76]
V  [jvm.dll+0x8b712e]
V  [jvm.dll+0x8b7813]
V  [jvm.dll+0x283d86]
V  [jvm.dll+0xc66ed]
V  [jvm.dll+0xc6c31]
V  [jvm.dll+0x3be53b]
V  [jvm.dll+0x38ab92]
V  [jvm.dll+0x389fda]
V  [jvm.dll+0x24bfa0]
V  [jvm.dll+0x24b580]
V  [jvm.dll+0x1cb13e]
V  [jvm.dll+0x25b29d]
V  [jvm.dll+0x25982a]
V  [jvm.dll+0x3f7ea6]
V  [jvm.dll+0x85e9ad]
V  [jvm.dll+0x6d565d]
C  [ucrtbase.dll+0x37b0]
C  [KERNEL32.DLL+0x2e8d7]
C  [ntdll.dll+0x8c53c]


---------------  P R O C E S S  ---------------

Threads class SMR info:
_java_thread_list=0x0000024cf903ca30, length=81, elements={
0x0000024cd61f9660, 0x0000024cec9ce300, 0x0000024cec9cfe60, 0x0000024cec9d4910,
0x0000024cec9d84b0, 0x0000024cec9da790, 0x0000024cedf43ed0, 0x0000024cedf467d0,
0x0000024cedf53500, 0x0000024cedf50c20, 0x0000024cedf52090, 0x0000024cee130760,
0x0000024cedf542a0, 0x0000024cf01e2e50, 0x0000024cf511cb20, 0x0000024cf5676700,
0x0000024cf51ae650, 0x0000024cf5367f10, 0x0000024cf5877470, 0x0000024cf58bd460,
0x0000024cedf519c0, 0x0000024cf5a08550, 0x0000024cf5a08be0, 0x0000024cf5a09f90,
0x0000024cf5a07ec0, 0x0000024cedf512f0, 0x0000024cf5a09270, 0x0000024cf5a071a0,
0x0000024cf5a09900, 0x0000024cf5a06b10, 0x0000024cf8d29570, 0x0000024cf8d28850,
0x0000024cf8d274a0, 0x0000024cf8d29c00, 0x0000024cf8d27b30, 0x0000024cf8d2a290,
0x0000024cf8d26e10, 0x0000024cf8d2afb0, 0x0000024cf8d2a920, 0x0000024cf8d2b640,
0x0000024cf8d281c0, 0x0000024cf8d2bcd0, 0x0000024cf8d2c360, 0x0000024cf8d28ee0,
0x0000024cf8d2d710, 0x0000024cf8d2dda0, 0x0000024cf8d2d080, 0x0000024cf8d2c9f0,
0x0000024cf8d2e430, 0x0000024cf8c601f0, 0x0000024cf8c60f10, 0x0000024cf8c5e7b0,
0x0000024cedf52e30, 0x0000024cf8c615a0, 0x0000024cedf53bd0, 0x0000024cf8c5e120,
0x0000024cf8c61c30, 0x0000024cf8c60880, 0x0000024cf8c622c0, 0x0000024cf8c5ee40,
0x0000024cf8c62950, 0x0000024cf8c5f4d0, 0x0000024cf8c62fe0, 0x0000024cf8c5fb60,
0x0000024cf8c64a20, 0x0000024cf8c63670, 0x0000024cf8c63d00, 0x0000024cf8c64390,
0x0000024cf8c650b0, 0x0000024cf8c65740, 0x0000024cf77d9590, 0x0000024cf77d81e0,
0x0000024cf77dbcf0, 0x0000024cf77d8870, 0x0000024cf77da2b0, 0x0000024cf77d9c20,
0x0000024cf77da940, 0x0000024cf77dafd0, 0x0000024cf77db660, 0x0000024cf77dddc0,
0x0000024cf77dc380
}

Java Threads: ( => current thread )
  0x0000024cd61f9660 JavaThread "main"                              [_thread_blocked, id=1664, stack(0x0000007520200000,0x0000007520300000) (1024K)]
  0x0000024cec9ce300 JavaThread "Reference Handler"          daemon [_thread_blocked, id=31104, stack(0x0000007520600000,0x0000007520700000) (1024K)]
  0x0000024cec9cfe60 JavaThread "Finalizer"                  daemon [_thread_blocked, id=26808, stack(0x0000007520700000,0x0000007520800000) (1024K)]
  0x0000024cec9d4910 JavaThread "Signal Dispatcher"          daemon [_thread_blocked, id=30616, stack(0x0000007520800000,0x0000007520900000) (1024K)]
  0x0000024cec9d84b0 JavaThread "Attach Listener"            daemon [_thread_blocked, id=39900, stack(0x0000007520900000,0x0000007520a00000) (1024K)]
  0x0000024cec9da790 JavaThread "Service Thread"             daemon [_thread_blocked, id=37200, stack(0x0000007520a00000,0x0000007520b00000) (1024K)]
  0x0000024cedf43ed0 JavaThread "Monitor Deflation Thread"   daemon [_thread_blocked, id=16756, stack(0x0000007520b00000,0x0000007520c00000) (1024K)]
  0x0000024cedf467d0 JavaThread "C2 CompilerThread0"         daemon [_thread_in_native, id=37840, stack(0x0000007520c00000,0x0000007520d00000) (1024K)]
  0x0000024cedf53500 JavaThread "C1 CompilerThread0"         daemon [_thread_in_native, id=41692, stack(0x0000007520d00000,0x0000007520e00000) (1024K)]
  0x0000024cedf50c20 JavaThread "C1 CompilerThread1"         daemon [_thread_in_native, id=23264, stack(0x0000007520e00000,0x0000007520f00000) (1024K)]
  0x0000024cedf52090 JavaThread "C1 CompilerThread2"         daemon [_thread_in_native, id=32024, stack(0x0000007520f00000,0x0000007521000000) (1024K)]
  0x0000024cee130760 JavaThread "Common-Cleaner"             daemon [_thread_blocked, id=35080, stack(0x0000007521100000,0x0000007521200000) (1024K)]
  0x0000024cedf542a0 JavaThread "C1 CompilerThread3"         daemon [_thread_in_native, id=39112, stack(0x0000007521200000,0x0000007521300000) (1024K)]
  0x0000024cf01e2e50 JavaThread "Notification Thread"        daemon [_thread_blocked, id=1632, stack(0x0000007521300000,0x0000007521400000) (1024K)]
  0x0000024cf511cb20 JavaThread "Active Thread: Equinox Container: db4437f2-039c-4b0a-88a0-44d7a44c9093"        [_thread_blocked, id=11880, stack(0x0000007521c00000,0x0000007521d00000) (1024K)]
  0x0000024cf5676700 JavaThread "Refresh Thread: Equinox Container: db4437f2-039c-4b0a-88a0-44d7a44c9093" daemon [_thread_blocked, id=43772, stack(0x0000007521e00000,0x0000007521f00000) (1024K)]
  0x0000024cf51ae650 JavaThread "Framework Event Dispatcher: Equinox Container: db4437f2-039c-4b0a-88a0-44d7a44c9093" daemon [_thread_blocked, id=33588, stack(0x0000007521f00000,0x0000007522000000) (1024K)]
  0x0000024cf5367f10 JavaThread "Start Level: Equinox Container: db4437f2-039c-4b0a-88a0-44d7a44c9093" daemon [_thread_blocked, id=24804, stack(0x0000007522000000,0x0000007522100000) (1024K)]
  0x0000024cf5877470 JavaThread "Bundle File Closer"         daemon [_thread_blocked, id=43692, stack(0x0000007522400000,0x0000007522500000) (1024K)]
  0x0000024cf58bd460 JavaThread "SCR Component Actor"        daemon [_thread_blocked, id=30860, stack(0x0000007521000000,0x0000007521100000) (1024K)]
  0x0000024cedf519c0 JavaThread "C2 CompilerThread1"         daemon [_thread_in_native, id=15968, stack(0x0000007521b00000,0x0000007521c00000) (1024K)]
  0x0000024cf5a08550 JavaThread "Worker-JM"                         [_thread_blocked, id=27796, stack(0x0000007522600000,0x0000007522700000) (1024K)]
  0x0000024cf5a08be0 JavaThread "JNA Cleaner"                daemon [_thread_blocked, id=31384, stack(0x0000007522800000,0x0000007522900000) (1024K)]
  0x0000024cf5a09f90 JavaThread "Worker-0: Refreshing workspace"        [_thread_blocked, id=10380, stack(0x0000007522900000,0x0000007522a00000) (1024K)]
  0x0000024cf5a07ec0 JavaThread "Worker-1: Initialize workspace"        [_thread_blocked, id=26640, stack(0x0000007522a00000,0x0000007522b00000) (1024K)]
  0x0000024cedf512f0 JavaThread "C2 CompilerThread2"         daemon [_thread_in_native, id=18124, stack(0x0000007522d00000,0x0000007522e00000) (1024K)]
  0x0000024cf5a09270 JavaThread "Java indexing"              daemon [_thread_blocked, id=41032, stack(0x0000007522e00000,0x0000007522f00000) (1024K)]
  0x0000024cf5a071a0 JavaThread "Worker-2"                          [_thread_blocked, id=39916, stack(0x0000007523100000,0x0000007523200000) (1024K)]
  0x0000024cf5a09900 JavaThread "Worker-3"                          [_thread_blocked, id=1476, stack(0x0000007523200000,0x0000007523300000) (1024K)]
  0x0000024cf5a06b10 JavaThread "Thread-1"                   daemon [_thread_in_native, id=30496, stack(0x0000007523300000,0x0000007523400000) (1024K)]
  0x0000024cf8d29570 JavaThread "Thread-2"                   daemon [_thread_in_native, id=34236, stack(0x0000007523400000,0x0000007523500000) (1024K)]
  0x0000024cf8d28850 JavaThread "Thread-3"                   daemon [_thread_in_native, id=31100, stack(0x0000007523500000,0x0000007523600000) (1024K)]
  0x0000024cf8d274a0 JavaThread "Thread-4"                   daemon [_thread_in_native, id=16604, stack(0x0000007523600000,0x0000007523700000) (1024K)]
  0x0000024cf8d29c00 JavaThread "Thread-5"                   daemon [_thread_in_native, id=19488, stack(0x0000007523700000,0x0000007523800000) (1024K)]
  0x0000024cf8d27b30 JavaThread "Thread-6"                   daemon [_thread_in_native, id=42408, stack(0x0000007523800000,0x0000007523900000) (1024K)]
  0x0000024cf8d2a290 JavaThread "Thread-7"                   daemon [_thread_in_native, id=2016, stack(0x0000007523900000,0x0000007523a00000) (1024K)]
  0x0000024cf8d26e10 JavaThread "Thread-8"                   daemon [_thread_in_native, id=26812, stack(0x0000007523a00000,0x0000007523b00000) (1024K)]
  0x0000024cf8d2afb0 JavaThread "Thread-9"                   daemon [_thread_in_native, id=35688, stack(0x0000007523b00000,0x0000007523c00000) (1024K)]
  0x0000024cf8d2a920 JavaThread "Thread-10"                  daemon [_thread_in_native, id=38700, stack(0x0000007523c00000,0x0000007523d00000) (1024K)]
  0x0000024cf8d2b640 JavaThread "Thread-11"                  daemon [_thread_in_native, id=11084, stack(0x0000007523d00000,0x0000007523e00000) (1024K)]
  0x0000024cf8d281c0 JavaThread "Thread-12"                  daemon [_thread_in_native, id=43592, stack(0x0000007523e00000,0x0000007523f00000) (1024K)]
  0x0000024cf8d2bcd0 JavaThread "Thread-13"                  daemon [_thread_in_native, id=20056, stack(0x0000007523f00000,0x0000007524000000) (1024K)]
  0x0000024cf8d2c360 JavaThread "Thread-14"                  daemon [_thread_in_native, id=33820, stack(0x0000007524000000,0x0000007524100000) (1024K)]
  0x0000024cf8d28ee0 JavaThread "Thread-15"                  daemon [_thread_in_native, id=45416, stack(0x0000007524100000,0x0000007524200000) (1024K)]
  0x0000024cf8d2d710 JavaThread "Thread-16"                  daemon [_thread_in_native, id=27484, stack(0x0000007524200000,0x0000007524300000) (1024K)]
  0x0000024cf8d2dda0 JavaThread "Thread-17"                  daemon [_thread_in_native, id=36100, stack(0x0000007524300000,0x0000007524400000) (1024K)]
  0x0000024cf8d2d080 JavaThread "Thread-18"                  daemon [_thread_in_native, id=27352, stack(0x0000007524400000,0x0000007524500000) (1024K)]
  0x0000024cf8d2c9f0 JavaThread "Thread-19"                  daemon [_thread_in_native, id=22124, stack(0x0000007524500000,0x0000007524600000) (1024K)]
  0x0000024cf8d2e430 JavaThread "Thread-20"                  daemon [_thread_in_native, id=2672, stack(0x0000007524600000,0x0000007524700000) (1024K)]
  0x0000024cf8c601f0 JavaThread "Thread-21"                  daemon [_thread_in_native, id=12464, stack(0x0000007524700000,0x0000007524800000) (1024K)]
  0x0000024cf8c60f10 JavaThread "Thread-22"                  daemon [_thread_in_native, id=7596, stack(0x0000007524800000,0x0000007524900000) (1024K)]
  0x0000024cf8c5e7b0 JavaThread "Thread-23"                  daemon [_thread_in_native, id=4396, stack(0x0000007524900000,0x0000007524a00000) (1024K)]
  0x0000024cedf52e30 JavaThread "C2 CompilerThread3"         daemon [_thread_in_native, id=21588, stack(0x0000007524a00000,0x0000007524b00000) (1024K)]
  0x0000024cf8c615a0 JavaThread "pool-2-thread-1"                   [_thread_blocked, id=27732, stack(0x0000007524b00000,0x0000007524c00000) (1024K)]
=>0x0000024cedf53bd0 JavaThread "C2 CompilerThread4"         daemon [_thread_in_native, id=45672, stack(0x0000007524c00000,0x0000007524d00000) (1024K)]
  0x0000024cf8c5e120 JavaThread "Worker-4: Update Maven project configuration"        [_thread_in_native, id=21904, stack(0x0000007524e00000,0x0000007524f00000) (1024K)]
  0x0000024cf8c61c30 JavaThread "WorkspaceEventsHandler"            [_thread_blocked, id=3608, stack(0x0000007525000000,0x0000007525100000) (1024K)]
  0x0000024cf8c60880 JavaThread "pool-1-thread-1"                   [_thread_blocked, id=38780, stack(0x0000007525100000,0x0000007525200000) (1024K)]
  0x0000024cf8c622c0 JavaThread "ForkJoinPool.commonPool-worker-1" daemon [_thread_blocked, id=8672, stack(0x0000007525200000,0x0000007525300000) (1024K)]
  0x0000024cf8c5ee40 JavaThread "ForkJoinPool.commonPool-worker-2" daemon [_thread_blocked, id=43580, stack(0x0000007525300000,0x0000007525400000) (1024K)]
  0x0000024cf8c62950 JavaThread "ForkJoinPool.commonPool-worker-4" daemon [_thread_blocked, id=27472, stack(0x0000007525400000,0x0000007525500000) (1024K)]
  0x0000024cf8c5f4d0 JavaThread "ForkJoinPool.commonPool-worker-3" daemon [_thread_blocked, id=42840, stack(0x0000007525500000,0x0000007525600000) (1024K)]
  0x0000024cf8c62fe0 JavaThread "ForkJoinPool.commonPool-worker-5" daemon [_thread_blocked, id=40132, stack(0x0000007525600000,0x0000007525700000) (1024K)]
  0x0000024cf8c5fb60 JavaThread "ForkJoinPool.commonPool-worker-6" daemon [_thread_blocked, id=36468, stack(0x0000007525700000,0x0000007525800000) (1024K)]
  0x0000024cf8c64a20 JavaThread "ForkJoinPool.commonPool-worker-7" daemon [_thread_blocked, id=15056, stack(0x0000007525800000,0x0000007525900000) (1024K)]
  0x0000024cf8c63670 JavaThread "ForkJoinPool.commonPool-worker-8" daemon [_thread_blocked, id=11204, stack(0x0000007525900000,0x0000007525a00000) (1024K)]
  0x0000024cf8c63d00 JavaThread "ForkJoinPool.commonPool-worker-9" daemon [_thread_in_Java, id=3680, stack(0x0000007525a00000,0x0000007525b00000) (1024K)]
  0x0000024cf8c64390 JavaThread "ForkJoinPool.commonPool-worker-10" daemon [_thread_blocked, id=14272, stack(0x0000007525b00000,0x0000007525c00000) (1024K)]
  0x0000024cf8c650b0 JavaThread "ForkJoinPool.commonPool-worker-11" daemon [_thread_blocked, id=22564, stack(0x0000007525c00000,0x0000007525d00000) (1024K)]
  0x0000024cf8c65740 JavaThread "ForkJoinPool.commonPool-worker-12" daemon [_thread_blocked, id=41124, stack(0x0000007525d00000,0x0000007525e00000) (1024K)]
  0x0000024cf77d9590 JavaThread "ForkJoinPool.commonPool-worker-13" daemon [_thread_in_Java, id=34852, stack(0x0000007525e00000,0x0000007525f00000) (1024K)]
  0x0000024cf77d81e0 JavaThread "ForkJoinPool.commonPool-worker-14" daemon [_thread_in_native, id=37492, stack(0x0000007525f00000,0x0000007526000000) (1024K)]
  0x0000024cf77dbcf0 JavaThread "ForkJoinPool.commonPool-worker-15" daemon [_thread_in_vm, id=44012, stack(0x0000007526000000,0x0000007526100000) (1024K)]
  0x0000024cf77d8870 JavaThread "ForkJoinPool.commonPool-worker-16" daemon [_thread_blocked, id=15508, stack(0x0000007526100000,0x0000007526200000) (1024K)]
  0x0000024cf77da2b0 JavaThread "ForkJoinPool.commonPool-worker-17" daemon [_thread_blocked, id=40684, stack(0x0000007526200000,0x0000007526300000) (1024K)]
  0x0000024cf77d9c20 JavaThread "ForkJoinPool.commonPool-worker-18" daemon [_thread_blocked, id=25012, stack(0x0000007526300000,0x0000007526400000) (1024K)]
  0x0000024cf77da940 JavaThread "ForkJoinPool.commonPool-worker-19" daemon [_thread_blocked, id=24936, stack(0x0000007526400000,0x0000007526500000) (1024K)]
  0x0000024cf77dafd0 JavaThread "ForkJoinPool.commonPool-worker-20" daemon [_thread_blocked, id=34688, stack(0x0000007526500000,0x0000007526600000) (1024K)]
  0x0000024cf77db660 JavaThread "ForkJoinPool.commonPool-worker-21" daemon [_thread_blocked, id=45408, stack(0x0000007526600000,0x0000007526700000) (1024K)]
  0x0000024cf77dddc0 JavaThread "Keep-Alive-Timer"           daemon [_thread_blocked, id=5912, stack(0x0000007526700000,0x0000007526800000) (1024K)]
  0x0000024cf77dc380 JavaThread "Worker-5"                          [_thread_blocked, id=45680, stack(0x0000007524d00000,0x0000007524e00000) (1024K)]
Total: 81

Other Threads:
  0x0000024cd3c706d0 VMThread "VM Thread"                           [id=23140, stack(0x0000007520500000,0x0000007520600000) (1024K)]
  0x0000024cec8bc8d0 WatcherThread "VM Periodic Task Thread"        [id=38568, stack(0x0000007520400000,0x0000007520500000) (1024K)]
  0x0000024cd3c6fbf0 WorkerThread "GC Thread#0"                     [id=25092, stack(0x0000007520300000,0x0000007520400000) (1024K)]
  0x0000024cd3c6f110 WorkerThread "GC Thread#1"                     [id=31388, stack(0x0000007521500000,0x0000007521600000) (1024K)]
  0x0000024cd3c6ff90 WorkerThread "GC Thread#2"                     [id=33532, stack(0x0000007521600000,0x0000007521700000) (1024K)]
  0x0000024cd3c6f4b0 WorkerThread "GC Thread#3"                     [id=36584, stack(0x0000007521700000,0x0000007521800000) (1024K)]
  0x0000024cf0741990 WorkerThread "GC Thread#4"                     [id=29512, stack(0x0000007521800000,0x0000007521900000) (1024K)]
  0x0000024cf07420d0 WorkerThread "GC Thread#5"                     [id=32016, stack(0x0000007521900000,0x0000007521a00000) (1024K)]
  0x0000024cf0741250 WorkerThread "GC Thread#6"                     [id=7116, stack(0x0000007521a00000,0x0000007521b00000) (1024K)]
  0x0000024cf0742f50 WorkerThread "GC Thread#7"                     [id=17760, stack(0x0000007521d00000,0x0000007521e00000) (1024K)]
  0x0000024cf0742470 WorkerThread "GC Thread#8"                     [id=28220, stack(0x0000007522100000,0x0000007522200000) (1024K)]
  0x0000024cf0742810 WorkerThread "GC Thread#9"                     [id=44744, stack(0x0000007522200000,0x0000007522300000) (1024K)]
  0x0000024cf0740770 WorkerThread "GC Thread#10"                    [id=39608, stack(0x0000007522300000,0x0000007522400000) (1024K)]
  0x0000024cf0740b10 WorkerThread "GC Thread#11"                    [id=17860, stack(0x0000007521400000,0x0000007521500000) (1024K)]
  0x0000024cf0742bb0 WorkerThread "GC Thread#12"                    [id=28636, stack(0x0000007522500000,0x0000007522600000) (1024K)]
  0x0000024cf07432f0 WorkerThread "GC Thread#13"                    [id=9764, stack(0x0000007522700000,0x0000007522800000) (1024K)]
  0x0000024cf0743a30 WorkerThread "GC Thread#14"                    [id=32384, stack(0x0000007522b00000,0x0000007522c00000) (1024K)]
  0x0000024cf0740eb0 WorkerThread "GC Thread#15"                    [id=42428, stack(0x0000007522c00000,0x0000007522d00000) (1024K)]
Total: 18

Threads with active compile tasks:
C2 CompilerThread0  11952 10706   !   4       org.eclipse.osgi.internal.weaving.WeavingHookConfigurator::processClass (249 bytes)
C1 CompilerThread1  11952 10728       3       java.util.concurrent.ConcurrentLinkedQueue::first (65 bytes)
C1 CompilerThread2  11953 10710   !   3       org.eclipse.osgi.internal.framework.EquinoxBundle::adapt0 (939 bytes)
C2 CompilerThread1  11953 10694       4       java.lang.invoke.DirectMethodHandle::make (275 bytes)
C2 CompilerThread2  11953 10707       4       java.util.concurrent.locks.ReentrantReadWriteLock$Sync::tryAcquireShared (177 bytes)
C2 CompilerThread3  11953 10680   !   4       lombok.patcher.ScriptManager$OurClassFileTransformer::transform (473 bytes)
C2 CompilerThread4  11954 10456       4       java.util.Properties::load0 (249 bytes)
Total: 7

VM state: at safepoint (normal execution)

VM Mutex/Monitor currently owned by a thread:  ([mutex/lock_event])
[0x00007ffb2c00d570] Threads_lock - owner thread: 0x0000024cd3c706d0
[0x00007ffb2c00d670] Heap_lock - owner thread: 0x0000024cf77d81e0

Heap address: 0x0000000080000000, size: 2048 MB, Compressed Oops mode: 32-bit

CDS archive(s) mapped at: [0x0000024c80000000-0x0000024c80ba0000-0x0000024c80ba0000), size 12189696, SharedBaseAddress: 0x0000024c80000000, ArchiveRelocationMode: 1.
Compressed class space mapped at: 0x0000024c81000000-0x0000024cc1000000, reserved size: 1073741824
Narrow klass base: 0x0000024c80000000, Narrow klass shift: 0, Narrow klass range: 0x100000000

GC Precious Log:
 CardTable entry size: 512
 CPUs: 22 total, 22 available
 Memory: 15828M
 Large Page Support: Disabled
 NUMA Support: Disabled
 Compressed Oops: Enabled (32-bit)
 Alignments: Space 512K, Generation 512K, Heap 2M
 Heap Min Capacity: 100M
 Heap Initial Capacity: 100M
 Heap Max Capacity: 2G
 Pre-touch: Disabled
 Parallel Workers: 16

Heap:
 PSYoungGen      total 22016K, used 1004K [0x00000000d5580000, 0x00000000d6d00000, 0x0000000100000000)
  eden space 20992K, 0% used [0x00000000d5580000,0x00000000d5580000,0x00000000d6a00000)
  from space 1024K, 98% used [0x00000000d6c00000,0x00000000d6cfb2c0,0x00000000d6d00000)
  to   space 1536K, 0% used [0x00000000d6a80000,0x00000000d6a80000,0x00000000d6c00000)
 ParOldGen       total 68608K, used 59592K [0x0000000080000000, 0x0000000084300000, 0x00000000d5580000)
  object space 68608K, 86% used [0x0000000080000000,0x0000000083a322a0,0x0000000084300000)
 Metaspace       used 64255K, committed 65856K, reserved 1114112K
  class space    used 6960K, committed 7616K, reserved 1048576K

Card table byte_map: [0x0000024cd5a90000,0x0000024cd5ea0000] _byte_map_base: 0x0000024cd5690000

Marking Bits: (ParMarkBitMap*) 0x00007ffb2c012460
 Begin Bits: [0x0000024ce83e0000, 0x0000024cea3e0000)
 End Bits:   [0x0000024cea3e0000, 0x0000024cec3e0000)

Polling page: 0x0000024cd3f20000

Metaspace:

Usage:
  Non-class:     55.95 MB used.
      Class:      6.80 MB used.
       Both:     62.75 MB used.

Virtual space:
  Non-class space:       64.00 MB reserved,      56.88 MB ( 89%) committed,  1 nodes.
      Class space:        1.00 GB reserved,       7.44 MB ( <1%) committed,  1 nodes.
             Both:        1.06 GB reserved,      64.31 MB (  6%) committed. 

Chunk freelists:
   Non-Class:  6.98 MB
       Class:  8.47 MB
        Both:  15.45 MB

MaxMetaspaceSize: unlimited
CompressedClassSpaceSize: 1.00 GB
Initial GC threshold: 21.00 MB
Current GC threshold: 98.69 MB
CDS: on
 - commit_granule_bytes: 65536.
 - commit_granule_words: 8192.
 - virtual_space_node_default_size: 8388608.
 - enlarge_chunks_in_place: 1.
 - use_allocation_guard: 0.


Internal statistics:

num_allocs_failed_limit: 23.
num_arena_births: 1192.
num_arena_deaths: 18.
num_vsnodes_births: 2.
num_vsnodes_deaths: 0.
num_space_committed: 1029.
num_space_uncommitted: 0.
num_chunks_returned_to_freelist: 42.
num_chunks_taken_from_freelist: 4081.
num_chunk_merges: 20.
num_chunk_splits: 2472.
num_chunks_enlarged: 1333.
num_inconsistent_stats: 0.

CodeHeap 'non-profiled nmethods': size=119168Kb used=6163Kb max_used=6163Kb free=113004Kb
 bounds [0x0000024ce0f80000, 0x0000024ce1590000, 0x0000024ce83e0000]
CodeHeap 'profiled nmethods': size=119104Kb used=22065Kb max_used=22065Kb free=97038Kb
 bounds [0x0000024cd93e0000, 0x0000024cda970000, 0x0000024ce0830000]
CodeHeap 'non-nmethods': size=7488Kb used=3140Kb max_used=3226Kb free=4347Kb
 bounds [0x0000024ce0830000, 0x0000024ce0b60000, 0x0000024ce0f80000]
CodeCache: size=245760Kb, used=31368Kb, max_used=31454Kb, free=214389Kb
 total_blobs=10686, nmethods=9926, adapters=663, full_count=0
Compilation: enabled, stopped_count=0, restarted_count=0

Compilation events (20 events):
Event: 10.850 Thread 0x0000024cedf53500 10670   !   3       org.eclipse.jdt.internal.compiler.classfmt.ClassFileReader::<init> (1968 bytes)
Event: 10.850 Thread 0x0000024cedf50c20 10671       1       org.eclipse.jdt.internal.compiler.classfmt.ModuleInfo$ModuleReferenceInfo::name (5 bytes)
Event: 10.850 Thread 0x0000024cedf50c20 nmethod 10671 0x0000024ce157c910 code [0x0000024ce157caa0, 0x0000024ce157cb68]
Event: 10.850 Thread 0x0000024cedf467d0 10672       4       java.util.HashMap::get (19 bytes)
Event: 10.851 Thread 0x0000024cedf519c0 nmethod 10668 0x0000024ce157cc10 code [0x0000024ce157cea0, 0x0000024ce157de60]
Event: 10.855 Thread 0x0000024cedf52e30 nmethod 10669 0x0000024ce157e510 code [0x0000024ce157e700, 0x0000024ce157f000]
Event: 10.857 Thread 0x0000024cedf52090 10673       3       java.lang.invoke.Invokers$Holder::linkToTargetMethod (9 bytes)
Event: 10.857 Thread 0x0000024cedf52090 nmethod 10673 0x0000024cda941010 code [0x0000024cda9411e0, 0x0000024cda941458]
Event: 10.857 Thread 0x0000024cedf467d0 nmethod 10672 0x0000024ce157f490 code [0x0000024ce157f660, 0x0000024ce157f9a0]
Event: 10.858 Thread 0x0000024cedf542a0 10674       1       org.eclipse.jdt.internal.compiler.classfmt.ClassFileReader::getModuleDeclaration (5 bytes)
Event: 10.858 Thread 0x0000024cedf542a0 nmethod 10674 0x0000024ce157fc10 code [0x0000024ce157fda0, 0x0000024ce157fe68]
Event: 10.861 Thread 0x0000024cedf53500 nmethod 10670 0x0000024cda941510 code [0x0000024cda941f40, 0x0000024cda949e68]
Event: 10.862 Thread 0x0000024cedf467d0 10675       4       java.lang.ThreadLocal::getCarrierThreadLocal (29 bytes)
Event: 10.865 Thread 0x0000024cedf467d0 nmethod 10675 0x0000024ce157ff10 code [0x0000024ce15800c0, 0x0000024ce1580260]
Event: 10.879 Thread 0x0000024cedf542a0 10676       1       java.net.URI::getRawPath (5 bytes)
Event: 10.879 Thread 0x0000024cedf542a0 nmethod 10676 0x0000024ce1580410 code [0x0000024ce15805a0, 0x0000024ce1580668]
Event: 10.880 Thread 0x0000024cedf52090 10678       3       com.google.gson.internal.bind.ReflectiveTypeAdapterFactory$FieldReflectionAdapter::readField (7 bytes)
Event: 10.880 Thread 0x0000024cedf53500 10679       3       com.google.gson.internal.bind.ReflectiveTypeAdapterFactory$2::readIntoField (93 bytes)
Event: 10.880 Thread 0x0000024cedf52090 nmethod 10678 0x0000024cda94f990 code [0x0000024cda94fb40, 0x0000024cda94fd28]
Event: 11.885 Thread 0x0000024cedf53500 nmethod 10679 0x0000024cda94fe10 code [0x0000024cda950120, 0x0000024cda950e80]

GC Heap History (20 events):
Event: 9.255 GC heap before
{Heap before GC invocations=35 (full 2):
 PSYoungGen      total 23040K, used 22708K [0x00000000d5580000, 0x00000000d6e00000, 0x0000000100000000)
  eden space 20992K, 100% used [0x00000000d5580000,0x00000000d6a00000,0x00000000d6a00000)
  from space 2048K, 83% used [0x00000000d6c00000,0x00000000d6dad3c8,0x00000000d6e00000)
  to   space 2048K, 0% used [0x00000000d6a00000,0x00000000d6a00000,0x00000000d6c00000)
 ParOldGen       total 68608K, used 53808K [0x0000000080000000, 0x0000000084300000, 0x00000000d5580000)
  object space 68608K, 78% used [0x0000000080000000,0x000000008348c180,0x0000000084300000)
 Metaspace       used 58030K, committed 59392K, reserved 1114112K
  class space    used 6349K, committed 6912K, reserved 1048576K
}
Event: 9.257 GC heap after
{Heap after GC invocations=35 (full 2):
 PSYoungGen      total 22528K, used 1184K [0x00000000d5580000, 0x00000000d6d00000, 0x0000000100000000)
  eden space 20992K, 0% used [0x00000000d5580000,0x00000000d5580000,0x00000000d6a00000)
  from space 1536K, 77% used [0x00000000d6a00000,0x00000000d6b28000,0x00000000d6b80000)
  to   space 1536K, 0% used [0x00000000d6b80000,0x00000000d6b80000,0x00000000d6d00000)
 ParOldGen       total 68608K, used 55223K [0x0000000080000000, 0x0000000084300000, 0x00000000d5580000)
  object space 68608K, 80% used [0x0000000080000000,0x00000000835edcf0,0x0000000084300000)
 Metaspace       used 58030K, committed 59392K, reserved 1114112K
  class space    used 6349K, committed 6912K, reserved 1048576K
}
Event: 9.504 GC heap before
{Heap before GC invocations=36 (full 2):
 PSYoungGen      total 22528K, used 19444K [0x00000000d5580000, 0x00000000d6d00000, 0x0000000100000000)
  eden space 20992K, 86% used [0x00000000d5580000,0x00000000d6755280,0x00000000d6a00000)
  from space 1536K, 77% used [0x00000000d6a00000,0x00000000d6b28000,0x00000000d6b80000)
  to   space 1536K, 0% used [0x00000000d6b80000,0x00000000d6b80000,0x00000000d6d00000)
 ParOldGen       total 68608K, used 55223K [0x0000000080000000, 0x0000000084300000, 0x00000000d5580000)
  object space 68608K, 80% used [0x0000000080000000,0x00000000835edcf0,0x0000000084300000)
 Metaspace       used 58999K, committed 60352K, reserved 1114112K
  class space    used 6452K, committed 6976K, reserved 1048576K
}
Event: 9.506 GC heap after
{Heap after GC invocations=36 (full 2):
 PSYoungGen      total 22528K, used 1312K [0x00000000d5580000, 0x00000000d6d00000, 0x0000000100000000)
  eden space 20992K, 0% used [0x00000000d5580000,0x00000000d5580000,0x00000000d6a00000)
  from space 1536K, 85% used [0x00000000d6b80000,0x00000000d6cc8010,0x00000000d6d00000)
  to   space 1536K, 0% used [0x00000000d6a00000,0x00000000d6a00000,0x00000000d6b80000)
 ParOldGen       total 68608K, used 56106K [0x0000000080000000, 0x0000000084300000, 0x00000000d5580000)
  object space 68608K, 81% used [0x0000000080000000,0x00000000836cab90,0x0000000084300000)
 Metaspace       used 58999K, committed 60352K, reserved 1114112K
  class space    used 6452K, committed 6976K, reserved 1048576K
}
Event: 9.602 GC heap before
{Heap before GC invocations=37 (full 2):
 PSYoungGen      total 22528K, used 10816K [0x00000000d5580000, 0x00000000d6d00000, 0x0000000100000000)
  eden space 20992K, 45% used [0x00000000d5580000,0x00000000d5ec82a8,0x00000000d6a00000)
  from space 1536K, 85% used [0x00000000d6b80000,0x00000000d6cc8010,0x00000000d6d00000)
  to   space 1536K, 0% used [0x00000000d6a00000,0x00000000d6a00000,0x00000000d6b80000)
 ParOldGen       total 68608K, used 56106K [0x0000000080000000, 0x0000000084300000, 0x00000000d5580000)
  object space 68608K, 81% used [0x0000000080000000,0x00000000836cab90,0x0000000084300000)
 Metaspace       used 59268K, committed 60608K, reserved 1114112K
  class space    used 6484K, committed 7040K, reserved 1048576K
}
Event: 9.604 GC heap after
{Heap after GC invocations=37 (full 2):
 PSYoungGen      total 22528K, used 864K [0x00000000d5580000, 0x00000000d6d00000, 0x0000000100000000)
  eden space 20992K, 0% used [0x00000000d5580000,0x00000000d5580000,0x00000000d6a00000)
  from space 1536K, 56% used [0x00000000d6a00000,0x00000000d6ad8000,0x00000000d6b80000)
  to   space 1536K, 0% used [0x00000000d6b80000,0x00000000d6b80000,0x00000000d6d00000)
 ParOldGen       total 68608K, used 57108K [0x0000000080000000, 0x0000000084300000, 0x00000000d5580000)
  object space 68608K, 83% used [0x0000000080000000,0x00000000837c50e8,0x0000000084300000)
 Metaspace       used 59268K, committed 60608K, reserved 1114112K
  class space    used 6484K, committed 7040K, reserved 1048576K
}
Event: 9.604 GC heap before
{Heap before GC invocations=38 (full 3):
 PSYoungGen      total 22528K, used 864K [0x00000000d5580000, 0x00000000d6d00000, 0x0000000100000000)
  eden space 20992K, 0% used [0x00000000d5580000,0x00000000d5580000,0x00000000d6a00000)
  from space 1536K, 56% used [0x00000000d6a00000,0x00000000d6ad8000,0x00000000d6b80000)
  to   space 1536K, 0% used [0x00000000d6b80000,0x00000000d6b80000,0x00000000d6d00000)
 ParOldGen       total 68608K, used 57108K [0x0000000080000000, 0x0000000084300000, 0x00000000d5580000)
  object space 68608K, 83% used [0x0000000080000000,0x00000000837c50e8,0x0000000084300000)
 Metaspace       used 59268K, committed 60608K, reserved 1114112K
  class space    used 6484K, committed 7040K, reserved 1048576K
}
Event: 9.688 GC heap after
{Heap after GC invocations=38 (full 3):
 PSYoungGen      total 22528K, used 0K [0x00000000d5580000, 0x00000000d6d00000, 0x0000000100000000)
  eden space 20992K, 0% used [0x00000000d5580000,0x00000000d5580000,0x00000000d6a00000)
  from space 1536K, 0% used [0x00000000d6a00000,0x00000000d6a00000,0x00000000d6b80000)
  to   space 1536K, 0% used [0x00000000d6b80000,0x00000000d6b80000,0x00000000d6d00000)
 ParOldGen       total 68608K, used 51838K [0x0000000080000000, 0x0000000084300000, 0x00000000d5580000)
  object space 68608K, 75% used [0x0000000080000000,0x000000008329f850,0x0000000084300000)
 Metaspace       used 59265K, committed 60608K, reserved 1114112K
  class space    used 6483K, committed 7040K, reserved 1048576K
}
Event: 9.917 GC heap before
{Heap before GC invocations=39 (full 3):
 PSYoungGen      total 22528K, used 20992K [0x00000000d5580000, 0x00000000d6d00000, 0x0000000100000000)
  eden space 20992K, 100% used [0x00000000d5580000,0x00000000d6a00000,0x00000000d6a00000)
  from space 1536K, 0% used [0x00000000d6a00000,0x00000000d6a00000,0x00000000d6b80000)
  to   space 1536K, 0% used [0x00000000d6b80000,0x00000000d6b80000,0x00000000d6d00000)
 ParOldGen       total 68608K, used 51838K [0x0000000080000000, 0x0000000084300000, 0x00000000d5580000)
  object space 68608K, 75% used [0x0000000080000000,0x000000008329f850,0x0000000084300000)
 Metaspace       used 60301K, committed 61696K, reserved 1114112K
  class space    used 6602K, committed 7168K, reserved 1048576K
}
Event: 9.918 GC heap after
{Heap after GC invocations=39 (full 3):
 PSYoungGen      total 22528K, used 1134K [0x00000000d5580000, 0x00000000d6d00000, 0x0000000100000000)
  eden space 20992K, 0% used [0x00000000d5580000,0x00000000d5580000,0x00000000d6a00000)
  from space 1536K, 73% used [0x00000000d6b80000,0x00000000d6c9bb98,0x00000000d6d00000)
  to   space 1536K, 0% used [0x00000000d6a00000,0x00000000d6a00000,0x00000000d6b80000)
 ParOldGen       total 68608K, used 51846K [0x0000000080000000, 0x0000000084300000, 0x00000000d5580000)
  object space 68608K, 75% used [0x0000000080000000,0x00000000832a1850,0x0000000084300000)
 Metaspace       used 60301K, committed 61696K, reserved 1114112K
  class space    used 6602K, committed 7168K, reserved 1048576K
}
Event: 10.046 GC heap before
{Heap before GC invocations=40 (full 3):
 PSYoungGen      total 22528K, used 22126K [0x00000000d5580000, 0x00000000d6d00000, 0x0000000100000000)
  eden space 20992K, 99% used [0x00000000d5580000,0x00000000d69fffe8,0x00000000d6a00000)
  from space 1536K, 73% used [0x00000000d6b80000,0x00000000d6c9bb98,0x00000000d6d00000)
  to   space 1536K, 0% used [0x00000000d6a00000,0x00000000d6a00000,0x00000000d6b80000)
 ParOldGen       total 68608K, used 51846K [0x0000000080000000, 0x0000000084300000, 0x00000000d5580000)
  object space 68608K, 75% used [0x0000000080000000,0x00000000832a1850,0x0000000084300000)
 Metaspace       used 61097K, committed 62464K, reserved 1114112K
  class space    used 6653K, committed 7232K, reserved 1048576K
}
Event: 10.049 GC heap after
{Heap after GC invocations=40 (full 3):
 PSYoungGen      total 22528K, used 1536K [0x00000000d5580000, 0x00000000d7100000, 0x0000000100000000)
  eden space 20992K, 0% used [0x00000000d5580000,0x00000000d5580000,0x00000000d6a00000)
  from space 1536K, 100% used [0x00000000d6a00000,0x00000000d6b80000,0x00000000d6b80000)
  to   space 3584K, 0% used [0x00000000d6d80000,0x00000000d6d80000,0x00000000d7100000)
 ParOldGen       total 68608K, used 53168K [0x0000000080000000, 0x0000000084300000, 0x00000000d5580000)
  object space 68608K, 77% used [0x0000000080000000,0x00000000833ec2b0,0x0000000084300000)
 Metaspace       used 61097K, committed 62464K, reserved 1114112K
  class space    used 6653K, committed 7232K, reserved 1048576K
}
Event: 10.261 GC heap before
{Heap before GC invocations=41 (full 3):
 PSYoungGen      total 22528K, used 22528K [0x00000000d5580000, 0x00000000d7100000, 0x0000000100000000)
  eden space 20992K, 100% used [0x00000000d5580000,0x00000000d6a00000,0x00000000d6a00000)
  from space 1536K, 100% used [0x00000000d6a00000,0x00000000d6b80000,0x00000000d6b80000)
  to   space 3584K, 0% used [0x00000000d6d80000,0x00000000d6d80000,0x00000000d7100000)
 ParOldGen       total 68608K, used 53168K [0x0000000080000000, 0x0000000084300000, 0x00000000d5580000)
  object space 68608K, 77% used [0x0000000080000000,0x00000000833ec2b0,0x0000000084300000)
 Metaspace       used 61591K, committed 62976K, reserved 1114112K
  class space    used 6711K, committed 7296K, reserved 1048576K
}
Event: 10.263 GC heap after
{Heap after GC invocations=41 (full 3):
 PSYoungGen      total 23040K, used 1600K [0x00000000d5580000, 0x00000000d6f80000, 0x0000000100000000)
  eden space 20992K, 0% used [0x00000000d5580000,0x00000000d5580000,0x00000000d6a00000)
  from space 2048K, 78% used [0x00000000d6d80000,0x00000000d6f10000,0x00000000d6f80000)
  to   space 2560K, 0% used [0x00000000d6a80000,0x00000000d6a80000,0x00000000d6d00000)
 ParOldGen       total 68608K, used 54627K [0x0000000080000000, 0x0000000084300000, 0x00000000d5580000)
  object space 68608K, 79% used [0x0000000080000000,0x0000000083558ff0,0x0000000084300000)
 Metaspace       used 61591K, committed 62976K, reserved 1114112K
  class space    used 6711K, committed 7296K, reserved 1048576K
}
Event: 10.360 GC heap before
{Heap before GC invocations=42 (full 3):
 PSYoungGen      total 23040K, used 22592K [0x00000000d5580000, 0x00000000d6f80000, 0x0000000100000000)
  eden space 20992K, 100% used [0x00000000d5580000,0x00000000d6a00000,0x00000000d6a00000)
  from space 2048K, 78% used [0x00000000d6d80000,0x00000000d6f10000,0x00000000d6f80000)
  to   space 2560K, 0% used [0x00000000d6a80000,0x00000000d6a80000,0x00000000d6d00000)
 ParOldGen       total 68608K, used 54627K [0x0000000080000000, 0x0000000084300000, 0x00000000d5580000)
  object space 68608K, 79% used [0x0000000080000000,0x0000000083558ff0,0x0000000084300000)
 Metaspace       used 61818K, committed 63232K, reserved 1114112K
  class space    used 6741K, committed 7296K, reserved 1048576K
}
Event: 10.363 GC heap after
{Heap after GC invocations=42 (full 3):
 PSYoungGen      total 23040K, used 2032K [0x00000000d5580000, 0x00000000d6f00000, 0x0000000100000000)
  eden space 20992K, 0% used [0x00000000d5580000,0x00000000d5580000,0x00000000d6a00000)
  from space 2048K, 99% used [0x00000000d6a80000,0x00000000d6c7c030,0x00000000d6c80000)
  to   space 2560K, 0% used [0x00000000d6c80000,0x00000000d6c80000,0x00000000d6f00000)
 ParOldGen       total 68608K, used 56042K [0x0000000080000000, 0x0000000084300000, 0x00000000d5580000)
  object space 68608K, 81% used [0x0000000080000000,0x00000000836baa88,0x0000000084300000)
 Metaspace       used 61818K, committed 63232K, reserved 1114112K
  class space    used 6741K, committed 7296K, reserved 1048576K
}
Event: 10.441 GC heap before
{Heap before GC invocations=43 (full 3):
 PSYoungGen      total 23040K, used 23024K [0x00000000d5580000, 0x00000000d6f00000, 0x0000000100000000)
  eden space 20992K, 100% used [0x00000000d5580000,0x00000000d6a00000,0x00000000d6a00000)
  from space 2048K, 99% used [0x00000000d6a80000,0x00000000d6c7c030,0x00000000d6c80000)
  to   space 2560K, 0% used [0x00000000d6c80000,0x00000000d6c80000,0x00000000d6f00000)
 ParOldGen       total 68608K, used 56042K [0x0000000080000000, 0x0000000084300000, 0x00000000d5580000)
  object space 68608K, 81% used [0x0000000080000000,0x00000000836baa88,0x0000000084300000)
 Metaspace       used 61896K, committed 63296K, reserved 1114112K
  class space    used 6745K, committed 7296K, reserved 1048576K
}
Event: 10.444 GC heap after
{Heap after GC invocations=43 (full 3):
 PSYoungGen      total 23040K, used 1712K [0x00000000d5580000, 0x00000000d6e80000, 0x0000000100000000)
  eden space 20992K, 0% used [0x00000000d5580000,0x00000000d5580000,0x00000000d6a00000)
  from space 2048K, 83% used [0x00000000d6c80000,0x00000000d6e2c010,0x00000000d6e80000)
  to   space 2048K, 0% used [0x00000000d6a80000,0x00000000d6a80000,0x00000000d6c80000)
 ParOldGen       total 68608K, used 56985K [0x0000000080000000, 0x0000000084300000, 0x00000000d5580000)
  object space 68608K, 83% used [0x0000000080000000,0x00000000837a67a8,0x0000000084300000)
 Metaspace       used 61896K, committed 63296K, reserved 1114112K
  class space    used 6745K, committed 7296K, reserved 1048576K
}
Event: 10.711 GC heap before
{Heap before GC invocations=44 (full 3):
 PSYoungGen      total 23040K, used 22704K [0x00000000d5580000, 0x00000000d6e80000, 0x0000000100000000)
  eden space 20992K, 100% used [0x00000000d5580000,0x00000000d6a00000,0x00000000d6a00000)
  from space 2048K, 83% used [0x00000000d6c80000,0x00000000d6e2c010,0x00000000d6e80000)
  to   space 2048K, 0% used [0x00000000d6a80000,0x00000000d6a80000,0x00000000d6c80000)
 ParOldGen       total 68608K, used 56985K [0x0000000080000000, 0x0000000084300000, 0x00000000d5580000)
  object space 68608K, 83% used [0x0000000080000000,0x00000000837a67a8,0x0000000084300000)
 Metaspace       used 62837K, committed 64320K, reserved 1114112K
  class space    used 6823K, committed 7424K, reserved 1048576K
}
Event: 10.713 GC heap after
{Heap after GC invocations=44 (full 3):
 PSYoungGen      total 22528K, used 1184K [0x00000000d5580000, 0x00000000d6d00000, 0x0000000100000000)
  eden space 20992K, 0% used [0x00000000d5580000,0x00000000d5580000,0x00000000d6a00000)
  from space 1536K, 77% used [0x00000000d6a80000,0x00000000d6ba8000,0x00000000d6c00000)
  to   space 1024K, 0% used [0x00000000d6c00000,0x00000000d6c00000,0x00000000d6d00000)
 ParOldGen       total 68608K, used 58217K [0x0000000080000000, 0x0000000084300000, 0x00000000d5580000)
  object space 68608K, 84% used [0x0000000080000000,0x00000000838da7a8,0x0000000084300000)
 Metaspace       used 62837K, committed 64320K, reserved 1114112K
  class space    used 6823K, committed 7424K, reserved 1048576K
}

Dll operation events (12 events):
Event: 0.013 Loaded shared library c:\Users\Chari\.vscode\extensions\redhat.java-1.50.0-win32-x64\jre\21.0.9-win32-x86_64\bin\java.dll
Event: 0.085 Loaded shared library c:\Users\Chari\.vscode\extensions\redhat.java-1.50.0-win32-x64\jre\21.0.9-win32-x86_64\bin\zip.dll
Event: 0.104 Loaded shared library C:\Users\Chari\.vscode\extensions\redhat.java-1.50.0-win32-x64\jre\21.0.9-win32-x86_64\bin\instrument.dll
Event: 0.109 Loaded shared library C:\Users\Chari\.vscode\extensions\redhat.java-1.50.0-win32-x64\jre\21.0.9-win32-x86_64\bin\net.dll
Event: 0.110 Loaded shared library C:\Users\Chari\.vscode\extensions\redhat.java-1.50.0-win32-x64\jre\21.0.9-win32-x86_64\bin\nio.dll
Event: 0.113 Loaded shared library C:\Users\Chari\.vscode\extensions\redhat.java-1.50.0-win32-x64\jre\21.0.9-win32-x86_64\bin\zip.dll
Event: 0.131 Loaded shared library C:\Users\Chari\.vscode\extensions\redhat.java-1.50.0-win32-x64\jre\21.0.9-win32-x86_64\bin\jimage.dll
Event: 0.207 Loaded shared library c:\Users\Chari\.vscode\extensions\redhat.java-1.50.0-win32-x64\jre\21.0.9-win32-x86_64\bin\verify.dll
Event: 1.319 Loaded shared library C:\Users\Chari\AppData\Roaming\Code\User\globalStorage\redhat.java\1.50.0\config_win\org.eclipse.equinox.launcher\org.eclipse.equinox.launcher.win32.win32.x86_64_1.2.1400.v20250801-0854\eclipse_11916.dll
Event: 2.913 Loaded shared library C:\Users\Chari\AppData\Local\Temp\jna-65071027\jna2712053477478394075.dll
Event: 4.665 Loaded shared library C:\Users\Chari\.vscode\extensions\redhat.java-1.50.0-win32-x64\jre\21.0.9-win32-x86_64\bin\sunmscapi.dll
Event: 5.275 Loaded shared library C:\Users\Chari\.vscode\extensions\redhat.java-1.50.0-win32-x64\jre\21.0.9-win32-x86_64\bin\extnet.dll

Deoptimization events (20 events):
Event: 10.743 Thread 0x0000024cf8c60880 DEOPT PACKING pc=0x0000024ce124bb20 sp=0x00000075251fe2a0
Event: 10.743 Thread 0x0000024cf8c60880 DEOPT UNPACKING pc=0x0000024ce0883aa2 sp=0x00000075251fe2f8 mode 2
Event: 10.751 Thread 0x0000024cf8c5e120 Uncommon trap: trap_request=0xffffff76 fr.pc=0x0000024ce12a6410 relative=0x0000000000000450
Event: 10.751 Thread 0x0000024cf8c5e120 Uncommon trap: reason=predicate action=maybe_recompile pc=0x0000024ce12a6410 method=java.util.TimSort.binarySort([Ljava/lang/Object;IIILjava/util/Comparator;)V @ 34 c2
Event: 10.751 Thread 0x0000024cf8c5e120 DEOPT PACKING pc=0x0000024ce12a6410 sp=0x0000007524efa150
Event: 10.751 Thread 0x0000024cf8c5e120 DEOPT UNPACKING pc=0x0000024ce0883aa2 sp=0x0000007524efa0f0 mode 2
Event: 10.756 Thread 0x0000024cf77dbcf0 Uncommon trap: trap_request=0xffffffc6 fr.pc=0x0000024ce151c044 relative=0x0000000000000b64
Event: 10.756 Thread 0x0000024cf8c62950 Uncommon trap: trap_request=0xffffffc6 fr.pc=0x0000024ce151c044 relative=0x0000000000000b64
Event: 10.756 Thread 0x0000024cf77dbcf0 Uncommon trap: reason=bimorphic_or_optimized_type_check action=maybe_recompile pc=0x0000024ce151c044 method=java.util.concurrent.ConcurrentHashMap.putAll(Ljava/util/Map;)V @ 32 c2
Event: 10.756 Thread 0x0000024cf8c62950 Uncommon trap: reason=bimorphic_or_optimized_type_check action=maybe_recompile pc=0x0000024ce151c044 method=java.util.concurrent.ConcurrentHashMap.putAll(Ljava/util/Map;)V @ 32 c2
Event: 10.757 Thread 0x0000024cf77dbcf0 DEOPT PACKING pc=0x0000024ce151c044 sp=0x00000075260fe840
Event: 10.757 Thread 0x0000024cf8c62950 DEOPT PACKING pc=0x0000024ce151c044 sp=0x00000075254fe400
Event: 10.757 Thread 0x0000024cf77dbcf0 DEOPT UNPACKING pc=0x0000024ce0883aa2 sp=0x00000075260fe7f0 mode 2
Event: 10.757 Thread 0x0000024cf8c62950 DEOPT UNPACKING pc=0x0000024ce0883aa2 sp=0x00000075254fe3b0 mode 2
Event: 10.771 Thread 0x0000024cf8c5e120 DEOPT PACKING pc=0x0000024cd98ce54b sp=0x0000007524efe8b0
Event: 10.771 Thread 0x0000024cf8c5e120 DEOPT UNPACKING pc=0x0000024ce0884242 sp=0x0000007524efdd60 mode 0
Event: 10.790 Thread 0x0000024cf8c60880 DEOPT PACKING pc=0x0000024cd94d98bc sp=0x00000075251f71d0
Event: 10.790 Thread 0x0000024cf8c60880 DEOPT UNPACKING pc=0x0000024ce0884242 sp=0x00000075251f66f0 mode 0
Event: 10.795 Thread 0x0000024cf8c5e120 DEOPT PACKING pc=0x0000024cda80e4c5 sp=0x0000007524efd9d0
Event: 10.795 Thread 0x0000024cf8c5e120 DEOPT UNPACKING pc=0x0000024ce0884242 sp=0x0000007524efcfe8 mode 0

Classes loaded (20 events):
Event: 9.294 Loading class sun/util/resources/TimeZoneNamesBundle done
Event: 9.294 Loading class sun/util/resources/cldr/TimeZoneNames done
Event: 9.295 Loading class sun/util/resources/cldr/TimeZoneNames_en
Event: 9.297 Loading class sun/util/resources/cldr/TimeZoneNames_en done
Event: 9.297 Loading class sun/util/resources/cldr/TimeZoneNames_en_US
Event: 9.297 Loading class sun/util/resources/cldr/TimeZoneNames_en_US done
Event: 9.299 Loading class sun/util/cldr/CLDRBaseLocaleDataMetaInfo$TZCanonicalIDMapHolder
Event: 9.301 Loading class sun/util/cldr/CLDRBaseLocaleDataMetaInfo$TZCanonicalIDMapHolder done
Event: 9.303 Loading class sun/util/resources/TimeZoneNames
Event: 9.305 Loading class sun/util/resources/TimeZoneNames done
Event: 9.306 Loading class sun/util/resources/TimeZoneNames_en
Event: 9.307 Loading class sun/util/resources/TimeZoneNames_en done
Event: 9.348 Loading class java/util/WeakHashMap$KeyIterator
Event: 9.349 Loading class java/util/WeakHashMap$KeyIterator done
Event: 9.912 Loading class java/util/regex/Pattern$Caret
Event: 9.912 Loading class java/util/regex/Pattern$Caret done
Event: 10.479 Loading class java/util/Hashtable$ValueCollection
Event: 10.479 Loading class java/util/Hashtable$ValueCollection done
Event: 10.647 Loading class java/io/SequenceInputStream
Event: 10.648 Loading class java/io/SequenceInputStream done

Classes unloaded (9 events):
Event: 3.514 Thread 0x0000024cd3c706d0 Unloading class 0x0000024c811a5400 'java/lang/invoke/LambdaForm$MH+0x0000024c811a5400'
Event: 3.514 Thread 0x0000024cd3c706d0 Unloading class 0x0000024c811a5000 'java/lang/invoke/LambdaForm$MH+0x0000024c811a5000'
Event: 3.514 Thread 0x0000024cd3c706d0 Unloading class 0x0000024c811a4c00 'java/lang/invoke/LambdaForm$MH+0x0000024c811a4c00'
Event: 3.514 Thread 0x0000024cd3c706d0 Unloading class 0x0000024c811a4800 'java/lang/invoke/LambdaForm$MH+0x0000024c811a4800'
Event: 3.514 Thread 0x0000024cd3c706d0 Unloading class 0x0000024c811a4400 'java/lang/invoke/LambdaForm$BMH+0x0000024c811a4400'
Event: 3.514 Thread 0x0000024cd3c706d0 Unloading class 0x0000024c811a4000 'java/lang/invoke/LambdaForm$DMH+0x0000024c811a4000'
Event: 3.514 Thread 0x0000024cd3c706d0 Unloading class 0x0000024c811a2c00 'java/lang/invoke/LambdaForm$DMH+0x0000024c811a2c00'
Event: 9.619 Thread 0x0000024cd3c706d0 Unloading class 0x0000024c81700c00 'java/lang/invoke/LambdaForm$DMH+0x0000024c81700c00'
Event: 9.619 Thread 0x0000024cd3c706d0 Unloading class 0x0000024c81700800 'java/lang/invoke/LambdaForm$DMH+0x0000024c81700800'

Classes redefined (0 events):
No events

Internal exceptions (20 events):
Event: 9.537 Thread 0x0000024cf98887e0 Exception <a 'java/lang/NoSuchMethodError'{0x00000000d5704f50}: 'void java.lang.invoke.DirectMethodHandle$Holder.invokeSpecial(java.lang.Object, java.lang.Object, java.lang.Object, java.lang.Object, java.lang.Object, java.lang.Object, java.lang.Object, java.lang.Object)'> (0x00000000d5704f50) 
thrown [s\src\hotspot\share\interpreter\linkResolver.cpp, line 773]
Event: 9.537 Thread 0x0000024cf77dd0a0 Exception <a 'java/lang/NoSuchMethodError'{0x00000000d5727df0}: 'void java.lang.invoke.DirectMethodHandle$Holder.invokeSpecial(java.lang.Object, java.lang.Object, java.lang.Object, java.lang.Object, java.lang.Object, java.lang.Object, java.lang.Object, java.lang.Object)'> (0x00000000d5727df0) 
thrown [s\src\hotspot\share\interpreter\linkResolver.cpp, line 773]
Event: 9.537 Thread 0x0000024cf77deae0 Exception <a 'java/lang/NoSuchMethodError'{0x00000000d571d130}: 'void java.lang.invoke.DirectMethodHandle$Holder.invokeSpecial(java.lang.Object, java.lang.Object, java.lang.Object, java.lang.Object, java.lang.Object, java.lang.Object, java.lang.Object, java.lang.Object)'> (0x00000000d571d130) 
thrown [s\src\hotspot\share\interpreter\linkResolver.cpp, line 773]
Event: 9.781 Thread 0x0000024cf8c5e120 Implicit null exception at 0x0000024ce12f933f to 0x0000024ce12f9ffc
Event: 10.220 Thread 0x0000024cf8c60880 Exception <a 'java/lang/NoSuchMethodError'{0x00000000d651a508}: 'void java.lang.invoke.DelegatingMethodHandle$Holder.reinvoke_L(java.lang.Object, java.lang.Object, java.lang.Object, int, java.lang.Object, int, int)'> (0x00000000d651a508) 
thrown [s\src\hotspot\share\interpreter\linkResolver.cpp, line 773]
Event: 10.487 Thread 0x0000024cf8c5e120 Implicit null exception at 0x0000024ce1523822 to 0x0000024ce15239d8
Event: 10.488 Thread 0x0000024cf8c5e120 Implicit null exception at 0x0000024ce14e1ca2 to 0x0000024ce14e1e58
Event: 10.690 Thread 0x0000024cf8c60880 Exception <a 'java/io/FileNotFoundException'{0x00000000d68938e8}> (0x00000000d68938e8) 
thrown [s\src\hotspot\share\prims\jni.cpp, line 520]
Event: 10.691 Thread 0x0000024cf8c60880 Exception <a 'java/io/FileNotFoundException'{0x00000000d6894ce8}> (0x00000000d6894ce8) 
thrown [s\src\hotspot\share\prims\jni.cpp, line 520]
Event: 10.698 Thread 0x0000024cf8c60880 Exception <a 'java/lang/NullPointerException'{0x00000000d68cac30}> (0x00000000d68cac30) 
thrown [s\src\hotspot\share\interpreter\linkResolver.cpp, line 1372]
Event: 10.698 Thread 0x0000024cf8c60880 Exception <a 'java/lang/NullPointerException'{0x00000000d68cb918}> (0x00000000d68cb918) 
thrown [s\src\hotspot\share\interpreter\linkResolver.cpp, line 1372]
Event: 10.724 Thread 0x0000024cf8c5e120 Exception <a 'java/lang/NoSuchMethodError'{0x00000000d56d4288}: 'long java.lang.invoke.DirectMethodHandle$Holder.invokeStatic(java.lang.Object, java.lang.Object)'> (0x00000000d56d4288) 
thrown [s\src\hotspot\share\interpreter\linkResolver.cpp, line 773]
Event: 10.751 Thread 0x0000024cf8c5e120 Exception <a 'java/lang/NoSuchMethodError'{0x00000000d59088e8}: static Lorg/apache/maven/model/InputLocation;.<clinit>()V> (0x00000000d59088e8) 
thrown [s\src\hotspot\share\prims\jni.cpp, line 1111]
Event: 10.752 Thread 0x0000024cf8c60880 Exception <a 'sun/nio/fs/WindowsException'{0x00000000d58f5370}> (0x00000000d58f5370) 
thrown [s\src\hotspot\share\prims\jni.cpp, line 520]
Event: 10.752 Thread 0x0000024cf8c60880 Exception <a 'sun/nio/fs/WindowsException'{0x00000000d58f59a0}> (0x00000000d58f59a0) 
thrown [s\src\hotspot\share\prims\jni.cpp, line 520]
Event: 10.753 Thread 0x0000024cf8c5e120 Exception <a 'java/lang/NoSuchMethodError'{0x00000000d591d410}: static Lorg/apache/maven/model/InputSource;.<clinit>()V> (0x00000000d591d410) 
thrown [s\src\hotspot\share\prims\jni.cpp, line 1111]
Event: 10.754 Thread 0x0000024cf8c60880 Exception <a 'sun/nio/fs/WindowsException'{0x00000000d592a210}> (0x00000000d592a210) 
thrown [s\src\hotspot\share\prims\jni.cpp, line 520]
Event: 10.754 Thread 0x0000024cf8c60880 Exception <a 'sun/nio/fs/WindowsException'{0x00000000d592a840}> (0x00000000d592a840) 
thrown [s\src\hotspot\share\prims\jni.cpp, line 520]
Event: 10.768 Thread 0x0000024cf8c60880 Exception <a 'java/lang/IncompatibleClassChangeError'{0x00000000d59c20d8}: Found class java.lang.Object, but interface was expected> (0x00000000d59c20d8) 
thrown [s\src\hotspot\share\interpreter\linkResolver.cpp, line 840]
Event: 10.785 Thread 0x0000024cf8c60880 Exception <a 'java/lang/IncompatibleClassChangeError'{0x00000000d5ae3918}: Found class java.lang.Object, but interface was expected> (0x00000000d5ae3918) 
thrown [s\src\hotspot\share\interpreter\linkResolver.cpp, line 840]

ZGC Phase Switch (0 events):
No events

VM Operations (20 events):
Event: 9.688 Executing VM operation: CollectForMetadataAllocation (Metadata GC Threshold) done
Event: 9.689 Executing VM operation: CollectForMetadataAllocation (Metadata GC Threshold)
Event: 9.689 Executing VM operation: CollectForMetadataAllocation (Metadata GC Threshold) done
Event: 9.690 Executing VM operation: CollectForMetadataAllocation (Metadata GC Threshold)
Event: 9.690 Executing VM operation: CollectForMetadataAllocation (Metadata GC Threshold) done
Event: 9.916 Executing VM operation: ParallelGCFailedAllocation (Allocation Failure)
Event: 9.918 Executing VM operation: ParallelGCFailedAllocation (Allocation Failure) done
Event: 10.046 Executing VM operation: ParallelGCFailedAllocation (Allocation Failure)
Event: 10.049 Executing VM operation: ParallelGCFailedAllocation (Allocation Failure) done
Event: 10.261 Executing VM operation: ParallelGCFailedAllocation (Allocation Failure)
Event: 10.263 Executing VM operation: ParallelGCFailedAllocation (Allocation Failure) done
Event: 10.360 Executing VM operation: ParallelGCFailedAllocation (Allocation Failure)
Event: 10.363 Executing VM operation: ParallelGCFailedAllocation (Allocation Failure) done
Event: 10.441 Executing VM operation: ParallelGCFailedAllocation (Allocation Failure)
Event: 10.444 Executing VM operation: ParallelGCFailedAllocation (Allocation Failure) done
Event: 10.699 Executing VM operation: ICBufferFull
Event: 10.699 Executing VM operation: ICBufferFull done
Event: 10.711 Executing VM operation: ParallelGCFailedAllocation (Allocation Failure)
Event: 10.714 Executing VM operation: ParallelGCFailedAllocation (Allocation Failure) done
Event: 11.715 Executing VM operation: Cleanup

Memory protections (0 events):
No events

Nmethod flushes (20 events):
Event: 9.640 Thread 0x0000024cd3c706d0 flushing  nmethod 0x0000024cd9cbff10
Event: 9.640 Thread 0x0000024cd3c706d0 flushing  nmethod 0x0000024cd9cee310
Event: 9.640 Thread 0x0000024cd3c706d0 flushing osr nmethod 0x0000024cd9d28b90
Event: 9.640 Thread 0x0000024cd3c706d0 flushing  nmethod 0x0000024cd9d56890
Event: 9.640 Thread 0x0000024cd3c706d0 flushing  nmethod 0x0000024cd9d6b490
Event: 9.640 Thread 0x0000024cd3c706d0 flushing  nmethod 0x0000024cd9d71210
Event: 9.640 Thread 0x0000024cd3c706d0 flushing  nmethod 0x0000024cd9d88a90
Event: 9.640 Thread 0x0000024cd3c706d0 flushing  nmethod 0x0000024cd9d89090
Event: 9.640 Thread 0x0000024cd3c706d0 flushing  nmethod 0x0000024cd9d89790
Event: 9.640 Thread 0x0000024cd3c706d0 flushing  nmethod 0x0000024cd9d8a010
Event: 9.640 Thread 0x0000024cd3c706d0 flushing  nmethod 0x0000024cd9d8a390
Event: 9.640 Thread 0x0000024cd3c706d0 flushing  nmethod 0x0000024cd9d8e110
Event: 9.640 Thread 0x0000024cd3c706d0 flushing  nmethod 0x0000024cd9db9590
Event: 9.640 Thread 0x0000024cd3c706d0 flushing  nmethod 0x0000024cd9dc9090
Event: 9.640 Thread 0x0000024cd3c706d0 flushing osr nmethod 0x0000024cd9e0d390
Event: 9.640 Thread 0x0000024cd3c706d0 flushing  nmethod 0x0000024cd9e3b210
Event: 9.640 Thread 0x0000024cd3c706d0 flushing  nmethod 0x0000024cd9e6ba10
Event: 9.640 Thread 0x0000024cd3c706d0 flushing  nmethod 0x0000024cd9e74e10
Event: 9.640 Thread 0x0000024cd3c706d0 flushing  nmethod 0x0000024cd9e85810
Event: 9.640 Thread 0x0000024cd3c706d0 flushing  nmethod 0x0000024cd9e91910

Events (20 events):
Event: 9.534 Thread 0x0000024cf8c5e120 Thread added: 0x0000024cf77dc380
Event: 9.535 Thread 0x0000024cf8c5e120 Thread added: 0x0000024cf77dd0a0
Event: 9.535 Thread 0x0000024cf8c5e120 Thread added: 0x0000024cf98887e0
Event: 9.535 Thread 0x0000024cf8c5e120 Thread added: 0x0000024cf9888e70
Event: 9.733 Thread 0x0000024cf98887e0 Thread exited: 0x0000024cf98887e0
Event: 9.733 Thread 0x0000024cf77dd0a0 Thread exited: 0x0000024cf77dd0a0
Event: 9.733 Thread 0x0000024cf9888e70 Thread exited: 0x0000024cf9888e70
Event: 9.734 Thread 0x0000024cf77dc380 Thread exited: 0x0000024cf77dc380
Event: 9.734 Thread 0x0000024cf77deae0 Thread exited: 0x0000024cf77deae0
Event: 9.996 Thread 0x0000024cf8c5e120 Thread added: 0x0000024cf77deae0
Event: 9.997 Thread 0x0000024cf8c5e120 Thread added: 0x0000024cf77dc380
Event: 9.997 Thread 0x0000024cf8c5e120 Thread added: 0x0000024cf77dd0a0
Event: 9.998 Thread 0x0000024cf8c5e120 Thread added: 0x0000024cfaf78160
Event: 9.998 Thread 0x0000024cf8c5e120 Thread added: 0x0000024cfaf787f0
Event: 10.484 Thread 0x0000024cf77dc380 Thread exited: 0x0000024cf77dc380
Event: 10.484 Thread 0x0000024cfaf787f0 Thread exited: 0x0000024cfaf787f0
Event: 10.484 Thread 0x0000024cfaf78160 Thread exited: 0x0000024cfaf78160
Event: 10.484 Thread 0x0000024cf77deae0 Thread exited: 0x0000024cf77deae0
Event: 10.484 Thread 0x0000024cf77dd0a0 Thread exited: 0x0000024cf77dd0a0
Event: 11.885 Thread 0x0000024cf5a071a0 Thread added: 0x0000024cf77dc380


Dynamic libraries:
0x00007ff782930000 - 0x00007ff78293e000 	c:\Users\Chari\.vscode\extensions\redhat.java-1.50.0-win32-x64\jre\21.0.9-win32-x86_64\bin\java.exe
0x00007ffbfe780000 - 0x00007ffbfe9e7000 	C:\Windows\SYSTEM32\ntdll.dll
0x00007ffbfcab0000 - 0x00007ffbfcb79000 	C:\Windows\System32\KERNEL32.DLL
0x00007ffbfbd70000 - 0x00007ffbfc15f000 	C:\Windows\System32\KERNELBASE.dll
0x00007ffbf86e0000 - 0x00007ffbf877f000 	C:\Windows\SYSTEM32\apphelp.dll
0x00007ffbfb980000 - 0x00007ffbfbacb000 	C:\Windows\System32\ucrtbase.dll
0x00007ffb86310000 - 0x00007ffb8632e000 	c:\Users\Chari\.vscode\extensions\redhat.java-1.50.0-win32-x64\jre\21.0.9-win32-x86_64\bin\VCRUNTIME140.dll
0x00007ffb866d0000 - 0x00007ffb866e8000 	c:\Users\Chari\.vscode\extensions\redhat.java-1.50.0-win32-x64\jre\21.0.9-win32-x86_64\bin\jli.dll
0x00007ffbfcd10000 - 0x00007ffbfced5000 	C:\Windows\System32\USER32.dll
0x00007ffbfc170000 - 0x00007ffbfc197000 	C:\Windows\System32\win32u.dll
0x00007ffbfe250000 - 0x00007ffbfe27b000 	C:\Windows\System32\GDI32.dll
0x00007ffbfbad0000 - 0x00007ffbfbbfc000 	C:\Windows\System32\gdi32full.dll
0x00007ffbfb8d0000 - 0x00007ffbfb973000 	C:\Windows\System32\msvcp_win.dll
0x00007ffbdfff0000 - 0x00007ffbe0283000 	C:\Windows\WinSxS\amd64_microsoft.windows.common-controls_6595b64144ccf1df_6.0.26100.7309_none_3e05feeae336a044\COMCTL32.dll
0x00007ffbfcc00000 - 0x00007ffbfcca9000 	C:\Windows\System32\msvcrt.dll
0x00007ffbfc520000 - 0x00007ffbfc551000 	C:\Windows\System32\IMM32.DLL
0x00007ffbd30a0000 - 0x00007ffbd30ac000 	c:\Users\Chari\.vscode\extensions\redhat.java-1.50.0-win32-x64\jre\21.0.9-win32-x86_64\bin\vcruntime140_1.dll
0x00007ffb78da0000 - 0x00007ffb78e2d000 	c:\Users\Chari\.vscode\extensions\redhat.java-1.50.0-win32-x64\jre\21.0.9-win32-x86_64\bin\msvcp140.dll
0x00007ffb2b350000 - 0x00007ffb2c0f0000 	c:\Users\Chari\.vscode\extensions\redhat.java-1.50.0-win32-x64\jre\21.0.9-win32-x86_64\bin\server\jvm.dll
0x00007ffbfe110000 - 0x00007ffbfe1c4000 	C:\Windows\System32\ADVAPI32.dll
0x00007ffbfe5f0000 - 0x00007ffbfe696000 	C:\Windows\System32\sechost.dll
0x00007ffbfe280000 - 0x00007ffbfe398000 	C:\Windows\System32\RPCRT4.dll
0x00007ffbfcb80000 - 0x00007ffbfcbf4000 	C:\Windows\System32\WS2_32.dll
0x00007ffbfb730000 - 0x00007ffbfb78e000 	C:\Windows\SYSTEM32\POWRPROF.dll
0x00007ffbe03c0000 - 0x00007ffbe03f5000 	C:\Windows\SYSTEM32\WINMM.dll
0x00007ffbe0400000 - 0x00007ffbe040b000 	C:\Windows\SYSTEM32\VERSION.dll
0x00007ffbfb710000 - 0x00007ffbfb724000 	C:\Windows\SYSTEM32\UMPDC.dll
0x00007ffbfa680000 - 0x00007ffbfa69b000 	C:\Windows\SYSTEM32\kernel.appcore.dll
0x00007ffbd2a60000 - 0x00007ffbd2a6a000 	c:\Users\Chari\.vscode\extensions\redhat.java-1.50.0-win32-x64\jre\21.0.9-win32-x86_64\bin\jimage.dll
0x00007ffbf9010000 - 0x00007ffbf9252000 	C:\Windows\SYSTEM32\DBGHELP.DLL
0x00007ffbfc6d0000 - 0x00007ffbfca55000 	C:\Windows\System32\combase.dll
0x00007ffbfd810000 - 0x00007ffbfd8e6000 	C:\Windows\System32\OLEAUT32.dll
0x00007ffbdcbe0000 - 0x00007ffbdcc1c000 	C:\Windows\SYSTEM32\dbgcore.DLL
0x00007ffbfbcc0000 - 0x00007ffbfbd65000 	C:\Windows\System32\bcryptPrimitives.dll
0x00007ffbd1cd0000 - 0x00007ffbd1cdf000 	c:\Users\Chari\.vscode\extensions\redhat.java-1.50.0-win32-x64\jre\21.0.9-win32-x86_64\bin\instrument.dll
0x00007ffb85220000 - 0x00007ffb85240000 	c:\Users\Chari\.vscode\extensions\redhat.java-1.50.0-win32-x64\jre\21.0.9-win32-x86_64\bin\java.dll
0x00007ffbfcf00000 - 0x00007ffbfd653000 	C:\Windows\System32\SHELL32.dll
0x00007ffbfc3b0000 - 0x00007ffbfc51a000 	C:\Windows\System32\wintypes.dll
0x00007ffbf94b0000 - 0x00007ffbf9d0e000 	C:\Windows\SYSTEM32\windows.storage.dll
0x00007ffbfe3a0000 - 0x00007ffbfe495000 	C:\Windows\System32\SHCORE.dll
0x00007ffbfe6a0000 - 0x00007ffbfe706000 	C:\Windows\System32\shlwapi.dll
0x00007ffbfb7f0000 - 0x00007ffbfb819000 	C:\Windows\SYSTEM32\profapi.dll
0x00007ffb84730000 - 0x00007ffb84748000 	c:\Users\Chari\.vscode\extensions\redhat.java-1.50.0-win32-x64\jre\21.0.9-win32-x86_64\bin\zip.dll
0x00007ffbcead0000 - 0x00007ffbceae0000 	C:\Users\Chari\.vscode\extensions\redhat.java-1.50.0-win32-x64\jre\21.0.9-win32-x86_64\bin\net.dll
0x00007ffbf4540000 - 0x00007ffbf4668000 	C:\Windows\SYSTEM32\WINHTTP.dll
0x00007ffbfabf0000 - 0x00007ffbfac5b000 	C:\Windows\system32\mswsock.dll
0x00007ffb7f060000 - 0x00007ffb7f076000 	C:\Users\Chari\.vscode\extensions\redhat.java-1.50.0-win32-x64\jre\21.0.9-win32-x86_64\bin\nio.dll
0x00007ffbce930000 - 0x00007ffbce940000 	c:\Users\Chari\.vscode\extensions\redhat.java-1.50.0-win32-x64\jre\21.0.9-win32-x86_64\bin\verify.dll
0x00007ffb769d0000 - 0x00007ffb76a14000 	C:\Users\Chari\AppData\Roaming\Code\User\globalStorage\redhat.java\1.50.0\config_win\org.eclipse.equinox.launcher\org.eclipse.equinox.launcher.win32.win32.x86_64_1.2.1400.v20250801-0854\eclipse_11916.dll
0x00007ffbfd670000 - 0x00007ffbfd807000 	C:\Windows\System32\ole32.dll
0x00007ffbfaeb0000 - 0x00007ffbfaecb000 	C:\Windows\SYSTEM32\CRYPTSP.dll
0x00007ffbfa5e0000 - 0x00007ffbfa61a000 	C:\Windows\system32\rsaenh.dll
0x00007ffbfaca0000 - 0x00007ffbfaccb000 	C:\Windows\SYSTEM32\USERENV.dll
0x00007ffbfb7c0000 - 0x00007ffbfb7ea000 	C:\Windows\SYSTEM32\bcrypt.dll
0x00007ffbfaed0000 - 0x00007ffbfaedc000 	C:\Windows\SYSTEM32\CRYPTBASE.dll
0x00007ffbfa0c0000 - 0x00007ffbfa0f4000 	C:\Windows\SYSTEM32\IPHLPAPI.DLL
0x00007ffbfd900000 - 0x00007ffbfd90a000 	C:\Windows\System32\NSI.dll
0x00007ffb744e0000 - 0x00007ffb74529000 	C:\Users\Chari\AppData\Local\Temp\jna-65071027\jna2712053477478394075.dll
0x00007ffbfd660000 - 0x00007ffbfd668000 	C:\Windows\System32\PSAPI.DLL
0x00007ffbf49c0000 - 0x00007ffbf49de000 	C:\Windows\SYSTEM32\dhcpcsvc6.DLL
0x00007ffbf4990000 - 0x00007ffbf49b3000 	C:\Windows\SYSTEM32\dhcpcsvc.DLL
0x00007ffbcb900000 - 0x00007ffbcb90e000 	C:\Users\Chari\.vscode\extensions\redhat.java-1.50.0-win32-x64\jre\21.0.9-win32-x86_64\bin\sunmscapi.dll
0x00007ffbfc230000 - 0x00007ffbfc3a7000 	C:\Windows\System32\CRYPT32.dll
0x00007ffbfb0d0000 - 0x00007ffbfb100000 	C:\Windows\SYSTEM32\ncrypt.dll
0x00007ffbfb080000 - 0x00007ffbfb0bf000 	C:\Windows\SYSTEM32\NTASN1.dll
0x00007ffbfa160000 - 0x00007ffbfa28c000 	C:\Windows\SYSTEM32\DNSAPI.dll
0x00007ffbf1110000 - 0x00007ffbf111b000 	C:\Windows\System32\rasadhlp.dll
0x00007ffbf5220000 - 0x00007ffbf52a6000 	C:\Windows\System32\fwpuclnt.dll
0x00007ffbcb370000 - 0x00007ffbcb379000 	C:\Users\Chari\.vscode\extensions\redhat.java-1.50.0-win32-x64\jre\21.0.9-win32-x86_64\bin\extnet.dll

JVMTI agents:
c:\Users\Chari\.vscode\extensions\redhat.java-1.50.0-win32-x64\lombok\lombok-1.18.39-4050.jar path:c:\Users\Chari\.vscode\extensions\redhat.java-1.50.0-win32-x64\jre\21.0.9-win32-x86_64\bin\instrument.dll, loaded, initialized, instrumentlib options:none

dbghelp: loaded successfully - version: 4.0.5 - missing functions: none
symbol engine: initialized successfully - sym options: 0x614 - pdb path: .;c:\Users\Chari\.vscode\extensions\redhat.java-1.50.0-win32-x64\jre\21.0.9-win32-x86_64\bin;C:\Windows\SYSTEM32;C:\Windows\WinSxS\amd64_microsoft.windows.common-controls_6595b64144ccf1df_6.0.26100.7309_none_3e05feeae336a044;c:\Users\Chari\.vscode\extensions\redhat.java-1.50.0-win32-x64\jre\21.0.9-win32-x86_64\bin\server;C:\Users\Chari\AppData\Roaming\Code\User\globalStorage\redhat.java\1.50.0\config_win\org.eclipse.equinox.launcher\org.eclipse.equinox.launcher.win32.win32.x86_64_1.2.1400.v20250801-0854;C:\Users\Chari\AppData\Local\Temp\jna-65071027

VM Arguments:
jvm_args: --add-modules=ALL-SYSTEM --add-opens=java.base/java.util=ALL-UNNAMED --add-opens=java.base/java.lang=ALL-UNNAMED --add-opens=java.base/sun.nio.fs=ALL-UNNAMED -Declipse.application=org.eclipse.jdt.ls.core.id1 -Dosgi.bundles.defaultStartLevel=4 -Declipse.product=org.eclipse.jdt.ls.core.product -Djava.import.generatesMetadataFilesAtProjectRoot=false -DDetectVMInstallationsJob.disabled=true -Dfile.encoding=utf8 -XX:+UseParallelGC -XX:GCTimeRatio=4 -XX:AdaptiveSizePolicyWeight=90 -Dsun.zip.disableMemoryMapping=true -Xmx2G -Xms100m -Xlog:disable -javaagent:c:\Users\Chari\.vscode\extensions\redhat.java-1.50.0-win32-x64\lombok\lombok-1.18.39-4050.jar -XX:+HeapDumpOnOutOfMemoryError -XX:HeapDumpPath=c:\Users\Chari\AppData\Roaming\Code\User\workspaceStorage\b208153a19a6fdc2ec01b9154eb730e8\redhat.java -Daether.dependencyCollector.impl=bf 
java_command: c:\Users\Chari\.vscode\extensions\redhat.java-1.50.0-win32-x64\server\plugins\org.eclipse.equinox.launcher_1.7.100.v20251111-0406.jar -configuration c:\Users\Chari\AppData\Roaming\Code\User\globalStorage\redhat.java\1.50.0\config_win -data c:\Users\Chari\AppData\Roaming\Code\User\workspaceStorage\b208153a19a6fdc2ec01b9154eb730e8\redhat.java\jdt_ws --pipe=\\.\pipe\lsp-33b5e42f18857def560558e33ea42e09-sock
java_class_path (initial): c:\Users\Chari\.vscode\extensions\redhat.java-1.50.0-win32-x64\server\plugins\org.eclipse.equinox.launcher_1.7.100.v20251111-0406.jar
Launcher Type: SUN_STANDARD

[Global flags]
    uintx AdaptiveSizePolicyWeight                 = 90                                        {product} {command line}
     intx CICompilerCount                          = 12                                        {product} {ergonomic}
    uintx GCTimeRatio                              = 4                                         {product} {command line}
     bool HeapDumpOnOutOfMemoryError               = true                                   {manageable} {command line}
    ccstr HeapDumpPath                             = c:\Users\Chari\AppData\Roaming\Code\User\workspaceStorage\b208153a19a6fdc2ec01b9154eb730e8\redhat.java         {manageable} {command line}
   size_t InitialHeapSize                          = 104857600                                 {product} {command line}
   size_t MaxHeapSize                              = 2147483648                                {product} {command line}
   size_t MaxNewSize                               = 715653120                                 {product} {ergonomic}
   size_t MinHeapDeltaBytes                        = 524288                                    {product} {ergonomic}
   size_t MinHeapSize                              = 104857600                                 {product} {command line}
   size_t NewSize                                  = 34603008                                  {product} {ergonomic}
    uintx NonNMethodCodeHeapSize                   = 7602480                                {pd product} {ergonomic}
    uintx NonProfiledCodeHeapSize                  = 122027880                              {pd product} {ergonomic}
   size_t OldSize                                  = 70254592                                  {product} {ergonomic}
    uintx ProfiledCodeHeapSize                     = 122027880                              {pd product} {ergonomic}
    uintx ReservedCodeCacheSize                    = 251658240                              {pd product} {ergonomic}
     bool SegmentedCodeCache                       = true                                      {product} {ergonomic}
   size_t SoftMaxHeapSize                          = 2147483648                             {manageable} {ergonomic}
     bool UseCompressedOops                        = true                           {product lp64_product} {ergonomic}
     bool UseLargePagesIndividualAllocation        = false                                  {pd product} {ergonomic}
     bool UseParallelGC                            = true                                      {product} {command line}

Logging:
Log output configuration:
 #0: stdout all=off uptime,level,tags foldmultilines=false
 #1: stderr all=off uptime,level,tags foldmultilines=false

Release file:
JAVA_VERSION="21.0.9" 
MODULES="java.base java.compiler java.datatransfer java.xml java.prefs java.desktop java.instrument java.logging java.management java.security.sasl java.naming java.rmi java.management.rmi java.net.http java.scripting java.security.jgss java.transaction.xa java.sql java.sql.rowset java.xml.crypto java.se java.smartcardio jdk.accessibility jdk.internal.jvmstat jdk.attach jdk.charsets jdk.internal.opt jdk.zipfs jdk.compiler jdk.crypto.ec jdk.crypto.cryptoki jdk.crypto.mscapi jdk.dynalink jdk.internal.ed jdk.editpad jdk.hotspot.agent jdk.httpserver jdk.internal.le jdk.internal.vm.ci jdk.internal.vm.compiler jdk.internal.vm.compiler.management jdk.jartool jdk.javadoc jdk.jcmd jdk.management jdk.management.agent jdk.jconsole jdk.jdeps jdk.jdwp.agent jdk.jdi jdk.jfr jdk.jshell jdk.jsobject jdk.jstatd jdk.localedata jdk.management.jfr jdk.naming.dns jdk.naming.rmi jdk.net jdk.nio.mapmode jdk.random jdk.sctp jdk.security.auth jdk.security.jgss jdk.unsupported jdk.unsupported.desktop jdk.xml.dom" 

Environment Variables:
PATH=C:\Program Files\Microsoft MPI\Bin\;C:\Users\Chari\AppData\Local\Programs\Python\Python313\Scripts\;C:\Users\Chari\AppData\Local\Programs\Python\Python313\;C:\Etudes\VMWare\bin\;C:\Program Files\Common Files\Oracle\Java\javapath;C:\Windows\system32;C:\Windows;C:\Windows\System32\Wbem;C:\Windows\System32\WindowsPowerShell\v1.0\;C:\Windows\System32\OpenSSH\;C:\Program Files\dotnet\;C:\Program Files\Git\cmd;C:\Program Files\Microsoft SQL Server\150\Tools\Binn\;C:\Program Files\Microsoft SQL Server\Client SDK\ODBC\170\Tools\Binn\;C:\Program Files\nodejs\;C:\ProgramData\chocolatey\bin;C:\Program Files (x86)\Microsoft SQL Server\160\DTS\Binn\;C:\Program Files\Microsoft SQL Server\Client SDK\ODBC\110\Tools\Binn\;C:\Program Files\Microsoft SQL Server\130\Tools\Binn\;C:\Program Files (x86)\Microsoft SQL Server\160\Tools\Binn\;C:\Program Files\Microsoft SQL Server\160\Tools\Binn\;C:\Program Files\Microsoft SQL Server\160\DTS\Binn\;C:\Program Files\PowerShell\7\;C:\Program Files (x86)\Microsoft SQL Server\150\Tools\Binn\;C:\Program Files\Microsoft SQL Server\150\DTS\Binn\;C:\Program Files (x86)\Microsoft SQL Server\150\DTS\Binn\;C:\src\flutter\bin;C:\Program Files\Java\jdk-21\bin;C:\Maven\apache-maven\src\bin;C:\Program Files\Microsoft SQL Server\130\DTS\Binn\;C:\Program Files\Microsoft SQL Server\140\DTS\Binn\;C:\Program Files\Microsoft SQL Server\170\DTS\Binn\;C:\Users\Chari\AppData\Local\Programs\Microsoft VS Code\bin;C:\tools\dart-sdk\bin;C:\Users\Chari\AppData\Local\Pub\Cache\bin;C:\Users\Chari\AppData\Roaming\npm;C:\Program Files\JetBrains\IntelliJ IDEA 2025.2.5\bin
USERNAME=Chari
OS=Windows_NT
PROCESSOR_IDENTIFIER=Intel64 Family 6 Model 170 Stepping 4, GenuineIntel
TMP=C:\Users\Chari\AppData\Local\Temp
TEMP=C:\Users\Chari\AppData\Local\Temp




Periodic native trim disabled

---------------  S Y S T E M  ---------------

OS:
 Windows 11 , 64 bit Build 26100 (10.0.26100.7309)
OS uptime: 4 days 5:17 hours
Hyper-V role detected

CPU: total 22 (initial active 22) (11 cores per cpu, 2 threads per core) family 6 model 170 stepping 4 microcode 0x24, cx8, cmov, fxsr, ht, mmx, 3dnowpref, sse, sse2, sse3, ssse3, sse4.1, sse4.2, popcnt, lzcnt, tsc, tscinvbit, avx, avx2, aes, erms, clmul, bmi1, bmi2, adx, sha, fma, vzeroupper, clflush, clflushopt, clwb, hv, serialize, rdtscp, rdpid, fsrm, f16c, cet_ibt, cet_ss
Processor Information for processor 0
  Max Mhz: 1400, Current Mhz: 1400, Mhz Limit: 1400
Processor Information for processor 1
  Max Mhz: 1400, Current Mhz: 1400, Mhz Limit: 1400
Processor Information for processor 2
  Max Mhz: 3800, Current Mhz: 900, Mhz Limit: 874
Processor Information for processor 3
  Max Mhz: 3800, Current Mhz: 900, Mhz Limit: 874
Processor Information for processor 4
  Max Mhz: 3800, Current Mhz: 900, Mhz Limit: 874
Processor Information for processor 5
  Max Mhz: 3800, Current Mhz: 900, Mhz Limit: 874
Processor Information for processor 6
  Max Mhz: 3800, Current Mhz: 900, Mhz Limit: 874
Processor Information for processor 7
  Max Mhz: 3800, Current Mhz: 900, Mhz Limit: 874
Processor Information for processor 8
  Max Mhz: 3800, Current Mhz: 900, Mhz Limit: 874
Processor Information for processor 9
  Max Mhz: 3800, Current Mhz: 900, Mhz Limit: 874
Processor Information for processor 10
  Max Mhz: 1400, Current Mhz: 1400, Mhz Limit: 1400
Processor Information for processor 11
  Max Mhz: 1400, Current Mhz: 1400, Mhz Limit: 1400
Processor Information for processor 12
  Max Mhz: 1400, Current Mhz: 1400, Mhz Limit: 1400
Processor Information for processor 13
  Max Mhz: 1400, Current Mhz: 1400, Mhz Limit: 1400
Processor Information for processor 14
  Max Mhz: 1400, Current Mhz: 1400, Mhz Limit: 1400
Processor Information for processor 15
  Max Mhz: 1400, Current Mhz: 1400, Mhz Limit: 1400
Processor Information for processor 16
  Max Mhz: 1400, Current Mhz: 1400, Mhz Limit: 1400
Processor Information for processor 17
  Max Mhz: 1400, Current Mhz: 1400, Mhz Limit: 1400
Processor Information for processor 18
  Max Mhz: 1400, Current Mhz: 1400, Mhz Limit: 1400
Processor Information for processor 19
  Max Mhz: 1400, Current Mhz: 1400, Mhz Limit: 1400
Processor Information for processor 20
  Max Mhz: 2500, Current Mhz: 700, Mhz Limit: 700
Processor Information for processor 21
  Max Mhz: 2500, Current Mhz: 700, Mhz Limit: 700

Memory: 4k page, system-wide physical 15828M (1029M free)
TotalPageFile size 48596M (AvailPageFile size 7M)
current process WorkingSet (physical memory assigned to process): 307M, peak: 330M
current process commit charge ("private bytes"): 413M, peak: 434M

vm_info: OpenJDK 64-Bit Server VM (21.0.9+10-LTS) for windows-amd64 JRE (21.0.9+10-LTS), built on 2025-10-21T00:00:00Z by "admin" with unknown MS VC++:1942

END.
