#
# There is insufficient memory for the Java Runtime Environment to continue.
# Native memory allocation (malloc) failed to allocate 1226384 bytes. Error detail: Chunk::new
# Possible reasons:
#   The system is out of physical RAM or swap space
#   This process is running with CompressedOops enabled, and the Java Heap may be blocking the growth of the native heap
# Possible solutions:
#   Reduce memory load on the system
#   Increase physical memory or swap space
#   Check if swap backing store is full
#   Decrease Java heap size (-Xmx/-Xms)
#   Decrease number of Java threads
#   Decrease Java thread stack sizes (-Xss)
#   Set larger code cache with -XX:ReservedCodeCacheSize=
#   JVM is running with Unscaled Compressed Oops mode in which the Java heap is
#     placed in the first 4GB address space. The Java Heap base address is the
#     maximum limit for the native heap growth. Please use -XX:HeapBaseMinAddress
#     to set the Java Heap base and to place the Java Heap above 4GB virtual address.
# This output file may be truncated or incomplete.
#
#  Out of Memory Error (arena.cpp:168), pid=15980, tid=2376
#
# JRE version: OpenJDK Runtime Environment Temurin-21.0.9+10 (21.0.9+10) (build 21.0.9+10-LTS)
# Java VM: OpenJDK 64-Bit Server VM Temurin-21.0.9+10 (21.0.9+10-LTS, mixed mode, sharing, tiered, compressed oops, compressed class ptrs, parallel gc, windows-amd64)
# No core dump will be written. Minidumps are not enabled by default on client versions of Windows
#

---------------  S U M M A R Y ------------

Command Line: --add-modules=ALL-SYSTEM --add-opens=java.base/java.util=ALL-UNNAMED --add-opens=java.base/java.lang=ALL-UNNAMED --add-opens=java.base/sun.nio.fs=ALL-UNNAMED -Declipse.application=org.eclipse.jdt.ls.core.id1 -Dosgi.bundles.defaultStartLevel=4 -Declipse.product=org.eclipse.jdt.ls.core.product -Djava.import.generatesMetadataFilesAtProjectRoot=false -DDetectVMInstallationsJob.disabled=true -Dfile.encoding=utf8 -XX:+UseParallelGC -XX:GCTimeRatio=4 -XX:AdaptiveSizePolicyWeight=90 -Dsun.zip.disableMemoryMapping=true -Xmx2G -Xms100m -Xlog:disable -javaagent:c:\Users\ACER\.vscode\extensions\redhat.java-1.51.0-win32-x64\lombok\lombok-1.18.39-4050.jar -XX:+HeapDumpOnOutOfMemoryError -XX:HeapDumpPath=c:\Users\ACER\AppData\Roaming\Code\User\workspaceStorage\527fa16d9e2e7ebd143c1c6abc03d182\redhat.java -Daether.dependencyCollector.impl=bf c:\Users\ACER\.vscode\extensions\redhat.java-1.51.0-win32-x64\server\plugins\org.eclipse.equinox.launcher_1.7.100.v20251111-0406.jar -configuration c:\Users\ACER\AppData\Roaming\Code\User\globalStorage\redhat.java\1.51.0\config_win -data c:\Users\ACER\AppData\Roaming\Code\User\workspaceStorage\527fa16d9e2e7ebd143c1c6abc03d182\redhat.java\jdt_ws --pipe=\\.\pipe\lsp-ae8728404911168f16b3d68f42e6ae0e-sock

Host: AMD Ryzen 5 7520U with Radeon Graphics         , 8 cores, 7G,  Windows 11 , 64 bit Build 22000 (10.0.22000.120)
Time: Sun Jan 25 16:54:18 2026 Greenwich elapsed time: 4.269433 seconds (0d 0h 0m 4s)

---------------  T H R E A D  ---------------

Current thread (0x0000022a64351a70):  JavaThread "C2 CompilerThread0" daemon [_thread_in_native, id=2376, stack(0x0000008c19b00000,0x0000008c19c00000) (1024K)]


Current CompileTask:
C2:4269 3158       4       java.lang.invoke.MethodType::makeImpl (109 bytes)

Stack: [0x0000008c19b00000,0x0000008c19c00000]
Native frames: (J=compiled Java code, j=interpreted, Vv=VM code, C=native code)
V  [jvm.dll+0x6d6e29]
V  [jvm.dll+0x8b4b76]
V  [jvm.dll+0x8b712e]
V  [jvm.dll+0x8b7813]
V  [jvm.dll+0x283d86]
V  [jvm.dll+0xc66ed]
V  [jvm.dll+0xc6c31]
V  [jvm.dll+0x3be53b]
V  [jvm.dll+0x1e3d59]
V  [jvm.dll+0x24c0f3]
V  [jvm.dll+0x24b580]
V  [jvm.dll+0x1cb13e]
V  [jvm.dll+0x25b29d]
V  [jvm.dll+0x25982a]
V  [jvm.dll+0x3f7ea6]
V  [jvm.dll+0x85e9ad]
V  [jvm.dll+0x6d565d]
C  [ucrtbase.dll+0x26c0c]
C  [KERNEL32.DLL+0x154e0]
C  [ntdll.dll+0x485b]


---------------  P R O C E S S  ---------------

Threads class SMR info:
_java_thread_list=0x0000022a6b281b50, length=21, elements={
0x0000022a4d8d2050, 0x0000022a6433fd60, 0x0000022a64340a70, 0x0000022a64343eb0,
0x0000022a64344dc0, 0x0000022a64348930, 0x0000022a6434e1e0, 0x0000022a64351a70,
0x0000022a64356e60, 0x0000022a6a1c85f0, 0x0000022a6a2fd940, 0x0000022a6a9588f0,
0x0000022a6ac5cb60, 0x0000022a6ad40e40, 0x0000022a6a92fb70, 0x0000022a6b09e320,
0x0000022a6afe9430, 0x0000022a6b0751b0, 0x0000022a6b295030, 0x0000022a6b5517b0,
0x0000022a6b551e40
}

Java Threads: ( => current thread )
  0x0000022a4d8d2050 JavaThread "main"                              [_thread_blocked, id=3916, stack(0x0000008c19100000,0x0000008c19200000) (1024K)]
  0x0000022a6433fd60 JavaThread "Reference Handler"          daemon [_thread_blocked, id=16496, stack(0x0000008c19500000,0x0000008c19600000) (1024K)]
  0x0000022a64340a70 JavaThread "Finalizer"                  daemon [_thread_blocked, id=15896, stack(0x0000008c19600000,0x0000008c19700000) (1024K)]
  0x0000022a64343eb0 JavaThread "Signal Dispatcher"          daemon [_thread_blocked, id=828, stack(0x0000008c19700000,0x0000008c19800000) (1024K)]
  0x0000022a64344dc0 JavaThread "Attach Listener"            daemon [_thread_blocked, id=1784, stack(0x0000008c19800000,0x0000008c19900000) (1024K)]
  0x0000022a64348930 JavaThread "Service Thread"             daemon [_thread_blocked, id=16928, stack(0x0000008c19900000,0x0000008c19a00000) (1024K)]
  0x0000022a6434e1e0 JavaThread "Monitor Deflation Thread"   daemon [_thread_blocked, id=12884, stack(0x0000008c19a00000,0x0000008c19b00000) (1024K)]
=>0x0000022a64351a70 JavaThread "C2 CompilerThread0"         daemon [_thread_in_native, id=2376, stack(0x0000008c19b00000,0x0000008c19c00000) (1024K)]
  0x0000022a64356e60 JavaThread "C1 CompilerThread0"         daemon [_thread_blocked, id=9292, stack(0x0000008c19c00000,0x0000008c19d00000) (1024K)]
  0x0000022a6a1c85f0 JavaThread "Common-Cleaner"             daemon [_thread_blocked, id=16108, stack(0x0000008c19d00000,0x0000008c19e00000) (1024K)]
  0x0000022a6a2fd940 JavaThread "Notification Thread"        daemon [_thread_blocked, id=5920, stack(0x0000008c19f00000,0x0000008c1a000000) (1024K)]
  0x0000022a6a9588f0 JavaThread "Active Thread: Equinox Container: bc532d7c-817b-4acd-a07f-4343d6884a7b"        [_thread_blocked, id=7460, stack(0x0000008c1a700000,0x0000008c1a800000) (1024K)]
  0x0000022a6ac5cb60 JavaThread "Refresh Thread: Equinox Container: bc532d7c-817b-4acd-a07f-4343d6884a7b" daemon [_thread_blocked, id=14600, stack(0x0000008c1a900000,0x0000008c1aa00000) (1024K)]
  0x0000022a6ad40e40 JavaThread "Framework Event Dispatcher: Equinox Container: bc532d7c-817b-4acd-a07f-4343d6884a7b" daemon [_thread_blocked, id=12608, stack(0x0000008c19e00000,0x0000008c19f00000) (1024K)]
  0x0000022a6a92fb70 JavaThread "Start Level: Equinox Container: bc532d7c-817b-4acd-a07f-4343d6884a7b" daemon [_thread_in_vm, id=1548, stack(0x0000008c1a000000,0x0000008c1a100000) (1024K)]
  0x0000022a6b09e320 JavaThread "Bundle File Closer"         daemon [_thread_blocked, id=14768, stack(0x0000008c1ac00000,0x0000008c1ad00000) (1024K)]
  0x0000022a6afe9430 JavaThread "SCR Component Actor"        daemon [_thread_blocked, id=11916, stack(0x0000008c1aa00000,0x0000008c1ab00000) (1024K)]
  0x0000022a6b0751b0 JavaThread "Worker-JM"                         [_thread_blocked, id=13116, stack(0x0000008c1ab00000,0x0000008c1ac00000) (1024K)]
  0x0000022a6b295030 JavaThread "JNA Cleaner"                daemon [_thread_blocked, id=6272, stack(0x0000008c1ad00000,0x0000008c1ae00000) (1024K)]
  0x0000022a6b5517b0 JavaThread "Worker-0: Checking project encoding"        [_thread_blocked, id=14816, stack(0x0000008c1ae00000,0x0000008c1af00000) (1024K)]
  0x0000022a6b551e40 JavaThread "Worker-1"                          [_thread_blocked, id=15420, stack(0x0000008c1af00000,0x0000008c1b000000) (1024K)]
Total: 21

Other Threads:
  0x0000022a64332b50 VMThread "VM Thread"                           [id=12108, stack(0x0000008c19400000,0x0000008c19500000) (1024K)]
  0x0000022a6426ca10 WatcherThread "VM Periodic Task Thread"        [id=8772, stack(0x0000008c19300000,0x0000008c19400000) (1024K)]
  0x0000022a4d8f0390 WorkerThread "GC Thread#0"                     [id=6812, stack(0x0000008c19200000,0x0000008c19300000) (1024K)]
  0x0000022a6a7985b0 WorkerThread "GC Thread#1"                     [id=13512, stack(0x0000008c1a100000,0x0000008c1a200000) (1024K)]
  0x0000022a6a798950 WorkerThread "GC Thread#2"                     [id=13440, stack(0x0000008c1a200000,0x0000008c1a300000) (1024K)]
  0x0000022a6a9b7080 WorkerThread "GC Thread#3"                     [id=5976, stack(0x0000008c1a300000,0x0000008c1a400000) (1024K)]
  0x0000022a6a9b7420 WorkerThread "GC Thread#4"                     [id=7364, stack(0x0000008c1a400000,0x0000008c1a500000) (1024K)]
  0x0000022a6a9b77c0 WorkerThread "GC Thread#5"                     [id=8392, stack(0x0000008c1a500000,0x0000008c1a600000) (1024K)]
  0x0000022a6a9f2190 WorkerThread "GC Thread#6"                     [id=6956, stack(0x0000008c1a600000,0x0000008c1a700000) (1024K)]
  0x0000022a6a954470 WorkerThread "GC Thread#7"                     [id=16908, stack(0x0000008c1a800000,0x0000008c1a900000) (1024K)]
Total: 10

Threads with active compile tasks:
C2 CompilerThread0  4295 3158       4       java.lang.invoke.MethodType::makeImpl (109 bytes)
Total: 1

VM state: not at safepoint (normal execution)

VM Mutex/Monitor currently owned by a thread: None

Heap address: 0x0000000080000000, size: 2048 MB, Compressed Oops mode: 32-bit

CDS archive(s) mapped at: [0x0000022a00000000-0x0000022a00ba0000-0x0000022a00ba0000), size 12189696, SharedBaseAddress: 0x0000022a00000000, ArchiveRelocationMode: 1.
Compressed class space mapped at: 0x0000022a01000000-0x0000022a41000000, reserved size: 1073741824
Narrow klass base: 0x0000022a00000000, Narrow klass shift: 0, Narrow klass range: 0x100000000

GC Precious Log:
 CardTable entry size: 512
 CPUs: 8 total, 8 available
 Memory: 7413M
 Large Page Support: Disabled
 NUMA Support: Disabled
 Compressed Oops: Enabled (32-bit)
 Alignments: Space 512K, Generation 512K, Heap 2M
 Heap Min Capacity: 100M
 Heap Initial Capacity: 100M
 Heap Max Capacity: 2G
 Pre-touch: Disabled
 Parallel Workers: 8

Heap:
 PSYoungGen      total 29184K, used 18012K [0x00000000d5580000, 0x00000000d7a00000, 0x0000000100000000)
  eden space 25088K, 55% used [0x00000000d5580000,0x00000000d631af88,0x00000000d6e00000)
  from space 4096K, 99% used [0x00000000d6e80000,0x00000000d727c0c0,0x00000000d7280000)
  to   space 6144K, 0% used [0x00000000d7400000,0x00000000d7400000,0x00000000d7a00000)
 ParOldGen       total 68608K, used 7906K [0x0000000080000000, 0x0000000084300000, 0x00000000d5580000)
  object space 68608K, 11% used [0x0000000080000000,0x00000000807b8af0,0x0000000084300000)
 Metaspace       used 17636K, committed 18304K, reserved 1114112K
  class space    used 1854K, committed 2112K, reserved 1048576K

Card table byte_map: [0x0000022a4d280000,0x0000022a4d690000] _byte_map_base: 0x0000022a4ce80000

Marking Bits: (ParMarkBitMap*) 0x00007ff95ddb2460
 Begin Bits: [0x0000022a5fd90000, 0x0000022a61d90000)
 End Bits:   [0x0000022a61d90000, 0x0000022a63d90000)

Polling page: 0x0000022a4b770000

Metaspace:

Usage:
  Non-class:     15.41 MB used.
      Class:      1.81 MB used.
       Both:     17.22 MB used.

Virtual space:
  Non-class space:       64.00 MB reserved,      15.81 MB ( 25%) committed,  1 nodes.
      Class space:        1.00 GB reserved,       2.06 MB ( <1%) committed,  1 nodes.
             Both:        1.06 GB reserved,      17.88 MB (  2%) committed. 

Chunk freelists:
   Non-Class:  15.50 MB
       Class:  13.75 MB
        Both:  29.25 MB

MaxMetaspaceSize: unlimited
CompressedClassSpaceSize: 1.00 GB
Initial GC threshold: 21.00 MB
Current GC threshold: 21.00 MB
CDS: on
 - commit_granule_bytes: 65536.
 - commit_granule_words: 8192.
 - virtual_space_node_default_size: 8388608.
 - enlarge_chunks_in_place: 1.
 - use_allocation_guard: 0.


Internal statistics:

num_allocs_failed_limit: 0.
num_arena_births: 552.
num_arena_deaths: 0.
num_vsnodes_births: 2.
num_vsnodes_deaths: 0.
num_space_committed: 286.
num_space_uncommitted: 0.
num_chunks_returned_to_freelist: 0.
num_chunks_taken_from_freelist: 1204.
num_chunk_merges: 0.
num_chunk_splits: 760.
num_chunks_enlarged: 491.
num_inconsistent_stats: 0.

CodeHeap 'non-profiled nmethods': size=120000Kb used=1398Kb max_used=1398Kb free=118601Kb
 bounds [0x0000022a585b0000, 0x0000022a58820000, 0x0000022a5fae0000]
CodeHeap 'profiled nmethods': size=120000Kb used=6469Kb max_used=6469Kb free=113530Kb
 bounds [0x0000022a50ae0000, 0x0000022a51140000, 0x0000022a58010000]
CodeHeap 'non-nmethods': size=5760Kb used=1274Kb max_used=1285Kb free=4485Kb
 bounds [0x0000022a58010000, 0x0000022a58280000, 0x0000022a585b0000]
CodeCache: size=245760Kb, used=9141Kb, max_used=9152Kb, free=236616Kb
 total_blobs=3809, nmethods=3258, adapters=457, full_count=0
Compilation: enabled, stopped_count=0, restarted_count=0

Compilation events (20 events):
Event: 4.202 Thread 0x0000022a64356e60 3245       3       org.apache.felix.scr.impl.manager.DependencyManager::hasGetPermission (37 bytes)
Event: 4.202 Thread 0x0000022a64356e60 nmethod 3245 0x0000022a5112e390 code [0x0000022a5112e540, 0x0000022a5112e738]
Event: 4.202 Thread 0x0000022a64356e60 3246       3       java.util.concurrent.locks.AbstractQueuedSynchronizer$ConditionObject::signalAll (34 bytes)
Event: 4.202 Thread 0x0000022a64356e60 nmethod 3246 0x0000022a5112e810 code [0x0000022a5112e9e0, 0x0000022a5112ed30]
Event: 4.202 Thread 0x0000022a64356e60 3247       3       org.apache.felix.scr.impl.manager.DependencyManager::cardinalitySatisfied (14 bytes)
Event: 4.202 Thread 0x0000022a64356e60 nmethod 3247 0x0000022a5112ee90 code [0x0000022a5112f020, 0x0000022a5112f180]
Event: 4.202 Thread 0x0000022a64356e60 3248       3       java.util.concurrent.locks.ReentrantLock$NonfairSync::initialTryLock (58 bytes)
Event: 4.203 Thread 0x0000022a64356e60 nmethod 3248 0x0000022a5112f210 code [0x0000022a5112f400, 0x0000022a5112f7a0]
Event: 4.240 Thread 0x0000022a64356e60 3249       3       java.lang.ref.SoftReference::get (29 bytes)
Event: 4.240 Thread 0x0000022a64356e60 nmethod 3249 0x0000022a5112f890 code [0x0000022a5112fa40, 0x0000022a5112fbd8]
Event: 4.241 Thread 0x0000022a64356e60 3250       3       java.lang.invoke.InvokerBytecodeGenerator::<init> (80 bytes)
Event: 4.242 Thread 0x0000022a64356e60 nmethod 3250 0x0000022a5112fc90 code [0x0000022a5112fe60, 0x0000022a511301f8]
Event: 4.244 Thread 0x0000022a64356e60 3255       3       java.lang.invoke.LambdaFormBuffer::insertName (106 bytes)
Event: 4.245 Thread 0x0000022a64356e60 nmethod 3255 0x0000022a51130490 code [0x0000022a51130660, 0x0000022a51130888]
Event: 4.246 Thread 0x0000022a64356e60 3260       3       jdk.internal.org.objectweb.asm.FieldWriter::visitEnd (1 bytes)
Event: 4.246 Thread 0x0000022a64356e60 nmethod 3260 0x0000022a51130990 code [0x0000022a51130b20, 0x0000022a51130c28]
Event: 4.246 Thread 0x0000022a64356e60 3261       3       jdk.internal.org.objectweb.asm.Type::getType (10 bytes)
Event: 4.246 Thread 0x0000022a64356e60 nmethod 3261 0x0000022a51130c90 code [0x0000022a51130e60, 0x0000022a51131090]
Event: 4.262 Thread 0x0000022a64356e60 3262       3       org.objectweb.asm.ClassReader::readUnsignedShort (26 bytes)
Event: 4.262 Thread 0x0000022a64356e60 nmethod 3262 0x0000022a51131210 code [0x0000022a511313c0, 0x0000022a51131530]

GC Heap History (10 events):
Event: 0.600 GC heap before
{Heap before GC invocations=1 (full 0):
 PSYoungGen      total 29696K, used 25600K [0x00000000d5580000, 0x00000000d7680000, 0x0000000100000000)
  eden space 25600K, 100% used [0x00000000d5580000,0x00000000d6e80000,0x00000000d6e80000)
  from space 4096K, 0% used [0x00000000d7280000,0x00000000d7280000,0x00000000d7680000)
  to   space 4096K, 0% used [0x00000000d6e80000,0x00000000d6e80000,0x00000000d7280000)
 ParOldGen       total 68608K, used 0K [0x0000000080000000, 0x0000000084300000, 0x00000000d5580000)
  object space 68608K, 0% used [0x0000000080000000,0x0000000080000000,0x0000000084300000)
 Metaspace       used 4321K, committed 4608K, reserved 1114112K
  class space    used 472K, committed 576K, reserved 1048576K
}
Event: 0.605 GC heap after
{Heap after GC invocations=1 (full 0):
 PSYoungGen      total 29696K, used 3303K [0x00000000d5580000, 0x00000000d7680000, 0x0000000100000000)
  eden space 25600K, 0% used [0x00000000d5580000,0x00000000d5580000,0x00000000d6e80000)
  from space 4096K, 80% used [0x00000000d6e80000,0x00000000d71b9e98,0x00000000d7280000)
  to   space 4096K, 0% used [0x00000000d7280000,0x00000000d7280000,0x00000000d7680000)
 ParOldGen       total 68608K, used 16K [0x0000000080000000, 0x0000000084300000, 0x00000000d5580000)
  object space 68608K, 0% used [0x0000000080000000,0x0000000080004000,0x0000000084300000)
 Metaspace       used 4321K, committed 4608K, reserved 1114112K
  class space    used 472K, committed 576K, reserved 1048576K
}
Event: 1.405 GC heap before
{Heap before GC invocations=2 (full 0):
 PSYoungGen      total 29696K, used 28903K [0x00000000d5580000, 0x00000000d7680000, 0x0000000100000000)
  eden space 25600K, 100% used [0x00000000d5580000,0x00000000d6e80000,0x00000000d6e80000)
  from space 4096K, 80% used [0x00000000d6e80000,0x00000000d71b9e98,0x00000000d7280000)
  to   space 4096K, 0% used [0x00000000d7280000,0x00000000d7280000,0x00000000d7680000)
 ParOldGen       total 68608K, used 16K [0x0000000080000000, 0x0000000084300000, 0x00000000d5580000)
  object space 68608K, 0% used [0x0000000080000000,0x0000000080004000,0x0000000084300000)
 Metaspace       used 7980K, committed 8256K, reserved 1114112K
  class space    used 829K, committed 960K, reserved 1048576K
}
Event: 1.412 GC heap after
{Heap after GC invocations=2 (full 0):
 PSYoungGen      total 29696K, used 4086K [0x00000000d5580000, 0x00000000d7680000, 0x0000000100000000)
  eden space 25600K, 0% used [0x00000000d5580000,0x00000000d5580000,0x00000000d6e80000)
  from space 4096K, 99% used [0x00000000d7280000,0x00000000d767d810,0x00000000d7680000)
  to   space 4096K, 0% used [0x00000000d6e80000,0x00000000d6e80000,0x00000000d7280000)
 ParOldGen       total 68608K, used 2093K [0x0000000080000000, 0x0000000084300000, 0x00000000d5580000)
  object space 68608K, 3% used [0x0000000080000000,0x000000008020b6b8,0x0000000084300000)
 Metaspace       used 7980K, committed 8256K, reserved 1114112K
  class space    used 829K, committed 960K, reserved 1048576K
}
Event: 1.989 GC heap before
{Heap before GC invocations=3 (full 0):
 PSYoungGen      total 29696K, used 29686K [0x00000000d5580000, 0x00000000d7680000, 0x0000000100000000)
  eden space 25600K, 100% used [0x00000000d5580000,0x00000000d6e80000,0x00000000d6e80000)
  from space 4096K, 99% used [0x00000000d7280000,0x00000000d767d810,0x00000000d7680000)
  to   space 4096K, 0% used [0x00000000d6e80000,0x00000000d6e80000,0x00000000d7280000)
 ParOldGen       total 68608K, used 2093K [0x0000000080000000, 0x0000000084300000, 0x00000000d5580000)
  object space 68608K, 3% used [0x0000000080000000,0x000000008020b6b8,0x0000000084300000)
 Metaspace       used 9446K, committed 9792K, reserved 1114112K
  class space    used 1007K, committed 1152K, reserved 1048576K
}
Event: 1.994 GC heap after
{Heap after GC invocations=3 (full 0):
 PSYoungGen      total 29696K, used 4074K [0x00000000d5580000, 0x00000000d7680000, 0x0000000100000000)
  eden space 25600K, 0% used [0x00000000d5580000,0x00000000d5580000,0x00000000d6e80000)
  from space 4096K, 99% used [0x00000000d6e80000,0x00000000d727ab58,0x00000000d7280000)
  to   space 4096K, 0% used [0x00000000d7280000,0x00000000d7280000,0x00000000d7680000)
 ParOldGen       total 68608K, used 4788K [0x0000000080000000, 0x0000000084300000, 0x00000000d5580000)
  object space 68608K, 6% used [0x0000000080000000,0x00000000804ad118,0x0000000084300000)
 Metaspace       used 9446K, committed 9792K, reserved 1114112K
  class space    used 1007K, committed 1152K, reserved 1048576K
}
Event: 2.549 GC heap before
{Heap before GC invocations=4 (full 0):
 PSYoungGen      total 29696K, used 29674K [0x00000000d5580000, 0x00000000d7680000, 0x0000000100000000)
  eden space 25600K, 100% used [0x00000000d5580000,0x00000000d6e80000,0x00000000d6e80000)
  from space 4096K, 99% used [0x00000000d6e80000,0x00000000d727ab58,0x00000000d7280000)
  to   space 4096K, 0% used [0x00000000d7280000,0x00000000d7280000,0x00000000d7680000)
 ParOldGen       total 68608K, used 4788K [0x0000000080000000, 0x0000000084300000, 0x00000000d5580000)
  object space 68608K, 6% used [0x0000000080000000,0x00000000804ad118,0x0000000084300000)
 Metaspace       used 11650K, committed 12032K, reserved 1114112K
  class space    used 1228K, committed 1408K, reserved 1048576K
}
Event: 2.554 GC heap after
{Heap after GC invocations=4 (full 0):
 PSYoungGen      total 29696K, used 4067K [0x00000000d5580000, 0x00000000d7680000, 0x0000000100000000)
  eden space 25600K, 0% used [0x00000000d5580000,0x00000000d5580000,0x00000000d6e80000)
  from space 4096K, 99% used [0x00000000d7280000,0x00000000d7678cc0,0x00000000d7680000)
  to   space 4096K, 0% used [0x00000000d6e80000,0x00000000d6e80000,0x00000000d7280000)
 ParOldGen       total 68608K, used 6490K [0x0000000080000000, 0x0000000084300000, 0x00000000d5580000)
  object space 68608K, 9% used [0x0000000080000000,0x0000000080656a98,0x0000000084300000)
 Metaspace       used 11650K, committed 12032K, reserved 1114112K
  class space    used 1228K, committed 1408K, reserved 1048576K
}
Event: 3.505 GC heap before
{Heap before GC invocations=5 (full 0):
 PSYoungGen      total 29696K, used 29667K [0x00000000d5580000, 0x00000000d7680000, 0x0000000100000000)
  eden space 25600K, 100% used [0x00000000d5580000,0x00000000d6e80000,0x00000000d6e80000)
  from space 4096K, 99% used [0x00000000d7280000,0x00000000d7678cc0,0x00000000d7680000)
  to   space 4096K, 0% used [0x00000000d6e80000,0x00000000d6e80000,0x00000000d7280000)
 ParOldGen       total 68608K, used 6490K [0x0000000080000000, 0x0000000084300000, 0x00000000d5580000)
  object space 68608K, 9% used [0x0000000080000000,0x0000000080656a98,0x0000000084300000)
 Metaspace       used 15559K, committed 16128K, reserved 1114112K
  class space    used 1618K, committed 1856K, reserved 1048576K
}
Event: 3.511 GC heap after
{Heap after GC invocations=5 (full 0):
 PSYoungGen      total 29184K, used 4080K [0x00000000d5580000, 0x00000000d7a00000, 0x0000000100000000)
  eden space 25088K, 0% used [0x00000000d5580000,0x00000000d5580000,0x00000000d6e00000)
  from space 4096K, 99% used [0x00000000d6e80000,0x00000000d727c0c0,0x00000000d7280000)
  to   space 6144K, 0% used [0x00000000d7400000,0x00000000d7400000,0x00000000d7a00000)
 ParOldGen       total 68608K, used 7906K [0x0000000080000000, 0x0000000084300000, 0x00000000d5580000)
  object space 68608K, 11% used [0x0000000080000000,0x00000000807b8af0,0x0000000084300000)
 Metaspace       used 15559K, committed 16128K, reserved 1114112K
  class space    used 1618K, committed 1856K, reserved 1048576K
}

Dll operation events (10 events):
Event: 0.010 Loaded shared library c:\Users\ACER\.vscode\extensions\redhat.java-1.51.0-win32-x64\jre\21.0.9-win32-x86_64\bin\java.dll
Event: 0.067 Loaded shared library c:\Users\ACER\.vscode\extensions\redhat.java-1.51.0-win32-x64\jre\21.0.9-win32-x86_64\bin\zip.dll
Event: 0.083 Loaded shared library C:\Users\ACER\.vscode\extensions\redhat.java-1.51.0-win32-x64\jre\21.0.9-win32-x86_64\bin\instrument.dll
Event: 0.087 Loaded shared library C:\Users\ACER\.vscode\extensions\redhat.java-1.51.0-win32-x64\jre\21.0.9-win32-x86_64\bin\net.dll
Event: 0.088 Loaded shared library C:\Users\ACER\.vscode\extensions\redhat.java-1.51.0-win32-x64\jre\21.0.9-win32-x86_64\bin\nio.dll
Event: 0.091 Loaded shared library C:\Users\ACER\.vscode\extensions\redhat.java-1.51.0-win32-x64\jre\21.0.9-win32-x86_64\bin\zip.dll
Event: 0.103 Loaded shared library C:\Users\ACER\.vscode\extensions\redhat.java-1.51.0-win32-x64\jre\21.0.9-win32-x86_64\bin\jimage.dll
Event: 0.159 Loaded shared library c:\Users\ACER\.vscode\extensions\redhat.java-1.51.0-win32-x64\jre\21.0.9-win32-x86_64\bin\verify.dll
Event: 1.456 Loaded shared library C:\Users\ACER\AppData\Roaming\Code\User\globalStorage\redhat.java\1.51.0\config_win\org.eclipse.equinox.launcher\org.eclipse.equinox.launcher.win32.win32.x86_64_1.2.1400.v20250801-0854\eclipse_11916.dll
Event: 3.934 Loaded shared library C:\Users\ACER\AppData\Local\Temp\jna-2003023\jna1100969093288276043.dll

Deoptimization events (20 events):
Event: 3.680 Thread 0x0000022a6a92fb70 Uncommon trap: trap_request=0xffffff45 fr.pc=0x0000022a586d598c relative=0x0000000000000b4c
Event: 3.680 Thread 0x0000022a6a92fb70 Uncommon trap: reason=unstable_if action=reinterpret pc=0x0000022a586d598c method=java.io.BufferedInputStream.implRead([BII)I @ 55 c2
Event: 3.680 Thread 0x0000022a6a92fb70 DEOPT PACKING pc=0x0000022a586d598c sp=0x0000008c1a0f9340
Event: 3.680 Thread 0x0000022a6a92fb70 DEOPT UNPACKING pc=0x0000022a58063aa2 sp=0x0000008c1a0f9278 mode 2
Event: 3.755 Thread 0x0000022a6a92fb70 Uncommon trap: trap_request=0xffffff45 fr.pc=0x0000022a585e8018 relative=0x0000000000000678
Event: 3.755 Thread 0x0000022a6a92fb70 Uncommon trap: reason=unstable_if action=reinterpret pc=0x0000022a585e8018 method=java.lang.String.replace(Ljava/lang/CharSequence;Ljava/lang/CharSequence;)Ljava/lang/String; @ 42 c2
Event: 3.755 Thread 0x0000022a6a92fb70 DEOPT PACKING pc=0x0000022a585e8018 sp=0x0000008c1a0f7af0
Event: 3.755 Thread 0x0000022a6a92fb70 DEOPT UNPACKING pc=0x0000022a58063aa2 sp=0x0000008c1a0f7a70 mode 2
Event: 4.015 Thread 0x0000022a6a92fb70 Uncommon trap: trap_request=0xffffffc6 fr.pc=0x0000022a5866adcc relative=0x0000000000000a4c
Event: 4.015 Thread 0x0000022a6a92fb70 Uncommon trap: reason=bimorphic_or_optimized_type_check action=maybe_recompile pc=0x0000022a5866adcc method=java.util.HashMap.putVal(ILjava/lang/Object;Ljava/lang/Object;ZZ)Ljava/lang/Object; @ 91 c2
Event: 4.015 Thread 0x0000022a6a92fb70 DEOPT PACKING pc=0x0000022a5866adcc sp=0x0000008c1a0f8170
Event: 4.015 Thread 0x0000022a6a92fb70 DEOPT UNPACKING pc=0x0000022a58063aa2 sp=0x0000008c1a0f8098 mode 2
Event: 4.060 Thread 0x0000022a6a92fb70 Uncommon trap: trap_request=0xffffff45 fr.pc=0x0000022a58707424 relative=0x0000000000000084
Event: 4.060 Thread 0x0000022a6a92fb70 Uncommon trap: reason=unstable_if action=reinterpret pc=0x0000022a58707424 method=java.lang.ref.SoftReference.get()Ljava/lang/Object; @ 6 c2
Event: 4.060 Thread 0x0000022a6a92fb70 DEOPT PACKING pc=0x0000022a58707424 sp=0x0000008c1a0f99f0
Event: 4.060 Thread 0x0000022a6a92fb70 DEOPT UNPACKING pc=0x0000022a58063aa2 sp=0x0000008c1a0f9988 mode 2
Event: 4.126 Thread 0x0000022a6b5517b0 Uncommon trap: trap_request=0xffffff45 fr.pc=0x0000022a5869f9e0 relative=0x00000000000000c0
Event: 4.126 Thread 0x0000022a6b5517b0 Uncommon trap: reason=unstable_if action=reinterpret pc=0x0000022a5869f9e0 method=java.util.concurrent.locks.ReentrantLock$NonfairSync.initialTryLock()Z @ 25 c2
Event: 4.126 Thread 0x0000022a6b5517b0 DEOPT PACKING pc=0x0000022a5869f9e0 sp=0x0000008c1aefe1a0
Event: 4.126 Thread 0x0000022a6b5517b0 DEOPT UNPACKING pc=0x0000022a58063aa2 sp=0x0000008c1aefe120 mode 2

Classes loaded (20 events):
Event: 3.961 Loading class java/lang/reflect/UndeclaredThrowableException
Event: 3.962 Loading class java/lang/reflect/UndeclaredThrowableException done
Event: 3.963 Loading class java/lang/Class$AnnotationData
Event: 3.963 Loading class java/lang/Class$AnnotationData done
Event: 3.964 Loading class jdk/internal/reflect/MethodHandleIntegerFieldAccessorImpl
Event: 3.965 Loading class jdk/internal/reflect/MethodHandleIntegerFieldAccessorImpl done
Event: 3.982 Loading class java/io/PrintWriter
Event: 3.996 Loading class java/io/PrintWriter done
Event: 4.006 Loading class jdk/internal/reflect/MethodHandleShortFieldAccessorImpl
Event: 4.006 Loading class jdk/internal/reflect/MethodHandleShortFieldAccessorImpl done
Event: 4.006 Loading class java/lang/Short$ShortCache
Event: 4.014 Loading class java/lang/Short$ShortCache done
Event: 4.052 Loading class java/util/function/LongUnaryOperator
Event: 4.052 Loading class java/util/function/LongUnaryOperator done
Event: 4.053 Loading class java/lang/ThreadDeath
Event: 4.053 Loading class java/lang/ThreadDeath done
Event: 4.065 Loading class java/util/stream/SortedOps$SizedRefSortingSink
Event: 4.065 Loading class java/util/stream/SortedOps$SizedRefSortingSink done
Event: 4.184 Loading class java/util/concurrent/atomic/Striped64$1
Event: 4.184 Loading class java/util/concurrent/atomic/Striped64$1 done

Classes unloaded (0 events):
No events

Classes redefined (0 events):
No events

Internal exceptions (20 events):
Event: 3.498 Thread 0x0000022a6a92fb70 Exception <a 'java/lang/NoSuchMethodError'{0x00000000d6e4edd8}: 'java.lang.Object java.lang.invoke.DirectMethodHandle$Holder.newInvokeSpecial(java.lang.Object, java.lang.Object, java.lang.Object, java.lang.Object, java.lang.Object)'> (0x00000000d6e4edd8) 
thrown [s\src\hotspot\share\interpreter\linkResolver.cpp, line 773]
Event: 3.589 Thread 0x0000022a6a92fb70 Exception <a 'java/lang/NoSuchMethodError'{0x00000000d56dcf58}: 'java.lang.Object java.lang.invoke.DirectMethodHandle$Holder.invokeStaticInit(java.lang.Object, int)'> (0x00000000d56dcf58) 
thrown [s\src\hotspot\share\interpreter\linkResolver.cpp, line 773]
Event: 3.767 Thread 0x0000022a6a92fb70 Exception <a 'java/lang/NoSuchMethodError'{0x00000000d5966068}: 'java.lang.Object java.lang.invoke.DirectMethodHandle$Holder.invokeStaticInit(java.lang.Object, int, int, int, int)'> (0x00000000d5966068) 
thrown [s\src\hotspot\share\interpreter\linkResolver.cpp, line 773]
Event: 3.810 Thread 0x0000022a6a92fb70 Exception <a 'java/lang/NoSuchMethodError'{0x00000000d5a71e48}: 'java.lang.Object java.lang.invoke.DirectMethodHandle$Holder.invokeStaticInit(java.lang.Object, java.lang.Object, int, int, int, int)'> (0x00000000d5a71e48) 
thrown [s\src\hotspot\share\interpreter\linkResolver.cpp, line 773]
Event: 3.965 Thread 0x0000022a6a92fb70 Exception <a 'java/lang/NoSuchMethodError'{0x00000000d5b88b78}: 'void java.lang.invoke.DirectMethodHandle$Holder.invokeSpecial(java.lang.Object, java.lang.Object, java.lang.Object, int)'> (0x00000000d5b88b78) 
thrown [s\src\hotspot\share\interpreter\linkResolver.cpp, line 773]
Event: 3.966 Thread 0x0000022a6a92fb70 Exception <a 'java/lang/NoSuchMethodError'{0x00000000d5b8c508}: 'void java.lang.invoke.DelegatingMethodHandle$Holder.reinvoke_L(java.lang.Object, java.lang.Object, int)'> (0x00000000d5b8c508) 
thrown [s\src\hotspot\share\interpreter\linkResolver.cpp, line 773]
Event: 3.967 Thread 0x0000022a6a92fb70 Exception <a 'java/lang/NoSuchMethodError'{0x00000000d5b931f0}: 'int java.lang.invoke.Invokers$Holder.invokeExact_MT(java.lang.Object, java.lang.Object, java.lang.Object)'> (0x00000000d5b931f0) 
thrown [s\src\hotspot\share\interpreter\linkResolver.cpp, line 773]
Event: 4.017 Thread 0x0000022a6a92fb70 Exception <a 'java/lang/NoSuchMethodError'{0x00000000d5d35288}: 'void java.lang.invoke.Invokers$Holder.invokeExact_MT(java.lang.Object, java.lang.Object, int, java.lang.Object)'> (0x00000000d5d35288) 
thrown [s\src\hotspot\share\interpreter\linkResolver.cpp, line 773]
Event: 4.049 Thread 0x0000022a6a92fb70 Exception <a 'java/lang/NoSuchMethodError'{0x00000000d5e41020}: 'java.lang.Object java.lang.invoke.DirectMethodHandle$Holder.invokeSpecial(java.lang.Object, java.lang.Object, java.lang.Object, long, java.lang.Object)'> (0x00000000d5e41020) 
thrown [s\src\hotspot\share\interpreter\linkResolver.cpp, line 773]
Event: 4.050 Thread 0x0000022a6a92fb70 Exception <a 'java/lang/NoSuchMethodError'{0x00000000d5e48868}: 'java.lang.Object java.lang.invoke.DirectMethodHandle$Holder.newInvokeSpecial(java.lang.Object, java.lang.Object, java.lang.Object, long)'> (0x00000000d5e48868) 
thrown [s\src\hotspot\share\interpreter\linkResolver.cpp, line 773]
Event: 4.051 Thread 0x0000022a6a92fb70 Exception <a 'java/lang/NoSuchMethodError'{0x00000000d5e4cb58}: 'java.lang.Object java.lang.invoke.DirectMethodHandle$Holder.invokeSpecial(java.lang.Object, java.lang.Object, java.lang.Object, java.lang.Object, long)'> (0x00000000d5e4cb58) 
thrown [s\src\hotspot\share\interpreter\linkResolver.cpp, line 773]
Event: 4.051 Thread 0x0000022a6a92fb70 Exception <a 'java/lang/NoSuchMethodError'{0x00000000d5e50778}: 'java.lang.Object java.lang.invoke.Invokers$Holder.linkToTargetMethod(java.lang.Object, java.lang.Object, long, java.lang.Object)'> (0x00000000d5e50778) 
thrown [s\src\hotspot\share\interpreter\linkResolver.cpp, line 773]
Event: 4.062 Thread 0x0000022a6a92fb70 Exception <a 'java/lang/NoSuchMethodError'{0x00000000d5eb1848}: 'int java.lang.invoke.DirectMethodHandle$Holder.invokeStaticInit(java.lang.Object, java.lang.Object, java.lang.Object)'> (0x00000000d5eb1848) 
thrown [s\src\hotspot\share\interpreter\linkResolver.cpp, line 773]
Event: 4.117 Thread 0x0000022a6a92fb70 Exception <a 'java/lang/IncompatibleClassChangeError'{0x00000000d5f7a568}: Found class java.lang.Object, but interface was expected> (0x00000000d5f7a568) 
thrown [s\src\hotspot\share\interpreter\linkResolver.cpp, line 840]
Event: 4.120 Thread 0x0000022a6a92fb70 Exception <a 'java/lang/NoSuchMethodError'{0x00000000d5f8a990}: 'java.lang.Object java.lang.invoke.DirectMethodHandle$Holder.invokeSpecial(java.lang.Object, java.lang.Object, java.lang.Object, int, java.lang.Object, java.lang.Object)'> (0x00000000d5f8a990) 
thrown [s\src\hotspot\share\interpreter\linkResolver.cpp, line 773]
Event: 4.121 Thread 0x0000022a6a92fb70 Exception <a 'java/lang/NoSuchMethodError'{0x00000000d5f923a8}: 'java.lang.Object java.lang.invoke.DirectMethodHandle$Holder.newInvokeSpecial(java.lang.Object, java.lang.Object, java.lang.Object, int, java.lang.Object)'> (0x00000000d5f923a8) 
thrown [s\src\hotspot\share\interpreter\linkResolver.cpp, line 773]
Event: 4.122 Thread 0x0000022a6a92fb70 Exception <a 'java/lang/NoSuchMethodError'{0x00000000d5f96328}: 'java.lang.Object java.lang.invoke.DirectMethodHandle$Holder.invokeSpecial(java.lang.Object, java.lang.Object, java.lang.Object, java.lang.Object, int, java.lang.Object)'> (0x00000000d5f96328) 
thrown [s\src\hotspot\share\interpreter\linkResolver.cpp, line 773]
Event: 4.122 Thread 0x0000022a6a92fb70 Exception <a 'java/lang/NoSuchMethodError'{0x00000000d5f99e68}: 'java.lang.Object java.lang.invoke.Invokers$Holder.linkToTargetMethod(java.lang.Object, java.lang.Object, int, java.lang.Object, java.lang.Object)'> (0x00000000d5f99e68) 
thrown [s\src\hotspot\share\interpreter\linkResolver.cpp, line 773]
Event: 4.123 Thread 0x0000022a6b5517b0 Exception <a 'java/lang/NoSuchMethodError'{0x00000000d5f34220}: 'java.lang.Object java.lang.invoke.DirectMethodHandle$Holder.invokeSpecial(java.lang.Object, java.lang.Object, int, java.lang.Object, java.lang.Object)'> (0x00000000d5f34220) 
thrown [s\src\hotspot\share\interpreter\linkResolver.cpp, line 773]
Event: 4.188 Thread 0x0000022a6a92fb70 Exception <a 'java/lang/NoSuchMethodError'{0x00000000d60a3c80}: 'void java.lang.invoke.DirectMethodHandle$Holder.invokeSpecial(java.lang.Object, java.lang.Object, java.lang.Object, java.lang.Object, java.lang.Object)'> (0x00000000d60a3c80) 
thrown [s\src\hotspot\share\interpreter\linkResolver.cpp, line 773]

ZGC Phase Switch (0 events):
No events

VM Operations (20 events):
Event: 1.805 Executing VM operation: HandshakeAllThreads (Deoptimize)
Event: 1.805 Executing VM operation: HandshakeAllThreads (Deoptimize) done
Event: 1.989 Executing VM operation: ParallelGCFailedAllocation (Allocation Failure)
Event: 1.994 Executing VM operation: ParallelGCFailedAllocation (Allocation Failure) done
Event: 2.057 Executing VM operation: HandshakeAllThreads (Deoptimize)
Event: 2.057 Executing VM operation: HandshakeAllThreads (Deoptimize) done
Event: 2.523 Executing VM operation: HandshakeAllThreads (Deoptimize)
Event: 2.523 Executing VM operation: HandshakeAllThreads (Deoptimize) done
Event: 2.549 Executing VM operation: ParallelGCFailedAllocation (Allocation Failure)
Event: 2.554 Executing VM operation: ParallelGCFailedAllocation (Allocation Failure) done
Event: 3.411 Executing VM operation: HandshakeAllThreads (Deoptimize)
Event: 3.411 Executing VM operation: HandshakeAllThreads (Deoptimize) done
Event: 3.429 Executing VM operation: ICBufferFull
Event: 3.429 Executing VM operation: ICBufferFull done
Event: 3.505 Executing VM operation: ParallelGCFailedAllocation (Allocation Failure)
Event: 3.511 Executing VM operation: ParallelGCFailedAllocation (Allocation Failure) done
Event: 3.801 Executing VM operation: HandshakeAllThreads (Deoptimize)
Event: 3.801 Executing VM operation: HandshakeAllThreads (Deoptimize) done
Event: 3.947 Executing VM operation: HandshakeAllThreads (Deoptimize)
Event: 3.947 Executing VM operation: HandshakeAllThreads (Deoptimize) done

Memory protections (0 events):
No events

Nmethod flushes (0 events):
No events

Events (20 events):
Event: 0.242 Thread 0x0000022a4d8d2050 Thread added: 0x0000022a6a2fd940
Event: 0.327 Thread 0x0000022a64356e60 Thread added: 0x0000022a6a2f02c0
Event: 1.011 Thread 0x0000022a4d8d2050 Thread added: 0x0000022a6a9588f0
Event: 1.447 Thread 0x0000022a4d8d2050 Thread added: 0x0000022a6ac5cb60
Event: 1.529 Thread 0x0000022a6a2f02c0 Thread exited: 0x0000022a6a2f02c0
Event: 1.529 Thread 0x0000022a6a2efbf0 Thread exited: 0x0000022a6a2efbf0
Event: 1.548 Thread 0x0000022a6ac5cb60 Thread added: 0x0000022a6ad40e40
Event: 1.555 Thread 0x0000022a4d8d2050 Thread added: 0x0000022a6a92fb70
Event: 1.817 Thread 0x0000022a64356e60 Thread added: 0x0000022a6af43320
Event: 1.817 Thread 0x0000022a64356e60 Thread added: 0x0000022a6af440c0
Event: 2.048 Thread 0x0000022a6a92fb70 Thread added: 0x0000022a6b09e320
Event: 2.287 Thread 0x0000022a6af440c0 Thread exited: 0x0000022a6af440c0
Event: 2.381 Thread 0x0000022a6af43320 Thread exited: 0x0000022a6af43320
Event: 2.505 Thread 0x0000022a6a92fb70 Thread added: 0x0000022a6afe9430
Event: 2.635 Thread 0x0000022a64351a70 Thread added: 0x0000022a6b136fd0
Event: 3.032 Thread 0x0000022a6b136fd0 Thread exited: 0x0000022a6b136fd0
Event: 3.057 Thread 0x0000022a6a92fb70 Thread added: 0x0000022a6b0751b0
Event: 3.979 Thread 0x0000022a6a92fb70 Thread added: 0x0000022a6b295030
Event: 4.055 Thread 0x0000022a6a92fb70 Thread added: 0x0000022a6b5517b0
Event: 4.124 Thread 0x0000022a6a92fb70 Thread added: 0x0000022a6b551e40


Dynamic libraries:
0x00007ff76aba0000 - 0x00007ff76abae000 	c:\Users\ACER\.vscode\extensions\redhat.java-1.51.0-win32-x64\jre\21.0.9-win32-x86_64\bin\java.exe
0x00007ff9d4be0000 - 0x00007ff9d4de7000 	C:\Windows\SYSTEM32\ntdll.dll
0x00007ff9d4190000 - 0x00007ff9d424d000 	C:\Windows\System32\KERNEL32.DLL
0x00007ff9d2160000 - 0x00007ff9d24d4000 	C:\Windows\System32\KERNELBASE.dll
0x00007ff9d2580000 - 0x00007ff9d2691000 	C:\Windows\System32\ucrtbase.dll
0x00007ff9ce0d0000 - 0x00007ff9ce0e8000 	c:\Users\ACER\.vscode\extensions\redhat.java-1.51.0-win32-x64\jre\21.0.9-win32-x86_64\bin\jli.dll
0x00007ff9cdfe0000 - 0x00007ff9cdffe000 	c:\Users\ACER\.vscode\extensions\redhat.java-1.51.0-win32-x64\jre\21.0.9-win32-x86_64\bin\VCRUNTIME140.dll
0x00007ff9d3c40000 - 0x00007ff9d3dec000 	C:\Windows\System32\USER32.dll
0x00007ff9d2130000 - 0x00007ff9d2156000 	C:\Windows\System32\win32u.dll
0x00007ff9bf830000 - 0x00007ff9bfad5000 	C:\Windows\WinSxS\amd64_microsoft.windows.common-controls_6595b64144ccf1df_6.0.22000.120_none_9d947278b86cc467\COMCTL32.dll
0x00007ff9d2f60000 - 0x00007ff9d2f89000 	C:\Windows\System32\GDI32.dll
0x00007ff9d3470000 - 0x00007ff9d3513000 	C:\Windows\System32\msvcrt.dll
0x00007ff9d2760000 - 0x00007ff9d2872000 	C:\Windows\System32\gdi32full.dll
0x00007ff9d24e0000 - 0x00007ff9d257d000 	C:\Windows\System32\msvcp_win.dll
0x00007ff9d39e0000 - 0x00007ff9d3a11000 	C:\Windows\System32\IMM32.DLL
0x00007ff9cdfd0000 - 0x00007ff9cdfdc000 	c:\Users\ACER\.vscode\extensions\redhat.java-1.51.0-win32-x64\jre\21.0.9-win32-x86_64\bin\vcruntime140_1.dll
0x00007ff9a31c0000 - 0x00007ff9a324d000 	c:\Users\ACER\.vscode\extensions\redhat.java-1.51.0-win32-x64\jre\21.0.9-win32-x86_64\bin\msvcp140.dll
0x00007ff95d0f0000 - 0x00007ff95de90000 	c:\Users\ACER\.vscode\extensions\redhat.java-1.51.0-win32-x64\jre\21.0.9-win32-x86_64\bin\server\jvm.dll
0x00007ff9d3b20000 - 0x00007ff9d3bcc000 	C:\Windows\System32\ADVAPI32.dll
0x00007ff9d3590000 - 0x00007ff9d362d000 	C:\Windows\System32\sechost.dll
0x00007ff9d3e50000 - 0x00007ff9d3f71000 	C:\Windows\System32\RPCRT4.dll
0x00007ff9d3630000 - 0x00007ff9d369f000 	C:\Windows\System32\WS2_32.dll
0x00007ff9d1ee0000 - 0x00007ff9d1f2d000 	C:\Windows\SYSTEM32\POWRPROF.dll
0x00007ff9c4970000 - 0x00007ff9c497a000 	C:\Windows\SYSTEM32\VERSION.dll
0x00007ff9caa30000 - 0x00007ff9caa63000 	C:\Windows\SYSTEM32\WINMM.dll
0x00007ff9d1dd0000 - 0x00007ff9d1de3000 	C:\Windows\SYSTEM32\UMPDC.dll
0x00007ff9d11f0000 - 0x00007ff9d1208000 	C:\Windows\SYSTEM32\kernel.appcore.dll
0x00007ff9cdfc0000 - 0x00007ff9cdfca000 	c:\Users\ACER\.vscode\extensions\redhat.java-1.51.0-win32-x64\jre\21.0.9-win32-x86_64\bin\jimage.dll
0x00007ff9c4350000 - 0x00007ff9c4571000 	C:\Windows\SYSTEM32\DBGHELP.DLL
0x00007ff9b9160000 - 0x00007ff9b9191000 	C:\Windows\SYSTEM32\dbgcore.DLL
0x00007ff9d2880000 - 0x00007ff9d2900000 	C:\Windows\System32\bcryptPrimitives.dll
0x00007ff9cab60000 - 0x00007ff9cab6f000 	c:\Users\ACER\.vscode\extensions\redhat.java-1.51.0-win32-x64\jre\21.0.9-win32-x86_64\bin\instrument.dll
0x00007ff9c2eb0000 - 0x00007ff9c2ed0000 	c:\Users\ACER\.vscode\extensions\redhat.java-1.51.0-win32-x64\jre\21.0.9-win32-x86_64\bin\java.dll
0x00007ff9d43f0000 - 0x00007ff9d4b99000 	C:\Windows\System32\SHELL32.dll
0x00007ff9d0270000 - 0x00007ff9d0ad2000 	C:\Windows\SYSTEM32\windows.storage.dll
0x00007ff9d2f90000 - 0x00007ff9d3308000 	C:\Windows\System32\combase.dll
0x00007ff9d0100000 - 0x00007ff9d0266000 	C:\Windows\SYSTEM32\wintypes.dll
0x00007ff9d3f80000 - 0x00007ff9d406a000 	C:\Windows\System32\SHCORE.dll
0x00007ff9d2f00000 - 0x00007ff9d2f5d000 	C:\Windows\System32\shlwapi.dll
0x00007ff9d1ff0000 - 0x00007ff9d2011000 	C:\Windows\SYSTEM32\profapi.dll
0x00007ff9c2e90000 - 0x00007ff9c2ea8000 	c:\Users\ACER\.vscode\extensions\redhat.java-1.51.0-win32-x64\jre\21.0.9-win32-x86_64\bin\zip.dll
0x00007ff9c2e80000 - 0x00007ff9c2e90000 	C:\Users\ACER\.vscode\extensions\redhat.java-1.51.0-win32-x64\jre\21.0.9-win32-x86_64\bin\net.dll
0x00007ff9cc5a0000 - 0x00007ff9cc6ac000 	C:\Windows\SYSTEM32\WINHTTP.dll
0x00007ff9d1600000 - 0x00007ff9d1667000 	C:\Windows\system32\mswsock.dll
0x00007ff9c2d70000 - 0x00007ff9c2d86000 	C:\Users\ACER\.vscode\extensions\redhat.java-1.51.0-win32-x64\jre\21.0.9-win32-x86_64\bin\nio.dll
0x00007ff9c2d60000 - 0x00007ff9c2d70000 	c:\Users\ACER\.vscode\extensions\redhat.java-1.51.0-win32-x64\jre\21.0.9-win32-x86_64\bin\verify.dll
0x00007ff9bf4f0000 - 0x00007ff9bf534000 	C:\Users\ACER\AppData\Roaming\Code\User\globalStorage\redhat.java\1.51.0\config_win\org.eclipse.equinox.launcher\org.eclipse.equinox.launcher.win32.win32.x86_64_1.2.1400.v20250801-0854\eclipse_11916.dll
0x00007ff9d4250000 - 0x00007ff9d43ea000 	C:\Windows\System32\ole32.dll
0x00007ff9d1840000 - 0x00007ff9d1858000 	C:\Windows\SYSTEM32\CRYPTSP.dll
0x00007ff9d1150000 - 0x00007ff9d1185000 	C:\Windows\system32\rsaenh.dll
0x00007ff9d16f0000 - 0x00007ff9d1719000 	C:\Windows\SYSTEM32\USERENV.dll
0x00007ff9d1a30000 - 0x00007ff9d1a57000 	C:\Windows\SYSTEM32\bcrypt.dll
0x00007ff9d1860000 - 0x00007ff9d186c000 	C:\Windows\SYSTEM32\CRYPTBASE.dll
0x00007ff9d0d20000 - 0x00007ff9d0d4d000 	C:\Windows\SYSTEM32\IPHLPAPI.DLL
0x00007ff9d3b10000 - 0x00007ff9d3b19000 	C:\Windows\System32\NSI.dll
0x00007ff9a9b20000 - 0x00007ff9a9b69000 	C:\Users\ACER\AppData\Local\Temp\jna-2003023\jna1100969093288276043.dll
0x00007ff9d2ef0000 - 0x00007ff9d2ef8000 	C:\Windows\System32\PSAPI.DLL

JVMTI agents:
c:\Users\ACER\.vscode\extensions\redhat.java-1.51.0-win32-x64\lombok\lombok-1.18.39-4050.jar path:c:\Users\ACER\.vscode\extensions\redhat.java-1.51.0-win32-x64\jre\21.0.9-win32-x86_64\bin\instrument.dll, loaded, initialized, instrumentlib options:none

dbghelp: loaded successfully - version: 4.0.5 - missing functions: none
symbol engine: initialized successfully - sym options: 0x614 - pdb path: .;c:\Users\ACER\.vscode\extensions\redhat.java-1.51.0-win32-x64\jre\21.0.9-win32-x86_64\bin;C:\Windows\SYSTEM32;C:\Windows\WinSxS\amd64_microsoft.windows.common-controls_6595b64144ccf1df_6.0.22000.120_none_9d947278b86cc467;c:\Users\ACER\.vscode\extensions\redhat.java-1.51.0-win32-x64\jre\21.0.9-win32-x86_64\bin\server;C:\Users\ACER\AppData\Roaming\Code\User\globalStorage\redhat.java\1.51.0\config_win\org.eclipse.equinox.launcher\org.eclipse.equinox.launcher.win32.win32.x86_64_1.2.1400.v20250801-0854;C:\Users\ACER\AppData\Local\Temp\jna-2003023

VM Arguments:
jvm_args: --add-modules=ALL-SYSTEM --add-opens=java.base/java.util=ALL-UNNAMED --add-opens=java.base/java.lang=ALL-UNNAMED --add-opens=java.base/sun.nio.fs=ALL-UNNAMED -Declipse.application=org.eclipse.jdt.ls.core.id1 -Dosgi.bundles.defaultStartLevel=4 -Declipse.product=org.eclipse.jdt.ls.core.product -Djava.import.generatesMetadataFilesAtProjectRoot=false -DDetectVMInstallationsJob.disabled=true -Dfile.encoding=utf8 -XX:+UseParallelGC -XX:GCTimeRatio=4 -XX:AdaptiveSizePolicyWeight=90 -Dsun.zip.disableMemoryMapping=true -Xmx2G -Xms100m -Xlog:disable -javaagent:c:\Users\ACER\.vscode\extensions\redhat.java-1.51.0-win32-x64\lombok\lombok-1.18.39-4050.jar -XX:+HeapDumpOnOutOfMemoryError -XX:HeapDumpPath=c:\Users\ACER\AppData\Roaming\Code\User\workspaceStorage\527fa16d9e2e7ebd143c1c6abc03d182\redhat.java -Daether.dependencyCollector.impl=bf 
java_command: c:\Users\ACER\.vscode\extensions\redhat.java-1.51.0-win32-x64\server\plugins\org.eclipse.equinox.launcher_1.7.100.v20251111-0406.jar -configuration c:\Users\ACER\AppData\Roaming\Code\User\globalStorage\redhat.java\1.51.0\config_win -data c:\Users\ACER\AppData\Roaming\Code\User\workspaceStorage\527fa16d9e2e7ebd143c1c6abc03d182\redhat.java\jdt_ws --pipe=\\.\pipe\lsp-ae8728404911168f16b3d68f42e6ae0e-sock
java_class_path (initial): c:\Users\ACER\.vscode\extensions\redhat.java-1.51.0-win32-x64\server\plugins\org.eclipse.equinox.launcher_1.7.100.v20251111-0406.jar
Launcher Type: SUN_STANDARD

[Global flags]
    uintx AdaptiveSizePolicyWeight                 = 90                                        {product} {command line}
     intx CICompilerCount                          = 4                                         {product} {ergonomic}
    uintx GCTimeRatio                              = 4                                         {product} {command line}
     bool HeapDumpOnOutOfMemoryError               = true                                   {manageable} {command line}
    ccstr HeapDumpPath                             = c:\Users\ACER\AppData\Roaming\Code\User\workspaceStorage\527fa16d9e2e7ebd143c1c6abc03d182\redhat.java         {manageable} {command line}
   size_t InitialHeapSize                          = 104857600                                 {product} {command line}
   size_t MaxHeapSize                              = 2147483648                                {product} {command line}
   size_t MaxNewSize                               = 715653120                                 {product} {ergonomic}
   size_t MinHeapDeltaBytes                        = 524288                                    {product} {ergonomic}
   size_t MinHeapSize                              = 104857600                                 {product} {command line}
   size_t NewSize                                  = 34603008                                  {product} {ergonomic}
    uintx NonNMethodCodeHeapSize                   = 5839372                                {pd product} {ergonomic}
    uintx NonProfiledCodeHeapSize                  = 122909434                              {pd product} {ergonomic}
   size_t OldSize                                  = 70254592                                  {product} {ergonomic}
    uintx ProfiledCodeHeapSize                     = 122909434                              {pd product} {ergonomic}
    uintx ReservedCodeCacheSize                    = 251658240                              {pd product} {ergonomic}
     bool SegmentedCodeCache                       = true                                      {product} {ergonomic}
   size_t SoftMaxHeapSize                          = 2147483648                             {manageable} {ergonomic}
     bool UseCompressedOops                        = true                           {product lp64_product} {ergonomic}
     bool UseLargePagesIndividualAllocation        = false                                  {pd product} {ergonomic}
     bool UseParallelGC                            = true                                      {product} {command line}

Logging:
Log output configuration:
 #0: stdout all=off uptime,level,tags foldmultilines=false
 #1: stderr all=off uptime,level,tags foldmultilines=false

Release file:
JAVA_VERSION="21.0.9" 
MODULES="java.base java.compiler java.datatransfer java.xml java.prefs java.desktop java.instrument java.logging java.management java.security.sasl java.naming java.rmi java.management.rmi java.net.http java.scripting java.security.jgss java.transaction.xa java.sql java.sql.rowset java.xml.crypto java.se java.smartcardio jdk.accessibility jdk.internal.jvmstat jdk.attach jdk.charsets jdk.internal.opt jdk.zipfs jdk.compiler jdk.crypto.ec jdk.crypto.cryptoki jdk.crypto.mscapi jdk.dynalink jdk.internal.ed jdk.editpad jdk.hotspot.agent jdk.httpserver jdk.internal.le jdk.internal.vm.ci jdk.internal.vm.compiler jdk.internal.vm.compiler.management jdk.jartool jdk.javadoc jdk.jcmd jdk.management jdk.management.agent jdk.jconsole jdk.jdeps jdk.jdwp.agent jdk.jdi jdk.jfr jdk.jshell jdk.jsobject jdk.jstatd jdk.localedata jdk.management.jfr jdk.naming.dns jdk.naming.rmi jdk.net jdk.nio.mapmode jdk.random jdk.sctp jdk.security.auth jdk.security.jgss jdk.unsupported jdk.unsupported.desktop jdk.xml.dom" 

Environment Variables:
JAVA_HOME=C:\Program Files\Java\jdk-21
PATH=C:\Users\ACER\AppData\Local\Programs\Eclipse Adoptium\jdk-17.0.17.10-hotspot\bin;C:\Users\ACER\AppData\Roaming\npm;C:\Program Files\Common Files\Oracle\Java\javapath;C:\Windows\system32;C:\Windows;C:\Windows\System32\Wbem;C:\Windows\System32\WindowsPowerShell\v1.0\;C:\Windows\System32\OpenSSH\;C:\Program Files\nodejs\;C:\Program Files\Git\cmd;C:\Program Files\Microsoft SQL Server\150\Tools\Binn\;C:\Users\ACER\AppData\Local\Android\Sdk\platform-tools;C:\Program Files\Microsoft SQL Server\Client SDK\ODBC\170\Tools\Binn\;C:\Program Files (x86)\Microsoft SQL Server\150\Tools\Binn\;C:\Program Files\Microsoft SQL Server\150\DTS\Binn\;C:\Program Files (x86)\Microsoft SQL Server\150\DTS\Binn\;C:\Program Files\Azure Data Studio\bin;C:\Program Files\Microsoft SQL Server\170\Tools\Binn\;C:\Program Files\Microsoft SQL Server\130\DTS\Binn\;C:\Program Files\Microsoft SQL Server\140\DTS\Binn\;C:\Program Files\Microsoft SQL Server\160\DTS\Binn\;C:\Program Files\Microsoft SQL Server\170\DTS\Binn\;D:\Document D\apache-maven-3.9.12-bin\apache-maven-3.9.12\bin;C:\Users\ACER\AppData\Local\Programs\Eclipse Adoptium\jdk-17.0.17.10-hotspot\bin;C:\Program Files\PostgreSQL\18\bin;C:\src\flutter\bin;C:\Users\ACER\AppData\Local\Programs\Eclipse Adoptium\jdk-17.0.17.10-hotspot\bin;C:\Users\ACER\AppData\Local\Programs\Eclipse Adoptium\jdk-17.0.17.10-hotspot\bin;C:\Program Files\Common Files\Oracle\Java\javapath;C:\Windows\system32;C:\Windows;C:\Windows\System32\Wbem;C:\Windows\System32\WindowsPowerShell\v1.0\;C:\Windows\System32\OpenSSH\;C:\Program Files\nodejs\;C:\Program Files\Git\cmd;C:\Program Files\Microsoft SQL Server\150\Tools\Binn\;C:\Users\ACER\AppData\Local\Android\Sdk\platform-tools;C:\Program Files\Microsoft SQL Server\Client SDK\ODBC\170\Tools\Binn\;C:\Program Files (x86)\Microsoft SQL Server\150\Tools\Binn\;C:\Program Files\Microsoft SQL Server\150\DTS\Binn\;C:\Program Files (x86)\Microsoft SQL Server\150\DTS\Binn\;C:\Program Files\Azure Data Studio\bin;C:\Program Files\Microsoft SQL Server\170\Tools\Binn\;C:\Program Files\Microsoft SQL Server\130\DTS\Binn\;C:\Program Files\Microsoft SQL Server\140\DTS\Binn\;C:\Program Files\Microsoft SQL Server\160\DTS\Binn\;C:\Program Files\Microsoft SQL Ser;C:\Users\ACER\AppData\Local\Programs\Microsoft VS Code\bin;C:\Users\ACER\AppData\Local\Programs\Kiro\bin
USERNAME=ACER
OS=Windows_NT
PROCESSOR_IDENTIFIER=AMD64 Family 23 Model 160 Stepping 0, AuthenticAMD
TMP=C:\Users\ACER\AppData\Local\Temp
TEMP=C:\Users\ACER\AppData\Local\Temp




Periodic native trim disabled

---------------  S Y S T E M  ---------------

OS:
 Windows 11 , 64 bit Build 22000 (10.0.22000.120)
OS uptime: 0 days 1:33 hours

CPU: total 8 (initial active 8) (8 cores per cpu, 2 threads per core) family 23 model 160 stepping 0 microcode 0x0, cx8, cmov, fxsr, ht, mmx, 3dnowpref, sse, sse2, sse3, ssse3, sse4a, sse4.1, sse4.2, popcnt, lzcnt, tsc, tscinvbit, avx, avx2, aes, clmul, bmi1, bmi2, adx, sha, fma, vzeroupper, clflush, clflushopt, rdtscp, rdpid, f16c
Processor Information for the first 8 processors :
  Max Mhz: 2801, Current Mhz: 2801, Mhz Limit: 2801

Memory: 4k page, system-wide physical 7413M (353M free)
TotalPageFile size 15019M (AvailPageFile size 104M)
current process WorkingSet (physical memory assigned to process): 135M, peak: 136M
current process commit charge ("private bytes"): 277M, peak: 278M

vm_info: OpenJDK 64-Bit Server VM (21.0.9+10-LTS) for windows-amd64 JRE (21.0.9+10-LTS), built on 2025-10-21T00:00:00Z by "admin" with unknown MS VC++:1942

END.
