#
# There is insufficient memory for the Java Runtime Environment to continue.
# Native memory allocation (malloc) failed to allocate 2097936 bytes. Error detail: Chunk::new
# Possible reasons:
#   The system is out of physical RAM or swap space
#   This process is running with CompressedOops enabled, and the Java Heap may be blocking the growth of the native heap
# Possible solutions:
#   Reduce memory load on the system
#   Increase physical memory or swap space
#   Check if swap backing store is full
#   Decrease Java heap size (-Xmx/-Xms)
#   Decrease number of Java threads
#   Decrease Java thread stack sizes (-Xss)
#   Set larger code cache with -XX:ReservedCodeCacheSize=
#   JVM is running with Unscaled Compressed Oops mode in which the Java heap is
#     placed in the first 4GB address space. The Java Heap base address is the
#     maximum limit for the native heap growth. Please use -XX:HeapBaseMinAddress
#     to set the Java Heap base and to place the Java Heap above 4GB virtual address.
# This output file may be truncated or incomplete.
#
#  Out of Memory Error (arena.cpp:168), pid=16368, tid=1632
#
# JRE version: OpenJDK Runtime Environment Temurin-21.0.9+10 (21.0.9+10) (build 21.0.9+10-LTS)
# Java VM: OpenJDK 64-Bit Server VM Temurin-21.0.9+10 (21.0.9+10-LTS, mixed mode, sharing, tiered, compressed oops, compressed class ptrs, parallel gc, windows-amd64)
# No core dump will be written. Minidumps are not enabled by default on client versions of Windows
#

---------------  S U M M A R Y ------------

Command Line: --add-modules=ALL-SYSTEM --add-opens=java.base/java.util=ALL-UNNAMED --add-opens=java.base/java.lang=ALL-UNNAMED --add-opens=java.base/sun.nio.fs=ALL-UNNAMED -Declipse.application=org.eclipse.jdt.ls.core.id1 -Dosgi.bundles.defaultStartLevel=4 -Declipse.product=org.eclipse.jdt.ls.core.product -Djava.import.generatesMetadataFilesAtProjectRoot=false -DDetectVMInstallationsJob.disabled=true -Dfile.encoding=utf8 -XX:+UseParallelGC -XX:GCTimeRatio=4 -XX:AdaptiveSizePolicyWeight=90 -Dsun.zip.disableMemoryMapping=true -Xmx2G -Xms100m -Xlog:disable -javaagent:c:\Users\ACER\.vscode\extensions\redhat.java-1.51.0-win32-x64\lombok\lombok-1.18.39-4050.jar -XX:+HeapDumpOnOutOfMemoryError -XX:HeapDumpPath=c:\Users\ACER\AppData\Roaming\Code\User\workspaceStorage\527fa16d9e2e7ebd143c1c6abc03d182\redhat.java -Daether.dependencyCollector.impl=bf c:\Users\ACER\.vscode\extensions\redhat.java-1.51.0-win32-x64\server\plugins\org.eclipse.equinox.launcher_1.7.100.v20251111-0406.jar -configuration c:\Users\ACER\AppData\Roaming\Code\User\globalStorage\redhat.java\1.51.0\config_win -data c:\Users\ACER\AppData\Roaming\Code\User\workspaceStorage\527fa16d9e2e7ebd143c1c6abc03d182\redhat.java\jdt_ws --pipe=\\.\pipe\lsp-4206ab0f05d88bed86f78e5ee3caf6e2-sock

Host: AMD Ryzen 5 7520U with Radeon Graphics         , 8 cores, 7G,  Windows 11 , 64 bit Build 22000 (10.0.22000.120)
Time: Sun Jan 25 16:54:05 2026 Greenwich elapsed time: 625.850772 seconds (0d 0h 10m 25s)

---------------  T H R E A D  ---------------

Current thread (0x000002deb941b520):  JavaThread "C2 CompilerThread0" daemon [_thread_in_native, id=1632, stack(0x000000e479200000,0x000000e479300000) (1024K)]


Current CompileTask:
C2:625850 12390   !   4       org.eclipse.jdt.internal.compiler.classfmt.ClassFileReader::<init> (1968 bytes)

Stack: [0x000000e479200000,0x000000e479300000]
Native frames: (J=compiled Java code, j=interpreted, Vv=VM code, C=native code)
V  [jvm.dll+0x6d6e29]
V  [jvm.dll+0x8b4b76]
V  [jvm.dll+0x8b712e]
V  [jvm.dll+0x8b7813]
V  [jvm.dll+0x283d86]
V  [jvm.dll+0xc66ed]
V  [jvm.dll+0xc6c31]
V  [jvm.dll+0x3be53b]
V  [jvm.dll+0x38ab92]
V  [jvm.dll+0x389fda]
V  [jvm.dll+0x24bfa0]
V  [jvm.dll+0x24b580]
V  [jvm.dll+0x1cb13e]
V  [jvm.dll+0x25b29d]
V  [jvm.dll+0x25982a]
V  [jvm.dll+0x3f7ea6]
V  [jvm.dll+0x85e9ad]
V  [jvm.dll+0x6d565d]
C  [ucrtbase.dll+0x26c0c]
C  [KERNEL32.DLL+0x154e0]
C  [ntdll.dll+0x485b]


---------------  P R O C E S S  ---------------

Threads class SMR info:
_java_thread_list=0x000002de848ee3f0, length=45, elements={
0x000002dea0a6fe80, 0x000002deb940b890, 0x000002deb940c3e0, 0x000002deb9412090,
0x000002deb9412ce0, 0x000002deb9415190, 0x000002deb9419ed0, 0x000002deb941b520,
0x000002deb9421030, 0x000002de84215b90, 0x000002de84352810, 0x000002de84a546b0,
0x000002de84ba1a40, 0x000002de843c78d0, 0x000002de843f0250, 0x000002de84c38fc0,
0x000002de8477d750, 0x000002de8524ee50, 0x000002de84789310, 0x000002de851f23f0,
0x000002de851f16d0, 0x000002de851f3110, 0x000002de851f0320, 0x000002de851f1040,
0x000002de851f2a80, 0x000002de851f1d60, 0x000002de851f09b0, 0x000002de87803f10,
0x000002de87807a20, 0x000002de8780b530, 0x000002de878080b0, 0x000002de878045a0,
0x000002de8780a180, 0x000002de8780a810, 0x000002de85bc3aa0, 0x000002de85bc2d80,
0x000002de85bbdec0, 0x000002de85bbf900, 0x000002de85bc3410, 0x000002de85bc2060,
0x000002de85bc0cb0, 0x000002de87976500, 0x000002de85bc1340, 0x000002de85bc47c0,
0x000002de85bc26f0
}

Java Threads: ( => current thread )
  0x000002dea0a6fe80 JavaThread "main"                              [_thread_blocked, id=17004, stack(0x000000e478800000,0x000000e478900000) (1024K)]
  0x000002deb940b890 JavaThread "Reference Handler"          daemon [_thread_blocked, id=11880, stack(0x000000e478c00000,0x000000e478d00000) (1024K)]
  0x000002deb940c3e0 JavaThread "Finalizer"                  daemon [_thread_blocked, id=14628, stack(0x000000e478d00000,0x000000e478e00000) (1024K)]
  0x000002deb9412090 JavaThread "Signal Dispatcher"          daemon [_thread_blocked, id=16748, stack(0x000000e478e00000,0x000000e478f00000) (1024K)]
  0x000002deb9412ce0 JavaThread "Attach Listener"            daemon [_thread_blocked, id=15944, stack(0x000000e478f00000,0x000000e479000000) (1024K)]
  0x000002deb9415190 JavaThread "Service Thread"             daemon [_thread_blocked, id=14924, stack(0x000000e479000000,0x000000e479100000) (1024K)]
  0x000002deb9419ed0 JavaThread "Monitor Deflation Thread"   daemon [_thread_blocked, id=11428, stack(0x000000e479100000,0x000000e479200000) (1024K)]
=>0x000002deb941b520 JavaThread "C2 CompilerThread0"         daemon [_thread_in_native, id=1632, stack(0x000000e479200000,0x000000e479300000) (1024K)]
  0x000002deb9421030 JavaThread "C1 CompilerThread0"         daemon [_thread_in_native, id=3976, stack(0x000000e479300000,0x000000e479400000) (1024K)]
  0x000002de84215b90 JavaThread "Common-Cleaner"             daemon [_thread_blocked, id=14976, stack(0x000000e479400000,0x000000e479500000) (1024K)]
  0x000002de84352810 JavaThread "Notification Thread"        daemon [_thread_blocked, id=17116, stack(0x000000e479600000,0x000000e479700000) (1024K)]
  0x000002de84a546b0 JavaThread "Active Thread: Equinox Container: 0ffb6230-2451-4fca-8f00-0af03234f864"        [_thread_blocked, id=13564, stack(0x000000e479d00000,0x000000e479e00000) (1024K)]
  0x000002de84ba1a40 JavaThread "Refresh Thread: Equinox Container: 0ffb6230-2451-4fca-8f00-0af03234f864" daemon [_thread_blocked, id=9784, stack(0x000000e479e00000,0x000000e479f00000) (1024K)]
  0x000002de843c78d0 JavaThread "Framework Event Dispatcher: Equinox Container: 0ffb6230-2451-4fca-8f00-0af03234f864" daemon [_thread_blocked, id=8960, stack(0x000000e479f00000,0x000000e47a000000) (1024K)]
  0x000002de843f0250 JavaThread "Start Level: Equinox Container: 0ffb6230-2451-4fca-8f00-0af03234f864" daemon [_thread_blocked, id=5880, stack(0x000000e47a000000,0x000000e47a100000) (1024K)]
  0x000002de84c38fc0 JavaThread "Bundle File Closer"         daemon [_thread_blocked, id=17300, stack(0x000000e47a100000,0x000000e47a200000) (1024K)]
  0x000002de8477d750 JavaThread "SCR Component Actor"        daemon [_thread_blocked, id=2496, stack(0x000000e47a200000,0x000000e47a300000) (1024K)]
  0x000002de8524ee50 JavaThread "Worker-JM"                         [_thread_blocked, id=14888, stack(0x000000e47a300000,0x000000e47a400000) (1024K)]
  0x000002de84789310 JavaThread "JNA Cleaner"                daemon [_thread_blocked, id=10120, stack(0x000000e47a400000,0x000000e47a500000) (1024K)]
  0x000002de851f23f0 JavaThread "Worker-1"                          [_thread_blocked, id=6732, stack(0x000000e47a600000,0x000000e47a700000) (1024K)]
  0x000002de851f16d0 JavaThread "Java indexing"              daemon [_thread_in_Java, id=14984, stack(0x000000e47a700000,0x000000e47a800000) (1024K)]
  0x000002de851f3110 JavaThread "Worker-3"                          [_thread_blocked, id=5096, stack(0x000000e47ab00000,0x000000e47ac00000) (1024K)]
  0x000002de851f0320 JavaThread "Thread-1"                   daemon [_thread_in_native, id=4808, stack(0x000000e47ac00000,0x000000e47ad00000) (1024K)]
  0x000002de851f1040 JavaThread "Thread-2"                   daemon [_thread_in_native, id=1924, stack(0x000000e47ad00000,0x000000e47ae00000) (1024K)]
  0x000002de851f2a80 JavaThread "Thread-3"                   daemon [_thread_in_native, id=4784, stack(0x000000e47ae00000,0x000000e47af00000) (1024K)]
  0x000002de851f1d60 JavaThread "Thread-4"                   daemon [_thread_in_native, id=9020, stack(0x000000e47af00000,0x000000e47b000000) (1024K)]
  0x000002de851f09b0 JavaThread "Thread-5"                   daemon [_thread_in_native, id=4768, stack(0x000000e47b000000,0x000000e47b100000) (1024K)]
  0x000002de87803f10 JavaThread "Thread-6"                   daemon [_thread_in_native, id=3804, stack(0x000000e47b100000,0x000000e47b200000) (1024K)]
  0x000002de87807a20 JavaThread "Thread-7"                   daemon [_thread_in_native, id=12240, stack(0x000000e47b200000,0x000000e47b300000) (1024K)]
  0x000002de8780b530 JavaThread "Thread-8"                   daemon [_thread_in_native, id=3220, stack(0x000000e47b300000,0x000000e47b400000) (1024K)]
  0x000002de878080b0 JavaThread "Thread-9"                   daemon [_thread_in_native, id=8576, stack(0x000000e47b400000,0x000000e47b500000) (1024K)]
  0x000002de878045a0 JavaThread "pool-2-thread-1"                   [_thread_blocked, id=8032, stack(0x000000e47b500000,0x000000e47b600000) (1024K)]
  0x000002de8780a180 JavaThread "WorkspaceEventsHandler"            [_thread_blocked, id=15684, stack(0x000000e47b600000,0x000000e47b700000) (1024K)]
  0x000002de8780a810 JavaThread "pool-1-thread-1"                   [_thread_blocked, id=6416, stack(0x000000e47b700000,0x000000e47b800000) (1024K)]
  0x000002de85bc3aa0 JavaThread "Worker-4"                          [_thread_blocked, id=16612, stack(0x000000e478600000,0x000000e478700000) (1024K)]
  0x000002de85bc2d80 JavaThread "Worker-5: Java indexing... "        [_thread_blocked, id=3272, stack(0x000000e478700000,0x000000e478800000) (1024K)]
  0x000002de85bbdec0 JavaThread "Compiler Source File Reader" daemon [_thread_blocked, id=9236, stack(0x000000e47a800000,0x000000e47a900000) (1024K)]
  0x000002de85bbf900 JavaThread "Compiler Processing Task"   daemon [_thread_blocked, id=8660, stack(0x000000e47a900000,0x000000e47aa00000) (1024K)]
  0x000002de85bc3410 JavaThread "Compiler Source File Reader" daemon [_thread_blocked, id=8244, stack(0x000000e47a500000,0x000000e47a600000) (1024K)]
  0x000002de85bc2060 JavaThread "Compiler Source File Reader" daemon [_thread_blocked, id=1736, stack(0x000000e478500000,0x000000e478600000) (1024K)]
  0x000002de85bc0cb0 JavaThread "Compiler Source File Reader" daemon [_thread_blocked, id=6224, stack(0x000000e47aa00000,0x000000e47ab00000) (1024K)]
  0x000002de87976500 JavaThread "C2 CompilerThread1"         daemon [_thread_in_native, id=16228, stack(0x000000e47b800000,0x000000e47b900000) (1024K)]
  0x000002de85bc1340 JavaThread "Compiler Source File Reader" daemon [_thread_blocked, id=16336, stack(0x000000e47b900000,0x000000e47ba00000) (1024K)]
  0x000002de85bc47c0 JavaThread "Compiler Source File Reader" daemon [_thread_blocked, id=1400, stack(0x000000e47ba00000,0x000000e47bb00000) (1024K)]
  0x000002de85bc26f0 JavaThread "ForkJoinPool.commonPool-worker-8" daemon [_thread_blocked, id=14744, stack(0x000000e47bb00000,0x000000e47bc00000) (1024K)]
Total: 45

Other Threads:
  0x000002dea0b2c890 VMThread "VM Thread"                           [id=15688, stack(0x000000e478b00000,0x000000e478c00000) (1024K)]
  0x000002deb933ca10 WatcherThread "VM Periodic Task Thread"        [id=12836, stack(0x000000e478a00000,0x000000e478b00000) (1024K)]
  0x000002dea0a8ce90 WorkerThread "GC Thread#0"                     [id=17400, stack(0x000000e478900000,0x000000e478a00000) (1024K)]
  0x000002de844dd780 WorkerThread "GC Thread#1"                     [id=16136, stack(0x000000e479700000,0x000000e479800000) (1024K)]
  0x000002de844ddb20 WorkerThread "GC Thread#2"                     [id=17016, stack(0x000000e479800000,0x000000e479900000) (1024K)]
  0x000002de844ddec0 WorkerThread "GC Thread#3"                     [id=15636, stack(0x000000e479900000,0x000000e479a00000) (1024K)]
  0x000002de84808590 WorkerThread "GC Thread#4"                     [id=14708, stack(0x000000e479a00000,0x000000e479b00000) (1024K)]
  0x000002de84808930 WorkerThread "GC Thread#5"                     [id=16020, stack(0x000000e479b00000,0x000000e479c00000) (1024K)]
  0x000002de84808cd0 WorkerThread "GC Thread#6"                     [id=16492, stack(0x000000e479c00000,0x000000e479d00000) (1024K)]
  0x000002deb9424130 WorkerThread "GC Thread#7"                     [id=2856, stack(0x000000e479500000,0x000000e479600000) (1024K)]
Total: 10

Threads with active compile tasks:
C2 CompilerThread0  625885 12390   !   4       org.eclipse.jdt.internal.compiler.classfmt.ClassFileReader::<init> (1968 bytes)
C1 CompilerThread0  625885 12570       3       org.eclipse.jdt.internal.compiler.flow.UnconditionalFlowInfo::markAsDefinitelyAssigned (120 bytes)
C2 CompilerThread1  625885 12451       4       org.eclipse.jdt.internal.compiler.parser.Parser::consumeRule (7748 bytes)
Total: 3

VM state: not at safepoint (normal execution)

VM Mutex/Monitor currently owned by a thread: None

Heap address: 0x0000000080000000, size: 2048 MB, Compressed Oops mode: 32-bit

CDS archive(s) mapped at: [0x000002deba000000-0x000002debaba0000-0x000002debaba0000), size 12189696, SharedBaseAddress: 0x000002deba000000, ArchiveRelocationMode: 1.
Compressed class space mapped at: 0x000002debb000000-0x000002defb000000, reserved size: 1073741824
Narrow klass base: 0x000002deba000000, Narrow klass shift: 0, Narrow klass range: 0x100000000

GC Precious Log:
 CardTable entry size: 512
 CPUs: 8 total, 8 available
 Memory: 7413M
 Large Page Support: Disabled
 NUMA Support: Disabled
 Compressed Oops: Enabled (32-bit)
 Alignments: Space 512K, Generation 512K, Heap 2M
 Heap Min Capacity: 100M
 Heap Initial Capacity: 100M
 Heap Max Capacity: 2G
 Pre-touch: Disabled
 Parallel Workers: 8

Heap:
 PSYoungGen      total 4096K, used 3333K [0x00000000d5580000, 0x00000000d5a80000, 0x0000000100000000)
  eden space 3072K, 82% used [0x00000000d5580000,0x00000000d57f9518,0x00000000d5880000)
  from space 1024K, 78% used [0x00000000d5880000,0x00000000d5948000,0x00000000d5980000)
  to   space 1024K, 0% used [0x00000000d5980000,0x00000000d5980000,0x00000000d5a80000)
 ParOldGen       total 281088K, used 280661K [0x0000000080000000, 0x0000000091280000, 0x00000000d5580000)
  object space 281088K, 99% used [0x0000000080000000,0x0000000091215520,0x0000000091280000)
 Metaspace       used 64666K, committed 66176K, reserved 1114112K
  class space    used 6817K, committed 7488K, reserved 1048576K

Card table byte_map: [0x000002deb4770000,0x000002deb4b80000] _byte_map_base: 0x000002deb4370000

Marking Bits: (ParMarkBitMap*) 0x00007ff95ddb2460
 Begin Bits: [0x000002deb4e30000, 0x000002deb6e30000)
 End Bits:   [0x000002deb6e30000, 0x000002deb8e30000)

Polling page: 0x000002dea0b40000

Metaspace:

Usage:
  Non-class:     56.49 MB used.
      Class:      6.66 MB used.
       Both:     63.15 MB used.

Virtual space:
  Non-class space:       64.00 MB reserved,      57.31 MB ( 90%) committed,  1 nodes.
      Class space:        1.00 GB reserved,       7.31 MB ( <1%) committed,  1 nodes.
             Both:        1.06 GB reserved,      64.62 MB (  6%) committed. 

Chunk freelists:
   Non-Class:  6.70 MB
       Class:  8.54 MB
        Both:  15.25 MB

MaxMetaspaceSize: unlimited
CompressedClassSpaceSize: 1.00 GB
Initial GC threshold: 21.00 MB
Current GC threshold: 97.31 MB
CDS: on
 - commit_granule_bytes: 65536.
 - commit_granule_words: 8192.
 - virtual_space_node_default_size: 8388608.
 - enlarge_chunks_in_place: 1.
 - use_allocation_guard: 0.


Internal statistics:

num_allocs_failed_limit: 9.
num_arena_births: 1254.
num_arena_deaths: 28.
num_vsnodes_births: 2.
num_vsnodes_deaths: 0.
num_space_committed: 1034.
num_space_uncommitted: 0.
num_chunks_returned_to_freelist: 44.
num_chunks_taken_from_freelist: 4284.
num_chunk_merges: 16.
num_chunk_splits: 2663.
num_chunks_enlarged: 1539.
num_inconsistent_stats: 0.

CodeHeap 'non-profiled nmethods': size=120000Kb used=6891Kb max_used=6891Kb free=113108Kb
 bounds [0x000002dead050000, 0x000002dead710000, 0x000002deb4580000]
CodeHeap 'profiled nmethods': size=120000Kb used=25848Kb max_used=25848Kb free=94151Kb
 bounds [0x000002dea5580000, 0x000002dea6ec0000, 0x000002deacab0000]
CodeHeap 'non-nmethods': size=5760Kb used=1432Kb max_used=1494Kb free=4328Kb
 bounds [0x000002deacab0000, 0x000002deacd20000, 0x000002dead050000]
CodeCache: size=245760Kb, used=34171Kb, max_used=34233Kb, free=211587Kb
 total_blobs=12592, nmethods=11852, adapters=645, full_count=0
Compilation: enabled, stopped_count=0, restarted_count=0

Compilation events (20 events):
Event: 625.708 Thread 0x000002de87976500 nmethod 12395 0x000002dead704490 code [0x000002dead7046e0, 0x000002dead7051c8]
Event: 625.708 Thread 0x000002de87976500 12441       4       java.lang.invoke.Invokers$Holder::linkToTargetMethod (9 bytes)
Event: 625.708 Thread 0x000002de87976500 nmethod 12441 0x000002dead705790 code [0x000002dead705920, 0x000002dead705a18]
Event: 625.708 Thread 0x000002de87976500 12397       4       java.lang.Integer::toString (55 bytes)
Event: 625.714 Thread 0x000002de87976500 nmethod 12397 0x000002dead705b10 code [0x000002dead705cc0, 0x000002dead706390]
Event: 625.714 Thread 0x000002de87976500 12431       4       org.eclipse.jdt.internal.compiler.env.IModuleAwareNameEnvironment$LookupStrategy::matches (12 bytes)
Event: 625.715 Thread 0x000002de87976500 nmethod 12431 0x000002dead706610 code [0x000002dead7067a0, 0x000002dead706890]
Event: 625.715 Thread 0x000002de87976500 12424       4       jdk.internal.jrtfs.JrtPath::match (50 bytes)
Event: 625.715 Thread 0x000002de87976500 nmethod 12424 0x000002dead706a10 code [0x000002dead706ba0, 0x000002dead706ca0]
Event: 625.715 Thread 0x000002de87976500 12400       4       org.eclipse.core.runtime.Path::lastSegment (22 bytes)
Event: 625.716 Thread 0x000002de87976500 nmethod 12400 0x000002dead706d90 code [0x000002dead706f20, 0x000002dead706ff8]
Event: 625.716 Thread 0x000002de87976500 12402       4       org.eclipse.jdt.internal.compiler.impl.CompilerOptions::versionToJdkLevel (6 bytes)
Event: 625.724 Thread 0x000002de87976500 nmethod 12402 0x000002dead707110 code [0x000002dead7073c0, 0x000002dead708038]
Event: 625.724 Thread 0x000002de87976500 12408       4       org.eclipse.jdt.internal.core.util.Util::combineHashCodes (7 bytes)
Event: 625.724 Thread 0x000002de87976500 nmethod 12408 0x000002dead708a90 code [0x000002dead708c00, 0x000002dead708c78]
Event: 625.728 Thread 0x000002de87976500 12451       4       org.eclipse.jdt.internal.compiler.parser.Parser::consumeRule (7748 bytes)
Event: 625.728 Thread 0x000002deb9421030 12452       3       org.eclipse.jdt.internal.compiler.ast.Argument::<init> (64 bytes)
Event: 625.728 Thread 0x000002deb9421030 nmethod 12452 0x000002dea6e58c90 code [0x000002dea6e58e60, 0x000002dea6e59208]
Event: 625.729 Thread 0x000002deb9421030 12453       3       org.eclipse.jdt.internal.compiler.lookup.ImportBinding::<init> (26 bytes)
Event: 625.730 Thread 0x000002deb9421030 nmethod 12453 0x000002dea6e59390 code [0x000002dea6e59540, 0x000002dea6e59758]

GC Heap History (20 events):
Event: 625.515 GC heap before
{Heap before GC invocations=176 (full 3):
 PSYoungGen      total 3584K, used 3296K [0x00000000d5580000, 0x00000000d5a80000, 0x0000000100000000)
  eden space 3072K, 100% used [0x00000000d5580000,0x00000000d5880000,0x00000000d5880000)
  from space 512K, 43% used [0x00000000d5a00000,0x00000000d5a38000,0x00000000d5a80000)
  to   space 512K, 0% used [0x00000000d5880000,0x00000000d5880000,0x00000000d5900000)
 ParOldGen       total 278016K, used 277566K [0x0000000080000000, 0x0000000090f80000, 0x00000000d5580000)
  object space 278016K, 99% used [0x0000000080000000,0x0000000090f0f918,0x0000000090f80000)
 Metaspace       used 64417K, committed 65856K, reserved 1114112K
  class space    used 6803K, committed 7424K, reserved 1048576K
}
Event: 625.516 GC heap after
{Heap after GC invocations=176 (full 3):
 PSYoungGen      total 3584K, used 319K [0x00000000d5580000, 0x00000000d5a80000, 0x0000000100000000)
  eden space 3072K, 0% used [0x00000000d5580000,0x00000000d5580000,0x00000000d5880000)
  from space 512K, 62% used [0x00000000d5880000,0x00000000d58cff70,0x00000000d5900000)
  to   space 512K, 0% used [0x00000000d5a00000,0x00000000d5a00000,0x00000000d5a80000)
 ParOldGen       total 278016K, used 277694K [0x0000000080000000, 0x0000000090f80000, 0x00000000d5580000)
  object space 278016K, 99% used [0x0000000080000000,0x0000000090f2f918,0x0000000090f80000)
 Metaspace       used 64417K, committed 65856K, reserved 1114112K
  class space    used 6803K, committed 7424K, reserved 1048576K
}
Event: 625.526 GC heap before
{Heap before GC invocations=177 (full 3):
 PSYoungGen      total 3584K, used 3391K [0x00000000d5580000, 0x00000000d5a80000, 0x0000000100000000)
  eden space 3072K, 100% used [0x00000000d5580000,0x00000000d5880000,0x00000000d5880000)
  from space 512K, 62% used [0x00000000d5880000,0x00000000d58cff70,0x00000000d5900000)
  to   space 512K, 0% used [0x00000000d5a00000,0x00000000d5a00000,0x00000000d5a80000)
 ParOldGen       total 278016K, used 277694K [0x0000000080000000, 0x0000000090f80000, 0x00000000d5580000)
  object space 278016K, 99% used [0x0000000080000000,0x0000000090f2f918,0x0000000090f80000)
 Metaspace       used 64424K, committed 65920K, reserved 1114112K
  class space    used 6803K, committed 7424K, reserved 1048576K
}
Event: 625.527 GC heap after
{Heap after GC invocations=177 (full 3):
 PSYoungGen      total 3584K, used 290K [0x00000000d5580000, 0x00000000d5a80000, 0x0000000100000000)
  eden space 3072K, 0% used [0x00000000d5580000,0x00000000d5580000,0x00000000d5880000)
  from space 512K, 56% used [0x00000000d5a00000,0x00000000d5a48960,0x00000000d5a80000)
  to   space 512K, 0% used [0x00000000d5880000,0x00000000d5880000,0x00000000d5900000)
 ParOldGen       total 278016K, used 277846K [0x0000000080000000, 0x0000000090f80000, 0x00000000d5580000)
  object space 278016K, 99% used [0x0000000080000000,0x0000000090f55888,0x0000000090f80000)
 Metaspace       used 64424K, committed 65920K, reserved 1114112K
  class space    used 6803K, committed 7424K, reserved 1048576K
}
Event: 625.532 GC heap before
{Heap before GC invocations=178 (full 3):
 PSYoungGen      total 3584K, used 3362K [0x00000000d5580000, 0x00000000d5a80000, 0x0000000100000000)
  eden space 3072K, 100% used [0x00000000d5580000,0x00000000d5880000,0x00000000d5880000)
  from space 512K, 56% used [0x00000000d5a00000,0x00000000d5a48960,0x00000000d5a80000)
  to   space 512K, 0% used [0x00000000d5880000,0x00000000d5880000,0x00000000d5900000)
 ParOldGen       total 278016K, used 277846K [0x0000000080000000, 0x0000000090f80000, 0x00000000d5580000)
  object space 278016K, 99% used [0x0000000080000000,0x0000000090f55888,0x0000000090f80000)
 Metaspace       used 64424K, committed 65920K, reserved 1114112K
  class space    used 6803K, committed 7424K, reserved 1048576K
}
Event: 625.533 GC heap after
{Heap after GC invocations=178 (full 3):
 PSYoungGen      total 3584K, used 347K [0x00000000d5580000, 0x00000000d5a80000, 0x0000000100000000)
  eden space 3072K, 0% used [0x00000000d5580000,0x00000000d5580000,0x00000000d5880000)
  from space 512K, 67% used [0x00000000d5880000,0x00000000d58d6d88,0x00000000d5900000)
  to   space 512K, 0% used [0x00000000d5a00000,0x00000000d5a00000,0x00000000d5a80000)
 ParOldGen       total 278528K, used 278056K [0x0000000080000000, 0x0000000091000000, 0x00000000d5580000)
  object space 278528K, 99% used [0x0000000080000000,0x0000000090f8a078,0x0000000091000000)
 Metaspace       used 64424K, committed 65920K, reserved 1114112K
  class space    used 6803K, committed 7424K, reserved 1048576K
}
Event: 625.539 GC heap before
{Heap before GC invocations=179 (full 3):
 PSYoungGen      total 3584K, used 3419K [0x00000000d5580000, 0x00000000d5a80000, 0x0000000100000000)
  eden space 3072K, 100% used [0x00000000d5580000,0x00000000d5880000,0x00000000d5880000)
  from space 512K, 67% used [0x00000000d5880000,0x00000000d58d6d88,0x00000000d5900000)
  to   space 512K, 0% used [0x00000000d5a00000,0x00000000d5a00000,0x00000000d5a80000)
 ParOldGen       total 278528K, used 278056K [0x0000000080000000, 0x0000000091000000, 0x00000000d5580000)
  object space 278528K, 99% used [0x0000000080000000,0x0000000090f8a078,0x0000000091000000)
 Metaspace       used 64424K, committed 65920K, reserved 1114112K
  class space    used 6803K, committed 7424K, reserved 1048576K
}
Event: 625.540 GC heap after
{Heap after GC invocations=179 (full 3):
 PSYoungGen      total 3584K, used 242K [0x00000000d5580000, 0x00000000d5a80000, 0x0000000100000000)
  eden space 3072K, 0% used [0x00000000d5580000,0x00000000d5580000,0x00000000d5880000)
  from space 512K, 47% used [0x00000000d5a00000,0x00000000d5a3c8a0,0x00000000d5a80000)
  to   space 512K, 0% used [0x00000000d5880000,0x00000000d5880000,0x00000000d5900000)
 ParOldGen       total 278528K, used 278251K [0x0000000080000000, 0x0000000091000000, 0x00000000d5580000)
  object space 278528K, 99% used [0x0000000080000000,0x0000000090fbae20,0x0000000091000000)
 Metaspace       used 64424K, committed 65920K, reserved 1114112K
  class space    used 6803K, committed 7424K, reserved 1048576K
}
Event: 625.547 GC heap before
{Heap before GC invocations=180 (full 3):
 PSYoungGen      total 3584K, used 3314K [0x00000000d5580000, 0x00000000d5a80000, 0x0000000100000000)
  eden space 3072K, 100% used [0x00000000d5580000,0x00000000d5880000,0x00000000d5880000)
  from space 512K, 47% used [0x00000000d5a00000,0x00000000d5a3c8a0,0x00000000d5a80000)
  to   space 512K, 0% used [0x00000000d5880000,0x00000000d5880000,0x00000000d5900000)
 ParOldGen       total 278528K, used 278251K [0x0000000080000000, 0x0000000091000000, 0x00000000d5580000)
  object space 278528K, 99% used [0x0000000080000000,0x0000000090fbae20,0x0000000091000000)
 Metaspace       used 64424K, committed 65920K, reserved 1114112K
  class space    used 6803K, committed 7424K, reserved 1048576K
}
Event: 625.548 GC heap after
{Heap after GC invocations=180 (full 3):
 PSYoungGen      total 3584K, used 327K [0x00000000d5580000, 0x00000000d5a80000, 0x0000000100000000)
  eden space 3072K, 0% used [0x00000000d5580000,0x00000000d5580000,0x00000000d5880000)
  from space 512K, 63% used [0x00000000d5880000,0x00000000d58d1c30,0x00000000d5900000)
  to   space 512K, 0% used [0x00000000d5a00000,0x00000000d5a00000,0x00000000d5a80000)
 ParOldGen       total 278528K, used 278429K [0x0000000080000000, 0x0000000091000000, 0x00000000d5580000)
  object space 278528K, 99% used [0x0000000080000000,0x0000000090fe76c0,0x0000000091000000)
 Metaspace       used 64424K, committed 65920K, reserved 1114112K
  class space    used 6803K, committed 7424K, reserved 1048576K
}
Event: 625.565 GC heap before
{Heap before GC invocations=181 (full 3):
 PSYoungGen      total 3584K, used 3399K [0x00000000d5580000, 0x00000000d5a80000, 0x0000000100000000)
  eden space 3072K, 100% used [0x00000000d5580000,0x00000000d5880000,0x00000000d5880000)
  from space 512K, 63% used [0x00000000d5880000,0x00000000d58d1c30,0x00000000d5900000)
  to   space 512K, 0% used [0x00000000d5a00000,0x00000000d5a00000,0x00000000d5a80000)
 ParOldGen       total 278528K, used 278429K [0x0000000080000000, 0x0000000091000000, 0x00000000d5580000)
  object space 278528K, 99% used [0x0000000080000000,0x0000000090fe76c0,0x0000000091000000)
 Metaspace       used 64425K, committed 65920K, reserved 1114112K
  class space    used 6803K, committed 7424K, reserved 1048576K
}
Event: 625.567 GC heap after
{Heap after GC invocations=181 (full 3):
 PSYoungGen      total 3584K, used 256K [0x00000000d5580000, 0x00000000d5a80000, 0x0000000100000000)
  eden space 3072K, 0% used [0x00000000d5580000,0x00000000d5580000,0x00000000d5880000)
  from space 512K, 50% used [0x00000000d5a00000,0x00000000d5a40000,0x00000000d5a80000)
  to   space 512K, 0% used [0x00000000d5880000,0x00000000d5880000,0x00000000d5900000)
 ParOldGen       total 280064K, used 279417K [0x0000000080000000, 0x0000000091180000, 0x00000000d5580000)
  object space 280064K, 99% used [0x0000000080000000,0x00000000910de790,0x0000000091180000)
 Metaspace       used 64425K, committed 65920K, reserved 1114112K
  class space    used 6803K, committed 7424K, reserved 1048576K
}
Event: 625.574 GC heap before
{Heap before GC invocations=182 (full 3):
 PSYoungGen      total 3584K, used 3328K [0x00000000d5580000, 0x00000000d5a80000, 0x0000000100000000)
  eden space 3072K, 100% used [0x00000000d5580000,0x00000000d5880000,0x00000000d5880000)
  from space 512K, 50% used [0x00000000d5a00000,0x00000000d5a40000,0x00000000d5a80000)
  to   space 512K, 0% used [0x00000000d5880000,0x00000000d5880000,0x00000000d5900000)
 ParOldGen       total 280064K, used 279417K [0x0000000080000000, 0x0000000091180000, 0x00000000d5580000)
  object space 280064K, 99% used [0x0000000080000000,0x00000000910de790,0x0000000091180000)
 Metaspace       used 64432K, committed 65920K, reserved 1114112K
  class space    used 6803K, committed 7424K, reserved 1048576K
}
Event: 625.575 GC heap after
{Heap after GC invocations=182 (full 3):
 PSYoungGen      total 3584K, used 352K [0x00000000d5580000, 0x00000000d5a80000, 0x0000000100000000)
  eden space 3072K, 0% used [0x00000000d5580000,0x00000000d5580000,0x00000000d5880000)
  from space 512K, 68% used [0x00000000d5880000,0x00000000d58d8288,0x00000000d5900000)
  to   space 512K, 0% used [0x00000000d5a00000,0x00000000d5a00000,0x00000000d5a80000)
 ParOldGen       total 280064K, used 279560K [0x0000000080000000, 0x0000000091180000, 0x00000000d5580000)
  object space 280064K, 99% used [0x0000000080000000,0x0000000091102200,0x0000000091180000)
 Metaspace       used 64432K, committed 65920K, reserved 1114112K
  class space    used 6803K, committed 7424K, reserved 1048576K
}
Event: 625.583 GC heap before
{Heap before GC invocations=183 (full 3):
 PSYoungGen      total 3584K, used 3424K [0x00000000d5580000, 0x00000000d5a80000, 0x0000000100000000)
  eden space 3072K, 100% used [0x00000000d5580000,0x00000000d5880000,0x00000000d5880000)
  from space 512K, 68% used [0x00000000d5880000,0x00000000d58d8288,0x00000000d5900000)
  to   space 512K, 0% used [0x00000000d5a00000,0x00000000d5a00000,0x00000000d5a80000)
 ParOldGen       total 280064K, used 279560K [0x0000000080000000, 0x0000000091180000, 0x00000000d5580000)
  object space 280064K, 99% used [0x0000000080000000,0x0000000091102200,0x0000000091180000)
 Metaspace       used 64433K, committed 65920K, reserved 1114112K
  class space    used 6803K, committed 7424K, reserved 1048576K
}
Event: 625.584 GC heap after
{Heap after GC invocations=183 (full 3):
 PSYoungGen      total 3584K, used 288K [0x00000000d5580000, 0x00000000d5a80000, 0x0000000100000000)
  eden space 3072K, 0% used [0x00000000d5580000,0x00000000d5580000,0x00000000d5880000)
  from space 512K, 56% used [0x00000000d5a00000,0x00000000d5a48000,0x00000000d5a80000)
  to   space 512K, 0% used [0x00000000d5880000,0x00000000d5880000,0x00000000d5900000)
 ParOldGen       total 280064K, used 279754K [0x0000000080000000, 0x0000000091180000, 0x00000000d5580000)
  object space 280064K, 99% used [0x0000000080000000,0x0000000091132ad8,0x0000000091180000)
 Metaspace       used 64433K, committed 65920K, reserved 1114112K
  class space    used 6803K, committed 7424K, reserved 1048576K
}
Event: 625.589 GC heap before
{Heap before GC invocations=184 (full 3):
 PSYoungGen      total 3584K, used 3360K [0x00000000d5580000, 0x00000000d5a80000, 0x0000000100000000)
  eden space 3072K, 100% used [0x00000000d5580000,0x00000000d5880000,0x00000000d5880000)
  from space 512K, 56% used [0x00000000d5a00000,0x00000000d5a48000,0x00000000d5a80000)
  to   space 512K, 0% used [0x00000000d5880000,0x00000000d5880000,0x00000000d5900000)
 ParOldGen       total 280064K, used 279754K [0x0000000080000000, 0x0000000091180000, 0x00000000d5580000)
  object space 280064K, 99% used [0x0000000080000000,0x0000000091132ad8,0x0000000091180000)
 Metaspace       used 64433K, committed 65920K, reserved 1114112K
  class space    used 6803K, committed 7424K, reserved 1048576K
}
Event: 625.590 GC heap after
{Heap after GC invocations=184 (full 3):
 PSYoungGen      total 3584K, used 306K [0x00000000d5580000, 0x00000000d5a80000, 0x0000000100000000)
  eden space 3072K, 0% used [0x00000000d5580000,0x00000000d5580000,0x00000000d5880000)
  from space 512K, 59% used [0x00000000d5880000,0x00000000d58cc9d8,0x00000000d5900000)
  to   space 512K, 0% used [0x00000000d5a00000,0x00000000d5a00000,0x00000000d5a80000)
 ParOldGen       total 280064K, used 279916K [0x0000000080000000, 0x0000000091180000, 0x00000000d5580000)
  object space 280064K, 99% used [0x0000000080000000,0x000000009115b040,0x0000000091180000)
 Metaspace       used 64433K, committed 65920K, reserved 1114112K
  class space    used 6803K, committed 7424K, reserved 1048576K
}
Event: 625.664 GC heap before
{Heap before GC invocations=185 (full 3):
 PSYoungGen      total 3584K, used 3378K [0x00000000d5580000, 0x00000000d5a80000, 0x0000000100000000)
  eden space 3072K, 100% used [0x00000000d5580000,0x00000000d5880000,0x00000000d5880000)
  from space 512K, 59% used [0x00000000d5880000,0x00000000d58cc9d8,0x00000000d5900000)
  to   space 512K, 0% used [0x00000000d5a00000,0x00000000d5a00000,0x00000000d5a80000)
 ParOldGen       total 280064K, used 279916K [0x0000000080000000, 0x0000000091180000, 0x00000000d5580000)
  object space 280064K, 99% used [0x0000000080000000,0x000000009115b040,0x0000000091180000)
 Metaspace       used 64479K, committed 65920K, reserved 1114112K
  class space    used 6810K, committed 7424K, reserved 1048576K
}
Event: 625.665 GC heap after
{Heap after GC invocations=185 (full 3):
 PSYoungGen      total 3584K, used 512K [0x00000000d5580000, 0x00000000d5a80000, 0x0000000100000000)
  eden space 3072K, 0% used [0x00000000d5580000,0x00000000d5580000,0x00000000d5880000)
  from space 512K, 100% used [0x00000000d5a00000,0x00000000d5a80000,0x00000000d5a80000)
  to   space 1024K, 0% used [0x00000000d5880000,0x00000000d5880000,0x00000000d5980000)
 ParOldGen       total 280576K, used 280125K [0x0000000080000000, 0x0000000091200000, 0x00000000d5580000)
  object space 280576K, 99% used [0x0000000080000000,0x000000009118f520,0x0000000091200000)
 Metaspace       used 64479K, committed 65920K, reserved 1114112K
  class space    used 6810K, committed 7424K, reserved 1048576K
}

Dll operation events (10 events):
Event: 0.259 Loaded shared library c:\Users\ACER\.vscode\extensions\redhat.java-1.51.0-win32-x64\jre\21.0.9-win32-x86_64\bin\java.dll
Event: 0.399 Loaded shared library c:\Users\ACER\.vscode\extensions\redhat.java-1.51.0-win32-x64\jre\21.0.9-win32-x86_64\bin\zip.dll
Event: 0.427 Loaded shared library C:\Users\ACER\.vscode\extensions\redhat.java-1.51.0-win32-x64\jre\21.0.9-win32-x86_64\bin\instrument.dll
Event: 0.490 Loaded shared library C:\Users\ACER\.vscode\extensions\redhat.java-1.51.0-win32-x64\jre\21.0.9-win32-x86_64\bin\net.dll
Event: 0.539 Loaded shared library C:\Users\ACER\.vscode\extensions\redhat.java-1.51.0-win32-x64\jre\21.0.9-win32-x86_64\bin\nio.dll
Event: 0.541 Loaded shared library C:\Users\ACER\.vscode\extensions\redhat.java-1.51.0-win32-x64\jre\21.0.9-win32-x86_64\bin\zip.dll
Event: 0.561 Loaded shared library C:\Users\ACER\.vscode\extensions\redhat.java-1.51.0-win32-x64\jre\21.0.9-win32-x86_64\bin\jimage.dll
Event: 0.698 Loaded shared library c:\Users\ACER\.vscode\extensions\redhat.java-1.51.0-win32-x64\jre\21.0.9-win32-x86_64\bin\verify.dll
Event: 14.440 Loaded shared library C:\Users\ACER\AppData\Roaming\Code\User\globalStorage\redhat.java\1.51.0\config_win\org.eclipse.equinox.launcher\org.eclipse.equinox.launcher.win32.win32.x86_64_1.2.1400.v20250801-0854\eclipse_11916.dll
Event: 29.461 Loaded shared library C:\Users\ACER\AppData\Local\Temp\jna-2003023\jna16541320821307365632.dll

Deoptimization events (20 events):
Event: 625.656 Thread 0x000002de851f16d0 DEOPT PACKING pc=0x000002dead64a558 sp=0x000000e47a7fe910
Event: 625.656 Thread 0x000002de851f16d0 DEOPT UNPACKING pc=0x000002deacb03aa2 sp=0x000000e47a7fe918 mode 2
Event: 625.656 Thread 0x000002de851f16d0 Uncommon trap: trap_request=0xffffff45 fr.pc=0x000002dead64a5b8 relative=0x0000000000001098
Event: 625.656 Thread 0x000002de851f16d0 Uncommon trap: reason=unstable_if action=reinterpret pc=0x000002dead64a5b8 method=org.eclipse.jdt.internal.core.builder.ClasspathLocation.singletonModuleNameIf(Z)[[C @ 10 c2
Event: 625.656 Thread 0x000002de851f16d0 DEOPT PACKING pc=0x000002dead64a5b8 sp=0x000000e47a7fe910
Event: 625.656 Thread 0x000002de851f16d0 DEOPT UNPACKING pc=0x000002deacb03aa2 sp=0x000000e47a7fe8c8 mode 2
Event: 625.656 Thread 0x000002de851f16d0 Uncommon trap: trap_request=0xffffff45 fr.pc=0x000002dead64c684 relative=0x00000000000000e4
Event: 625.656 Thread 0x000002de851f16d0 Uncommon trap: reason=unstable_if action=reinterpret pc=0x000002dead64c684 method=org.eclipse.jdt.internal.core.builder.ClasspathLocation.singletonModuleNameIf(Z)[[C @ 10 c2
Event: 625.656 Thread 0x000002de851f16d0 DEOPT PACKING pc=0x000002dead64c684 sp=0x000000e47a7fe920
Event: 625.656 Thread 0x000002de851f16d0 DEOPT UNPACKING pc=0x000002deacb03aa2 sp=0x000000e47a7fe8c0 mode 2
Event: 625.663 Thread 0x000002de851f16d0 Uncommon trap: trap_request=0xffffff45 fr.pc=0x000002dead6839cc relative=0x0000000000000dec
Event: 625.663 Thread 0x000002de851f16d0 Uncommon trap: reason=unstable_if action=reinterpret pc=0x000002dead6839cc method=org.eclipse.jdt.internal.core.builder.ClasspathJar.isPackage(Ljava/lang/String;Ljava/lang/String;)Z @ 1 c2
Event: 625.663 Thread 0x000002de851f16d0 DEOPT PACKING pc=0x000002dead6839cc sp=0x000000e47a7fdcd0
Event: 625.663 Thread 0x000002de851f16d0 DEOPT UNPACKING pc=0x000002deacb03aa2 sp=0x000000e47a7fdc38 mode 2
Event: 625.663 Thread 0x000002de851f16d0 Uncommon trap: trap_request=0xffffff45 fr.pc=0x000002dead5e6774 relative=0x00000000000006d4
Event: 625.663 Thread 0x000002de851f16d0 Uncommon trap: reason=unstable_if action=reinterpret pc=0x000002dead5e6774 method=org.eclipse.jdt.internal.core.builder.ClasspathJar.isPackage(Ljava/lang/String;Ljava/lang/String;)Z @ 1 c2
Event: 625.663 Thread 0x000002de851f16d0 DEOPT PACKING pc=0x000002dead5e6774 sp=0x000000e47a7fdbc0
Event: 625.663 Thread 0x000002de851f16d0 DEOPT UNPACKING pc=0x000002deacb03aa2 sp=0x000000e47a7fdb68 mode 2
Event: 625.666 Thread 0x000002de851f16d0 DEOPT PACKING pc=0x000002dea6686ce2 sp=0x000000e47a7fdf40
Event: 625.667 Thread 0x000002de851f16d0 DEOPT UNPACKING pc=0x000002deacb04242 sp=0x000000e47a7fd4b8 mode 0

Classes loaded (20 events):
Event: 594.003 Loading class sun/nio/ch/ChannelOutputStream
Event: 594.004 Loading class sun/nio/ch/ChannelOutputStream done
Event: 595.648 Loading class java/nio/BufferMismatch
Event: 595.649 Loading class java/nio/BufferMismatch done
Event: 595.649 Loading class java/nio/file/attribute/PosixFileAttributes
Event: 595.649 Loading class java/nio/file/attribute/PosixFileAttributes done
Event: 595.734 Loading class java/util/ImmutableCollections$SubList
Event: 595.735 Loading class java/util/ImmutableCollections$SubList done
Event: 599.551 Loading class sun/nio/fs/WindowsFileCopy
Event: 599.552 Loading class sun/nio/fs/WindowsFileCopy done
Event: 624.094 Loading class java/util/stream/ReferencePipeline$4
Event: 624.094 Loading class java/util/stream/ReferencePipeline$4 done
Event: 624.095 Loading class java/util/stream/Nodes$IntFixedNodeBuilder
Event: 624.095 Loading class java/util/stream/Node$Builder$OfInt
Event: 624.095 Loading class java/util/stream/Node$Builder$OfInt done
Event: 624.095 Loading class java/util/stream/Nodes$IntArrayNode
Event: 624.095 Loading class java/util/stream/Nodes$IntArrayNode done
Event: 624.095 Loading class java/util/stream/Nodes$IntFixedNodeBuilder done
Event: 624.096 Loading class java/util/stream/ReferencePipeline$4$1
Event: 624.096 Loading class java/util/stream/ReferencePipeline$4$1 done

Classes unloaded (14 events):
Event: 29.918 Thread 0x000002dea0b2c890 Unloading class 0x000002debb1b0c00 'java/lang/invoke/LambdaForm$MH+0x000002debb1b0c00'
Event: 29.918 Thread 0x000002dea0b2c890 Unloading class 0x000002debb1b0800 'java/lang/invoke/LambdaForm$MH+0x000002debb1b0800'
Event: 29.918 Thread 0x000002dea0b2c890 Unloading class 0x000002debb1b0400 'java/lang/invoke/LambdaForm$MH+0x000002debb1b0400'
Event: 29.918 Thread 0x000002dea0b2c890 Unloading class 0x000002debb1b0000 'java/lang/invoke/LambdaForm$MH+0x000002debb1b0000'
Event: 29.918 Thread 0x000002dea0b2c890 Unloading class 0x000002debb1afc00 'java/lang/invoke/LambdaForm$BMH+0x000002debb1afc00'
Event: 29.918 Thread 0x000002dea0b2c890 Unloading class 0x000002debb1af800 'java/lang/invoke/LambdaForm$DMH+0x000002debb1af800'
Event: 29.918 Thread 0x000002dea0b2c890 Unloading class 0x000002debb1ae400 'java/lang/invoke/LambdaForm$DMH+0x000002debb1ae400'
Event: 593.333 Thread 0x000002dea0b2c890 Unloading class 0x000002debb6bd400 'java/lang/invoke/LambdaForm$MH+0x000002debb6bd400'
Event: 593.333 Thread 0x000002dea0b2c890 Unloading class 0x000002debb6bc800 'java/lang/invoke/LambdaForm$MH+0x000002debb6bc800'
Event: 593.333 Thread 0x000002dea0b2c890 Unloading class 0x000002debb6bc000 'java/lang/invoke/LambdaForm$MH+0x000002debb6bc000'
Event: 593.333 Thread 0x000002dea0b2c890 Unloading class 0x000002debb624800 'java/lang/invoke/LambdaForm$DMH+0x000002debb624800'
Event: 593.333 Thread 0x000002dea0b2c890 Unloading class 0x000002debb624400 'java/lang/invoke/LambdaForm$DMH+0x000002debb624400'
Event: 593.333 Thread 0x000002dea0b2c890 Unloading class 0x000002debb625000 'java/lang/invoke/LambdaForm$DMH+0x000002debb625000'
Event: 593.333 Thread 0x000002dea0b2c890 Unloading class 0x000002debb624000 'java/lang/invoke/LambdaForm$DMH+0x000002debb624000'

Classes redefined (0 events):
No events

Internal exceptions (20 events):
Event: 594.052 Thread 0x000002de851f3110 Exception <a 'java/lang/NoSuchMethodError'{0x00000000d5f80230}: 'java.lang.Object java.lang.invoke.DirectMethodHandle$Holder.newInvokeSpecial(java.lang.Object, java.lang.Object, int, java.lang.Object, java.lang.Object)'> (0x00000000d5f80230) 
thrown [s\src\hotspot\share\interpreter\linkResolver.cpp, line 773]
Event: 594.057 Thread 0x000002de851f3110 Exception <a 'java/lang/NoSuchMethodError'{0x00000000d5f99838}: 'java.lang.Object java.lang.invoke.DirectMethodHandle$Holder.invokeSpecial(java.lang.Object, java.lang.Object, java.lang.Object, int, java.lang.Object, java.lang.Object, java.lang.Object)'> (0x00000000d5f99838) 
thrown [s\src\hotspot\share\interpreter\linkResolver.cpp, line 773]
Event: 594.059 Thread 0x000002de851f3110 Exception <a 'java/lang/NoSuchMethodError'{0x00000000d5fa1970}: 'java.lang.Object java.lang.invoke.DirectMethodHandle$Holder.invokeStatic(java.lang.Object, java.lang.Object, int, java.lang.Object, java.lang.Object)'> (0x00000000d5fa1970) 
thrown [s\src\hotspot\share\interpreter\linkResolver.cpp, line 773]
Event: 594.082 Thread 0x000002de851f3110 Implicit null exception at 0x000002dead3f0d33 to 0x000002dead3f1918
Event: 594.090 Thread 0x000002de851f3110 Exception <a 'java/lang/NoSuchMethodError'{0x00000000d60218b0}: 'void java.lang.invoke.DirectMethodHandle$Holder.invokeStatic(java.lang.Object, int)'> (0x00000000d60218b0) 
thrown [s\src\hotspot\share\interpreter\linkResolver.cpp, line 773]
Event: 594.901 Thread 0x000002de851f3110 Exception <a 'java/io/FileNotFoundException'{0x00000000d55b0690}> (0x00000000d55b0690) 
thrown [s\src\hotspot\share\prims\jni.cpp, line 520]
Event: 594.902 Thread 0x000002de851f3110 Exception <a 'java/io/FileNotFoundException'{0x00000000d55b1928}> (0x00000000d55b1928) 
thrown [s\src\hotspot\share\prims\jni.cpp, line 520]
Event: 594.902 Thread 0x000002de851f3110 Exception <a 'java/io/FileNotFoundException'{0x00000000d55b2cd8}> (0x00000000d55b2cd8) 
thrown [s\src\hotspot\share\prims\jni.cpp, line 520]
Event: 595.601 Thread 0x000002de851f3110 Implicit null exception at 0x000002dead4cbd70 to 0x000002dead4cfe60
Event: 595.601 Thread 0x000002de851f3110 Implicit null exception at 0x000002dead4f7b26 to 0x000002dead4f7df0
Event: 599.552 Thread 0x000002de851f16d0 Exception <a 'sun/nio/fs/WindowsException'{0x00000000d55969e0}> (0x00000000d55969e0) 
thrown [s\src\hotspot\share\prims\jni.cpp, line 520]
Event: 599.857 Thread 0x000002de851f16d0 Exception <a 'sun/nio/fs/WindowsException'{0x00000000d5705310}> (0x00000000d5705310) 
thrown [s\src\hotspot\share\prims\jni.cpp, line 520]
Event: 605.597 Thread 0x000002de851f16d0 Implicit null exception at 0x000002dead5f6a43 to 0x000002dead5f9c48
Event: 605.621 Thread 0x000002de851f16d0 Exception <a 'sun/nio/fs/WindowsException'{0x00000000d56fab60}> (0x00000000d56fab60) 
thrown [s\src\hotspot\share\prims\jni.cpp, line 520]
Event: 605.858 Thread 0x000002de85bbf900 Exception <a 'java/lang/NoSuchMethodError'{0x00000000d578bc68}: 'void java.lang.invoke.DirectMethodHandle$Holder.invokeVirtual(java.lang.Object, java.lang.Object, java.lang.Object, java.lang.Object, java.lang.Object)'> (0x00000000d578bc68) 
thrown [s\src\hotspot\share\interpreter\linkResolver.cpp, line 773]
Event: 606.086 Thread 0x000002de851f16d0 Exception <a 'sun/nio/fs/WindowsException'{0x00000000d57d17a0}> (0x00000000d57d17a0) 
thrown [s\src\hotspot\share\prims\jni.cpp, line 520]
Event: 623.926 Thread 0x000002de851f16d0 Exception <a 'sun/nio/fs/WindowsException'{0x00000000d569db40}> (0x00000000d569db40) 
thrown [s\src\hotspot\share\prims\jni.cpp, line 520]
Event: 624.052 Thread 0x000002de85bc3aa0 Implicit null exception at 0x000002dead4a8fcb to 0x000002dead4a9114
Event: 624.435 Thread 0x000002de85bbf900 Exception <a 'java/lang/NoSuchMethodError'{0x00000000d56bedb8}: 'java.lang.Object java.lang.invoke.DirectMethodHandle$Holder.newInvokeSpecial(java.lang.Object, int, java.lang.Object, java.lang.Object, java.lang.Object)'> (0x00000000d56bedb8) 
thrown [s\src\hotspot\share\interpreter\linkResolver.cpp, line 773]
Event: 624.642 Thread 0x000002de851f16d0 Exception <a 'sun/nio/fs/WindowsException'{0x00000000d569d4c0}> (0x00000000d569d4c0) 
thrown [s\src\hotspot\share\prims\jni.cpp, line 520]

ZGC Phase Switch (0 events):
No events

VM Operations (20 events):
Event: 625.515 Executing VM operation: ParallelGCFailedAllocation (Allocation Failure)
Event: 625.516 Executing VM operation: ParallelGCFailedAllocation (Allocation Failure) done
Event: 625.526 Executing VM operation: ParallelGCFailedAllocation (Allocation Failure)
Event: 625.527 Executing VM operation: ParallelGCFailedAllocation (Allocation Failure) done
Event: 625.532 Executing VM operation: ParallelGCFailedAllocation (Allocation Failure)
Event: 625.533 Executing VM operation: ParallelGCFailedAllocation (Allocation Failure) done
Event: 625.539 Executing VM operation: ParallelGCFailedAllocation (Allocation Failure)
Event: 625.540 Executing VM operation: ParallelGCFailedAllocation (Allocation Failure) done
Event: 625.547 Executing VM operation: ParallelGCFailedAllocation (Allocation Failure)
Event: 625.548 Executing VM operation: ParallelGCFailedAllocation (Allocation Failure) done
Event: 625.565 Executing VM operation: ParallelGCFailedAllocation (Allocation Failure)
Event: 625.567 Executing VM operation: ParallelGCFailedAllocation (Allocation Failure) done
Event: 625.573 Executing VM operation: ParallelGCFailedAllocation (Allocation Failure)
Event: 625.575 Executing VM operation: ParallelGCFailedAllocation (Allocation Failure) done
Event: 625.583 Executing VM operation: ParallelGCFailedAllocation (Allocation Failure)
Event: 625.584 Executing VM operation: ParallelGCFailedAllocation (Allocation Failure) done
Event: 625.589 Executing VM operation: ParallelGCFailedAllocation (Allocation Failure)
Event: 625.590 Executing VM operation: ParallelGCFailedAllocation (Allocation Failure) done
Event: 625.664 Executing VM operation: ParallelGCFailedAllocation (Allocation Failure)
Event: 625.665 Executing VM operation: ParallelGCFailedAllocation (Allocation Failure) done

Memory protections (0 events):
No events

Nmethod flushes (20 events):
Event: 593.365 Thread 0x000002dea0b2c890 flushing osr nmethod 0x000002dea5e5e810
Event: 593.365 Thread 0x000002dea0b2c890 flushing  nmethod 0x000002dea5e95490
Event: 593.365 Thread 0x000002dea0b2c890 flushing  nmethod 0x000002dea5e96690
Event: 593.365 Thread 0x000002dea0b2c890 flushing  nmethod 0x000002dea5e97610
Event: 593.365 Thread 0x000002dea0b2c890 flushing  nmethod 0x000002dea5e98e90
Event: 593.365 Thread 0x000002dea0b2c890 flushing  nmethod 0x000002dea5ea1590
Event: 593.365 Thread 0x000002dea0b2c890 flushing  nmethod 0x000002dea5ea1e90
Event: 593.365 Thread 0x000002dea0b2c890 flushing  nmethod 0x000002dea5ea2510
Event: 593.365 Thread 0x000002dea0b2c890 flushing  nmethod 0x000002dea5ea4e10
Event: 593.365 Thread 0x000002dea0b2c890 flushing  nmethod 0x000002dea5ea5e90
Event: 593.365 Thread 0x000002dea0b2c890 flushing  nmethod 0x000002dea5ea7e10
Event: 593.365 Thread 0x000002dea0b2c890 flushing  nmethod 0x000002dea5ea8590
Event: 593.365 Thread 0x000002dea0b2c890 flushing  nmethod 0x000002dea5ea8990
Event: 593.365 Thread 0x000002dea0b2c890 flushing  nmethod 0x000002dea5ea8f90
Event: 593.365 Thread 0x000002dea0b2c890 flushing  nmethod 0x000002dea5eaea10
Event: 593.365 Thread 0x000002dea0b2c890 flushing  nmethod 0x000002dea5eb2f10
Event: 593.365 Thread 0x000002dea0b2c890 flushing  nmethod 0x000002dea5eb5c10
Event: 593.365 Thread 0x000002dea0b2c890 flushing  nmethod 0x000002dea5ed8190
Event: 593.365 Thread 0x000002dea0b2c890 flushing  nmethod 0x000002dea5ee8a10
Event: 593.365 Thread 0x000002dea0b2c890 flushing  nmethod 0x000002dea5ee9390

Events (20 events):
Event: 595.317 Thread 0x000002de85bc19d0 Thread exited: 0x000002de85bc19d0
Event: 595.317 Thread 0x000002de85bc47c0 Thread exited: 0x000002de85bc47c0
Event: 595.317 Thread 0x000002de85bc54e0 Thread exited: 0x000002de85bc54e0
Event: 595.317 Thread 0x000002de85bc3410 Thread exited: 0x000002de85bc3410
Event: 599.522 Thread 0x000002de87fba1f0 Thread exited: 0x000002de87fba1f0
Event: 599.635 Thread 0x000002deb941b520 Thread added: 0x000002de87fc21e0
Event: 599.714 Thread 0x000002de85bc3aa0 Thread added: 0x000002de85bc3410
Event: 599.754 Thread 0x000002deb9421030 Thread added: 0x000002de84df9e50
Event: 600.396 Thread 0x000002de84df9e50 Thread exited: 0x000002de84df9e50
Event: 600.397 Thread 0x000002de87fc21e0 Thread exited: 0x000002de87fc21e0
Event: 605.723 Thread 0x000002de851f3110 Thread added: 0x000002de85bc2060
Event: 605.749 Thread 0x000002deb9421030 Thread added: 0x000002de87976500
Event: 605.749 Thread 0x000002deb9421030 Thread added: 0x000002de87fc21e0
Event: 611.157 Thread 0x000002de87fc21e0 Thread exited: 0x000002de87fc21e0
Event: 611.173 Thread 0x000002de87976500 Thread exited: 0x000002de87976500
Event: 623.989 Thread 0x000002de85bc3aa0 Thread added: 0x000002de85bc0cb0
Event: 624.000 Thread 0x000002deb9421030 Thread added: 0x000002de87976500
Event: 624.528 Thread 0x000002de85bc3aa0 Thread added: 0x000002de85bc1340
Event: 624.528 Thread 0x000002de85bc3aa0 Thread added: 0x000002de85bc47c0
Event: 625.613 Thread 0x000002de851f16d0 Thread added: 0x000002de85bc26f0


Dynamic libraries:
0x00007ff76aba0000 - 0x00007ff76abae000 	c:\Users\ACER\.vscode\extensions\redhat.java-1.51.0-win32-x64\jre\21.0.9-win32-x86_64\bin\java.exe
0x00007ff9d4be0000 - 0x00007ff9d4de7000 	C:\Windows\SYSTEM32\ntdll.dll
0x00007ff9d4190000 - 0x00007ff9d424d000 	C:\Windows\System32\KERNEL32.DLL
0x00007ff9d2160000 - 0x00007ff9d24d4000 	C:\Windows\System32\KERNELBASE.dll
0x00007ff9d2580000 - 0x00007ff9d2691000 	C:\Windows\System32\ucrtbase.dll
0x00007ff9c2d20000 - 0x00007ff9c2d38000 	c:\Users\ACER\.vscode\extensions\redhat.java-1.51.0-win32-x64\jre\21.0.9-win32-x86_64\bin\jli.dll
0x00007ff9d3c40000 - 0x00007ff9d3dec000 	C:\Windows\System32\USER32.dll
0x00007ff9d2130000 - 0x00007ff9d2156000 	C:\Windows\System32\win32u.dll
0x00007ff9d2f60000 - 0x00007ff9d2f89000 	C:\Windows\System32\GDI32.dll
0x00007ff9d2760000 - 0x00007ff9d2872000 	C:\Windows\System32\gdi32full.dll
0x00007ff9d24e0000 - 0x00007ff9d257d000 	C:\Windows\System32\msvcp_win.dll
0x00007ff9ce0d0000 - 0x00007ff9ce0ee000 	c:\Users\ACER\.vscode\extensions\redhat.java-1.51.0-win32-x64\jre\21.0.9-win32-x86_64\bin\VCRUNTIME140.dll
0x00007ff9bf830000 - 0x00007ff9bfad5000 	C:\Windows\WinSxS\amd64_microsoft.windows.common-controls_6595b64144ccf1df_6.0.22000.120_none_9d947278b86cc467\COMCTL32.dll
0x00007ff9d3470000 - 0x00007ff9d3513000 	C:\Windows\System32\msvcrt.dll
0x00007ff9d39e0000 - 0x00007ff9d3a11000 	C:\Windows\System32\IMM32.DLL
0x00007ff9cab60000 - 0x00007ff9cab6c000 	c:\Users\ACER\.vscode\extensions\redhat.java-1.51.0-win32-x64\jre\21.0.9-win32-x86_64\bin\vcruntime140_1.dll
0x00007ff96f5b0000 - 0x00007ff96f63d000 	c:\Users\ACER\.vscode\extensions\redhat.java-1.51.0-win32-x64\jre\21.0.9-win32-x86_64\bin\msvcp140.dll
0x00007ff95d0f0000 - 0x00007ff95de90000 	c:\Users\ACER\.vscode\extensions\redhat.java-1.51.0-win32-x64\jre\21.0.9-win32-x86_64\bin\server\jvm.dll
0x00007ff9d3b20000 - 0x00007ff9d3bcc000 	C:\Windows\System32\ADVAPI32.dll
0x00007ff9d3590000 - 0x00007ff9d362d000 	C:\Windows\System32\sechost.dll
0x00007ff9d3e50000 - 0x00007ff9d3f71000 	C:\Windows\System32\RPCRT4.dll
0x00007ff9d3630000 - 0x00007ff9d369f000 	C:\Windows\System32\WS2_32.dll
0x00007ff9d1ee0000 - 0x00007ff9d1f2d000 	C:\Windows\SYSTEM32\POWRPROF.dll
0x00007ff9c4970000 - 0x00007ff9c497a000 	C:\Windows\SYSTEM32\VERSION.dll
0x00007ff9caa30000 - 0x00007ff9caa63000 	C:\Windows\SYSTEM32\WINMM.dll
0x00007ff9d1dd0000 - 0x00007ff9d1de3000 	C:\Windows\SYSTEM32\UMPDC.dll
0x00007ff9d11f0000 - 0x00007ff9d1208000 	C:\Windows\SYSTEM32\kernel.appcore.dll
0x00007ff9c2c40000 - 0x00007ff9c2c4a000 	c:\Users\ACER\.vscode\extensions\redhat.java-1.51.0-win32-x64\jre\21.0.9-win32-x86_64\bin\jimage.dll
0x00007ff9c4350000 - 0x00007ff9c4571000 	C:\Windows\SYSTEM32\DBGHELP.DLL
0x00007ff9b9160000 - 0x00007ff9b9191000 	C:\Windows\SYSTEM32\dbgcore.DLL
0x00007ff9d2880000 - 0x00007ff9d2900000 	C:\Windows\System32\bcryptPrimitives.dll
0x00007ff9c2bc0000 - 0x00007ff9c2bcf000 	c:\Users\ACER\.vscode\extensions\redhat.java-1.51.0-win32-x64\jre\21.0.9-win32-x86_64\bin\instrument.dll
0x00007ff9bf4f0000 - 0x00007ff9bf510000 	c:\Users\ACER\.vscode\extensions\redhat.java-1.51.0-win32-x64\jre\21.0.9-win32-x86_64\bin\java.dll
0x00007ff9d43f0000 - 0x00007ff9d4b99000 	C:\Windows\System32\SHELL32.dll
0x00007ff9d0270000 - 0x00007ff9d0ad2000 	C:\Windows\SYSTEM32\windows.storage.dll
0x00007ff9d2f90000 - 0x00007ff9d3308000 	C:\Windows\System32\combase.dll
0x00007ff9d0100000 - 0x00007ff9d0266000 	C:\Windows\SYSTEM32\wintypes.dll
0x00007ff9d3f80000 - 0x00007ff9d406a000 	C:\Windows\System32\SHCORE.dll
0x00007ff9d2f00000 - 0x00007ff9d2f5d000 	C:\Windows\System32\shlwapi.dll
0x00007ff9d1ff0000 - 0x00007ff9d2011000 	C:\Windows\SYSTEM32\profapi.dll
0x00007ff9ba210000 - 0x00007ff9ba228000 	c:\Users\ACER\.vscode\extensions\redhat.java-1.51.0-win32-x64\jre\21.0.9-win32-x86_64\bin\zip.dll
0x00007ff9bf2c0000 - 0x00007ff9bf2d0000 	C:\Users\ACER\.vscode\extensions\redhat.java-1.51.0-win32-x64\jre\21.0.9-win32-x86_64\bin\net.dll
0x00007ff9cc5a0000 - 0x00007ff9cc6ac000 	C:\Windows\SYSTEM32\WINHTTP.dll
0x00007ff9d1600000 - 0x00007ff9d1667000 	C:\Windows\system32\mswsock.dll
0x00007ff9ba1f0000 - 0x00007ff9ba206000 	C:\Users\ACER\.vscode\extensions\redhat.java-1.51.0-win32-x64\jre\21.0.9-win32-x86_64\bin\nio.dll
0x00007ff9bed70000 - 0x00007ff9bed80000 	c:\Users\ACER\.vscode\extensions\redhat.java-1.51.0-win32-x64\jre\21.0.9-win32-x86_64\bin\verify.dll
0x00007ff998760000 - 0x00007ff9987a4000 	C:\Users\ACER\AppData\Roaming\Code\User\globalStorage\redhat.java\1.51.0\config_win\org.eclipse.equinox.launcher\org.eclipse.equinox.launcher.win32.win32.x86_64_1.2.1400.v20250801-0854\eclipse_11916.dll
0x00007ff9d4250000 - 0x00007ff9d43ea000 	C:\Windows\System32\ole32.dll
0x00007ff9d1840000 - 0x00007ff9d1858000 	C:\Windows\SYSTEM32\CRYPTSP.dll
0x00007ff9d1150000 - 0x00007ff9d1185000 	C:\Windows\system32\rsaenh.dll
0x00007ff9d16f0000 - 0x00007ff9d1719000 	C:\Windows\SYSTEM32\USERENV.dll
0x00007ff9d1a30000 - 0x00007ff9d1a57000 	C:\Windows\SYSTEM32\bcrypt.dll
0x00007ff9d1860000 - 0x00007ff9d186c000 	C:\Windows\SYSTEM32\CRYPTBASE.dll
0x00007ff9d0d20000 - 0x00007ff9d0d4d000 	C:\Windows\SYSTEM32\IPHLPAPI.DLL
0x00007ff9d3b10000 - 0x00007ff9d3b19000 	C:\Windows\System32\NSI.dll
0x00007ff998620000 - 0x00007ff998669000 	C:\Users\ACER\AppData\Local\Temp\jna-2003023\jna16541320821307365632.dll
0x00007ff9d2ef0000 - 0x00007ff9d2ef8000 	C:\Windows\System32\PSAPI.DLL
0x00007ff9cc480000 - 0x00007ff9cc499000 	C:\Windows\SYSTEM32\dhcpcsvc6.DLL
0x00007ff9ccb20000 - 0x00007ff9ccb3e000 	C:\Windows\SYSTEM32\dhcpcsvc.DLL

JVMTI agents:
c:\Users\ACER\.vscode\extensions\redhat.java-1.51.0-win32-x64\lombok\lombok-1.18.39-4050.jar path:c:\Users\ACER\.vscode\extensions\redhat.java-1.51.0-win32-x64\jre\21.0.9-win32-x86_64\bin\instrument.dll, loaded, initialized, instrumentlib options:none

dbghelp: loaded successfully - version: 4.0.5 - missing functions: none
symbol engine: initialized successfully - sym options: 0x614 - pdb path: .;c:\Users\ACER\.vscode\extensions\redhat.java-1.51.0-win32-x64\jre\21.0.9-win32-x86_64\bin;C:\Windows\SYSTEM32;C:\Windows\WinSxS\amd64_microsoft.windows.common-controls_6595b64144ccf1df_6.0.22000.120_none_9d947278b86cc467;c:\Users\ACER\.vscode\extensions\redhat.java-1.51.0-win32-x64\jre\21.0.9-win32-x86_64\bin\server;C:\Users\ACER\AppData\Roaming\Code\User\globalStorage\redhat.java\1.51.0\config_win\org.eclipse.equinox.launcher\org.eclipse.equinox.launcher.win32.win32.x86_64_1.2.1400.v20250801-0854;C:\Users\ACER\AppData\Local\Temp\jna-2003023

VM Arguments:
jvm_args: --add-modules=ALL-SYSTEM --add-opens=java.base/java.util=ALL-UNNAMED --add-opens=java.base/java.lang=ALL-UNNAMED --add-opens=java.base/sun.nio.fs=ALL-UNNAMED -Declipse.application=org.eclipse.jdt.ls.core.id1 -Dosgi.bundles.defaultStartLevel=4 -Declipse.product=org.eclipse.jdt.ls.core.product -Djava.import.generatesMetadataFilesAtProjectRoot=false -DDetectVMInstallationsJob.disabled=true -Dfile.encoding=utf8 -XX:+UseParallelGC -XX:GCTimeRatio=4 -XX:AdaptiveSizePolicyWeight=90 -Dsun.zip.disableMemoryMapping=true -Xmx2G -Xms100m -Xlog:disable -javaagent:c:\Users\ACER\.vscode\extensions\redhat.java-1.51.0-win32-x64\lombok\lombok-1.18.39-4050.jar -XX:+HeapDumpOnOutOfMemoryError -XX:HeapDumpPath=c:\Users\ACER\AppData\Roaming\Code\User\workspaceStorage\527fa16d9e2e7ebd143c1c6abc03d182\redhat.java -Daether.dependencyCollector.impl=bf 
java_command: c:\Users\ACER\.vscode\extensions\redhat.java-1.51.0-win32-x64\server\plugins\org.eclipse.equinox.launcher_1.7.100.v20251111-0406.jar -configuration c:\Users\ACER\AppData\Roaming\Code\User\globalStorage\redhat.java\1.51.0\config_win -data c:\Users\ACER\AppData\Roaming\Code\User\workspaceStorage\527fa16d9e2e7ebd143c1c6abc03d182\redhat.java\jdt_ws --pipe=\\.\pipe\lsp-4206ab0f05d88bed86f78e5ee3caf6e2-sock
java_class_path (initial): c:\Users\ACER\.vscode\extensions\redhat.java-1.51.0-win32-x64\server\plugins\org.eclipse.equinox.launcher_1.7.100.v20251111-0406.jar
Launcher Type: SUN_STANDARD

[Global flags]
    uintx AdaptiveSizePolicyWeight                 = 90                                        {product} {command line}
     intx CICompilerCount                          = 4                                         {product} {ergonomic}
    uintx GCTimeRatio                              = 4                                         {product} {command line}
     bool HeapDumpOnOutOfMemoryError               = true                                   {manageable} {command line}
    ccstr HeapDumpPath                             = c:\Users\ACER\AppData\Roaming\Code\User\workspaceStorage\527fa16d9e2e7ebd143c1c6abc03d182\redhat.java         {manageable} {command line}
   size_t InitialHeapSize                          = 104857600                                 {product} {command line}
   size_t MaxHeapSize                              = 2147483648                                {product} {command line}
   size_t MaxNewSize                               = 715653120                                 {product} {ergonomic}
   size_t MinHeapDeltaBytes                        = 524288                                    {product} {ergonomic}
   size_t MinHeapSize                              = 104857600                                 {product} {command line}
   size_t NewSize                                  = 34603008                                  {product} {ergonomic}
    uintx NonNMethodCodeHeapSize                   = 5839372                                {pd product} {ergonomic}
    uintx NonProfiledCodeHeapSize                  = 122909434                              {pd product} {ergonomic}
   size_t OldSize                                  = 70254592                                  {product} {ergonomic}
    uintx ProfiledCodeHeapSize                     = 122909434                              {pd product} {ergonomic}
    uintx ReservedCodeCacheSize                    = 251658240                              {pd product} {ergonomic}
     bool SegmentedCodeCache                       = true                                      {product} {ergonomic}
   size_t SoftMaxHeapSize                          = 2147483648                             {manageable} {ergonomic}
     bool UseCompressedOops                        = true                           {product lp64_product} {ergonomic}
     bool UseLargePagesIndividualAllocation        = false                                  {pd product} {ergonomic}
     bool UseParallelGC                            = true                                      {product} {command line}

Logging:
Log output configuration:
 #0: stdout all=off uptime,level,tags foldmultilines=false
 #1: stderr all=off uptime,level,tags foldmultilines=false

Release file:
JAVA_VERSION="21.0.9" 
MODULES="java.base java.compiler java.datatransfer java.xml java.prefs java.desktop java.instrument java.logging java.management java.security.sasl java.naming java.rmi java.management.rmi java.net.http java.scripting java.security.jgss java.transaction.xa java.sql java.sql.rowset java.xml.crypto java.se java.smartcardio jdk.accessibility jdk.internal.jvmstat jdk.attach jdk.charsets jdk.internal.opt jdk.zipfs jdk.compiler jdk.crypto.ec jdk.crypto.cryptoki jdk.crypto.mscapi jdk.dynalink jdk.internal.ed jdk.editpad jdk.hotspot.agent jdk.httpserver jdk.internal.le jdk.internal.vm.ci jdk.internal.vm.compiler jdk.internal.vm.compiler.management jdk.jartool jdk.javadoc jdk.jcmd jdk.management jdk.management.agent jdk.jconsole jdk.jdeps jdk.jdwp.agent jdk.jdi jdk.jfr jdk.jshell jdk.jsobject jdk.jstatd jdk.localedata jdk.management.jfr jdk.naming.dns jdk.naming.rmi jdk.net jdk.nio.mapmode jdk.random jdk.sctp jdk.security.auth jdk.security.jgss jdk.unsupported jdk.unsupported.desktop jdk.xml.dom" 

Environment Variables:
JAVA_HOME=C:\Program Files\Java\jdk-21
PATH=C:\Users\ACER\AppData\Local\Programs\Eclipse Adoptium\jdk-17.0.17.10-hotspot\bin;C:\Users\ACER\AppData\Roaming\npm;C:\Program Files\Common Files\Oracle\Java\javapath;C:\Windows\system32;C:\Windows;C:\Windows\System32\Wbem;C:\Windows\System32\WindowsPowerShell\v1.0\;C:\Windows\System32\OpenSSH\;C:\Program Files\nodejs\;C:\Program Files\Git\cmd;C:\Program Files\Microsoft SQL Server\150\Tools\Binn\;C:\Users\ACER\AppData\Local\Android\Sdk\platform-tools;C:\Program Files\Microsoft SQL Server\Client SDK\ODBC\170\Tools\Binn\;C:\Program Files (x86)\Microsoft SQL Server\150\Tools\Binn\;C:\Program Files\Microsoft SQL Server\150\DTS\Binn\;C:\Program Files (x86)\Microsoft SQL Server\150\DTS\Binn\;C:\Program Files\Azure Data Studio\bin;C:\Program Files\Microsoft SQL Server\170\Tools\Binn\;C:\Program Files\Microsoft SQL Server\130\DTS\Binn\;C:\Program Files\Microsoft SQL Server\140\DTS\Binn\;C:\Program Files\Microsoft SQL Server\160\DTS\Binn\;C:\Program Files\Microsoft SQL Server\170\DTS\Binn\;D:\Document D\apache-maven-3.9.12-bin\apache-maven-3.9.12\bin;C:\Users\ACER\AppData\Local\Programs\Eclipse Adoptium\jdk-17.0.17.10-hotspot\bin;C:\Program Files\PostgreSQL\18\bin;C:\src\flutter\bin;C:\Users\ACER\AppData\Local\Programs\Eclipse Adoptium\jdk-17.0.17.10-hotspot\bin;C:\Users\ACER\AppData\Local\Programs\Eclipse Adoptium\jdk-17.0.17.10-hotspot\bin;C:\Program Files\Common Files\Oracle\Java\javapath;C:\Windows\system32;C:\Windows;C:\Windows\System32\Wbem;C:\Windows\System32\WindowsPowerShell\v1.0\;C:\Windows\System32\OpenSSH\;C:\Program Files\nodejs\;C:\Program Files\Git\cmd;C:\Program Files\Microsoft SQL Server\150\Tools\Binn\;C:\Users\ACER\AppData\Local\Android\Sdk\platform-tools;C:\Program Files\Microsoft SQL Server\Client SDK\ODBC\170\Tools\Binn\;C:\Program Files (x86)\Microsoft SQL Server\150\Tools\Binn\;C:\Program Files\Microsoft SQL Server\150\DTS\Binn\;C:\Program Files (x86)\Microsoft SQL Server\150\DTS\Binn\;C:\Program Files\Azure Data Studio\bin;C:\Program Files\Microsoft SQL Server\170\Tools\Binn\;C:\Program Files\Microsoft SQL Server\130\DTS\Binn\;C:\Program Files\Microsoft SQL Server\140\DTS\Binn\;C:\Program Files\Microsoft SQL Server\160\DTS\Binn\;C:\Program Files\Microsoft SQL Ser;C:\Users\ACER\AppData\Local\Programs\Microsoft VS Code\bin;C:\Users\ACER\AppData\Local\Programs\Kiro\bin
USERNAME=ACER
OS=Windows_NT
PROCESSOR_IDENTIFIER=AMD64 Family 23 Model 160 Stepping 0, AuthenticAMD
TMP=C:\Users\ACER\AppData\Local\Temp
TEMP=C:\Users\ACER\AppData\Local\Temp




Periodic native trim disabled

---------------  S Y S T E M  ---------------

OS:
 Windows 11 , 64 bit Build 22000 (10.0.22000.120)
OS uptime: 0 days 1:33 hours

CPU: total 8 (initial active 8) (8 cores per cpu, 2 threads per core) family 23 model 160 stepping 0 microcode 0x0, cx8, cmov, fxsr, ht, mmx, 3dnowpref, sse, sse2, sse3, ssse3, sse4a, sse4.1, sse4.2, popcnt, lzcnt, tsc, tscinvbit, avx, avx2, aes, clmul, bmi1, bmi2, adx, sha, fma, vzeroupper, clflush, clflushopt, rdtscp, rdpid, f16c
Processor Information for the first 8 processors :
  Max Mhz: 2801, Current Mhz: 2801, Mhz Limit: 2801

Memory: 4k page, system-wide physical 7413M (400M free)
TotalPageFile size 15019M (AvailPageFile size 0M)
current process WorkingSet (physical memory assigned to process): 514M, peak: 514M
current process commit charge ("private bytes"): 588M, peak: 589M

vm_info: OpenJDK 64-Bit Server VM (21.0.9+10-LTS) for windows-amd64 JRE (21.0.9+10-LTS), built on 2025-10-21T00:00:00Z by "admin" with unknown MS VC++:1942

END.
