#
# There is insufficient memory for the Java Runtime Environment to continue.
# Native memory allocation (malloc) failed to allocate 670016 bytes. Error detail: Chunk::new
# Possible reasons:
#   The system is out of physical RAM or swap space
#   This process is running with CompressedOops enabled, and the Java Heap may be blocking the growth of the native heap
# Possible solutions:
#   Reduce memory load on the system
#   Increase physical memory or swap space
#   Check if swap backing store is full
#   Decrease Java heap size (-Xmx/-Xms)
#   Decrease number of Java threads
#   Decrease Java thread stack sizes (-Xss)
#   Set larger code cache with -XX:ReservedCodeCacheSize=
#   JVM is running with Unscaled Compressed Oops mode in which the Java heap is
#     placed in the first 4GB address space. The Java Heap base address is the
#     maximum limit for the native heap growth. Please use -XX:HeapBaseMinAddress
#     to set the Java Heap base and to place the Java Heap above 4GB virtual address.
# This output file may be truncated or incomplete.
#
#  Out of Memory Error (arena.cpp:168), pid=14228, tid=16440
#
# JRE version: OpenJDK Runtime Environment Temurin-21.0.9+10 (21.0.9+10) (build 21.0.9+10-LTS)
# Java VM: OpenJDK 64-Bit Server VM Temurin-21.0.9+10 (21.0.9+10-LTS, mixed mode, sharing, tiered, compressed oops, compressed class ptrs, parallel gc, windows-amd64)
# No core dump will be written. Minidumps are not enabled by default on client versions of Windows
#

---------------  S U M M A R Y ------------

Command Line: --add-modules=ALL-SYSTEM --add-opens=java.base/java.util=ALL-UNNAMED --add-opens=java.base/java.lang=ALL-UNNAMED --add-opens=java.base/sun.nio.fs=ALL-UNNAMED -Declipse.application=org.eclipse.jdt.ls.core.id1 -Dosgi.bundles.defaultStartLevel=4 -Declipse.product=org.eclipse.jdt.ls.core.product -Djava.import.generatesMetadataFilesAtProjectRoot=false -DDetectVMInstallationsJob.disabled=true -Dfile.encoding=utf8 -XX:+UseParallelGC -XX:GCTimeRatio=4 -XX:AdaptiveSizePolicyWeight=90 -Dsun.zip.disableMemoryMapping=true -Xmx2G -Xms100m -Xlog:disable -javaagent:c:\Users\ACER\.vscode\extensions\redhat.java-1.51.0-win32-x64\lombok\lombok-1.18.39-4050.jar c:\Users\ACER\.vscode\extensions\redhat.java-1.51.0-win32-x64\server\plugins\org.eclipse.equinox.launcher_1.7.100.v20251111-0406.jar -configuration c:\Users\ACER\AppData\Roaming\Code\User\globalStorage\redhat.java\1.51.0\config_ss_win -data c:\Users\ACER\AppData\Roaming\Code\User\workspaceStorage\527fa16d9e2e7ebd143c1c6abc03d182\redhat.java\ss_ws --pipe=\\.\pipe\lsp-19a2ae0e8c2a08234941f4e130761b1d-sock

Host: AMD Ryzen 5 7520U with Radeon Graphics         , 8 cores, 7G,  Windows 11 , 64 bit Build 22000 (10.0.22000.120)
Time: Mon Jan 26 08:05:57 2026 Greenwich elapsed time: 5.141792 seconds (0d 0h 0m 5s)

---------------  T H R E A D  ---------------

Current thread (0x0000025eda950ab0):  JavaThread "C2 CompilerThread0" daemon [_thread_in_native, id=16440, stack(0x000000f990a00000,0x000000f990b00000) (1024K)]


Current CompileTask:
C2:5141 2621       4       org.lombokweb.asm.ClassReader::readMethod (1070 bytes)

Stack: [0x000000f990a00000,0x000000f990b00000]
Native frames: (J=compiled Java code, j=interpreted, Vv=VM code, C=native code)
V  [jvm.dll+0x6d6e29]
V  [jvm.dll+0x8b4b76]
V  [jvm.dll+0x8b712e]
V  [jvm.dll+0x8b7813]
V  [jvm.dll+0x283d86]
V  [jvm.dll+0xc66ed]
V  [jvm.dll+0xc6c31]
V  [jvm.dll+0x2facee]
V  [jvm.dll+0x5fde44]
V  [jvm.dll+0x255557]
V  [jvm.dll+0x24db6a]
V  [jvm.dll+0x24b482]
V  [jvm.dll+0x1cb13e]
V  [jvm.dll+0x25b29d]
V  [jvm.dll+0x25982a]
V  [jvm.dll+0x3f7ea6]
V  [jvm.dll+0x85e9ad]
V  [jvm.dll+0x6d565d]
C  [ucrtbase.dll+0x26c0c]
C  [KERNEL32.DLL+0x154e0]
C  [ntdll.dll+0x485b]


---------------  P R O C E S S  ---------------

Threads class SMR info:
_java_thread_list=0x0000025edcc73460, length=18, elements={
0x0000025ec3edf070, 0x0000025ec3fae6d0, 0x0000025eda94b950, 0x0000025eda94c860,
0x0000025eda94d670, 0x0000025eda94f230, 0x0000025eda94fc80, 0x0000025eda950ab0,
0x0000025edc256ca0, 0x0000025edc3c01c0, 0x0000025edc58b250, 0x0000025edc672c40,
0x0000025edc6f3610, 0x0000025edc6f3c70, 0x0000025edcc7a520, 0x0000025edcdc8980,
0x0000025ee10fb3b0, 0x0000025ee10eefd0
}

Java Threads: ( => current thread )
  0x0000025ec3edf070 JavaThread "main"                              [_thread_blocked, id=2348, stack(0x000000f990000000,0x000000f990100000) (1024K)]
  0x0000025ec3fae6d0 JavaThread "Reference Handler"          daemon [_thread_blocked, id=4964, stack(0x000000f990400000,0x000000f990500000) (1024K)]
  0x0000025eda94b950 JavaThread "Finalizer"                  daemon [_thread_blocked, id=16764, stack(0x000000f990500000,0x000000f990600000) (1024K)]
  0x0000025eda94c860 JavaThread "Signal Dispatcher"          daemon [_thread_blocked, id=16760, stack(0x000000f990600000,0x000000f990700000) (1024K)]
  0x0000025eda94d670 JavaThread "Attach Listener"            daemon [_thread_blocked, id=16756, stack(0x000000f990700000,0x000000f990800000) (1024K)]
  0x0000025eda94f230 JavaThread "Service Thread"             daemon [_thread_blocked, id=3736, stack(0x000000f990800000,0x000000f990900000) (1024K)]
  0x0000025eda94fc80 JavaThread "Monitor Deflation Thread"   daemon [_thread_blocked, id=16772, stack(0x000000f990900000,0x000000f990a00000) (1024K)]
=>0x0000025eda950ab0 JavaThread "C2 CompilerThread0"         daemon [_thread_in_native, id=16440, stack(0x000000f990a00000,0x000000f990b00000) (1024K)]
  0x0000025edc256ca0 JavaThread "C1 CompilerThread0"         daemon [_thread_blocked, id=16652, stack(0x000000f990b00000,0x000000f990c00000) (1024K)]
  0x0000025edc3c01c0 JavaThread "Common-Cleaner"             daemon [_thread_blocked, id=13468, stack(0x000000f990c00000,0x000000f990d00000) (1024K)]
  0x0000025edc58b250 JavaThread "Notification Thread"        daemon [_thread_blocked, id=16288, stack(0x000000f990d00000,0x000000f990e00000) (1024K)]
  0x0000025edc672c40 JavaThread "Active Thread: Equinox Container: 1e3afdf5-b963-4a04-9345-e6e7c0259f57"        [_thread_blocked, id=5820, stack(0x000000f991400000,0x000000f991500000) (1024K)]
  0x0000025edc6f3610 JavaThread "Framework Event Dispatcher: Equinox Container: 1e3afdf5-b963-4a04-9345-e6e7c0259f57" daemon [_thread_blocked, id=2136, stack(0x000000f991500000,0x000000f991600000) (1024K)]
  0x0000025edc6f3c70 JavaThread "Start Level: Equinox Container: 1e3afdf5-b963-4a04-9345-e6e7c0259f57" daemon [_thread_in_native, id=3276, stack(0x000000f991600000,0x000000f991700000) (1024K)]
  0x0000025edcc7a520 JavaThread "SCR Component Actor"        daemon [_thread_blocked, id=1656, stack(0x000000f991800000,0x000000f991900000) (1024K)]
  0x0000025edcdc8980 JavaThread "Worker-JM"                         [_thread_blocked, id=16944, stack(0x000000f991900000,0x000000f991a00000) (1024K)]
  0x0000025ee10fb3b0 JavaThread "Worker-0"                          [_thread_blocked, id=12916, stack(0x000000f991a00000,0x000000f991b00000) (1024K)]
  0x0000025ee10eefd0 JavaThread "Worker-1"                          [_thread_blocked, id=6848, stack(0x000000f991b00000,0x000000f991c00000) (1024K)]
Total: 18

Other Threads:
  0x0000025ec3f9ba30 VMThread "VM Thread"                           [id=15856, stack(0x000000f990300000,0x000000f990400000) (1024K)]
  0x0000025eda87ca10 WatcherThread "VM Periodic Task Thread"        [id=2560, stack(0x000000f990200000,0x000000f990300000) (1024K)]
  0x0000025ec3efcd70 WorkerThread "GC Thread#0"                     [id=16700, stack(0x000000f990100000,0x000000f990200000) (1024K)]
  0x0000025edc78ed10 WorkerThread "GC Thread#1"                     [id=14816, stack(0x000000f990e00000,0x000000f990f00000) (1024K)]
  0x0000025edc826ba0 WorkerThread "GC Thread#2"                     [id=12168, stack(0x000000f990f00000,0x000000f991000000) (1024K)]
  0x0000025edc826f40 WorkerThread "GC Thread#3"                     [id=14376, stack(0x000000f991000000,0x000000f991100000) (1024K)]
  0x0000025edc70fcd0 WorkerThread "GC Thread#4"                     [id=12132, stack(0x000000f991100000,0x000000f991200000) (1024K)]
  0x0000025edc574d70 WorkerThread "GC Thread#5"                     [id=7104, stack(0x000000f991200000,0x000000f991300000) (1024K)]
  0x0000025edc575110 WorkerThread "GC Thread#6"                     [id=4088, stack(0x000000f991300000,0x000000f991400000) (1024K)]
  0x0000025edc6f4820 WorkerThread "GC Thread#7"                     [id=16560, stack(0x000000f991700000,0x000000f991800000) (1024K)]
Total: 10

Threads with active compile tasks:
C2 CompilerThread0  5171 2621       4       org.lombokweb.asm.ClassReader::readMethod (1070 bytes)
Total: 1

VM state: not at safepoint (normal execution)

VM Mutex/Monitor currently owned by a thread: None

Heap address: 0x0000000080000000, size: 2048 MB, Compressed Oops mode: 32-bit

CDS archive(s) mapped at: [0x0000025e80000000-0x0000025e80ba0000-0x0000025e80ba0000), size 12189696, SharedBaseAddress: 0x0000025e80000000, ArchiveRelocationMode: 1.
Compressed class space mapped at: 0x0000025e81000000-0x0000025ec1000000, reserved size: 1073741824
Narrow klass base: 0x0000025e80000000, Narrow klass shift: 0, Narrow klass range: 0x100000000

GC Precious Log:
 CardTable entry size: 512
 CPUs: 8 total, 8 available
 Memory: 7413M
 Large Page Support: Disabled
 NUMA Support: Disabled
 Compressed Oops: Enabled (32-bit)
 Alignments: Space 512K, Generation 512K, Heap 2M
 Heap Min Capacity: 100M
 Heap Initial Capacity: 100M
 Heap Max Capacity: 2G
 Pre-touch: Disabled
 Parallel Workers: 8

Heap:
 PSYoungGen      total 30720K, used 6857K [0x00000000d5580000, 0x00000000d7900000, 0x0000000100000000)
  eden space 25088K, 27% used [0x00000000d5580000,0x00000000d5c32440,0x00000000d6e00000)
  from space 5632K, 0% used [0x00000000d7380000,0x00000000d7380000,0x00000000d7900000)
  to   space 5632K, 0% used [0x00000000d6e00000,0x00000000d6e00000,0x00000000d7380000)
 ParOldGen       total 68608K, used 10126K [0x0000000080000000, 0x0000000084300000, 0x00000000d5580000)
  object space 68608K, 14% used [0x0000000080000000,0x00000000809e3b00,0x0000000084300000)
 Metaspace       used 21745K, committed 22464K, reserved 1114112K
  class space    used 2090K, committed 2368K, reserved 1048576K

Card table byte_map: [0x0000025ec38c0000,0x0000025ec3cd0000] _byte_map_base: 0x0000025ec34c0000

Marking Bits: (ParMarkBitMap*) 0x00007ff994482460
 Begin Bits: [0x0000025ed63a0000, 0x0000025ed83a0000)
 End Bits:   [0x0000025ed83a0000, 0x0000025eda3a0000)

Polling page: 0x0000025ec36b0000

Metaspace:

Usage:
  Non-class:     19.19 MB used.
      Class:      2.04 MB used.
       Both:     21.24 MB used.

Virtual space:
  Non-class space:       64.00 MB reserved,      19.62 MB ( 31%) committed,  1 nodes.
      Class space:        1.00 GB reserved,       2.31 MB ( <1%) committed,  1 nodes.
             Both:        1.06 GB reserved,      21.94 MB (  2%) committed. 

Chunk freelists:
   Non-Class:  12.12 MB
       Class:  13.50 MB
        Both:  25.62 MB

MaxMetaspaceSize: unlimited
CompressedClassSpaceSize: 1.00 GB
Initial GC threshold: 21.00 MB
Current GC threshold: 35.00 MB
CDS: on
 - commit_granule_bytes: 65536.
 - commit_granule_words: 8192.
 - virtual_space_node_default_size: 8388608.
 - enlarge_chunks_in_place: 1.
 - use_allocation_guard: 0.


Internal statistics:

num_allocs_failed_limit: 3.
num_arena_births: 500.
num_arena_deaths: 14.
num_vsnodes_births: 2.
num_vsnodes_deaths: 0.
num_space_committed: 351.
num_space_uncommitted: 0.
num_chunks_returned_to_freelist: 17.
num_chunks_taken_from_freelist: 1304.
num_chunk_merges: 9.
num_chunk_splits: 857.
num_chunks_enlarged: 566.
num_inconsistent_stats: 0.

CodeHeap 'non-profiled nmethods': size=120000Kb used=1106Kb max_used=1106Kb free=118893Kb
 bounds [0x0000025ecebc0000, 0x0000025ecee30000, 0x0000025ed60f0000]
CodeHeap 'profiled nmethods': size=120000Kb used=5578Kb max_used=5578Kb free=114422Kb
 bounds [0x0000025ec70f0000, 0x0000025ec7670000, 0x0000025ece620000]
CodeHeap 'non-nmethods': size=5760Kb used=1308Kb max_used=1311Kb free=4451Kb
 bounds [0x0000025ece620000, 0x0000025ece890000, 0x0000025ecebc0000]
CodeCache: size=245760Kb, used=7992Kb, max_used=7995Kb, free=237766Kb
 total_blobs=3425, nmethods=2835, adapters=496, full_count=0
Compilation: enabled, stopped_count=0, restarted_count=0

Compilation events (20 events):
Event: 5.084 Thread 0x0000025edc256ca0 2801       2       java.util.HashMap::put (13 bytes)
Event: 5.084 Thread 0x0000025edc256ca0 nmethod 2801 0x0000025ec764ac10 code [0x0000025ec764adc0, 0x0000025ec764af70]
Event: 5.091 Thread 0x0000025edc256ca0 2802       3       java.util.LinkedHashMap::newNode (23 bytes)
Event: 5.091 Thread 0x0000025edc256ca0 nmethod 2802 0x0000025ec764b090 code [0x0000025ec764b240, 0x0000025ec764b440]
Event: 5.091 Thread 0x0000025edc256ca0 2803       3       java.util.LinkedHashMap$Entry::<init> (10 bytes)
Event: 5.091 Thread 0x0000025edc256ca0 nmethod 2803 0x0000025ec764b590 code [0x0000025ec764b740, 0x0000025ec764b948]
Event: 5.091 Thread 0x0000025edc256ca0 2805       3       java.lang.StringBuilder::append (8 bytes)
Event: 5.091 Thread 0x0000025edc256ca0 nmethod 2805 0x0000025ec764ba90 code [0x0000025ec764bc40, 0x0000025ec764bd90]
Event: 5.091 Thread 0x0000025edc256ca0 2804       3       java.util.LinkedHashMap::afterNodeInsertion (40 bytes)
Event: 5.091 Thread 0x0000025edc256ca0 nmethod 2804 0x0000025ec764be10 code [0x0000025ec764bfc0, 0x0000025ec764c198]
Event: 5.092 Thread 0x0000025edc256ca0 2806       1       sun.nio.fs.WindowsFileSystem::provider (5 bytes)
Event: 5.093 Thread 0x0000025edc256ca0 nmethod 2806 0x0000025ececd3290 code [0x0000025ececd3420, 0x0000025ececd34e8]
Event: 5.107 Thread 0x0000025edc256ca0 2807       2       java.util.HashSet::contains (9 bytes)
Event: 5.107 Thread 0x0000025edc256ca0 nmethod 2807 0x0000025ec764c290 code [0x0000025ec764c440, 0x0000025ec764c578]
Event: 5.125 Thread 0x0000025edc256ca0 2808       3       java.lang.invoke.MethodHandles$Lookup::getDirectConstructorCommon (69 bytes)
Event: 5.126 Thread 0x0000025edc256ca0 nmethod 2808 0x0000025ec764c610 code [0x0000025ec764c820, 0x0000025ec764cd40]
Event: 5.126 Thread 0x0000025edc256ca0 2809       3       java.lang.invoke.MemberName::asConstructor (58 bytes)
Event: 5.126 Thread 0x0000025edc256ca0 nmethod 2809 0x0000025ec764cf90 code [0x0000025ec764d1c0, 0x0000025ec764d7c8]
Event: 5.130 Thread 0x0000025edc256ca0 2811       3       jdk.internal.org.objectweb.asm.SymbolTable::putBootstrapMethods (56 bytes)
Event: 5.130 Thread 0x0000025edc256ca0 nmethod 2811 0x0000025ec764da10 code [0x0000025ec764dc20, 0x0000025ec764df40]

GC Heap History (14 events):
Event: 1.569 GC heap before
{Heap before GC invocations=1 (full 0):
 PSYoungGen      total 29696K, used 25600K [0x00000000d5580000, 0x00000000d7680000, 0x0000000100000000)
  eden space 25600K, 100% used [0x00000000d5580000,0x00000000d6e80000,0x00000000d6e80000)
  from space 4096K, 0% used [0x00000000d7280000,0x00000000d7280000,0x00000000d7680000)
  to   space 4096K, 0% used [0x00000000d6e80000,0x00000000d6e80000,0x00000000d7280000)
 ParOldGen       total 68608K, used 0K [0x0000000080000000, 0x0000000084300000, 0x00000000d5580000)
  object space 68608K, 0% used [0x0000000080000000,0x0000000080000000,0x0000000084300000)
 Metaspace       used 4347K, committed 4608K, reserved 1114112K
  class space    used 472K, committed 576K, reserved 1048576K
}
Event: 1.581 GC heap after
{Heap after GC invocations=1 (full 0):
 PSYoungGen      total 29696K, used 3335K [0x00000000d5580000, 0x00000000d7680000, 0x0000000100000000)
  eden space 25600K, 0% used [0x00000000d5580000,0x00000000d5580000,0x00000000d6e80000)
  from space 4096K, 81% used [0x00000000d6e80000,0x00000000d71c1e98,0x00000000d7280000)
  to   space 4096K, 0% used [0x00000000d7280000,0x00000000d7280000,0x00000000d7680000)
 ParOldGen       total 68608K, used 16K [0x0000000080000000, 0x0000000084300000, 0x00000000d5580000)
  object space 68608K, 0% used [0x0000000080000000,0x0000000080004000,0x0000000084300000)
 Metaspace       used 4347K, committed 4608K, reserved 1114112K
  class space    used 472K, committed 576K, reserved 1048576K
}
Event: 2.634 GC heap before
{Heap before GC invocations=2 (full 0):
 PSYoungGen      total 29696K, used 28935K [0x00000000d5580000, 0x00000000d7680000, 0x0000000100000000)
  eden space 25600K, 100% used [0x00000000d5580000,0x00000000d6e80000,0x00000000d6e80000)
  from space 4096K, 81% used [0x00000000d6e80000,0x00000000d71c1e98,0x00000000d7280000)
  to   space 4096K, 0% used [0x00000000d7280000,0x00000000d7280000,0x00000000d7680000)
 ParOldGen       total 68608K, used 16K [0x0000000080000000, 0x0000000084300000, 0x00000000d5580000)
  object space 68608K, 0% used [0x0000000080000000,0x0000000080004000,0x0000000084300000)
 Metaspace       used 8112K, committed 8320K, reserved 1114112K
  class space    used 858K, committed 960K, reserved 1048576K
}
Event: 2.640 GC heap after
{Heap after GC invocations=2 (full 0):
 PSYoungGen      total 29696K, used 4080K [0x00000000d5580000, 0x00000000d7680000, 0x0000000100000000)
  eden space 25600K, 0% used [0x00000000d5580000,0x00000000d5580000,0x00000000d6e80000)
  from space 4096K, 99% used [0x00000000d7280000,0x00000000d767c148,0x00000000d7680000)
  to   space 4096K, 0% used [0x00000000d6e80000,0x00000000d6e80000,0x00000000d7280000)
 ParOldGen       total 68608K, used 1092K [0x0000000080000000, 0x0000000084300000, 0x00000000d5580000)
  object space 68608K, 1% used [0x0000000080000000,0x0000000080111030,0x0000000084300000)
 Metaspace       used 8112K, committed 8320K, reserved 1114112K
  class space    used 858K, committed 960K, reserved 1048576K
}
Event: 3.664 GC heap before
{Heap before GC invocations=3 (full 0):
 PSYoungGen      total 29696K, used 29680K [0x00000000d5580000, 0x00000000d7680000, 0x0000000100000000)
  eden space 25600K, 100% used [0x00000000d5580000,0x00000000d6e80000,0x00000000d6e80000)
  from space 4096K, 99% used [0x00000000d7280000,0x00000000d767c148,0x00000000d7680000)
  to   space 4096K, 0% used [0x00000000d6e80000,0x00000000d6e80000,0x00000000d7280000)
 ParOldGen       total 68608K, used 1092K [0x0000000080000000, 0x0000000084300000, 0x00000000d5580000)
  object space 68608K, 1% used [0x0000000080000000,0x0000000080111030,0x0000000084300000)
 Metaspace       used 12941K, committed 13440K, reserved 1114112K
  class space    used 1369K, committed 1600K, reserved 1048576K
}
Event: 3.668 GC heap after
{Heap after GC invocations=3 (full 0):
 PSYoungGen      total 29696K, used 4089K [0x00000000d5580000, 0x00000000d7680000, 0x0000000100000000)
  eden space 25600K, 0% used [0x00000000d5580000,0x00000000d5580000,0x00000000d6e80000)
  from space 4096K, 99% used [0x00000000d6e80000,0x00000000d727e758,0x00000000d7280000)
  to   space 4096K, 0% used [0x00000000d7280000,0x00000000d7280000,0x00000000d7680000)
 ParOldGen       total 68608K, used 2849K [0x0000000080000000, 0x0000000084300000, 0x00000000d5580000)
  object space 68608K, 4% used [0x0000000080000000,0x00000000802c8540,0x0000000084300000)
 Metaspace       used 12941K, committed 13440K, reserved 1114112K
  class space    used 1369K, committed 1600K, reserved 1048576K
}
Event: 4.281 GC heap before
{Heap before GC invocations=4 (full 0):
 PSYoungGen      total 29696K, used 29689K [0x00000000d5580000, 0x00000000d7680000, 0x0000000100000000)
  eden space 25600K, 100% used [0x00000000d5580000,0x00000000d6e80000,0x00000000d6e80000)
  from space 4096K, 99% used [0x00000000d6e80000,0x00000000d727e758,0x00000000d7280000)
  to   space 4096K, 0% used [0x00000000d7280000,0x00000000d7280000,0x00000000d7680000)
 ParOldGen       total 68608K, used 2849K [0x0000000080000000, 0x0000000084300000, 0x00000000d5580000)
  object space 68608K, 4% used [0x0000000080000000,0x00000000802c8540,0x0000000084300000)
 Metaspace       used 15958K, committed 16576K, reserved 1114112K
  class space    used 1661K, committed 1920K, reserved 1048576K
}
Event: 4.286 GC heap after
{Heap after GC invocations=4 (full 0):
 PSYoungGen      total 29696K, used 4064K [0x00000000d5580000, 0x00000000d7680000, 0x0000000100000000)
  eden space 25600K, 0% used [0x00000000d5580000,0x00000000d5580000,0x00000000d6e80000)
  from space 4096K, 99% used [0x00000000d7280000,0x00000000d76782a8,0x00000000d7680000)
  to   space 4096K, 0% used [0x00000000d6e80000,0x00000000d6e80000,0x00000000d7280000)
 ParOldGen       total 68608K, used 5166K [0x0000000080000000, 0x0000000084300000, 0x00000000d5580000)
  object space 68608K, 7% used [0x0000000080000000,0x000000008050baf0,0x0000000084300000)
 Metaspace       used 15958K, committed 16576K, reserved 1114112K
  class space    used 1661K, committed 1920K, reserved 1048576K
}
Event: 4.707 GC heap before
{Heap before GC invocations=5 (full 0):
 PSYoungGen      total 29696K, used 29664K [0x00000000d5580000, 0x00000000d7680000, 0x0000000100000000)
  eden space 25600K, 100% used [0x00000000d5580000,0x00000000d6e80000,0x00000000d6e80000)
  from space 4096K, 99% used [0x00000000d7280000,0x00000000d76782a8,0x00000000d7680000)
  to   space 4096K, 0% used [0x00000000d6e80000,0x00000000d6e80000,0x00000000d7280000)
 ParOldGen       total 68608K, used 5166K [0x0000000080000000, 0x0000000084300000, 0x00000000d5580000)
  object space 68608K, 7% used [0x0000000080000000,0x000000008050baf0,0x0000000084300000)
 Metaspace       used 20150K, committed 20800K, reserved 1114112K
  class space    used 1968K, committed 2240K, reserved 1048576K
}
Event: 4.710 GC heap after
{Heap after GC invocations=5 (full 0):
 PSYoungGen      total 29184K, used 4094K [0x00000000d5580000, 0x00000000d7900000, 0x0000000100000000)
  eden space 25088K, 0% used [0x00000000d5580000,0x00000000d5580000,0x00000000d6e00000)
  from space 4096K, 99% used [0x00000000d6e80000,0x00000000d727f920,0x00000000d7280000)
  to   space 5632K, 0% used [0x00000000d7380000,0x00000000d7380000,0x00000000d7900000)
 ParOldGen       total 68608K, used 5908K [0x0000000080000000, 0x0000000084300000, 0x00000000d5580000)
  object space 68608K, 8% used [0x0000000080000000,0x00000000805c5380,0x0000000084300000)
 Metaspace       used 20150K, committed 20800K, reserved 1114112K
  class space    used 1968K, committed 2240K, reserved 1048576K
}
Event: 4.953 GC heap before
{Heap before GC invocations=6 (full 0):
 PSYoungGen      total 29184K, used 22998K [0x00000000d5580000, 0x00000000d7900000, 0x0000000100000000)
  eden space 25088K, 75% used [0x00000000d5580000,0x00000000d67f6188,0x00000000d6e00000)
  from space 4096K, 99% used [0x00000000d6e80000,0x00000000d727f920,0x00000000d7280000)
  to   space 5632K, 0% used [0x00000000d7380000,0x00000000d7380000,0x00000000d7900000)
 ParOldGen       total 68608K, used 5908K [0x0000000080000000, 0x0000000084300000, 0x00000000d5580000)
  object space 68608K, 8% used [0x0000000080000000,0x00000000805c5380,0x0000000084300000)
 Metaspace       used 20838K, committed 21504K, reserved 1114112K
  class space    used 1999K, committed 2304K, reserved 1048576K
}
Event: 4.957 GC heap after
{Heap after GC invocations=6 (full 0):
 PSYoungGen      total 30720K, used 5356K [0x00000000d5580000, 0x00000000d7900000, 0x0000000100000000)
  eden space 25088K, 0% used [0x00000000d5580000,0x00000000d5580000,0x00000000d6e00000)
  from space 5632K, 95% used [0x00000000d7380000,0x00000000d78bb340,0x00000000d7900000)
  to   space 5632K, 0% used [0x00000000d6e00000,0x00000000d6e00000,0x00000000d7380000)
 ParOldGen       total 68608K, used 6698K [0x0000000080000000, 0x0000000084300000, 0x00000000d5580000)
  object space 68608K, 9% used [0x0000000080000000,0x000000008068a890,0x0000000084300000)
 Metaspace       used 20838K, committed 21504K, reserved 1114112K
  class space    used 1999K, committed 2304K, reserved 1048576K
}
Event: 4.957 GC heap before
{Heap before GC invocations=7 (full 1):
 PSYoungGen      total 30720K, used 5356K [0x00000000d5580000, 0x00000000d7900000, 0x0000000100000000)
  eden space 25088K, 0% used [0x00000000d5580000,0x00000000d5580000,0x00000000d6e00000)
  from space 5632K, 95% used [0x00000000d7380000,0x00000000d78bb340,0x00000000d7900000)
  to   space 5632K, 0% used [0x00000000d6e00000,0x00000000d6e00000,0x00000000d7380000)
 ParOldGen       total 68608K, used 6698K [0x0000000080000000, 0x0000000084300000, 0x00000000d5580000)
  object space 68608K, 9% used [0x0000000080000000,0x000000008068a890,0x0000000084300000)
 Metaspace       used 20838K, committed 21504K, reserved 1114112K
  class space    used 1999K, committed 2304K, reserved 1048576K
}
Event: 4.985 GC heap after
{Heap after GC invocations=7 (full 1):
 PSYoungGen      total 30720K, used 0K [0x00000000d5580000, 0x00000000d7900000, 0x0000000100000000)
  eden space 25088K, 0% used [0x00000000d5580000,0x00000000d5580000,0x00000000d6e00000)
  from space 5632K, 0% used [0x00000000d7380000,0x00000000d7380000,0x00000000d7900000)
  to   space 5632K, 0% used [0x00000000d6e00000,0x00000000d6e00000,0x00000000d7380000)
 ParOldGen       total 68608K, used 10126K [0x0000000080000000, 0x0000000084300000, 0x00000000d5580000)
  object space 68608K, 14% used [0x0000000080000000,0x00000000809e3b00,0x0000000084300000)
 Metaspace       used 20825K, committed 21504K, reserved 1114112K
  class space    used 1996K, committed 2304K, reserved 1048576K
}

Dll operation events (9 events):
Event: 0.038 Loaded shared library c:\Users\ACER\.vscode\extensions\redhat.java-1.51.0-win32-x64\jre\21.0.9-win32-x86_64\bin\java.dll
Event: 0.203 Loaded shared library c:\Users\ACER\.vscode\extensions\redhat.java-1.51.0-win32-x64\jre\21.0.9-win32-x86_64\bin\zip.dll
Event: 0.230 Loaded shared library C:\Users\ACER\.vscode\extensions\redhat.java-1.51.0-win32-x64\jre\21.0.9-win32-x86_64\bin\instrument.dll
Event: 0.239 Loaded shared library C:\Users\ACER\.vscode\extensions\redhat.java-1.51.0-win32-x64\jre\21.0.9-win32-x86_64\bin\net.dll
Event: 0.243 Loaded shared library C:\Users\ACER\.vscode\extensions\redhat.java-1.51.0-win32-x64\jre\21.0.9-win32-x86_64\bin\nio.dll
Event: 0.248 Loaded shared library C:\Users\ACER\.vscode\extensions\redhat.java-1.51.0-win32-x64\jre\21.0.9-win32-x86_64\bin\zip.dll
Event: 0.284 Loaded shared library C:\Users\ACER\.vscode\extensions\redhat.java-1.51.0-win32-x64\jre\21.0.9-win32-x86_64\bin\jimage.dll
Event: 0.440 Loaded shared library c:\Users\ACER\.vscode\extensions\redhat.java-1.51.0-win32-x64\jre\21.0.9-win32-x86_64\bin\verify.dll
Event: 2.608 Loaded shared library C:\Users\ACER\AppData\Roaming\Code\User\globalStorage\redhat.java\1.51.0\config_ss_win\org.eclipse.equinox.launcher\org.eclipse.equinox.launcher.win32.win32.x86_64_1.2.1400.v20250801-0854\eclipse_11916.dll

Deoptimization events (20 events):
Event: 5.059 Thread 0x0000025edc6f3c70 Uncommon trap: trap_request=0xffffffc6 fr.pc=0x0000025ecec5c5b4 relative=0x0000000000000954
Event: 5.059 Thread 0x0000025edc6f3c70 Uncommon trap: reason=bimorphic_or_optimized_type_check action=maybe_recompile pc=0x0000025ecec5c5b4 method=java.util.HashMap.putVal(ILjava/lang/Object;Ljava/lang/Object;ZZ)Ljava/lang/Object; @ 56 c2
Event: 5.059 Thread 0x0000025edc6f3c70 DEOPT PACKING pc=0x0000025ecec5c5b4 sp=0x000000f9916fdfb0
Event: 5.059 Thread 0x0000025edc6f3c70 DEOPT UNPACKING pc=0x0000025ece673aa2 sp=0x000000f9916fdeb0 mode 2
Event: 5.059 Thread 0x0000025edc6f3c70 Uncommon trap: trap_request=0xffffffc6 fr.pc=0x0000025ecec5c5b4 relative=0x0000000000000954
Event: 5.059 Thread 0x0000025edc6f3c70 Uncommon trap: reason=bimorphic_or_optimized_type_check action=maybe_recompile pc=0x0000025ecec5c5b4 method=java.util.HashMap.putVal(ILjava/lang/Object;Ljava/lang/Object;ZZ)Ljava/lang/Object; @ 56 c2
Event: 5.059 Thread 0x0000025edc6f3c70 DEOPT PACKING pc=0x0000025ecec5c5b4 sp=0x000000f9916fdfb0
Event: 5.059 Thread 0x0000025edc6f3c70 DEOPT UNPACKING pc=0x0000025ece673aa2 sp=0x000000f9916fdeb0 mode 2
Event: 5.059 Thread 0x0000025edc6f3c70 Uncommon trap: trap_request=0xffffffc6 fr.pc=0x0000025ecec5c5b4 relative=0x0000000000000954
Event: 5.059 Thread 0x0000025edc6f3c70 Uncommon trap: reason=bimorphic_or_optimized_type_check action=maybe_recompile pc=0x0000025ecec5c5b4 method=java.util.HashMap.putVal(ILjava/lang/Object;Ljava/lang/Object;ZZ)Ljava/lang/Object; @ 56 c2
Event: 5.059 Thread 0x0000025edc6f3c70 DEOPT PACKING pc=0x0000025ecec5c5b4 sp=0x000000f9916fdfb0
Event: 5.059 Thread 0x0000025edc6f3c70 DEOPT UNPACKING pc=0x0000025ece673aa2 sp=0x000000f9916fdeb0 mode 2
Event: 5.059 Thread 0x0000025edc6f3c70 Uncommon trap: trap_request=0xffffffc6 fr.pc=0x0000025ecec5c5b4 relative=0x0000000000000954
Event: 5.059 Thread 0x0000025edc6f3c70 Uncommon trap: reason=bimorphic_or_optimized_type_check action=maybe_recompile pc=0x0000025ecec5c5b4 method=java.util.HashMap.putVal(ILjava/lang/Object;Ljava/lang/Object;ZZ)Ljava/lang/Object; @ 56 c2
Event: 5.059 Thread 0x0000025edc6f3c70 DEOPT PACKING pc=0x0000025ecec5c5b4 sp=0x000000f9916fdfb0
Event: 5.059 Thread 0x0000025edc6f3c70 DEOPT UNPACKING pc=0x0000025ece673aa2 sp=0x000000f9916fdeb0 mode 2
Event: 5.080 Thread 0x0000025edc6f3c70 Uncommon trap: trap_request=0xffffff45 fr.pc=0x0000025ececcea2c relative=0x00000000000009ac
Event: 5.080 Thread 0x0000025edc6f3c70 Uncommon trap: reason=unstable_if action=reinterpret pc=0x0000025ececcea2c method=java.util.regex.Pattern$BmpCharPropertyGreedy.match(Ljava/util/regex/Matcher;ILjava/lang/CharSequence;)Z @ 12 c2
Event: 5.080 Thread 0x0000025edc6f3c70 DEOPT PACKING pc=0x0000025ececcea2c sp=0x000000f9916fdb10
Event: 5.080 Thread 0x0000025edc6f3c70 DEOPT UNPACKING pc=0x0000025ece673aa2 sp=0x000000f9916fd9d8 mode 2

Classes loaded (20 events):
Event: 5.126 Loading class sun/security/provider/HashDrbg
Event: 5.127 Loading class sun/security/provider/AbstractHashDrbg
Event: 5.127 Loading class sun/security/provider/AbstractDrbg
Event: 5.128 Loading class sun/security/provider/AbstractDrbg done
Event: 5.128 Loading class sun/security/provider/AbstractHashDrbg done
Event: 5.128 Loading class sun/security/provider/HashDrbg done
Event: 5.128 Loading class sun/security/provider/EntropySource
Event: 5.128 Loading class sun/security/provider/EntropySource done
Event: 5.131 Loading class java/security/DrbgParameters$NextBytes
Event: 5.131 Loading class java/security/DrbgParameters$NextBytes done
Event: 5.131 Loading class sun/security/provider/AbstractDrbg$SeederHolder
Event: 5.131 Loading class sun/security/provider/AbstractDrbg$SeederHolder done
Event: 5.131 Loading class sun/security/provider/SeedGenerator
Event: 5.131 Loading class sun/security/provider/SeedGenerator done
Event: 5.131 Loading class sun/security/provider/NativeSeedGenerator
Event: 5.132 Loading class sun/security/provider/NativeSeedGenerator done
Event: 5.138 Loading class sun/security/provider/SHA
Event: 5.139 Loading class sun/security/provider/SHA done
Event: 5.139 Loading class sun/security/provider/SeedGenerator$1
Event: 5.139 Loading class sun/security/provider/SeedGenerator$1 done

Classes unloaded (7 events):
Event: 4.961 Thread 0x0000025ec3f9ba30 Unloading class 0x0000025e81191400 'java/lang/invoke/LambdaForm$MH+0x0000025e81191400'
Event: 4.961 Thread 0x0000025ec3f9ba30 Unloading class 0x0000025e81191000 'java/lang/invoke/LambdaForm$MH+0x0000025e81191000'
Event: 4.961 Thread 0x0000025ec3f9ba30 Unloading class 0x0000025e81190c00 'java/lang/invoke/LambdaForm$MH+0x0000025e81190c00'
Event: 4.961 Thread 0x0000025ec3f9ba30 Unloading class 0x0000025e81190800 'java/lang/invoke/LambdaForm$MH+0x0000025e81190800'
Event: 4.961 Thread 0x0000025ec3f9ba30 Unloading class 0x0000025e81190400 'java/lang/invoke/LambdaForm$BMH+0x0000025e81190400'
Event: 4.961 Thread 0x0000025ec3f9ba30 Unloading class 0x0000025e81190000 'java/lang/invoke/LambdaForm$DMH+0x0000025e81190000'
Event: 4.961 Thread 0x0000025ec3f9ba30 Unloading class 0x0000025e8118ec00 'java/lang/invoke/LambdaForm$DMH+0x0000025e8118ec00'

Classes redefined (0 events):
No events

Internal exceptions (20 events):
Event: 4.009 Thread 0x0000025edc6f3c70 Exception <a 'java/lang/NoSuchMethodError'{0x00000000d5e2d7e0}: 'java.lang.Object java.lang.invoke.DirectMethodHandle$Holder.invokeSpecial(java.lang.Object, java.lang.Object, java.lang.Object, long, java.lang.Object)'> (0x00000000d5e2d7e0) 
thrown [s\src\hotspot\share\interpreter\linkResolver.cpp, line 773]
Event: 4.011 Thread 0x0000025edc6f3c70 Exception <a 'java/lang/NoSuchMethodError'{0x00000000d5e35028}: 'java.lang.Object java.lang.invoke.DirectMethodHandle$Holder.newInvokeSpecial(java.lang.Object, java.lang.Object, java.lang.Object, long)'> (0x00000000d5e35028) 
thrown [s\src\hotspot\share\interpreter\linkResolver.cpp, line 773]
Event: 4.011 Thread 0x0000025edc6f3c70 Exception <a 'java/lang/NoSuchMethodError'{0x00000000d5e393d8}: 'java.lang.Object java.lang.invoke.DirectMethodHandle$Holder.invokeSpecial(java.lang.Object, java.lang.Object, java.lang.Object, java.lang.Object, long)'> (0x00000000d5e393d8) 
thrown [s\src\hotspot\share\interpreter\linkResolver.cpp, line 773]
Event: 4.012 Thread 0x0000025edc6f3c70 Exception <a 'java/lang/NoSuchMethodError'{0x00000000d5e3d280}: 'java.lang.Object java.lang.invoke.Invokers$Holder.linkToTargetMethod(java.lang.Object, java.lang.Object, long, java.lang.Object)'> (0x00000000d5e3d280) 
thrown [s\src\hotspot\share\interpreter\linkResolver.cpp, line 773]
Event: 4.027 Thread 0x0000025edc6f3c70 Exception <a 'java/lang/NoSuchMethodError'{0x00000000d5eaefb8}: 'int java.lang.invoke.DirectMethodHandle$Holder.invokeStaticInit(java.lang.Object, java.lang.Object, java.lang.Object)'> (0x00000000d5eaefb8) 
thrown [s\src\hotspot\share\interpreter\linkResolver.cpp, line 773]
Event: 4.048 Thread 0x0000025edc6f3c70 Exception <a 'java/lang/IncompatibleClassChangeError'{0x00000000d5f4b6f8}: Found class java.lang.Object, but interface was expected> (0x00000000d5f4b6f8) 
thrown [s\src\hotspot\share\interpreter\linkResolver.cpp, line 840]
Event: 4.050 Thread 0x0000025edc6f3c70 Exception <a 'java/lang/NoSuchMethodError'{0x00000000d5f4f2a8}: 'java.lang.Object java.lang.invoke.DirectMethodHandle$Holder.invokeSpecial(java.lang.Object, java.lang.Object, java.lang.Object, int, java.lang.Object, java.lang.Object)'> (0x00000000d5f4f2a8) 
thrown [s\src\hotspot\share\interpreter\linkResolver.cpp, line 773]
Event: 4.051 Thread 0x0000025edc6f3c70 Exception <a 'java/lang/NoSuchMethodError'{0x00000000d5f56d80}: 'java.lang.Object java.lang.invoke.DirectMethodHandle$Holder.newInvokeSpecial(java.lang.Object, java.lang.Object, java.lang.Object, int, java.lang.Object)'> (0x00000000d5f56d80) 
thrown [s\src\hotspot\share\interpreter\linkResolver.cpp, line 773]
Event: 4.052 Thread 0x0000025edc6f3c70 Exception <a 'java/lang/NoSuchMethodError'{0x00000000d5f5ad00}: 'java.lang.Object java.lang.invoke.DirectMethodHandle$Holder.invokeSpecial(java.lang.Object, java.lang.Object, java.lang.Object, java.lang.Object, int, java.lang.Object)'> (0x00000000d5f5ad00) 
thrown [s\src\hotspot\share\interpreter\linkResolver.cpp, line 773]
Event: 4.052 Thread 0x0000025edc6f3c70 Exception <a 'java/lang/NoSuchMethodError'{0x00000000d5f5e840}: 'java.lang.Object java.lang.invoke.Invokers$Holder.linkToTargetMethod(java.lang.Object, java.lang.Object, int, java.lang.Object, java.lang.Object)'> (0x00000000d5f5e840) 
thrown [s\src\hotspot\share\interpreter\linkResolver.cpp, line 773]
Event: 4.053 Thread 0x0000025ee10fb3b0 Exception <a 'java/lang/NoSuchMethodError'{0x00000000d5e75b30}: 'java.lang.Object java.lang.invoke.DirectMethodHandle$Holder.invokeSpecial(java.lang.Object, java.lang.Object, int, java.lang.Object, java.lang.Object)'> (0x00000000d5e75b30) 
thrown [s\src\hotspot\share\interpreter\linkResolver.cpp, line 773]
Event: 4.054 Thread 0x0000025ee10fb3b0 Exception <a 'java/lang/NoSuchMethodError'{0x00000000d5e7c868}: 'java.lang.Object java.lang.invoke.DirectMethodHandle$Holder.newInvokeSpecial(java.lang.Object, java.lang.Object, int, java.lang.Object)'> (0x00000000d5e7c868) 
thrown [s\src\hotspot\share\interpreter\linkResolver.cpp, line 773]
Event: 4.055 Thread 0x0000025ee10fb3b0 Exception <a 'java/lang/NoSuchMethodError'{0x00000000d5e80148}: 'java.lang.Object java.lang.invoke.DirectMethodHandle$Holder.invokeSpecial(java.lang.Object, java.lang.Object, java.lang.Object, int, java.lang.Object)'> (0x00000000d5e80148) 
thrown [s\src\hotspot\share\interpreter\linkResolver.cpp, line 773]
Event: 4.093 Thread 0x0000025edc6f3c70 Exception <a 'java/lang/NoSuchMethodError'{0x00000000d60a8e70}: 'void java.lang.invoke.DirectMethodHandle$Holder.invokeSpecial(java.lang.Object, java.lang.Object, java.lang.Object, java.lang.Object, java.lang.Object)'> (0x00000000d60a8e70) 
thrown [s\src\hotspot\share\interpreter\linkResolver.cpp, line 773]
Event: 4.146 Thread 0x0000025edc6f3c70 Exception <a 'java/lang/NoSuchMethodError'{0x00000000d629cfb0}: 'double java.lang.invoke.DirectMethodHandle$Holder.invokeStatic(java.lang.Object, java.lang.Object)'> (0x00000000d629cfb0) 
thrown [s\src\hotspot\share\interpreter\linkResolver.cpp, line 773]
Event: 4.146 Thread 0x0000025edc6f3c70 Exception <a 'java/lang/NoSuchMethodError'{0x00000000d62a0670}: 'double java.lang.invoke.DirectMethodHandle$Holder.invokeStaticInit(java.lang.Object, java.lang.Object)'> (0x00000000d62a0670) 
thrown [s\src\hotspot\share\interpreter\linkResolver.cpp, line 773]
Event: 4.588 Thread 0x0000025edc6f3c70 Implicit null exception at 0x0000025ececcc175 to 0x0000025ececcc250
Event: 5.022 Thread 0x0000025edc6f3c70 Exception <a 'java/lang/NoSuchMethodError'{0x00000000d5745d40}: 'java.lang.Object java.lang.invoke.DirectMethodHandle$Holder.newInvokeSpecial(java.lang.Object, int, java.lang.Object, java.lang.Object)'> (0x00000000d5745d40) 
thrown [s\src\hotspot\share\interpreter\linkResolver.cpp, line 773]
Event: 5.072 Thread 0x0000025edc6f3c70 Exception <a 'sun/nio/fs/WindowsException'{0x00000000d5932278}> (0x00000000d5932278) 
thrown [s\src\hotspot\share\prims\jni.cpp, line 520]
Event: 5.129 Thread 0x0000025edc6f3c70 Exception <a 'java/lang/NoSuchMethodError'{0x00000000d5aff800}: 'java.lang.Object java.lang.invoke.DirectMethodHandle$Holder.invokeStaticInit(java.lang.Object, int, int, int, int)'> (0x00000000d5aff800) 
thrown [s\src\hotspot\share\interpreter\linkResolver.cpp, line 773]

ZGC Phase Switch (0 events):
No events

VM Operations (20 events):
Event: 2.961 Executing VM operation: HandshakeAllThreads (Deoptimize)
Event: 2.961 Executing VM operation: HandshakeAllThreads (Deoptimize) done
Event: 3.401 Executing VM operation: HandshakeAllThreads (Deoptimize)
Event: 3.401 Executing VM operation: HandshakeAllThreads (Deoptimize) done
Event: 3.663 Executing VM operation: ParallelGCFailedAllocation (Allocation Failure)
Event: 3.668 Executing VM operation: ParallelGCFailedAllocation (Allocation Failure) done
Event: 3.783 Executing VM operation: HandshakeAllThreads (Deoptimize)
Event: 3.783 Executing VM operation: HandshakeAllThreads (Deoptimize) done
Event: 3.795 Executing VM operation: HandshakeAllThreads (Deoptimize)
Event: 3.795 Executing VM operation: HandshakeAllThreads (Deoptimize) done
Event: 3.817 Executing VM operation: HandshakeAllThreads (Deoptimize)
Event: 3.817 Executing VM operation: HandshakeAllThreads (Deoptimize) done
Event: 4.281 Executing VM operation: ParallelGCFailedAllocation (Allocation Failure)
Event: 4.286 Executing VM operation: ParallelGCFailedAllocation (Allocation Failure) done
Event: 4.707 Executing VM operation: ParallelGCFailedAllocation (Allocation Failure)
Event: 4.710 Executing VM operation: ParallelGCFailedAllocation (Allocation Failure) done
Event: 4.953 Executing VM operation: CollectForMetadataAllocation (Metadata GC Threshold)
Event: 4.985 Executing VM operation: CollectForMetadataAllocation (Metadata GC Threshold) done
Event: 5.059 Executing VM operation: HandshakeAllThreads (Deoptimize)
Event: 5.059 Executing VM operation: HandshakeAllThreads (Deoptimize) done

Memory protections (0 events):
No events

Nmethod flushes (0 events):
No events

Events (20 events):
Event: 0.057 Thread 0x0000025ec3edf070 Thread added: 0x0000025ec3edf070
Event: 0.111 Thread 0x0000025ec3edf070 Thread added: 0x0000025ec3fae6d0
Event: 0.113 Thread 0x0000025ec3edf070 Thread added: 0x0000025eda94b950
Event: 0.114 Thread 0x0000025ec3edf070 Thread added: 0x0000025eda94c860
Event: 0.114 Thread 0x0000025ec3edf070 Thread added: 0x0000025eda94d670
Event: 0.115 Thread 0x0000025ec3edf070 Thread added: 0x0000025eda94f230
Event: 0.115 Thread 0x0000025ec3edf070 Thread added: 0x0000025eda94fc80
Event: 0.116 Thread 0x0000025ec3edf070 Thread added: 0x0000025eda950ab0
Event: 0.122 Thread 0x0000025ec3edf070 Thread added: 0x0000025edc256ca0
Event: 0.233 Thread 0x0000025ec3edf070 Thread added: 0x0000025edc3c01c0
Event: 0.677 Thread 0x0000025ec3edf070 Thread added: 0x0000025edc58b250
Event: 2.237 Thread 0x0000025ec3edf070 Thread added: 0x0000025edc672c40
Event: 2.590 Thread 0x0000025ec3edf070 Thread added: 0x0000025edc6f3610
Event: 2.598 Thread 0x0000025ec3edf070 Thread added: 0x0000025edc6f3c70
Event: 2.932 Thread 0x0000025edc6f3c70 Thread added: 0x0000025edcc7a520
Event: 3.467 Thread 0x0000025edc6f3c70 Thread added: 0x0000025edcdc8980
Event: 4.018 Thread 0x0000025edc6f3c70 Thread added: 0x0000025ee10fb3b0
Event: 4.054 Thread 0x0000025edc6f3c70 Thread added: 0x0000025ee10eefd0
Event: 4.989 Thread 0x0000025edc6f3c70 Thread added: 0x0000025ee1b79ee0
Event: 5.107 Thread 0x0000025ee1b79ee0 Thread exited: 0x0000025ee1b79ee0


Dynamic libraries:
0x00007ff6e2b70000 - 0x00007ff6e2b7e000 	c:\Users\ACER\.vscode\extensions\redhat.java-1.51.0-win32-x64\jre\21.0.9-win32-x86_64\bin\java.exe
0x00007ffa11f80000 - 0x00007ffa12187000 	C:\Windows\SYSTEM32\ntdll.dll
0x00007ffa11b10000 - 0x00007ffa11bcd000 	C:\Windows\System32\KERNEL32.DLL
0x00007ffa0fa90000 - 0x00007ffa0fe04000 	C:\Windows\System32\KERNELBASE.dll
0x00007ffa0f460000 - 0x00007ffa0f571000 	C:\Windows\System32\ucrtbase.dll
0x00007ff9e10b0000 - 0x00007ff9e10c8000 	c:\Users\ACER\.vscode\extensions\redhat.java-1.51.0-win32-x64\jre\21.0.9-win32-x86_64\bin\jli.dll
0x00007ffa10a40000 - 0x00007ffa10bec000 	C:\Windows\System32\USER32.dll
0x00007ff9e1090000 - 0x00007ff9e10ae000 	c:\Users\ACER\.vscode\extensions\redhat.java-1.51.0-win32-x64\jre\21.0.9-win32-x86_64\bin\VCRUNTIME140.dll
0x00007ffa0f790000 - 0x00007ffa0f7b6000 	C:\Windows\System32\win32u.dll
0x00007ffa10a10000 - 0x00007ffa10a39000 	C:\Windows\System32\GDI32.dll
0x00007ff9fcdd0000 - 0x00007ff9fd075000 	C:\Windows\WinSxS\amd64_microsoft.windows.common-controls_6595b64144ccf1df_6.0.22000.120_none_9d947278b86cc467\COMCTL32.dll
0x00007ffa11a60000 - 0x00007ffa11b03000 	C:\Windows\System32\msvcrt.dll
0x00007ffa0f580000 - 0x00007ffa0f692000 	C:\Windows\System32\gdi32full.dll
0x00007ffa0f880000 - 0x00007ffa0f91d000 	C:\Windows\System32\msvcp_win.dll
0x00007ffa0ff80000 - 0x00007ffa0ffb1000 	C:\Windows\System32\IMM32.DLL
0x00007ffa08c30000 - 0x00007ffa08c3c000 	c:\Users\ACER\.vscode\extensions\redhat.java-1.51.0-win32-x64\jre\21.0.9-win32-x86_64\bin\vcruntime140_1.dll
0x00007ff99f800000 - 0x00007ff99f88d000 	c:\Users\ACER\.vscode\extensions\redhat.java-1.51.0-win32-x64\jre\21.0.9-win32-x86_64\bin\msvcp140.dll
0x00007ff9937c0000 - 0x00007ff994560000 	c:\Users\ACER\.vscode\extensions\redhat.java-1.51.0-win32-x64\jre\21.0.9-win32-x86_64\bin\server\jvm.dll
0x00007ffa10450000 - 0x00007ffa104fc000 	C:\Windows\System32\ADVAPI32.dll
0x00007ffa11bd0000 - 0x00007ffa11c6d000 	C:\Windows\System32\sechost.dll
0x00007ffa10bf0000 - 0x00007ffa10d11000 	C:\Windows\System32\RPCRT4.dll
0x00007ffa10980000 - 0x00007ffa109ef000 	C:\Windows\System32\WS2_32.dll
0x00007ffa0f190000 - 0x00007ffa0f1dd000 	C:\Windows\SYSTEM32\POWRPROF.dll
0x00007ffa08370000 - 0x00007ffa083a3000 	C:\Windows\SYSTEM32\WINMM.dll
0x00007ffa00e90000 - 0x00007ffa00e9a000 	C:\Windows\SYSTEM32\VERSION.dll
0x00007ffa0f170000 - 0x00007ffa0f183000 	C:\Windows\SYSTEM32\UMPDC.dll
0x00007ffa0e590000 - 0x00007ffa0e5a8000 	C:\Windows\SYSTEM32\kernel.appcore.dll
0x00007ff9fcbd0000 - 0x00007ff9fcbda000 	c:\Users\ACER\.vscode\extensions\redhat.java-1.51.0-win32-x64\jre\21.0.9-win32-x86_64\bin\jimage.dll
0x00007ffa01af0000 - 0x00007ffa01d11000 	C:\Windows\SYSTEM32\DBGHELP.DLL
0x00007ff9f5ac0000 - 0x00007ff9f5af1000 	C:\Windows\SYSTEM32\dbgcore.DLL
0x00007ffa0f710000 - 0x00007ffa0f790000 	C:\Windows\System32\bcryptPrimitives.dll
0x00007ff9e1080000 - 0x00007ff9e108f000 	c:\Users\ACER\.vscode\extensions\redhat.java-1.51.0-win32-x64\jre\21.0.9-win32-x86_64\bin\instrument.dll
0x00007ff9e1060000 - 0x00007ff9e1080000 	c:\Users\ACER\.vscode\extensions\redhat.java-1.51.0-win32-x64\jre\21.0.9-win32-x86_64\bin\java.dll
0x00007ffa10db0000 - 0x00007ffa11559000 	C:\Windows\System32\SHELL32.dll
0x00007ffa0d610000 - 0x00007ffa0de72000 	C:\Windows\SYSTEM32\windows.storage.dll
0x00007ffa116e0000 - 0x00007ffa11a58000 	C:\Windows\System32\combase.dll
0x00007ffa0d4a0000 - 0x00007ffa0d606000 	C:\Windows\SYSTEM32\wintypes.dll
0x00007ffa11e50000 - 0x00007ffa11f3a000 	C:\Windows\System32\SHCORE.dll
0x00007ffa11df0000 - 0x00007ffa11e4d000 	C:\Windows\System32\shlwapi.dll
0x00007ffa0f390000 - 0x00007ffa0f3b1000 	C:\Windows\SYSTEM32\profapi.dll
0x00007ff9e1040000 - 0x00007ff9e1058000 	c:\Users\ACER\.vscode\extensions\redhat.java-1.51.0-win32-x64\jre\21.0.9-win32-x86_64\bin\zip.dll
0x00007ff9e1030000 - 0x00007ff9e1040000 	C:\Users\ACER\.vscode\extensions\redhat.java-1.51.0-win32-x64\jre\21.0.9-win32-x86_64\bin\net.dll
0x00007ffa0a140000 - 0x00007ffa0a24c000 	C:\Windows\SYSTEM32\WINHTTP.dll
0x00007ffa0e9a0000 - 0x00007ffa0ea07000 	C:\Windows\system32\mswsock.dll
0x00007ff9d6e10000 - 0x00007ff9d6e26000 	C:\Users\ACER\.vscode\extensions\redhat.java-1.51.0-win32-x64\jre\21.0.9-win32-x86_64\bin\nio.dll
0x00007ff9e1020000 - 0x00007ff9e1030000 	c:\Users\ACER\.vscode\extensions\redhat.java-1.51.0-win32-x64\jre\21.0.9-win32-x86_64\bin\verify.dll
0x00007ff9a54e0000 - 0x00007ff9a5524000 	C:\Users\ACER\AppData\Roaming\Code\User\globalStorage\redhat.java\1.51.0\config_ss_win\org.eclipse.equinox.launcher\org.eclipse.equinox.launcher.win32.win32.x86_64_1.2.1400.v20250801-0854\eclipse_11916.dll
0x00007ffa107e0000 - 0x00007ffa1097a000 	C:\Windows\System32\ole32.dll
0x00007ffa0ebe0000 - 0x00007ffa0ebf8000 	C:\Windows\SYSTEM32\CRYPTSP.dll
0x00007ffa0e4f0000 - 0x00007ffa0e525000 	C:\Windows\system32\rsaenh.dll
0x00007ffa0ea90000 - 0x00007ffa0eab9000 	C:\Windows\SYSTEM32\USERENV.dll
0x00007ffa0edd0000 - 0x00007ffa0edf7000 	C:\Windows\SYSTEM32\bcrypt.dll
0x00007ffa0ec00000 - 0x00007ffa0ec0c000 	C:\Windows\SYSTEM32\CRYPTBASE.dll
0x00007ffa0e0c0000 - 0x00007ffa0e0ed000 	C:\Windows\SYSTEM32\IPHLPAPI.DLL
0x00007ffa10a00000 - 0x00007ffa10a09000 	C:\Windows\System32\NSI.dll

JVMTI agents:
c:\Users\ACER\.vscode\extensions\redhat.java-1.51.0-win32-x64\lombok\lombok-1.18.39-4050.jar path:c:\Users\ACER\.vscode\extensions\redhat.java-1.51.0-win32-x64\jre\21.0.9-win32-x86_64\bin\instrument.dll, loaded, initialized, instrumentlib options:none

dbghelp: loaded successfully - version: 4.0.5 - missing functions: none
symbol engine: initialized successfully - sym options: 0x614 - pdb path: .;c:\Users\ACER\.vscode\extensions\redhat.java-1.51.0-win32-x64\jre\21.0.9-win32-x86_64\bin;C:\Windows\SYSTEM32;C:\Windows\WinSxS\amd64_microsoft.windows.common-controls_6595b64144ccf1df_6.0.22000.120_none_9d947278b86cc467;c:\Users\ACER\.vscode\extensions\redhat.java-1.51.0-win32-x64\jre\21.0.9-win32-x86_64\bin\server;C:\Users\ACER\AppData\Roaming\Code\User\globalStorage\redhat.java\1.51.0\config_ss_win\org.eclipse.equinox.launcher\org.eclipse.equinox.launcher.win32.win32.x86_64_1.2.1400.v20250801-0854

VM Arguments:
jvm_args: --add-modules=ALL-SYSTEM --add-opens=java.base/java.util=ALL-UNNAMED --add-opens=java.base/java.lang=ALL-UNNAMED --add-opens=java.base/sun.nio.fs=ALL-UNNAMED -Declipse.application=org.eclipse.jdt.ls.core.id1 -Dosgi.bundles.defaultStartLevel=4 -Declipse.product=org.eclipse.jdt.ls.core.product -Djava.import.generatesMetadataFilesAtProjectRoot=false -DDetectVMInstallationsJob.disabled=true -Dfile.encoding=utf8 -XX:+UseParallelGC -XX:GCTimeRatio=4 -XX:AdaptiveSizePolicyWeight=90 -Dsun.zip.disableMemoryMapping=true -Xmx2G -Xms100m -Xlog:disable -javaagent:c:\Users\ACER\.vscode\extensions\redhat.java-1.51.0-win32-x64\lombok\lombok-1.18.39-4050.jar 
java_command: c:\Users\ACER\.vscode\extensions\redhat.java-1.51.0-win32-x64\server\plugins\org.eclipse.equinox.launcher_1.7.100.v20251111-0406.jar -configuration c:\Users\ACER\AppData\Roaming\Code\User\globalStorage\redhat.java\1.51.0\config_ss_win -data c:\Users\ACER\AppData\Roaming\Code\User\workspaceStorage\527fa16d9e2e7ebd143c1c6abc03d182\redhat.java\ss_ws --pipe=\\.\pipe\lsp-19a2ae0e8c2a08234941f4e130761b1d-sock
java_class_path (initial): c:\Users\ACER\.vscode\extensions\redhat.java-1.51.0-win32-x64\server\plugins\org.eclipse.equinox.launcher_1.7.100.v20251111-0406.jar
Launcher Type: SUN_STANDARD

[Global flags]
    uintx AdaptiveSizePolicyWeight                 = 90                                        {product} {command line}
     intx CICompilerCount                          = 4                                         {product} {ergonomic}
    uintx GCTimeRatio                              = 4                                         {product} {command line}
   size_t InitialHeapSize                          = 104857600                                 {product} {command line}
   size_t MaxHeapSize                              = 2147483648                                {product} {command line}
   size_t MaxNewSize                               = 715653120                                 {product} {ergonomic}
   size_t MinHeapDeltaBytes                        = 524288                                    {product} {ergonomic}
   size_t MinHeapSize                              = 104857600                                 {product} {command line}
   size_t NewSize                                  = 34603008                                  {product} {ergonomic}
    uintx NonNMethodCodeHeapSize                   = 5839372                                {pd product} {ergonomic}
    uintx NonProfiledCodeHeapSize                  = 122909434                              {pd product} {ergonomic}
   size_t OldSize                                  = 70254592                                  {product} {ergonomic}
    uintx ProfiledCodeHeapSize                     = 122909434                              {pd product} {ergonomic}
    uintx ReservedCodeCacheSize                    = 251658240                              {pd product} {ergonomic}
     bool SegmentedCodeCache                       = true                                      {product} {ergonomic}
   size_t SoftMaxHeapSize                          = 2147483648                             {manageable} {ergonomic}
     bool UseCompressedOops                        = true                           {product lp64_product} {ergonomic}
     bool UseLargePagesIndividualAllocation        = false                                  {pd product} {ergonomic}
     bool UseParallelGC                            = true                                      {product} {command line}

Logging:
Log output configuration:
 #0: stdout all=off uptime,level,tags foldmultilines=false
 #1: stderr all=off uptime,level,tags foldmultilines=false

Release file:
JAVA_VERSION="21.0.9" 
MODULES="java.base java.compiler java.datatransfer java.xml java.prefs java.desktop java.instrument java.logging java.management java.security.sasl java.naming java.rmi java.management.rmi java.net.http java.scripting java.security.jgss java.transaction.xa java.sql java.sql.rowset java.xml.crypto java.se java.smartcardio jdk.accessibility jdk.internal.jvmstat jdk.attach jdk.charsets jdk.internal.opt jdk.zipfs jdk.compiler jdk.crypto.ec jdk.crypto.cryptoki jdk.crypto.mscapi jdk.dynalink jdk.internal.ed jdk.editpad jdk.hotspot.agent jdk.httpserver jdk.internal.le jdk.internal.vm.ci jdk.internal.vm.compiler jdk.internal.vm.compiler.management jdk.jartool jdk.javadoc jdk.jcmd jdk.management jdk.management.agent jdk.jconsole jdk.jdeps jdk.jdwp.agent jdk.jdi jdk.jfr jdk.jshell jdk.jsobject jdk.jstatd jdk.localedata jdk.management.jfr jdk.naming.dns jdk.naming.rmi jdk.net jdk.nio.mapmode jdk.random jdk.sctp jdk.security.auth jdk.security.jgss jdk.unsupported jdk.unsupported.desktop jdk.xml.dom" 

Environment Variables:
JAVA_HOME=C:\Program Files\Java\jdk-21
PATH=C:\Users\ACER\AppData\Local\Programs\Eclipse Adoptium\jdk-17.0.17.10-hotspot\bin;C:\Users\ACER\AppData\Roaming\npm;C:\Program Files\Common Files\Oracle\Java\javapath;C:\Windows\system32;C:\Windows;C:\Windows\System32\Wbem;C:\Windows\System32\WindowsPowerShell\v1.0\;C:\Windows\System32\OpenSSH\;C:\Program Files\nodejs\;C:\Program Files\Git\cmd;C:\Program Files\Microsoft SQL Server\150\Tools\Binn\;C:\Users\ACER\AppData\Local\Android\Sdk\platform-tools;C:\Program Files\Microsoft SQL Server\Client SDK\ODBC\170\Tools\Binn\;C:\Program Files (x86)\Microsoft SQL Server\150\Tools\Binn\;C:\Program Files\Microsoft SQL Server\150\DTS\Binn\;C:\Program Files (x86)\Microsoft SQL Server\150\DTS\Binn\;C:\Program Files\Azure Data Studio\bin;C:\Program Files\Microsoft SQL Server\170\Tools\Binn\;C:\Program Files\Microsoft SQL Server\130\DTS\Binn\;C:\Program Files\Microsoft SQL Server\140\DTS\Binn\;C:\Program Files\Microsoft SQL Server\160\DTS\Binn\;C:\Program Files\Microsoft SQL Server\170\DTS\Binn\;D:\Document D\apache-maven-3.9.12-bin\apache-maven-3.9.12\bin;C:\Users\ACER\AppData\Local\Programs\Eclipse Adoptium\jdk-17.0.17.10-hotspot\bin;C:\Program Files\PostgreSQL\18\bin;C:\src\flutter\bin;C:\Users\ACER\AppData\Local\Programs\Eclipse Adoptium\jdk-17.0.17.10-hotspot\bin;C:\Users\ACER\AppData\Local\Programs\Eclipse Adoptium\jdk-17.0.17.10-hotspot\bin;C:\Program Files\Common Files\Oracle\Java\javapath;C:\Windows\system32;C:\Windows;C:\Windows\System32\Wbem;C:\Windows\System32\WindowsPowerShell\v1.0\;C:\Windows\System32\OpenSSH\;C:\Program Files\nodejs\;C:\Program Files\Git\cmd;C:\Program Files\Microsoft SQL Server\150\Tools\Binn\;C:\Users\ACER\AppData\Local\Android\Sdk\platform-tools;C:\Program Files\Microsoft SQL Server\Client SDK\ODBC\170\Tools\Binn\;C:\Program Files (x86)\Microsoft SQL Server\150\Tools\Binn\;C:\Program Files\Microsoft SQL Server\150\DTS\Binn\;C:\Program Files (x86)\Microsoft SQL Server\150\DTS\Binn\;C:\Program Files\Azure Data Studio\bin;C:\Program Files\Microsoft SQL Server\170\Tools\Binn\;C:\Program Files\Microsoft SQL Server\130\DTS\Binn\;C:\Program Files\Microsoft SQL Server\140\DTS\Binn\;C:\Program Files\Microsoft SQL Server\160\DTS\Binn\;C:\Program Files\Microsoft SQL Ser;C:\Users\ACER\AppData\Local\Programs\Microsoft VS Code\bin;C:\Users\ACER\AppData\Local\Programs\Kiro\bin
USERNAME=ACER
OS=Windows_NT
PROCESSOR_IDENTIFIER=AMD64 Family 23 Model 160 Stepping 0, AuthenticAMD
TMP=C:\Users\ACER\AppData\Local\Temp
TEMP=C:\Users\ACER\AppData\Local\Temp




Periodic native trim disabled

---------------  S Y S T E M  ---------------

OS:
 Windows 11 , 64 bit Build 22000 (10.0.22000.120)
OS uptime: 0 days 0:19 hours

CPU: total 8 (initial active 8) (8 cores per cpu, 2 threads per core) family 23 model 160 stepping 0 microcode 0x0, cx8, cmov, fxsr, ht, mmx, 3dnowpref, sse, sse2, sse3, ssse3, sse4a, sse4.1, sse4.2, popcnt, lzcnt, tsc, tscinvbit, avx, avx2, aes, clmul, bmi1, bmi2, adx, sha, fma, vzeroupper, clflush, clflushopt, rdtscp, rdpid, f16c
Processor Information for the first 8 processors :
  Max Mhz: 2801, Current Mhz: 2801, Mhz Limit: 2801

Memory: 4k page, system-wide physical 7413M (284M free)
TotalPageFile size 13645M (AvailPageFile size 5M)
current process WorkingSet (physical memory assigned to process): 143M, peak: 144M
current process commit charge ("private bytes"): 279M, peak: 281M

vm_info: OpenJDK 64-Bit Server VM (21.0.9+10-LTS) for windows-amd64 JRE (21.0.9+10-LTS), built on 2025-10-21T00:00:00Z by "admin" with unknown MS VC++:1942

END.
