#
# There is insufficient memory for the Java Runtime Environment to continue.
# Native memory allocation (malloc) failed to allocate 1048576 bytes. Error detail: AllocateHeap
# Possible reasons:
#   The system is out of physical RAM or swap space
#   This process is running with CompressedOops enabled, and the Java Heap may be blocking the growth of the native heap
# Possible solutions:
#   Reduce memory load on the system
#   Increase physical memory or swap space
#   Check if swap backing store is full
#   Decrease Java heap size (-Xmx/-Xms)
#   Decrease number of Java threads
#   Decrease Java thread stack sizes (-Xss)
#   Set larger code cache with -XX:ReservedCodeCacheSize=
#   JVM is running with Unscaled Compressed Oops mode in which the Java heap is
#     placed in the first 4GB address space. The Java Heap base address is the
#     maximum limit for the native heap growth. Please use -XX:HeapBaseMinAddress
#     to set the Java Heap base and to place the Java Heap above 4GB virtual address.
# This output file may be truncated or incomplete.
#
#  Out of Memory Error (allocation.cpp:44), pid=16216, tid=11072
#
# JRE version: OpenJDK Runtime Environment Temurin-21.0.9+10 (21.0.9+10) (build 21.0.9+10-LTS)
# Java VM: OpenJDK 64-Bit Server VM Temurin-21.0.9+10 (21.0.9+10-LTS, mixed mode, sharing, tiered, compressed oops, compressed class ptrs, parallel gc, windows-amd64)
# No core dump will be written. Minidumps are not enabled by default on client versions of Windows
#

---------------  S U M M A R Y ------------

Command Line: --add-modules=ALL-SYSTEM --add-opens=java.base/java.util=ALL-UNNAMED --add-opens=java.base/java.lang=ALL-UNNAMED --add-opens=java.base/sun.nio.fs=ALL-UNNAMED -Declipse.application=org.eclipse.jdt.ls.core.id1 -Dosgi.bundles.defaultStartLevel=4 -Declipse.product=org.eclipse.jdt.ls.core.product -Djava.import.generatesMetadataFilesAtProjectRoot=false -DDetectVMInstallationsJob.disabled=true -Dfile.encoding=utf8 -XX:+UseParallelGC -XX:GCTimeRatio=4 -XX:AdaptiveSizePolicyWeight=90 -Dsun.zip.disableMemoryMapping=true -Xmx2G -Xms100m -Xlog:disable -javaagent:c:\Users\ACER\.vscode\extensions\redhat.java-1.51.0-win32-x64\lombok\lombok-1.18.39-4050.jar -XX:+HeapDumpOnOutOfMemoryError -XX:HeapDumpPath=c:\Users\ACER\AppData\Roaming\Code\User\workspaceStorage\a298a14945db52d6c5c0261f731a72b0\redhat.java -Daether.dependencyCollector.impl=bf c:\Users\ACER\.vscode\extensions\redhat.java-1.51.0-win32-x64\server\plugins\org.eclipse.equinox.launcher_1.7.100.v20251111-0406.jar -configuration c:\Users\ACER\AppData\Roaming\Code\User\globalStorage\redhat.java\1.51.0\config_win -data c:\Users\ACER\AppData\Roaming\Code\User\workspaceStorage\a298a14945db52d6c5c0261f731a72b0\redhat.java\jdt_ws --pipe=\\.\pipe\lsp-2e1f072bc3e629aba78fb36a8a77308d-sock

Host: AMD Ryzen 5 7520U with Radeon Graphics         , 8 cores, 7G,  Windows 11 , 64 bit Build 22000 (10.0.22000.120)
Time: Fri Jan 23 16:31:44 2026 Greenwich elapsed time: 1022.701429 seconds (0d 0h 17m 2s)

---------------  T H R E A D  ---------------

Current thread (0x000002d019df5c80):  JavaThread "Attach Listener" daemon [_thread_in_vm, id=11072, stack(0x000000e0f6d00000,0x000000e0f6e00000) (1024K)]

Stack: [0x000000e0f6d00000,0x000000e0f6e00000]
Native frames: (J=compiled Java code, j=interpreted, Vv=VM code, C=native code)
V  [jvm.dll+0x6d6e29]
V  [jvm.dll+0x8b4b76]
V  [jvm.dll+0x8b712e]
V  [jvm.dll+0x8b7813]
V  [jvm.dll+0x283d86]
V  [jvm.dll+0xc1277]
V  [jvm.dll+0x6d76d9]
V  [jvm.dll+0x133466]
V  [jvm.dll+0x3f7ea6]
V  [jvm.dll+0x85e9ad]
V  [jvm.dll+0x6d565d]
C  [ucrtbase.dll+0x26c0c]
C  [KERNEL32.DLL+0x154e0]
C  [ntdll.dll+0x485b]


---------------  P R O C E S S  ---------------

Threads class SMR info:
_java_thread_list=0x000002d062ef9c40, length=43, elements={
0x000002d000fc8940, 0x000002d019deb680, 0x000002d019dec0d0, 0x000002d019df3c20,
0x000002d019df5c80, 0x000002d019df94c0, 0x000002d019dfe2f0, 0x000002d019dff810,
0x000002d019e00f80, 0x000002d05c9c4aa0, 0x000002d05ca95ac0, 0x000002d0616cdf20,
0x000002d061a159c0, 0x000002d061a239e0, 0x000002d0619f50f0, 0x000002d061aaba30,
0x000002d0618e4e70, 0x000002d061c81ae0, 0x000002d062078b30, 0x000002d061fe4210,
0x000002d061fe7690, 0x000002d061fe4f30, 0x000002d061fe62e0, 0x000002d061fe55c0,
0x000002d064c08560, 0x000002d064c0b9e0, 0x000002d064c0c070, 0x000002d064c07ed0,
0x000002d064c0b350, 0x000002d064c09fa0, 0x000002d064c0c700, 0x000002d064c0acc0,
0x000002d06537a410, 0x000002d064c09280, 0x000002d065375550, 0x000002d061fe7000,
0x000002d06433aa40, 0x000002d06433c480, 0x000002d064339690, 0x000002d064336f30,
0x000002d0643354f0, 0x000002d06433cb10, 0x000002d064338970
}

Java Threads: ( => current thread )
  0x000002d000fc8940 JavaThread "main"                              [_thread_blocked, id=17660, stack(0x000000e0f6600000,0x000000e0f6700000) (1024K)]
  0x000002d019deb680 JavaThread "Reference Handler"          daemon [_thread_blocked, id=19652, stack(0x000000e0f6a00000,0x000000e0f6b00000) (1024K)]
  0x000002d019dec0d0 JavaThread "Finalizer"                  daemon [_thread_blocked, id=19428, stack(0x000000e0f6b00000,0x000000e0f6c00000) (1024K)]
  0x000002d019df3c20 JavaThread "Signal Dispatcher"          daemon [_thread_blocked, id=4320, stack(0x000000e0f6c00000,0x000000e0f6d00000) (1024K)]
=>0x000002d019df5c80 JavaThread "Attach Listener"            daemon [_thread_in_vm, id=11072, stack(0x000000e0f6d00000,0x000000e0f6e00000) (1024K)]
  0x000002d019df94c0 JavaThread "Service Thread"             daemon [_thread_blocked, id=12128, stack(0x000000e0f6e00000,0x000000e0f6f00000) (1024K)]
  0x000002d019dfe2f0 JavaThread "Monitor Deflation Thread"   daemon [_thread_blocked, id=16084, stack(0x000000e0f6f00000,0x000000e0f7000000) (1024K)]
  0x000002d019dff810 JavaThread "C2 CompilerThread0"         daemon [_thread_blocked, id=8416, stack(0x000000e0f7000000,0x000000e0f7100000) (1024K)]
  0x000002d019e00f80 JavaThread "C1 CompilerThread0"         daemon [_thread_blocked, id=300, stack(0x000000e0f7100000,0x000000e0f7200000) (1024K)]
  0x000002d05c9c4aa0 JavaThread "Common-Cleaner"             daemon [_thread_blocked, id=19176, stack(0x000000e0f7300000,0x000000e0f7400000) (1024K)]
  0x000002d05ca95ac0 JavaThread "Notification Thread"        daemon [_thread_blocked, id=10292, stack(0x000000e0f7400000,0x000000e0f7500000) (1024K)]
  0x000002d0616cdf20 JavaThread "Active Thread: Equinox Container: b94d3384-67c1-4782-82c4-cdf27fce363e"        [_thread_blocked, id=16244, stack(0x000000e0f7c00000,0x000000e0f7d00000) (1024K)]
  0x000002d061a159c0 JavaThread "Refresh Thread: Equinox Container: b94d3384-67c1-4782-82c4-cdf27fce363e" daemon [_thread_blocked, id=19048, stack(0x000000e0f7e00000,0x000000e0f7f00000) (1024K)]
  0x000002d061a239e0 JavaThread "Framework Event Dispatcher: Equinox Container: b94d3384-67c1-4782-82c4-cdf27fce363e" daemon [_thread_blocked, id=3872, stack(0x000000e0f7f00000,0x000000e0f8000000) (1024K)]
  0x000002d0619f50f0 JavaThread "Start Level: Equinox Container: b94d3384-67c1-4782-82c4-cdf27fce363e" daemon [_thread_blocked, id=9580, stack(0x000000e0f8000000,0x000000e0f8100000) (1024K)]
  0x000002d061aaba30 JavaThread "Bundle File Closer"         daemon [_thread_blocked, id=11280, stack(0x000000e0f8100000,0x000000e0f8200000) (1024K)]
  0x000002d0618e4e70 JavaThread "SCR Component Actor"        daemon [_thread_blocked, id=19784, stack(0x000000e0f8200000,0x000000e0f8300000) (1024K)]
  0x000002d061c81ae0 JavaThread "Worker-JM"                         [_thread_blocked, id=10584, stack(0x000000e0f8300000,0x000000e0f8400000) (1024K)]
  0x000002d062078b30 JavaThread "JNA Cleaner"                daemon [_thread_blocked, id=9760, stack(0x000000e0f7500000,0x000000e0f7600000) (1024K)]
  0x000002d061fe4210 JavaThread "Java indexing"              daemon [_thread_blocked, id=15564, stack(0x000000e0f8600000,0x000000e0f8700000) (1024K)]
  0x000002d061fe7690 JavaThread "Thread-1"                   daemon [_thread_in_native, id=736, stack(0x000000e0f8c00000,0x000000e0f8d00000) (1024K)]
  0x000002d061fe4f30 JavaThread "Thread-2"                   daemon [_thread_in_native, id=10780, stack(0x000000e0f8d00000,0x000000e0f8e00000) (1024K)]
  0x000002d061fe62e0 JavaThread "Thread-3"                   daemon [_thread_in_native, id=20424, stack(0x000000e0f8e00000,0x000000e0f8f00000) (1024K)]
  0x000002d061fe55c0 JavaThread "Thread-4"                   daemon [_thread_in_native, id=7928, stack(0x000000e0f8f00000,0x000000e0f9000000) (1024K)]
  0x000002d064c08560 JavaThread "Thread-5"                   daemon [_thread_in_native, id=11436, stack(0x000000e0f9000000,0x000000e0f9100000) (1024K)]
  0x000002d064c0b9e0 JavaThread "Thread-6"                   daemon [_thread_in_native, id=14176, stack(0x000000e0f9100000,0x000000e0f9200000) (1024K)]
  0x000002d064c0c070 JavaThread "Thread-7"                   daemon [_thread_in_native, id=8916, stack(0x000000e0f9200000,0x000000e0f9300000) (1024K)]
  0x000002d064c07ed0 JavaThread "Thread-8"                   daemon [_thread_in_native, id=15524, stack(0x000000e0f9300000,0x000000e0f9400000) (1024K)]
  0x000002d064c0b350 JavaThread "Thread-9"                   daemon [_thread_in_native, id=8352, stack(0x000000e0f9400000,0x000000e0f9500000) (1024K)]
  0x000002d064c09fa0 JavaThread "pool-2-thread-1"                   [_thread_blocked, id=17568, stack(0x000000e0f9500000,0x000000e0f9600000) (1024K)]
  0x000002d064c0c700 JavaThread "WorkspaceEventsHandler"            [_thread_blocked, id=15224, stack(0x000000e0f9600000,0x000000e0f9700000) (1024K)]
  0x000002d064c0acc0 JavaThread "pool-1-thread-1"                   [_thread_blocked, id=12552, stack(0x000000e0f9700000,0x000000e0f9800000) (1024K)]
  0x000002d06537a410 JavaThread "Worker-6"                          [_thread_blocked, id=13484, stack(0x000000e0f6400000,0x000000e0f6500000) (1024K)]
  0x000002d064c09280 JavaThread "ForkJoinPool.commonPool-worker-11" daemon [_thread_blocked, id=15852, stack(0x000000e0f8500000,0x000000e0f8600000) (1024K)]
  0x000002d065375550 JavaThread "Worker-11"                         [_thread_blocked, id=12228, stack(0x000000e0f9a00000,0x000000e0f9b00000) (1024K)]
  0x000002d061fe7000 JavaThread "ForkJoinPool.commonPool-worker-14" daemon [_thread_blocked, id=13972, stack(0x000000e0f9e00000,0x000000e0f9f00000) (1024K)]
  0x000002d06433aa40 JavaThread "ForkJoinPool.commonPool-worker-15" daemon [_thread_blocked, id=10012, stack(0x000000e0f9f00000,0x000000e0fa000000) (1024K)]
  0x000002d06433c480 JavaThread "Worker-13"                         [_thread_blocked, id=9248, stack(0x000000e0f6300000,0x000000e0f6400000) (1024K)]
  0x000002d064339690 JavaThread "Worker-14"                         [_thread_blocked, id=7604, stack(0x000000e0f6500000,0x000000e0f6600000) (1024K)]
  0x000002d064336f30 JavaThread "Worker-15"                         [_thread_blocked, id=20404, stack(0x000000e0f7200000,0x000000e0f7300000) (1024K)]
  0x000002d0643354f0 JavaThread "Compiler Source File Reader" daemon [_thread_blocked, id=11408, stack(0x000000e0f8400000,0x000000e0f8500000) (1024K)]
  0x000002d06433cb10 JavaThread "Compiler Processing Task"   daemon [_thread_blocked, id=17232, stack(0x000000e0f8700000,0x000000e0f8800000) (1024K)]
  0x000002d064338970 JavaThread "Worker-16"                         [_thread_blocked, id=14636, stack(0x000000e0f8b00000,0x000000e0f8c00000) (1024K)]
Total: 43

Other Threads:
  0x000002d00343c760 VMThread "VM Thread"                           [id=14488, stack(0x000000e0f6900000,0x000000e0f6a00000) (1024K)]
  0x000002d0033ec630 WatcherThread "VM Periodic Task Thread"        [id=2832, stack(0x000000e0f6800000,0x000000e0f6900000) (1024K)]
  0x000002d0033a1030 WorkerThread "GC Thread#0"                     [id=17324, stack(0x000000e0f6700000,0x000000e0f6800000) (1024K)]
  0x000002d0618136a0 WorkerThread "GC Thread#1"                     [id=2764, stack(0x000000e0f7600000,0x000000e0f7700000) (1024K)]
  0x000002d0614a16c0 WorkerThread "GC Thread#2"                     [id=20308, stack(0x000000e0f7700000,0x000000e0f7800000) (1024K)]
  0x000002d0616e2cc0 WorkerThread "GC Thread#3"                     [id=19800, stack(0x000000e0f7800000,0x000000e0f7900000) (1024K)]
  0x000002d0612d4de0 WorkerThread "GC Thread#4"                     [id=14304, stack(0x000000e0f7900000,0x000000e0f7a00000) (1024K)]
  0x000002d0612d5180 WorkerThread "GC Thread#5"                     [id=19492, stack(0x000000e0f7a00000,0x000000e0f7b00000) (1024K)]
  0x000002d061842500 WorkerThread "GC Thread#6"                     [id=17908, stack(0x000000e0f7b00000,0x000000e0f7c00000) (1024K)]
  0x000002d05cb22f10 WorkerThread "GC Thread#7"                     [id=19392, stack(0x000000e0f7d00000,0x000000e0f7e00000) (1024K)]
Total: 10

Threads with active compile tasks:
Total: 0

VM state: not at safepoint (normal execution)

VM Mutex/Monitor currently owned by a thread: None

Heap address: 0x0000000080000000, size: 2048 MB, Compressed Oops mode: 32-bit

CDS archive(s) mapped at: [0x000002d01a000000-0x000002d01aba0000-0x000002d01aba0000), size 12189696, SharedBaseAddress: 0x000002d01a000000, ArchiveRelocationMode: 1.
Compressed class space mapped at: 0x000002d01b000000-0x000002d05b000000, reserved size: 1073741824
Narrow klass base: 0x000002d01a000000, Narrow klass shift: 0, Narrow klass range: 0x100000000

GC Precious Log:
 CardTable entry size: 512
 CPUs: 8 total, 8 available
 Memory: 7413M
 Large Page Support: Disabled
 NUMA Support: Disabled
 Compressed Oops: Enabled (32-bit)
 Alignments: Space 512K, Generation 512K, Heap 2M
 Heap Min Capacity: 100M
 Heap Initial Capacity: 100M
 Heap Max Capacity: 2G
 Pre-touch: Disabled
 Parallel Workers: 8

Heap:
 PSYoungGen      total 6656K, used 2060K [0x00000000d5580000, 0x00000000d6200000, 0x0000000100000000)
  eden space 5632K, 22% used [0x00000000d5580000,0x00000000d56bde28,0x00000000d5b00000)
  from space 1024K, 77% used [0x00000000d6100000,0x00000000d61c5200,0x00000000d6200000)
  to   space 1536K, 0% used [0x00000000d5f00000,0x00000000d5f00000,0x00000000d6080000)
 ParOldGen       total 596992K, used 596693K [0x0000000080000000, 0x00000000a4700000, 0x00000000d5580000)
  object space 596992K, 99% used [0x0000000080000000,0x00000000a46b55c0,0x00000000a4700000)
 Metaspace       used 70500K, committed 72064K, reserved 1114112K
  class space    used 7242K, committed 7936K, reserved 1048576K

Card table byte_map: [0x000002d002d30000,0x000002d003140000] _byte_map_base: 0x000002d002930000

Marking Bits: (ParMarkBitMap*) 0x00007ffd788d2460
 Begin Bits: [0x000002d015840000, 0x000002d017840000)
 End Bits:   [0x000002d017840000, 0x000002d019840000)

Polling page: 0x000002d001220000

Metaspace:

Usage:
  Non-class:     61.78 MB used.
      Class:      7.07 MB used.
       Both:     68.85 MB used.

Virtual space:
  Non-class space:       64.00 MB reserved,      62.62 MB ( 98%) committed,  1 nodes.
      Class space:        1.00 GB reserved,       7.75 MB ( <1%) committed,  1 nodes.
             Both:        1.06 GB reserved,      70.38 MB (  6%) committed. 

Chunk freelists:
   Non-Class:  1.38 MB
       Class:  8.14 MB
        Both:  9.52 MB

MaxMetaspaceSize: unlimited
CompressedClassSpaceSize: 1.00 GB
Initial GC threshold: 21.00 MB
Current GC threshold: 97.81 MB
CDS: on
 - commit_granule_bytes: 65536.
 - commit_granule_words: 8192.
 - virtual_space_node_default_size: 8388608.
 - enlarge_chunks_in_place: 1.
 - use_allocation_guard: 0.


Internal statistics:

num_allocs_failed_limit: 13.
num_arena_births: 1426.
num_arena_deaths: 14.
num_vsnodes_births: 2.
num_vsnodes_deaths: 0.
num_space_committed: 1126.
num_space_uncommitted: 0.
num_chunks_returned_to_freelist: 27.
num_chunks_taken_from_freelist: 4793.
num_chunk_merges: 18.
num_chunk_splits: 2961.
num_chunks_enlarged: 1692.
num_inconsistent_stats: 0.

CodeHeap 'non-profiled nmethods': size=120000Kb used=12761Kb max_used=12761Kb free=107239Kb
 bounds [0x000002d00e060000, 0x000002d00ece0000, 0x000002d015590000]
CodeHeap 'profiled nmethods': size=120000Kb used=35589Kb max_used=35589Kb free=84410Kb
 bounds [0x000002d006590000, 0x000002d008860000, 0x000002d00dac0000]
CodeHeap 'non-nmethods': size=5760Kb used=1460Kb max_used=1533Kb free=4299Kb
 bounds [0x000002d00dac0000, 0x000002d00dd30000, 0x000002d00e060000]
CodeCache: size=245760Kb, used=49810Kb, max_used=49883Kb, free=195948Kb
 total_blobs=15321, nmethods=14547, adapters=676, full_count=0
Compilation: enabled, stopped_count=0, restarted_count=0

Compilation events (20 events):
Event: 1014.760 Thread 0x000002d019e00f80 15333       3       org.eclipse.jdt.internal.compiler.ast.Block::doesNotCompleteNormally (39 bytes)
Event: 1014.760 Thread 0x000002d019e00f80 nmethod 15333 0x000002d00884f110 code [0x000002d00884f2e0, 0x000002d00884f5c0]
Event: 1014.760 Thread 0x000002d019e00f80 15334       3       org.eclipse.jdt.internal.compiler.lookup.BlockScope::problemReporter (8 bytes)
Event: 1014.761 Thread 0x000002d019e00f80 nmethod 15334 0x000002d00884f710 code [0x000002d00884f8e0, 0x000002d00884fe30]
Event: 1014.761 Thread 0x000002d019e00f80 15335   !   3       org.eclipse.jdt.internal.compiler.lookup.ConstraintExpressionFormula::canBePolyExpression (44 bytes)
Event: 1014.761 Thread 0x000002d019e00f80 nmethod 15335 0x000002d008850010 code [0x000002d008850200, 0x000002d008850788]
Event: 1014.761 Thread 0x000002d062563210 nmethod 15312 0x000002d00ecc2e10 code [0x000002d00ecc30c0, 0x000002d00ecc48b8]
Event: 1014.761 Thread 0x000002d062563210 15321       4       java.util.TimSort::countRunAndMakeAscending (128 bytes)
Event: 1014.762 Thread 0x000002d019e00f80 15336       3       org.eclipse.jdt.internal.compiler.CompilationResult::getLineSeparatorPositions (18 bytes)
Event: 1014.762 Thread 0x000002d019e00f80 nmethod 15336 0x000002d008850910 code [0x000002d008850ac0, 0x000002d008850c18]
Event: 1014.763 Thread 0x000002d019e00f80 15337       3       java.io.BufferedWriter::implFlushBuffer (34 bytes)
Event: 1014.763 Thread 0x000002d019e00f80 nmethod 15337 0x000002d008850c90 code [0x000002d008850e60, 0x000002d008851218]
Event: 1014.764 Thread 0x000002d019e00f80 15338       3       java.nio.charset.CharsetEncoder::implReplaceWith (1 bytes)
Event: 1014.764 Thread 0x000002d019e00f80 nmethod 15338 0x000002d008851390 code [0x000002d008851520, 0x000002d008851628]
Event: 1014.767 Thread 0x000002d062563210 nmethod 15321 0x000002d00ecc5790 code [0x000002d00ecc5940, 0x000002d00ecc5ea0]
Event: 1014.767 Thread 0x000002d062563210 15322       4       org.eclipse.jdt.internal.compiler.lookup.Scope::getMatchingUninitializedType (215 bytes)
Event: 1014.781 Thread 0x000002d062563210 nmethod 15322 0x000002d00ecc6210 code [0x000002d00ecc64c0, 0x000002d00ecc7390]
Event: 1014.781 Thread 0x000002d062563210 15325       4       org.eclipse.jdt.internal.core.SourceRefElement::calculateHashCode (12 bytes)
Event: 1014.782 Thread 0x000002d062563210 nmethod 15325 0x000002d00ecc7e10 code [0x000002d00ecc7fc0, 0x000002d00ecc81e8]
Event: 1014.928 Thread 0x000002d019dff810 nmethod 15288 0x000002d00ecc8410 code [0x000002d00ecc8f60, 0x000002d00ecd0490]

GC Heap History (20 events):
Event: 1013.994 GC heap before
{Heap before GC invocations=250 (full 3):
 PSYoungGen      total 9216K, used 9196K [0x00000000d5580000, 0x00000000d6300000, 0x0000000100000000)
  eden space 5632K, 100% used [0x00000000d5580000,0x00000000d5b00000,0x00000000d5b00000)
  from space 3584K, 99% used [0x00000000d5f80000,0x00000000d62fb000,0x00000000d6300000)
  to   space 4096K, 0% used [0x00000000d5b00000,0x00000000d5b00000,0x00000000d5f00000)
 ParOldGen       total 540672K, used 540386K [0x0000000080000000, 0x00000000a1000000, 0x00000000d5580000)
  object space 540672K, 99% used [0x0000000080000000,0x00000000a0fb8918,0x00000000a1000000)
 Metaspace       used 70375K, committed 71936K, reserved 1114112K
  class space    used 7240K, committed 7936K, reserved 1048576K
}
Event: 1013.999 GC heap after
{Heap after GC invocations=250 (full 3):
 PSYoungGen      total 8704K, used 2968K [0x00000000d5580000, 0x00000000d6200000, 0x0000000100000000)
  eden space 5632K, 0% used [0x00000000d5580000,0x00000000d5580000,0x00000000d5b00000)
  from space 3072K, 96% used [0x00000000d5b00000,0x00000000d5de6000,0x00000000d5e00000)
  to   space 3584K, 0% used [0x00000000d5e80000,0x00000000d5e80000,0x00000000d6200000)
 ParOldGen       total 543744K, used 543322K [0x0000000080000000, 0x00000000a1300000, 0x00000000d5580000)
  object space 543744K, 99% used [0x0000000080000000,0x00000000a1296918,0x00000000a1300000)
 Metaspace       used 70375K, committed 71936K, reserved 1114112K
  class space    used 7240K, committed 7936K, reserved 1048576K
}
Event: 1014.065 GC heap before
{Heap before GC invocations=251 (full 3):
 PSYoungGen      total 8704K, used 8600K [0x00000000d5580000, 0x00000000d6200000, 0x0000000100000000)
  eden space 5632K, 100% used [0x00000000d5580000,0x00000000d5b00000,0x00000000d5b00000)
  from space 3072K, 96% used [0x00000000d5b00000,0x00000000d5de6000,0x00000000d5e00000)
  to   space 3584K, 0% used [0x00000000d5e80000,0x00000000d5e80000,0x00000000d6200000)
 ParOldGen       total 543744K, used 543322K [0x0000000080000000, 0x00000000a1300000, 0x00000000d5580000)
  object space 543744K, 99% used [0x0000000080000000,0x00000000a1296918,0x00000000a1300000)
 Metaspace       used 70382K, committed 71936K, reserved 1114112K
  class space    used 7240K, committed 7936K, reserved 1048576K
}
Event: 1014.071 GC heap after
{Heap after GC invocations=251 (full 3):
 PSYoungGen      total 9216K, used 3163K [0x00000000d5580000, 0x00000000d6200000, 0x0000000100000000)
  eden space 5632K, 0% used [0x00000000d5580000,0x00000000d5580000,0x00000000d5b00000)
  from space 3584K, 88% used [0x00000000d5e80000,0x00000000d6196e50,0x00000000d6200000)
  to   space 3584K, 0% used [0x00000000d5b00000,0x00000000d5b00000,0x00000000d5e80000)
 ParOldGen       total 546304K, used 546202K [0x0000000080000000, 0x00000000a1580000, 0x00000000d5580000)
  object space 546304K, 99% used [0x0000000080000000,0x00000000a1566918,0x00000000a1580000)
 Metaspace       used 70382K, committed 71936K, reserved 1114112K
  class space    used 7240K, committed 7936K, reserved 1048576K
}
Event: 1014.104 GC heap before
{Heap before GC invocations=252 (full 3):
 PSYoungGen      total 9216K, used 8795K [0x00000000d5580000, 0x00000000d6200000, 0x0000000100000000)
  eden space 5632K, 100% used [0x00000000d5580000,0x00000000d5b00000,0x00000000d5b00000)
  from space 3584K, 88% used [0x00000000d5e80000,0x00000000d6196e50,0x00000000d6200000)
  to   space 3584K, 0% used [0x00000000d5b00000,0x00000000d5b00000,0x00000000d5e80000)
 ParOldGen       total 546304K, used 546202K [0x0000000080000000, 0x00000000a1580000, 0x00000000d5580000)
  object space 546304K, 99% used [0x0000000080000000,0x00000000a1566918,0x00000000a1580000)
 Metaspace       used 70384K, committed 71936K, reserved 1114112K
  class space    used 7240K, committed 7936K, reserved 1048576K
}
Event: 1014.111 GC heap after
{Heap after GC invocations=252 (full 3):
 PSYoungGen      total 9216K, used 3552K [0x00000000d5580000, 0x00000000d6300000, 0x0000000100000000)
  eden space 5632K, 0% used [0x00000000d5580000,0x00000000d5580000,0x00000000d5b00000)
  from space 3584K, 99% used [0x00000000d5b00000,0x00000000d5e78000,0x00000000d5e80000)
  to   space 4096K, 0% used [0x00000000d5f00000,0x00000000d5f00000,0x00000000d6300000)
 ParOldGen       total 549376K, used 549305K [0x0000000080000000, 0x00000000a1880000, 0x00000000d5580000)
  object space 549376K, 99% used [0x0000000080000000,0x00000000a186e788,0x00000000a1880000)
 Metaspace       used 70384K, committed 71936K, reserved 1114112K
  class space    used 7240K, committed 7936K, reserved 1048576K
}
Event: 1014.131 GC heap before
{Heap before GC invocations=253 (full 3):
 PSYoungGen      total 9216K, used 9184K [0x00000000d5580000, 0x00000000d6300000, 0x0000000100000000)
  eden space 5632K, 100% used [0x00000000d5580000,0x00000000d5b00000,0x00000000d5b00000)
  from space 3584K, 99% used [0x00000000d5b00000,0x00000000d5e78000,0x00000000d5e80000)
  to   space 4096K, 0% used [0x00000000d5f00000,0x00000000d5f00000,0x00000000d6300000)
 ParOldGen       total 549376K, used 549305K [0x0000000080000000, 0x00000000a1880000, 0x00000000d5580000)
  object space 549376K, 99% used [0x0000000080000000,0x00000000a186e788,0x00000000a1880000)
 Metaspace       used 70386K, committed 72000K, reserved 1114112K
  class space    used 7240K, committed 7936K, reserved 1048576K
}
Event: 1014.138 GC heap after
{Heap after GC invocations=253 (full 3):
 PSYoungGen      total 9216K, used 3162K [0x00000000d5580000, 0x00000000d6280000, 0x0000000100000000)
  eden space 5632K, 0% used [0x00000000d5580000,0x00000000d5580000,0x00000000d5b00000)
  from space 3584K, 88% used [0x00000000d5f00000,0x00000000d6216910,0x00000000d6280000)
  to   space 3584K, 0% used [0x00000000d5b00000,0x00000000d5b00000,0x00000000d5e80000)
 ParOldGen       total 552960K, used 552713K [0x0000000080000000, 0x00000000a1c00000, 0x00000000d5580000)
  object space 552960K, 99% used [0x0000000080000000,0x00000000a1bc27a8,0x00000000a1c00000)
 Metaspace       used 70386K, committed 72000K, reserved 1114112K
  class space    used 7240K, committed 7936K, reserved 1048576K
}
Event: 1014.199 GC heap before
{Heap before GC invocations=254 (full 3):
 PSYoungGen      total 9216K, used 8793K [0x00000000d5580000, 0x00000000d6280000, 0x0000000100000000)
  eden space 5632K, 99% used [0x00000000d5580000,0x00000000d5affe90,0x00000000d5b00000)
  from space 3584K, 88% used [0x00000000d5f00000,0x00000000d6216910,0x00000000d6280000)
  to   space 3584K, 0% used [0x00000000d5b00000,0x00000000d5b00000,0x00000000d5e80000)
 ParOldGen       total 584704K, used 583433K [0x0000000080000000, 0x00000000a3b00000, 0x00000000d5580000)
  object space 584704K, 99% used [0x0000000080000000,0x00000000a39c27d8,0x00000000a3b00000)
 Metaspace       used 70398K, committed 72000K, reserved 1114112K
  class space    used 7240K, committed 7936K, reserved 1048576K
}
Event: 1014.205 GC heap after
{Heap after GC invocations=254 (full 3):
 PSYoungGen      total 8192K, used 2176K [0x00000000d5580000, 0x00000000d6100000, 0x0000000100000000)
  eden space 5632K, 0% used [0x00000000d5580000,0x00000000d5580000,0x00000000d5b00000)
  from space 2560K, 85% used [0x00000000d5b00000,0x00000000d5d20000,0x00000000d5d80000)
  to   space 3072K, 0% used [0x00000000d5e00000,0x00000000d5e00000,0x00000000d6100000)
 ParOldGen       total 586240K, used 585921K [0x0000000080000000, 0x00000000a3c80000, 0x00000000d5580000)
  object space 586240K, 99% used [0x0000000080000000,0x00000000a3c307d8,0x00000000a3c80000)
 Metaspace       used 70398K, committed 72000K, reserved 1114112K
  class space    used 7240K, committed 7936K, reserved 1048576K
}
Event: 1014.447 GC heap before
{Heap before GC invocations=255 (full 3):
 PSYoungGen      total 8192K, used 7794K [0x00000000d5580000, 0x00000000d6100000, 0x0000000100000000)
  eden space 5632K, 99% used [0x00000000d5580000,0x00000000d5afca38,0x00000000d5b00000)
  from space 2560K, 85% used [0x00000000d5b00000,0x00000000d5d20000,0x00000000d5d80000)
  to   space 3072K, 0% used [0x00000000d5e00000,0x00000000d5e00000,0x00000000d6100000)
 ParOldGen       total 586240K, used 585921K [0x0000000080000000, 0x00000000a3c80000, 0x00000000d5580000)
  object space 586240K, 99% used [0x0000000080000000,0x00000000a3c307d8,0x00000000a3c80000)
 Metaspace       used 70413K, committed 72000K, reserved 1114112K
  class space    used 7242K, committed 7936K, reserved 1048576K
}
Event: 1014.450 GC heap after
{Heap after GC invocations=255 (full 3):
 PSYoungGen      total 8704K, used 2687K [0x00000000d5580000, 0x00000000d6100000, 0x0000000100000000)
  eden space 5632K, 0% used [0x00000000d5580000,0x00000000d5580000,0x00000000d5b00000)
  from space 3072K, 87% used [0x00000000d5e00000,0x00000000d609ff90,0x00000000d6100000)
  to   space 3072K, 0% used [0x00000000d5b00000,0x00000000d5b00000,0x00000000d5e00000)
 ParOldGen       total 587776K, used 587457K [0x0000000080000000, 0x00000000a3e00000, 0x00000000d5580000)
  object space 587776K, 99% used [0x0000000080000000,0x00000000a3db07d8,0x00000000a3e00000)
 Metaspace       used 70413K, committed 72000K, reserved 1114112K
  class space    used 7242K, committed 7936K, reserved 1048576K
}
Event: 1014.507 GC heap before
{Heap before GC invocations=256 (full 3):
 PSYoungGen      total 8704K, used 8319K [0x00000000d5580000, 0x00000000d6100000, 0x0000000100000000)
  eden space 5632K, 100% used [0x00000000d5580000,0x00000000d5b00000,0x00000000d5b00000)
  from space 3072K, 87% used [0x00000000d5e00000,0x00000000d609ff90,0x00000000d6100000)
  to   space 3072K, 0% used [0x00000000d5b00000,0x00000000d5b00000,0x00000000d5e00000)
 ParOldGen       total 587776K, used 587457K [0x0000000080000000, 0x00000000a3e00000, 0x00000000d5580000)
  object space 587776K, 99% used [0x0000000080000000,0x00000000a3db07d8,0x00000000a3e00000)
 Metaspace       used 70416K, committed 72000K, reserved 1114112K
  class space    used 7242K, committed 7936K, reserved 1048576K
}
Event: 1014.511 GC heap after
{Heap after GC invocations=256 (full 3):
 PSYoungGen      total 8704K, used 3058K [0x00000000d5580000, 0x00000000d6a00000, 0x0000000100000000)
  eden space 5632K, 0% used [0x00000000d5580000,0x00000000d5580000,0x00000000d5b00000)
  from space 3072K, 99% used [0x00000000d5b00000,0x00000000d5dfc8c8,0x00000000d5e00000)
  to   space 7680K, 0% used [0x00000000d6280000,0x00000000d6280000,0x00000000d6a00000)
 ParOldGen       total 591360K, used 591128K [0x0000000080000000, 0x00000000a4180000, 0x00000000d5580000)
  object space 591360K, 99% used [0x0000000080000000,0x00000000a4146398,0x00000000a4180000)
 Metaspace       used 70416K, committed 72000K, reserved 1114112K
  class space    used 7242K, committed 7936K, reserved 1048576K
}
Event: 1014.614 GC heap before
{Heap before GC invocations=257 (full 3):
 PSYoungGen      total 8704K, used 8690K [0x00000000d5580000, 0x00000000d6a00000, 0x0000000100000000)
  eden space 5632K, 100% used [0x00000000d5580000,0x00000000d5b00000,0x00000000d5b00000)
  from space 3072K, 99% used [0x00000000d5b00000,0x00000000d5dfc8c8,0x00000000d5e00000)
  to   space 7680K, 0% used [0x00000000d6280000,0x00000000d6280000,0x00000000d6a00000)
 ParOldGen       total 591360K, used 591128K [0x0000000080000000, 0x00000000a4180000, 0x00000000d5580000)
  object space 591360K, 99% used [0x0000000080000000,0x00000000a4146398,0x00000000a4180000)
 Metaspace       used 70430K, committed 72000K, reserved 1114112K
  class space    used 7242K, committed 7936K, reserved 1048576K
}
Event: 1014.618 GC heap after
{Heap after GC invocations=257 (full 3):
 PSYoungGen      total 7680K, used 1888K [0x00000000d5580000, 0x00000000d6480000, 0x0000000100000000)
  eden space 5632K, 0% used [0x00000000d5580000,0x00000000d5580000,0x00000000d5b00000)
  from space 2048K, 92% used [0x00000000d6280000,0x00000000d6458000,0x00000000d6480000)
  to   space 4096K, 0% used [0x00000000d5c80000,0x00000000d5c80000,0x00000000d6080000)
 ParOldGen       total 594432K, used 594157K [0x0000000080000000, 0x00000000a4480000, 0x00000000d5580000)
  object space 594432K, 99% used [0x0000000080000000,0x00000000a443b600,0x00000000a4480000)
 Metaspace       used 70430K, committed 72000K, reserved 1114112K
  class space    used 7242K, committed 7936K, reserved 1048576K
}
Event: 1014.729 GC heap before
{Heap before GC invocations=258 (full 3):
 PSYoungGen      total 7680K, used 7520K [0x00000000d5580000, 0x00000000d6480000, 0x0000000100000000)
  eden space 5632K, 100% used [0x00000000d5580000,0x00000000d5b00000,0x00000000d5b00000)
  from space 2048K, 92% used [0x00000000d6280000,0x00000000d6458000,0x00000000d6480000)
  to   space 4096K, 0% used [0x00000000d5c80000,0x00000000d5c80000,0x00000000d6080000)
 ParOldGen       total 594432K, used 594157K [0x0000000080000000, 0x00000000a4480000, 0x00000000d5580000)
  object space 594432K, 99% used [0x0000000080000000,0x00000000a443b600,0x00000000a4480000)
 Metaspace       used 70476K, committed 72064K, reserved 1114112K
  class space    used 7242K, committed 7936K, reserved 1048576K
}
Event: 1014.732 GC heap after
{Heap after GC invocations=258 (full 3):
 PSYoungGen      total 9728K, used 1396K [0x00000000d5580000, 0x00000000d6300000, 0x0000000100000000)
  eden space 5632K, 0% used [0x00000000d5580000,0x00000000d5580000,0x00000000d5b00000)
  from space 4096K, 34% used [0x00000000d5c80000,0x00000000d5ddd200,0x00000000d6080000)
  to   space 2048K, 0% used [0x00000000d6100000,0x00000000d6100000,0x00000000d6300000)
 ParOldGen       total 595968K, used 595894K [0x0000000080000000, 0x00000000a4600000, 0x00000000d5580000)
  object space 595968K, 99% used [0x0000000080000000,0x00000000a45ed938,0x00000000a4600000)
 Metaspace       used 70476K, committed 72064K, reserved 1114112K
  class space    used 7242K, committed 7936K, reserved 1048576K
}
Event: 1014.753 GC heap before
{Heap before GC invocations=259 (full 3):
 PSYoungGen      total 9728K, used 7028K [0x00000000d5580000, 0x00000000d6300000, 0x0000000100000000)
  eden space 5632K, 100% used [0x00000000d5580000,0x00000000d5b00000,0x00000000d5b00000)
  from space 4096K, 34% used [0x00000000d5c80000,0x00000000d5ddd200,0x00000000d6080000)
  to   space 2048K, 0% used [0x00000000d6100000,0x00000000d6100000,0x00000000d6300000)
 ParOldGen       total 595968K, used 595894K [0x0000000080000000, 0x00000000a4600000, 0x00000000d5580000)
  object space 595968K, 99% used [0x0000000080000000,0x00000000a45ed938,0x00000000a4600000)
 Metaspace       used 70498K, committed 72064K, reserved 1114112K
  class space    used 7242K, committed 7936K, reserved 1048576K
}
Event: 1014.756 GC heap after
{Heap after GC invocations=259 (full 3):
 PSYoungGen      total 6656K, used 788K [0x00000000d5580000, 0x00000000d6200000, 0x0000000100000000)
  eden space 5632K, 0% used [0x00000000d5580000,0x00000000d5580000,0x00000000d5b00000)
  from space 1024K, 77% used [0x00000000d6100000,0x00000000d61c5200,0x00000000d6200000)
  to   space 1536K, 0% used [0x00000000d5f00000,0x00000000d5f00000,0x00000000d6080000)
 ParOldGen       total 596992K, used 596693K [0x0000000080000000, 0x00000000a4700000, 0x00000000d5580000)
  object space 596992K, 99% used [0x0000000080000000,0x00000000a46b55c0,0x00000000a4700000)
 Metaspace       used 70498K, committed 72064K, reserved 1114112K
  class space    used 7242K, committed 7936K, reserved 1048576K
}

Dll operation events (10 events):
Event: 0.007 Loaded shared library c:\Users\ACER\.vscode\extensions\redhat.java-1.51.0-win32-x64\jre\21.0.9-win32-x86_64\bin\java.dll
Event: 0.061 Loaded shared library c:\Users\ACER\.vscode\extensions\redhat.java-1.51.0-win32-x64\jre\21.0.9-win32-x86_64\bin\zip.dll
Event: 0.085 Loaded shared library C:\Users\ACER\.vscode\extensions\redhat.java-1.51.0-win32-x64\jre\21.0.9-win32-x86_64\bin\instrument.dll
Event: 0.092 Loaded shared library C:\Users\ACER\.vscode\extensions\redhat.java-1.51.0-win32-x64\jre\21.0.9-win32-x86_64\bin\net.dll
Event: 0.094 Loaded shared library C:\Users\ACER\.vscode\extensions\redhat.java-1.51.0-win32-x64\jre\21.0.9-win32-x86_64\bin\nio.dll
Event: 0.097 Loaded shared library C:\Users\ACER\.vscode\extensions\redhat.java-1.51.0-win32-x64\jre\21.0.9-win32-x86_64\bin\zip.dll
Event: 0.115 Loaded shared library C:\Users\ACER\.vscode\extensions\redhat.java-1.51.0-win32-x64\jre\21.0.9-win32-x86_64\bin\jimage.dll
Event: 0.230 Loaded shared library c:\Users\ACER\.vscode\extensions\redhat.java-1.51.0-win32-x64\jre\21.0.9-win32-x86_64\bin\verify.dll
Event: 1.775 Loaded shared library C:\Users\ACER\AppData\Roaming\Code\User\globalStorage\redhat.java\1.51.0\config_win\org.eclipse.equinox.launcher\org.eclipse.equinox.launcher.win32.win32.x86_64_1.2.1400.v20250801-0854\eclipse_11916.dll
Event: 3.478 Loaded shared library C:\Users\ACER\AppData\Local\Temp\jna-2003023\jna18336045934865999731.dll

Deoptimization events (20 events):
Event: 1014.090 Thread 0x000002d064336f30 Uncommon trap: trap_request=0xffffffd6 fr.pc=0x000002d00ec88c20 relative=0x0000000000000540
Event: 1014.090 Thread 0x000002d064336f30 Uncommon trap: reason=array_check action=maybe_recompile pc=0x000002d00ec88c20 method=java.util.TimSort.reverseRange([Ljava/lang/Object;II)V @ 27 c2
Event: 1014.090 Thread 0x000002d064336f30 DEOPT PACKING pc=0x000002d00ec88c20 sp=0x000000e0f72fe200
Event: 1014.090 Thread 0x000002d064336f30 DEOPT UNPACKING pc=0x000002d00db13aa2 sp=0x000000e0f72fe110 mode 2
Event: 1014.281 Thread 0x000002d06433c480 Uncommon trap: trap_request=0xffffffbe fr.pc=0x000002d00ec9f428 relative=0x0000000000000108
Event: 1014.281 Thread 0x000002d06433c480 Uncommon trap: reason=profile_predicate action=maybe_recompile pc=0x000002d00ec9f428 method=org.eclipse.jdt.core.compiler.CharOperation.splitAndTrimOn(C[C)[[C @ 175 c2
Event: 1014.282 Thread 0x000002d06433c480 DEOPT PACKING pc=0x000002d00ec9f428 sp=0x000000e0f63fe0a0
Event: 1014.282 Thread 0x000002d06433c480 DEOPT UNPACKING pc=0x000002d00db13aa2 sp=0x000000e0f63fe008 mode 2
Event: 1014.282 Thread 0x000002d06433c480 Uncommon trap: trap_request=0xffffffbe fr.pc=0x000002d00ec9f428 relative=0x0000000000000108
Event: 1014.282 Thread 0x000002d06433c480 Uncommon trap: reason=profile_predicate action=maybe_recompile pc=0x000002d00ec9f428 method=org.eclipse.jdt.core.compiler.CharOperation.splitAndTrimOn(C[C)[[C @ 175 c2
Event: 1014.282 Thread 0x000002d06433c480 DEOPT PACKING pc=0x000002d00ec9f428 sp=0x000000e0f63fe0a0
Event: 1014.282 Thread 0x000002d06433c480 DEOPT UNPACKING pc=0x000002d00db13aa2 sp=0x000000e0f63fe008 mode 2
Event: 1014.282 Thread 0x000002d06433c480 Uncommon trap: trap_request=0xffffffbe fr.pc=0x000002d00ec9f428 relative=0x0000000000000108
Event: 1014.282 Thread 0x000002d06433c480 Uncommon trap: reason=profile_predicate action=maybe_recompile pc=0x000002d00ec9f428 method=org.eclipse.jdt.core.compiler.CharOperation.splitAndTrimOn(C[C)[[C @ 175 c2
Event: 1014.282 Thread 0x000002d06433c480 DEOPT PACKING pc=0x000002d00ec9f428 sp=0x000000e0f63fe160
Event: 1014.282 Thread 0x000002d06433c480 DEOPT UNPACKING pc=0x000002d00db13aa2 sp=0x000000e0f63fe0c8 mode 2
Event: 1014.282 Thread 0x000002d06433c480 Uncommon trap: trap_request=0xffffffbe fr.pc=0x000002d00ec9f428 relative=0x0000000000000108
Event: 1014.282 Thread 0x000002d06433c480 Uncommon trap: reason=profile_predicate action=maybe_recompile pc=0x000002d00ec9f428 method=org.eclipse.jdt.core.compiler.CharOperation.splitAndTrimOn(C[C)[[C @ 175 c2
Event: 1014.282 Thread 0x000002d06433c480 DEOPT PACKING pc=0x000002d00ec9f428 sp=0x000000e0f63fe160
Event: 1014.282 Thread 0x000002d06433c480 DEOPT UNPACKING pc=0x000002d00db13aa2 sp=0x000000e0f63fe0c8 mode 2

Classes loaded (20 events):
Event: 584.729 Loading class java/util/ImmutableCollections$SubList
Event: 584.730 Loading class java/util/ImmutableCollections$SubList done
Event: 586.969 Loading class sun/nio/fs/WindowsFileCopy
Event: 586.970 Loading class sun/nio/fs/WindowsFileCopy done
Event: 884.028 Loading class java/util/stream/Nodes$CollectorTask$OfRef
Event: 884.031 Loading class java/util/stream/Nodes$CollectorTask
Event: 884.035 Loading class java/util/stream/Nodes$CollectorTask done
Event: 884.035 Loading class java/util/stream/Nodes$CollectorTask$OfRef done
Event: 884.121 Loading class java/util/function/LongFunction
Event: 884.122 Loading class java/util/function/LongFunction done
Event: 884.125 Loading class java/util/stream/Nodes$ConcNode
Event: 884.126 Loading class java/util/stream/Nodes$AbstractConcNode
Event: 884.128 Loading class java/util/stream/Nodes$AbstractConcNode done
Event: 884.128 Loading class java/util/stream/Nodes$ConcNode done
Event: 884.296 Loading class java/io/ObjectOutputStream$BlockDataOutputStream
Event: 884.297 Loading class java/io/ObjectOutputStream$BlockDataOutputStream done
Event: 884.297 Loading class java/io/ObjectOutputStream$HandleTable
Event: 884.298 Loading class java/io/ObjectOutputStream$HandleTable done
Event: 884.298 Loading class java/io/ObjectOutputStream$ReplaceTable
Event: 884.298 Loading class java/io/ObjectOutputStream$ReplaceTable done

Classes unloaded (7 events):
Event: 4.076 Thread 0x000002d00343c760 Unloading class 0x000002d01b1a3800 'java/lang/invoke/LambdaForm$MH+0x000002d01b1a3800'
Event: 4.076 Thread 0x000002d00343c760 Unloading class 0x000002d01b1a3400 'java/lang/invoke/LambdaForm$MH+0x000002d01b1a3400'
Event: 4.076 Thread 0x000002d00343c760 Unloading class 0x000002d01b1a3000 'java/lang/invoke/LambdaForm$MH+0x000002d01b1a3000'
Event: 4.076 Thread 0x000002d00343c760 Unloading class 0x000002d01b1a2c00 'java/lang/invoke/LambdaForm$MH+0x000002d01b1a2c00'
Event: 4.076 Thread 0x000002d00343c760 Unloading class 0x000002d01b1a2800 'java/lang/invoke/LambdaForm$BMH+0x000002d01b1a2800'
Event: 4.076 Thread 0x000002d00343c760 Unloading class 0x000002d01b1a2400 'java/lang/invoke/LambdaForm$DMH+0x000002d01b1a2400'
Event: 4.076 Thread 0x000002d00343c760 Unloading class 0x000002d01b1a1000 'java/lang/invoke/LambdaForm$DMH+0x000002d01b1a1000'

Classes redefined (0 events):
No events

Internal exceptions (20 events):
Event: 670.631 Thread 0x000002d061fe4210 Exception <a 'sun/nio/fs/WindowsException'{0x00000000d588cd20}> (0x00000000d588cd20) 
thrown [s\src\hotspot\share\prims\jni.cpp, line 520]
Event: 670.880 Thread 0x000002d061fe4210 Exception <a 'sun/nio/fs/WindowsException'{0x00000000d59d6b58}> (0x00000000d59d6b58) 
thrown [s\src\hotspot\share\prims\jni.cpp, line 520]
Event: 716.927 Thread 0x000002d061fe4210 Exception <a 'sun/nio/fs/WindowsException'{0x00000000d5a1b1f0}> (0x00000000d5a1b1f0) 
thrown [s\src\hotspot\share\prims\jni.cpp, line 520]
Event: 717.137 Thread 0x000002d061fe4210 Exception <a 'sun/nio/fs/WindowsException'{0x00000000d570d7a0}> (0x00000000d570d7a0) 
thrown [s\src\hotspot\share\prims\jni.cpp, line 520]
Event: 717.334 Thread 0x000002d061fe6970 Exception <a 'java/lang/ArrayIndexOutOfBoundsException'{0x00000000d56bcb18}: Index 871 out of bounds for length 871> (0x00000000d56bcb18) 
thrown [s\src\hotspot\share\interpreter\interpreterRuntime.cpp, line 439]
Event: 717.415 Thread 0x000002d064c08bf0 Exception <a 'java/lang/ArrayIndexOutOfBoundsException'{0x00000000d56581b8}: Index 1077 out of bounds for length 1077> (0x00000000d56581b8) 
thrown [s\src\hotspot\share\interpreter\interpreterRuntime.cpp, line 439]
Event: 717.502 Thread 0x000002d064c08bf0 Exception <a 'java/lang/ArrayIndexOutOfBoundsException'{0x00000000d570de90}: Index 1337 out of bounds for length 1337> (0x00000000d570de90) 
thrown [s\src\hotspot\share\interpreter\interpreterRuntime.cpp, line 439]
Event: 717.616 Thread 0x000002d064c05e00 Exception <a 'java/lang/ArrayIndexOutOfBoundsException'{0x00000000d56145f0}: Index 1630 out of bounds for length 1630> (0x00000000d56145f0) 
thrown [s\src\hotspot\share\interpreter\interpreterRuntime.cpp, line 439]
Event: 717.792 Thread 0x000002d064c08bf0 Exception <a 'java/lang/ArrayIndexOutOfBoundsException'{0x00000000d5764ca8}: Index 2104 out of bounds for length 2104> (0x00000000d5764ca8) 
thrown [s\src\hotspot\share\interpreter\interpreterRuntime.cpp, line 439]
Event: 721.100 Thread 0x000002d064c0acc0 Exception <a 'java/lang/IncompatibleClassChangeError'{0x00000000d56b8f00}: Found class java.lang.Object, but interface was expected> (0x00000000d56b8f00) 
thrown [s\src\hotspot\share\interpreter\linkResolver.cpp, line 840]
Event: 721.846 Thread 0x000002d064339690 Implicit null exception at 0x000002d00e913b4e to 0x000002d00e91434c
Event: 721.978 Thread 0x000002d064c0acc0 Exception <a 'java/lang/IncompatibleClassChangeError'{0x00000000d55b1cb0}: Found class java.lang.Object, but interface was expected> (0x00000000d55b1cb0) 
thrown [s\src\hotspot\share\interpreter\linkResolver.cpp, line 840]
Event: 721.988 Thread 0x000002d061fe7000 Exception <a 'java/lang/NoSuchMethodError'{0x00000000d57e8f28}: 'java.lang.Object java.lang.invoke.DirectMethodHandle$Holder.invokeSpecial(java.lang.Object, java.lang.Object, java.lang.Object, java.lang.Object, int, java.lang.Object, java.lang.Object)'> (0x00000000d57e8f28) 
thrown [s\src\hotspot\share\interpreter\linkResolver.cpp, line 773]
Event: 884.267 Thread 0x000002d06537a410 Exception <a 'sun/nio/fs/WindowsException'{0x00000000d5818090}> (0x00000000d5818090) 
thrown [s\src\hotspot\share\prims\jni.cpp, line 520]
Event: 884.269 Thread 0x000002d06537a410 Exception <a 'sun/nio/fs/WindowsException'{0x00000000d5818e48}> (0x00000000d5818e48) 
thrown [s\src\hotspot\share\prims\jni.cpp, line 520]
Event: 884.277 Thread 0x000002d06537a410 Implicit null exception at 0x000002d00e73e50d to 0x000002d00e73e880
Event: 884.344 Thread 0x000002d06537a410 Exception <a 'java/lang/NoSuchMethodError'{0x00000000d58ccf00}: static [J.<clinit>()V> (0x00000000d58ccf00) 
thrown [s\src\hotspot\share\prims\jni.cpp, line 1111]
Event: 884.374 Thread 0x000002d06537a410 Exception <a 'java/lang/NoSuchMethodError'{0x00000000d59098f0}: 'java.lang.Object java.lang.invoke.DirectMethodHandle$Holder.newInvokeSpecial(java.lang.Object, java.lang.Object, java.lang.Object, java.lang.Object, java.lang.Object, java.lang.Object, java.lang.Object, java.lang.Object)'> (0x00000000d59098f0) 
thrown [s\src\hotspot\share\interpreter\linkResolver.cpp, line 773]
Event: 1013.831 Thread 0x000002d061fe4210 Exception <a 'sun/nio/fs/WindowsException'{0x00000000d5584500}> (0x00000000d5584500) 
thrown [s\src\hotspot\share\prims\jni.cpp, line 520]
Event: 1014.304 Thread 0x000002d061fe4210 Exception <a 'sun/nio/fs/WindowsException'{0x00000000d560e5d0}> (0x00000000d560e5d0) 
thrown [s\src\hotspot\share\prims\jni.cpp, line 520]

ZGC Phase Switch (0 events):
No events

VM Operations (20 events):
Event: 1014.131 Executing VM operation: ParallelGCFailedAllocation (Allocation Failure)
Event: 1014.138 Executing VM operation: ParallelGCFailedAllocation (Allocation Failure) done
Event: 1014.198 Executing VM operation: ParallelGCFailedAllocation (Allocation Failure)
Event: 1014.205 Executing VM operation: ParallelGCFailedAllocation (Allocation Failure) done
Event: 1014.446 Executing VM operation: ParallelGCFailedAllocation (Allocation Failure)
Event: 1014.450 Executing VM operation: ParallelGCFailedAllocation (Allocation Failure) done
Event: 1014.507 Executing VM operation: ParallelGCFailedAllocation (Allocation Failure)
Event: 1014.511 Executing VM operation: ParallelGCFailedAllocation (Allocation Failure) done
Event: 1014.614 Executing VM operation: ParallelGCFailedAllocation (Allocation Failure)
Event: 1014.618 Executing VM operation: ParallelGCFailedAllocation (Allocation Failure) done
Event: 1014.729 Executing VM operation: ParallelGCFailedAllocation (Allocation Failure)
Event: 1014.732 Executing VM operation: ParallelGCFailedAllocation (Allocation Failure) done
Event: 1014.753 Executing VM operation: ParallelGCFailedAllocation (Allocation Failure)
Event: 1014.756 Executing VM operation: ParallelGCFailedAllocation (Allocation Failure) done
Event: 1016.757 Executing VM operation: Cleanup
Event: 1016.757 Executing VM operation: Cleanup done
Event: 1022.342 Executing VM operation: HandshakeAllThreads (HandshakeForDeflation)
Event: 1022.342 Executing VM operation: HandshakeAllThreads (HandshakeForDeflation) done
Event: 1022.342 Executing VM operation: RendezvousGCThreads
Event: 1022.342 Executing VM operation: RendezvousGCThreads done

Memory protections (0 events):
No events

Nmethod flushes (20 events):
Event: 14.154 Thread 0x000002d00343c760 flushing osr nmethod 0x000002d006e32790
Event: 14.154 Thread 0x000002d00343c760 flushing  nmethod 0x000002d006e33890
Event: 14.154 Thread 0x000002d00343c760 flushing  nmethod 0x000002d006e3f310
Event: 14.154 Thread 0x000002d00343c760 flushing  nmethod 0x000002d006e52410
Event: 14.154 Thread 0x000002d00343c760 flushing  nmethod 0x000002d006e53310
Event: 14.154 Thread 0x000002d00343c760 flushing  nmethod 0x000002d006e58490
Event: 14.154 Thread 0x000002d00343c760 flushing  nmethod 0x000002d006e6a190
Event: 14.154 Thread 0x000002d00343c760 flushing  nmethod 0x000002d006e6a510
Event: 14.154 Thread 0x000002d00343c760 flushing  nmethod 0x000002d006e6ab10
Event: 14.154 Thread 0x000002d00343c760 flushing  nmethod 0x000002d006e6b390
Event: 14.154 Thread 0x000002d00343c760 flushing  nmethod 0x000002d006e6e590
Event: 14.154 Thread 0x000002d00343c760 flushing  nmethod 0x000002d006e7a110
Event: 14.154 Thread 0x000002d00343c760 flushing  nmethod 0x000002d006e7e210
Event: 14.154 Thread 0x000002d00343c760 flushing  nmethod 0x000002d006e93510
Event: 14.154 Thread 0x000002d00343c760 flushing  nmethod 0x000002d006eaf210
Event: 14.154 Thread 0x000002d00343c760 flushing  nmethod 0x000002d006ef7190
Event: 14.154 Thread 0x000002d00343c760 flushing  nmethod 0x000002d006ef8c90
Event: 14.154 Thread 0x000002d00343c760 flushing  nmethod 0x000002d006f06410
Event: 14.154 Thread 0x000002d00343c760 flushing  nmethod 0x000002d006f06790
Event: 14.154 Thread 0x000002d00343c760 flushing  nmethod 0x000002d006f47390

Events (20 events):
Event: 884.017 Thread 0x000002d06537a410 Thread added: 0x000002d064338970
Event: 884.132 Thread 0x000002d064338970 Thread exited: 0x000002d064338970
Event: 884.283 Thread 0x000002d06537a410 Thread added: 0x000002d0643375c0
Event: 884.287 Thread 0x000002d0643375c0 Thread exited: 0x000002d0643375c0
Event: 903.862 Thread 0x000002d061fe5c50 Thread exited: 0x000002d061fe5c50
Event: 963.874 Thread 0x000002d061fe48a0 Thread exited: 0x000002d061fe48a0
Event: 968.680 Thread 0x000002d064c0d420 Thread exited: 0x000002d064c0d420
Event: 968.738 Thread 0x000002d065374830 Thread exited: 0x000002d065374830
Event: 968.738 Thread 0x000002d0653789d0 Thread exited: 0x000002d0653789d0
Event: 970.713 Thread 0x000002d065376270 Thread exited: 0x000002d065376270
Event: 1013.559 Thread 0x000002d064c0acc0 Thread added: 0x000002d06433c480
Event: 1013.640 Thread 0x000002d06537a410 Thread added: 0x000002d064339690
Event: 1013.648 Thread 0x000002d06537a410 Thread added: 0x000002d064336f30
Event: 1013.855 Thread 0x000002d06433c480 Thread added: 0x000002d0643354f0
Event: 1013.912 Thread 0x000002d06433c480 Thread added: 0x000002d06433cb10
Event: 1013.943 Thread 0x000002d019e00f80 Thread added: 0x000002d062563210
Event: 1014.283 Thread 0x000002d06537a410 Thread added: 0x000002d064338970
Event: 1017.025 Thread 0x000002d065379060 Thread exited: 0x000002d065379060
Event: 1018.174 Thread 0x000002d064c06490 Thread exited: 0x000002d064c06490
Event: 1019.784 Thread 0x000002d062563210 Thread exited: 0x000002d062563210


Dynamic libraries:
0x00007ff6e5240000 - 0x00007ff6e524e000 	c:\Users\ACER\.vscode\extensions\redhat.java-1.51.0-win32-x64\jre\21.0.9-win32-x86_64\bin\java.exe
0x00007ffdf3740000 - 0x00007ffdf3947000 	C:\Windows\SYSTEM32\ntdll.dll
0x00007ffdf22b0000 - 0x00007ffdf236d000 	C:\Windows\System32\KERNEL32.DLL
0x00007ffdf0df0000 - 0x00007ffdf1164000 	C:\Windows\System32\KERNELBASE.dll
0x00007ffdf1170000 - 0x00007ffdf1281000 	C:\Windows\System32\ucrtbase.dll
0x00007ffddeff0000 - 0x00007ffddf008000 	c:\Users\ACER\.vscode\extensions\redhat.java-1.51.0-win32-x64\jre\21.0.9-win32-x86_64\bin\jli.dll
0x00007ffde2010000 - 0x00007ffde202e000 	c:\Users\ACER\.vscode\extensions\redhat.java-1.51.0-win32-x64\jre\21.0.9-win32-x86_64\bin\VCRUNTIME140.dll
0x00007ffdf2ec0000 - 0x00007ffdf306c000 	C:\Windows\System32\USER32.dll
0x00007ffdde590000 - 0x00007ffdde835000 	C:\Windows\WinSxS\amd64_microsoft.windows.common-controls_6595b64144ccf1df_6.0.22000.120_none_9d947278b86cc467\COMCTL32.dll
0x00007ffdf1290000 - 0x00007ffdf12b6000 	C:\Windows\System32\win32u.dll
0x00007ffdf2690000 - 0x00007ffdf26b9000 	C:\Windows\System32\GDI32.dll
0x00007ffdf3650000 - 0x00007ffdf36f3000 	C:\Windows\System32\msvcrt.dll
0x00007ffdf12c0000 - 0x00007ffdf13d2000 	C:\Windows\System32\gdi32full.dll
0x00007ffdf0ce0000 - 0x00007ffdf0d7d000 	C:\Windows\System32\msvcp_win.dll
0x00007ffdf25f0000 - 0x00007ffdf2621000 	C:\Windows\System32\IMM32.DLL
0x00007ffde9b10000 - 0x00007ffde9b1c000 	c:\Users\ACER\.vscode\extensions\redhat.java-1.51.0-win32-x64\jre\21.0.9-win32-x86_64\bin\vcruntime140_1.dll
0x00007ffd8db80000 - 0x00007ffd8dc0d000 	c:\Users\ACER\.vscode\extensions\redhat.java-1.51.0-win32-x64\jre\21.0.9-win32-x86_64\bin\msvcp140.dll
0x00007ffd77c10000 - 0x00007ffd789b0000 	c:\Users\ACER\.vscode\extensions\redhat.java-1.51.0-win32-x64\jre\21.0.9-win32-x86_64\bin\server\jvm.dll
0x00007ffdf1d90000 - 0x00007ffdf1e3c000 	C:\Windows\System32\ADVAPI32.dll
0x00007ffdf2210000 - 0x00007ffdf22ad000 	C:\Windows\System32\sechost.dll
0x00007ffdf1fc0000 - 0x00007ffdf20e1000 	C:\Windows\System32\RPCRT4.dll
0x00007ffdf2580000 - 0x00007ffdf25ef000 	C:\Windows\System32\WS2_32.dll
0x00007ffde2630000 - 0x00007ffde263a000 	C:\Windows\SYSTEM32\VERSION.dll
0x00007ffdf0950000 - 0x00007ffdf099d000 	C:\Windows\SYSTEM32\POWRPROF.dll
0x00007ffde8820000 - 0x00007ffde8853000 	C:\Windows\SYSTEM32\WINMM.dll
0x00007ffdf0930000 - 0x00007ffdf0943000 	C:\Windows\SYSTEM32\UMPDC.dll
0x00007ffdefd50000 - 0x00007ffdefd68000 	C:\Windows\SYSTEM32\kernel.appcore.dll
0x00007ffddee40000 - 0x00007ffddee4a000 	c:\Users\ACER\.vscode\extensions\redhat.java-1.51.0-win32-x64\jre\21.0.9-win32-x86_64\bin\jimage.dll
0x00007ffde3460000 - 0x00007ffde3681000 	C:\Windows\SYSTEM32\DBGHELP.DLL
0x00007ffdd6660000 - 0x00007ffdd6691000 	C:\Windows\SYSTEM32\dbgcore.DLL
0x00007ffdf1550000 - 0x00007ffdf15d0000 	C:\Windows\System32\bcryptPrimitives.dll
0x00007ffdd8720000 - 0x00007ffdd872f000 	c:\Users\ACER\.vscode\extensions\redhat.java-1.51.0-win32-x64\jre\21.0.9-win32-x86_64\bin\instrument.dll
0x00007ffdaecf0000 - 0x00007ffdaed10000 	c:\Users\ACER\.vscode\extensions\redhat.java-1.51.0-win32-x64\jre\21.0.9-win32-x86_64\bin\java.dll
0x00007ffdf15e0000 - 0x00007ffdf1d89000 	C:\Windows\System32\SHELL32.dll
0x00007ffdeedd0000 - 0x00007ffdef632000 	C:\Windows\SYSTEM32\windows.storage.dll
0x00007ffdf2aa0000 - 0x00007ffdf2e18000 	C:\Windows\System32\combase.dll
0x00007ffdeec60000 - 0x00007ffdeedc6000 	C:\Windows\SYSTEM32\wintypes.dll
0x00007ffdf2120000 - 0x00007ffdf220a000 	C:\Windows\System32\SHCORE.dll
0x00007ffdf2520000 - 0x00007ffdf257d000 	C:\Windows\System32\shlwapi.dll
0x00007ffdf0b50000 - 0x00007ffdf0b71000 	C:\Windows\SYSTEM32\profapi.dll
0x00007ffda2290000 - 0x00007ffda22a8000 	c:\Users\ACER\.vscode\extensions\redhat.java-1.51.0-win32-x64\jre\21.0.9-win32-x86_64\bin\zip.dll
0x00007ffdd6220000 - 0x00007ffdd6230000 	C:\Users\ACER\.vscode\extensions\redhat.java-1.51.0-win32-x64\jre\21.0.9-win32-x86_64\bin\net.dll
0x00007ffdea370000 - 0x00007ffdea47c000 	C:\Windows\SYSTEM32\WINHTTP.dll
0x00007ffdf01d0000 - 0x00007ffdf0237000 	C:\Windows\system32\mswsock.dll
0x00007ffda2270000 - 0x00007ffda2286000 	C:\Users\ACER\.vscode\extensions\redhat.java-1.51.0-win32-x64\jre\21.0.9-win32-x86_64\bin\nio.dll
0x00007ffdc88d0000 - 0x00007ffdc88e0000 	c:\Users\ACER\.vscode\extensions\redhat.java-1.51.0-win32-x64\jre\21.0.9-win32-x86_64\bin\verify.dll
0x00007ffd8d460000 - 0x00007ffd8d4a4000 	C:\Users\ACER\AppData\Roaming\Code\User\globalStorage\redhat.java\1.51.0\config_win\org.eclipse.equinox.launcher\org.eclipse.equinox.launcher.win32.win32.x86_64_1.2.1400.v20250801-0854\eclipse_11916.dll
0x00007ffdf2370000 - 0x00007ffdf250a000 	C:\Windows\System32\ole32.dll
0x00007ffdf0410000 - 0x00007ffdf0428000 	C:\Windows\SYSTEM32\CRYPTSP.dll
0x00007ffdefcb0000 - 0x00007ffdefce5000 	C:\Windows\system32\rsaenh.dll
0x00007ffdf02c0000 - 0x00007ffdf02e9000 	C:\Windows\SYSTEM32\USERENV.dll
0x00007ffdf0590000 - 0x00007ffdf05b7000 	C:\Windows\SYSTEM32\bcrypt.dll
0x00007ffdf0430000 - 0x00007ffdf043c000 	C:\Windows\SYSTEM32\CRYPTBASE.dll
0x00007ffdef880000 - 0x00007ffdef8ad000 	C:\Windows\SYSTEM32\IPHLPAPI.DLL
0x00007ffdf2510000 - 0x00007ffdf2519000 	C:\Windows\System32\NSI.dll
0x00007ffd8b970000 - 0x00007ffd8b9b9000 	C:\Users\ACER\AppData\Local\Temp\jna-2003023\jna18336045934865999731.dll
0x00007ffdf20f0000 - 0x00007ffdf20f8000 	C:\Windows\System32\PSAPI.DLL
0x00007ffdea500000 - 0x00007ffdea519000 	C:\Windows\SYSTEM32\dhcpcsvc6.DLL
0x00007ffdeb7a0000 - 0x00007ffdeb7be000 	C:\Windows\SYSTEM32\dhcpcsvc.DLL

JVMTI agents:
c:\Users\ACER\.vscode\extensions\redhat.java-1.51.0-win32-x64\lombok\lombok-1.18.39-4050.jar path:c:\Users\ACER\.vscode\extensions\redhat.java-1.51.0-win32-x64\jre\21.0.9-win32-x86_64\bin\instrument.dll, loaded, initialized, instrumentlib options:none

dbghelp: loaded successfully - version: 4.0.5 - missing functions: none
symbol engine: initialized successfully - sym options: 0x614 - pdb path: .;c:\Users\ACER\.vscode\extensions\redhat.java-1.51.0-win32-x64\jre\21.0.9-win32-x86_64\bin;C:\Windows\SYSTEM32;C:\Windows\WinSxS\amd64_microsoft.windows.common-controls_6595b64144ccf1df_6.0.22000.120_none_9d947278b86cc467;c:\Users\ACER\.vscode\extensions\redhat.java-1.51.0-win32-x64\jre\21.0.9-win32-x86_64\bin\server;C:\Users\ACER\AppData\Roaming\Code\User\globalStorage\redhat.java\1.51.0\config_win\org.eclipse.equinox.launcher\org.eclipse.equinox.launcher.win32.win32.x86_64_1.2.1400.v20250801-0854;C:\Users\ACER\AppData\Local\Temp\jna-2003023

VM Arguments:
jvm_args: --add-modules=ALL-SYSTEM --add-opens=java.base/java.util=ALL-UNNAMED --add-opens=java.base/java.lang=ALL-UNNAMED --add-opens=java.base/sun.nio.fs=ALL-UNNAMED -Declipse.application=org.eclipse.jdt.ls.core.id1 -Dosgi.bundles.defaultStartLevel=4 -Declipse.product=org.eclipse.jdt.ls.core.product -Djava.import.generatesMetadataFilesAtProjectRoot=false -DDetectVMInstallationsJob.disabled=true -Dfile.encoding=utf8 -XX:+UseParallelGC -XX:GCTimeRatio=4 -XX:AdaptiveSizePolicyWeight=90 -Dsun.zip.disableMemoryMapping=true -Xmx2G -Xms100m -Xlog:disable -javaagent:c:\Users\ACER\.vscode\extensions\redhat.java-1.51.0-win32-x64\lombok\lombok-1.18.39-4050.jar -XX:+HeapDumpOnOutOfMemoryError -XX:HeapDumpPath=c:\Users\ACER\AppData\Roaming\Code\User\workspaceStorage\a298a14945db52d6c5c0261f731a72b0\redhat.java -Daether.dependencyCollector.impl=bf 
java_command: c:\Users\ACER\.vscode\extensions\redhat.java-1.51.0-win32-x64\server\plugins\org.eclipse.equinox.launcher_1.7.100.v20251111-0406.jar -configuration c:\Users\ACER\AppData\Roaming\Code\User\globalStorage\redhat.java\1.51.0\config_win -data c:\Users\ACER\AppData\Roaming\Code\User\workspaceStorage\a298a14945db52d6c5c0261f731a72b0\redhat.java\jdt_ws --pipe=\\.\pipe\lsp-2e1f072bc3e629aba78fb36a8a77308d-sock
java_class_path (initial): c:\Users\ACER\.vscode\extensions\redhat.java-1.51.0-win32-x64\server\plugins\org.eclipse.equinox.launcher_1.7.100.v20251111-0406.jar
Launcher Type: SUN_STANDARD

[Global flags]
    uintx AdaptiveSizePolicyWeight                 = 90                                        {product} {command line}
     intx CICompilerCount                          = 4                                         {product} {ergonomic}
    uintx GCTimeRatio                              = 4                                         {product} {command line}
     bool HeapDumpOnOutOfMemoryError               = true                                   {manageable} {command line}
    ccstr HeapDumpPath                             = c:\Users\ACER\AppData\Roaming\Code\User\workspaceStorage\a298a14945db52d6c5c0261f731a72b0\redhat.java         {manageable} {command line}
   size_t InitialHeapSize                          = 104857600                                 {product} {command line}
   size_t MaxHeapSize                              = 2147483648                                {product} {command line}
   size_t MaxNewSize                               = 715653120                                 {product} {ergonomic}
   size_t MinHeapDeltaBytes                        = 524288                                    {product} {ergonomic}
   size_t MinHeapSize                              = 104857600                                 {product} {command line}
   size_t NewSize                                  = 34603008                                  {product} {ergonomic}
    uintx NonNMethodCodeHeapSize                   = 5839372                                {pd product} {ergonomic}
    uintx NonProfiledCodeHeapSize                  = 122909434                              {pd product} {ergonomic}
   size_t OldSize                                  = 70254592                                  {product} {ergonomic}
    uintx ProfiledCodeHeapSize                     = 122909434                              {pd product} {ergonomic}
    uintx ReservedCodeCacheSize                    = 251658240                              {pd product} {ergonomic}
     bool SegmentedCodeCache                       = true                                      {product} {ergonomic}
   size_t SoftMaxHeapSize                          = 2147483648                             {manageable} {ergonomic}
     bool UseCompressedOops                        = true                           {product lp64_product} {ergonomic}
     bool UseLargePagesIndividualAllocation        = false                                  {pd product} {ergonomic}
     bool UseParallelGC                            = true                                      {product} {command line}

Logging:
Log output configuration:
 #0: stdout all=off uptime,level,tags foldmultilines=false
 #1: stderr all=off uptime,level,tags foldmultilines=false

Release file:
JAVA_VERSION="21.0.9" 
MODULES="java.base java.compiler java.datatransfer java.xml java.prefs java.desktop java.instrument java.logging java.management java.security.sasl java.naming java.rmi java.management.rmi java.net.http java.scripting java.security.jgss java.transaction.xa java.sql java.sql.rowset java.xml.crypto java.se java.smartcardio jdk.accessibility jdk.internal.jvmstat jdk.attach jdk.charsets jdk.internal.opt jdk.zipfs jdk.compiler jdk.crypto.ec jdk.crypto.cryptoki jdk.crypto.mscapi jdk.dynalink jdk.internal.ed jdk.editpad jdk.hotspot.agent jdk.httpserver jdk.internal.le jdk.internal.vm.ci jdk.internal.vm.compiler jdk.internal.vm.compiler.management jdk.jartool jdk.javadoc jdk.jcmd jdk.management jdk.management.agent jdk.jconsole jdk.jdeps jdk.jdwp.agent jdk.jdi jdk.jfr jdk.jshell jdk.jsobject jdk.jstatd jdk.localedata jdk.management.jfr jdk.naming.dns jdk.naming.rmi jdk.net jdk.nio.mapmode jdk.random jdk.sctp jdk.security.auth jdk.security.jgss jdk.unsupported jdk.unsupported.desktop jdk.xml.dom" 

Environment Variables:
JAVA_HOME=C:\Program Files\Java\jdk-21
PATH=C:\Users\ACER\AppData\Local\Programs\Eclipse Adoptium\jdk-17.0.17.10-hotspot\bin;C:\Users\ACER\AppData\Roaming\npm;C:\Program Files\Common Files\Oracle\Java\javapath;C:\Windows\system32;C:\Windows;C:\Windows\System32\Wbem;C:\Windows\System32\WindowsPowerShell\v1.0\;C:\Windows\System32\OpenSSH\;C:\Program Files\nodejs\;C:\Program Files\Git\cmd;C:\Program Files\Microsoft SQL Server\150\Tools\Binn\;C:\Users\ACER\AppData\Local\Android\Sdk\platform-tools;C:\Program Files\Microsoft SQL Server\Client SDK\ODBC\170\Tools\Binn\;C:\Program Files (x86)\Microsoft SQL Server\150\Tools\Binn\;C:\Program Files\Microsoft SQL Server\150\DTS\Binn\;C:\Program Files (x86)\Microsoft SQL Server\150\DTS\Binn\;C:\Program Files\Azure Data Studio\bin;C:\Program Files\Microsoft SQL Server\170\Tools\Binn\;C:\Program Files\Microsoft SQL Server\130\DTS\Binn\;C:\Program Files\Microsoft SQL Server\140\DTS\Binn\;C:\Program Files\Microsoft SQL Server\160\DTS\Binn\;C:\Program Files\Microsoft SQL Server\170\DTS\Binn\;D:\Document D\apache-maven-3.9.12-bin\apache-maven-3.9.12\bin;C:\Users\ACER\AppData\Local\Programs\Eclipse Adoptium\jdk-17.0.17.10-hotspot\bin;C:\Program Files\PostgreSQL\18\bin;C:\src\flutter\bin;C:\Users\ACER\AppData\Local\Programs\Eclipse Adoptium\jdk-17.0.17.10-hotspot\bin;C:\Users\ACER\AppData\Local\Programs\Eclipse Adoptium\jdk-17.0.17.10-hotspot\bin;C:\Program Files\Common Files\Oracle\Java\javapath;C:\Windows\system32;C:\Windows;C:\Windows\System32\Wbem;C:\Windows\System32\WindowsPowerShell\v1.0\;C:\Windows\System32\OpenSSH\;C:\Program Files\nodejs\;C:\Program Files\Git\cmd;C:\Program Files\Microsoft SQL Server\150\Tools\Binn\;C:\Users\ACER\AppData\Local\Android\Sdk\platform-tools;C:\Program Files\Microsoft SQL Server\Client SDK\ODBC\170\Tools\Binn\;C:\Program Files (x86)\Microsoft SQL Server\150\Tools\Binn\;C:\Program Files\Microsoft SQL Server\150\DTS\Binn\;C:\Program Files (x86)\Microsoft SQL Server\150\DTS\Binn\;C:\Program Files\Azure Data Studio\bin;C:\Program Files\Microsoft SQL Server\170\Tools\Binn\;C:\Program Files\Microsoft SQL Server\130\DTS\Binn\;C:\Program Files\Microsoft SQL Server\140\DTS\Binn\;C:\Program Files\Microsoft SQL Server\160\DTS\Binn\;C:\Program Files\Microsoft SQL Ser;C:\Users\ACER\AppData\Local\Programs\Microsoft VS Code\bin
USERNAME=ACER
OS=Windows_NT
PROCESSOR_IDENTIFIER=AMD64 Family 23 Model 160 Stepping 0, AuthenticAMD
TMP=C:\Users\ACER\AppData\Local\Temp
TEMP=C:\Users\ACER\AppData\Local\Temp




Periodic native trim disabled

---------------  S Y S T E M  ---------------

OS:
 Windows 11 , 64 bit Build 22000 (10.0.22000.120)
OS uptime: 0 days 8:15 hours

CPU: total 8 (initial active 8) (8 cores per cpu, 2 threads per core) family 23 model 160 stepping 0 microcode 0x0, cx8, cmov, fxsr, ht, mmx, 3dnowpref, sse, sse2, sse3, ssse3, sse4a, sse4.1, sse4.2, popcnt, lzcnt, tsc, tscinvbit, avx, avx2, aes, clmul, bmi1, bmi2, adx, sha, fma, vzeroupper, clflush, clflushopt, rdtscp, rdpid, f16c
Processor Information for the first 8 processors :
  Max Mhz: 2801, Current Mhz: 2801, Mhz Limit: 2801

Memory: 4k page, system-wide physical 7413M (462M free)
TotalPageFile size 15331M (AvailPageFile size 104M)
current process WorkingSet (physical memory assigned to process): 294M, peak: 769M
current process commit charge ("private bytes"): 921M, peak: 927M

vm_info: OpenJDK 64-Bit Server VM (21.0.9+10-LTS) for windows-amd64 JRE (21.0.9+10-LTS), built on 2025-10-21T00:00:00Z by "admin" with unknown MS VC++:1942

END.
